****************** INPUT ARGUMENTS ***************
Cache size                    : 2097152
Block size                    : 128
Associativity                 : 8
Read only ports               : 0
Write only ports              : 0
Read write ports              : 1
Single ended read ports       : 0
Cache banks (UCA)             : 2
Technology                    : 0.045
Temperature                   : 330
Tag size                      : 19
cache type                    : Cache
Model as memory               : 0
Access mode                   : 0
Data array cell type          : 0
Data array peripheral type    : 0
Tag array cell type           : 0
Tag array peripheral type     : 0
Design objective (UCA wt)     : 0 0 0 0 100
Design objective (UCA dev)    : 60 100000 100000 100000 1000000
Design objective (NUCA wt)    : 100 100 0 0 100
Design objective (NUCA dev)   : 10 10000 10000 10000 10000
Cache model                   : 0
Nuca bank                     : 0
Wire inside mat               : 2
Wire outside mat              : 2
Interconnect projection       : 1
Wire signalling               : 0
Cores                         : 2
Print level                   : 1
ECC overhead                  : 0
Page size                     : 8192
Burst length                  : 8
Internal prefetch width       : 8
Force cache config            : 0
**************************************************

**************** TECHNOLOGY PARAMETERS *****************
ram_wl_stitching_overhead_ =       0.3375 um
min_w_nmos_                =       0.0675 um
max_w_nmos_                =          4.5 um
unit_len_wire_del          =  5.10603e-17 s/um^2
FO4                        =  9.06329e-12 s
kinv                       =  1.68043e-12 s
vpp                        =            0 V
w_sense_en                 =        0.225 um
w_sense_n                  =      0.16875 um
w_sense_p                  =       0.3375 um
w_iso                      =       0.5625 um
w_poly_contact             =        0.045 um
spacing_poly_to_poly       =       0.0675 um
spacing_poly_to_contact    =        0.045 um

w_comp_inv_p1              =       0.5625 um
w_comp_inv_p2              =        1.125 um
w_comp_inv_p3              =         2.25 um
w_comp_inv_n1              =       0.3375 um
w_comp_inv_n2              =        0.675 um
w_comp_inv_n3              =         1.35 um
w_eval_inv_p               =          4.5 um
w_eval_inv_n               =         2.25 um
w_comp_n                   =       0.5625 um
w_comp_p                   =       1.6875 um

dram_cell_I_on             =            0 A/um
dram_cell_Vdd              =            0 V
dram_cell_I_off_worst_case_len_temp =            0 A/um
dram_cell_C                =            0 F
gm_sense_amp_latch         =     0.001408 F/s

w_nmos_b_mux               =        0.405 um
w_nmos_sa_mux              =        0.405 um
w_pmos_bl_precharge        =      0.97605 um
w_pmos_bl_eq               =     0.162675 um
MIN_GAP_BET_P_AND_N_DIFFS  =        0.225 um
HPOWERRAIL                 =         0.09 um
cell_h_def                 =         2.25 um

SRAM cell transistor: 
  C_g_ideal =     6.78e-16 F/um
  C_fringe  =        5e-17 F/um
  C_overlap =    1.356e-16 F/um
  C_junc    =        1e-15 F/um^2
  l_phy     =        0.018 um
  l_elec    =      0.01345 um
  R_nch_on  =      737.809 ohm-um   (nominal 737.809 ohm-um)
  R_pch_on  =      1778.12 ohm-um   (nominal 1778.12 ohm-um)
  Vdd  =            1 V   (nominal 1 V)
  Vth       =      0.18035 V
  Vdsat       =       0.0938 V
  I_on_n	  =    0.0020466 A/um   (nominal 0.0020466 A/um)
  I_on_p	  =            0 A/um   (nominal 0 A/um)
  I_off_n	  =     4.39e-07 A/um   (nominal 4.39e-07 A/um)
  I_off_p	  =     4.39e-07 A/um   (nominal 4.39e-07 A/um)
  C_ox      =            0 F/um^2
  t_ox      =      0.00065 um
  n_to_p_eff_curr_drv_ratio = 2.41

DRAM access transistor: 
  C_g_ideal = -1.03598e-203 F/um
  C_fringe  = 6.92142e-310 F/um
  C_overlap = -2.07195e-204 F/um
  C_junc    = -1.03598e-203 F/um^2
  l_phy     =            0 um
  l_elec    = 3.24044e-317 um
  R_nch_on  =            0 ohm-um   (nominal 0 ohm-um)
  R_pch_on  =            0 ohm-um   (nominal 0 ohm-um)
  Vdd  =            0 V   (nominal 0 V)
  Vth       =            0 V
  Vdsat       =       0.0938 V
  I_on_n	  = 6.92142e-310 A/um   (nominal 6.92142e-310 A/um)
  I_on_p	  =            0 A/um   (nominal 0 A/um)
  I_off_n	  =            0 A/um   (nominal 0 A/um)
  I_off_p	  =            0 A/um   (nominal 0 A/um)
  C_ox      =            0 F/um^2
  t_ox      =            0 um
  n_to_p_eff_curr_drv_ratio = 0

DRAM wordline transistor: 
  C_g_ideal = -1.03598e-203 F/um
  C_fringe  = 6.92142e-310 F/um
  C_overlap = -2.07195e-204 F/um
  C_junc    = -1.03598e-203 F/um^2
  l_phy     =            0 um
  l_elec    = 3.24044e-317 um
  R_nch_on  = 6.92142e-310 ohm-um   (nominal 6.92142e-310 ohm-um)
  R_pch_on  = 6.92142e-310 ohm-um   (nominal 6.92142e-310 ohm-um)
  Vdd  =            0 V   (nominal 0 V)
  Vth       =            0 V
  Vdsat       =            0 V
  I_on_n	  = 6.92142e-310 A/um   (nominal 6.92142e-310 A/um)
  I_on_p	  =            0 A/um   (nominal 0 A/um)
  I_off_n	  = 6.92142e-310 A/um   (nominal 6.92142e-310 A/um)
  I_off_p	  = 6.92142e-310 A/um   (nominal 6.92142e-310 A/um)
  C_ox      =            0 F/um^2
  t_ox      =            0 um
  n_to_p_eff_curr_drv_ratio = 2.51973e-322

peripheral global transistor: 
  C_g_ideal =     6.78e-16 F/um
  C_fringe  =        5e-17 F/um
  C_overlap =    1.356e-16 F/um
  C_junc    =        1e-15 F/um^2
  l_phy     =        0.018 um
  l_elec    =      0.01345 um
  R_nch_on  =      737.809 ohm-um   (nominal 737.809 ohm-um)
  R_pch_on  =      1778.12 ohm-um   (nominal 1778.12 ohm-um)
  Vdd  =            1 V   (nominal 1 V)
  Vth       =      0.18035 V
  Vdsat       =       0.0938 V
  I_on_n	  =    0.0020466 A/um   (nominal 0.0020466 A/um)
  I_on_p	  =            0 A/um   (nominal 0 A/um)
  I_off_n	  =     4.39e-07 A/um   (nominal 4.39e-07 A/um)
  I_off_p	  =            0 A/um   (nominal 0 A/um)
  C_ox      =     3.77e-14 F/um^2
  t_ox      =      0.00065 um
  n_to_p_eff_curr_drv_ratio = 2.41

wire local
  pitch    =       0.1125 um
  R_per_um =      4.20238 ohm/um
  C_per_um =  2.58017e-16 F/um

wire inside mat
  pitch    =         0.36 um
  R_per_um =      0.36296 ohm/um
  C_per_um =  2.81355e-16 F/um

wire outside mat
  pitch    =         0.36 um
  R_per_um =      0.36296 ohm/um
  C_per_um =  2.81355e-16 F/um

SRAM
  b_w         =         0.45 um
  b_h         =        0.657 um
  cell_a_w    =      0.05895 um
  cell_pmos_w =      0.05535 um
  cell_nmos_w =       0.0936 um
  Vbitpre     =            1 V

DRAM
  b_w         =         -nan um
  b_h         =         -nan um
  cell_a_w    =            0 um
  cell_pmos_w =            0 um
  cell_nmos_w =            0 um
  Vbitpre     =            0 V
********************************************************

>>>>>>>>>>>>>>>>> SRAM CELL VDD = 1 V

********* VOLTAGE-SCALED SRAM CELL PARAMETERS **********
	R_nch_on  =      737.809 ohm-um   (nominal 737.809 ohm-um)
	R_pch_on  =      1778.12 ohm-um   (nominal 1778.12 ohm-um)
	Vdd  =            1 V   (nominal 1 V)
	I_on_n	  =    0.0020466 A/um   (nominal 0.0020466 A/um)
	I_off_n	  =     4.39e-07 A/um   (nominal 4.39e-07 A/um)
********************************************************

******************** CACHE DATA ************************

---------- CACTI version 6.5, Uniform Cache Access SRAM Model ----------

Cache Parameters:
    Total cache size (bytes): 2097152
    Number of banks: 2
    Associativity: 8
    Block size (bytes): 128
    Read/write Ports: 1
    Read ports: 0
    Write ports: 0
    Technology size (nm): 45

    Access time (ns): 1.20688
    Cycle time (ns):  1.18688
    Total dynamic read energy per access (nJ): 0.148371
    Total leakage power of a bank (mW): 849.846
    Cache height x width (mm): 3.47788 x 2.523

    Best Ndwl : 2
    Best Ndbl : 32
    Best Nspd : 0.25
    Best Ndcm : 8
    Best Ndsam L1 : 8
    Best Ndsam L2 : 1

    Best Ntwl : 1
    Best Ntbl : 2
    Best Ntspd : 2
    Best Ntcm : 4
    Best Ntsam L1 : 1
    Best Ntsam L2 : 1
    Data array, H-tree wire type: Delay optimized global wires
    Tag array, wire type: Low swing wires

Time Components:

  Data side (with Output driver) (ns): 1.20688
	H-tree input delay (ns): 0.20879
	Decoder + wordline delay (ns): 0.361865
	Bitline delay (ns): 0.190815
	Sense Amplifier delay (ns): 0.00335856
	H-tree output delay (ns): 0.403929

  Tag side (with Output driver) (ns): 0.41973
	H-tree input delay (ns): 0.00565507
	Decoder + wordline delay (ns): 0.20065
	Bitline delay (ns): 0.135264
	Sense Amplifier delay (ns): 0.00335856
	Comparator delay (ns): 0.04206
	H-tree output delay (ns): 0.0691473


Power Components:

  Data array: Total dynamic read energy/access  (nJ): 0.137556
	Total leakage read/write power of a bank (mW): 833.291
	Total energy in H-tree (that includes both address and data transfer) (nJ): 0.102067
	Output Htree Energy (nJ): 0.0545003
	Decoder (nJ): 0.000203325
	Wordline (nJ): 0.00107238
	Bitline mux & associated drivers (nJ): 0.00069983
	Sense amp mux & associated drivers (nJ): 0
	Bitlines (nJ): 0.0197958
	Sense amplifier energy (nJ): 0.000958603
	Sub-array output driver (nJ): 0.00344405

  Tag array:  Total dynamic read energy/access (nJ): 0.010815
	Total leakage read/write power of a bank (mW): 16.5544
	Total energy in H-tree (that includes both address and data transfer) (nJ): 0.00117924
	Output Htree Energy (nJ): 0
	Decoder (nJ): 0.000193474
	Wordline (nJ): 0.000212748
	Bitline mux & associated drivers (nJ): 0.0002013
	Sense amp mux & associated drivers (nJ): 0
	Bitlines (nJ): 0.00607979
	Sense amplifier energy (nJ): 0.000299564
	Sub-array output driver (nJ): 0.000690485


Area Components:

  Data array: Area (mm2): 7.6411
	Height (mm): 3.47788
	Width (mm): 2.19706
	Area efficiency (Memory cell area/Total area) - 64.9145 %
		MAT Height (mm): 0.212733
		MAT Length (mm): 0.986568
		Subarray Height (mm): 0.084096
		Subarray Length (mm): 0.4824

  Tag array: Area (mm2): 0.123568
	Height (mm): 0.379103
	Width (mm): 0.325948
	Area efficiency (Memory cell area/Total area) - 78.4009 %
		MAT Height (mm): 0.365423
		MAT Length (mm): 0.162974
		Subarray Height (mm): 0.168192
		Subarray Length (mm): 0.15075

Wire Properties:

  Delay Optimal
	Repeater size - 158.777 
	Repeater spacing - 0.443639 (mm) 
	Delay - 0.037959 (ns/mm) 
	PowerD - 0.000405587 (nJ/mm) 
	PowerL - 0.0180822 (mW/mm)
	Wire width - 0.18 microns
	Wire spacing - 0.18 microns

  5% Overhead
	Repeater size - 99.7772 
	Repeater spacing - 0.643639 (mm) 
	Delay - 0.039838 (ns/mm) 
	PowerD - 0.000283616 (nJ/mm) 
	PowerL - 0.00783216 (mW/mm)
	Wire width - 0.18 microns
	Wire spacing - 0.18 microns

  10% Overhead
	Repeater size - 79.7772 
	Repeater spacing - 0.643639 (mm) 
	Delay - 0.0416891 (ns/mm) 
	PowerD - 0.000262606 (nJ/mm) 
	PowerL - 0.00626223 (mW/mm)
	Wire width - 0.18 microns
	Wire spacing - 0.18 microns

  20% Overhead
	Repeater size - 71.7772 
	Repeater spacing - 0.843639 (mm) 
	Delay - 0.0455505 (ns/mm) 
	PowerD - 0.000241581 (nJ/mm) 
	PowerL - 0.00429855 (mW/mm)
	Wire width - 0.18 microns
	Wire spacing - 0.18 microns

  30% Overhead
	Repeater size - 61.7772 
	Repeater spacing - 0.943639 (mm) 
	Delay - 0.0493282 (ns/mm) 
	PowerD - 0.000229625 (nJ/mm) 
	PowerL - 0.00330761 (mW/mm)
	Wire width - 0.18 microns
	Wire spacing - 0.18 microns

  Low-swing wire (1 mm) - Note: Unlike repeated wires, 
	delay and power values of low-swing wires do not
	have a linear relationship with length. 
	delay - 0.440251 (ns) 
	powerD - 3.99344e-05 (nJ) 
	PowerL - 4.02212e-06 (mW)
	Wire width - 3.6e-07 microns
	Wire spacing - 3.6e-07 microns


********************************************************

>>>>>>>>>>>>>>>>> SRAM CELL VDD = 0.95 V

********* VOLTAGE-SCALED SRAM CELL PARAMETERS **********
	R_nch_on  =      753.051 ohm-um   (nominal 737.809 ohm-um)
	R_pch_on  =      1814.85 ohm-um   (nominal 1778.12 ohm-um)
	Vdd  =         0.95 V   (nominal 1 V)
	I_on_n	  =   0.00190492 A/um   (nominal 0.0020466 A/um)
	I_off_n	  =  3.69372e-07 A/um   (nominal 4.39e-07 A/um)
********************************************************

******************** CACHE DATA ************************

---------- CACTI version 6.5, Uniform Cache Access SRAM Model ----------

Cache Parameters:
    Total cache size (bytes): 2097152
    Number of banks: 2
    Associativity: 8
    Block size (bytes): 128
    Read/write Ports: 1
    Read ports: 0
    Write ports: 0
    Technology size (nm): 45

    Access time (ns): 1.20767
    Cycle time (ns):  1.18768
    Total dynamic read energy per access (nJ): 0.147289
    Total leakage power of a bank (mW): 696.207
    Cache height x width (mm): 3.47788 x 2.523

    Best Ndwl : 2
    Best Ndbl : 32
    Best Nspd : 0.25
    Best Ndcm : 8
    Best Ndsam L1 : 8
    Best Ndsam L2 : 1

    Best Ntwl : 1
    Best Ntbl : 2
    Best Ntspd : 2
    Best Ntcm : 4
    Best Ntsam L1 : 1
    Best Ntsam L2 : 1
    Data array, H-tree wire type: Delay optimized global wires
    Tag array, wire type: Low swing wires

Time Components:

  Data side (with Output driver) (ns): 1.20767
	H-tree input delay (ns): 0.20879
	Decoder + wordline delay (ns): 0.361865
	Bitline delay (ns): 0.191607
	Sense Amplifier delay (ns): 0.00335856
	H-tree output delay (ns): 0.403929

  Tag side (with Output driver) (ns): 0.41973
	H-tree input delay (ns): 0.00565507
	Decoder + wordline delay (ns): 0.20065
	Bitline delay (ns): 0.135264
	Sense Amplifier delay (ns): 0.00335856
	Comparator delay (ns): 0.04206
	H-tree output delay (ns): 0.0691473


Power Components:

  Data array: Total dynamic read energy/access  (nJ): 0.136474
	Total leakage read/write power of a bank (mW): 679.652
	Total energy in H-tree (that includes both address and data transfer) (nJ): 0.102067
	Output Htree Energy (nJ): 0.0545003
	Decoder (nJ): 0.000203325
	Wordline (nJ): 0.000980637
	Bitline mux & associated drivers (nJ): 0.00069983
	Sense amp mux & associated drivers (nJ): 0
	Bitlines (nJ): 0.0188061
	Sense amplifier energy (nJ): 0.000958603
	Sub-array output driver (nJ): 0.00344405

  Tag array:  Total dynamic read energy/access (nJ): 0.010815
	Total leakage read/write power of a bank (mW): 16.5544
	Total energy in H-tree (that includes both address and data transfer) (nJ): 0.00117924
	Output Htree Energy (nJ): 0
	Decoder (nJ): 0.000193474
	Wordline (nJ): 0.000212748
	Bitline mux & associated drivers (nJ): 0.0002013
	Sense amp mux & associated drivers (nJ): 0
	Bitlines (nJ): 0.00607979
	Sense amplifier energy (nJ): 0.000299564
	Sub-array output driver (nJ): 0.000690485


Area Components:

  Data array: Area (mm2): 7.6411
	Height (mm): 3.47788
	Width (mm): 2.19706
	Area efficiency (Memory cell area/Total area) - 64.9145 %
		MAT Height (mm): 0.212733
		MAT Length (mm): 0.986568
		Subarray Height (mm): 0.084096
		Subarray Length (mm): 0.4824

  Tag array: Area (mm2): 0.123568
	Height (mm): 0.379103
	Width (mm): 0.325948
	Area efficiency (Memory cell area/Total area) - 78.4009 %
		MAT Height (mm): 0.365423
		MAT Length (mm): 0.162974
		Subarray Height (mm): 0.168192
		Subarray Length (mm): 0.15075

Wire Properties:

  Delay Optimal
	Repeater size - 158.777 
	Repeater spacing - 0.443639 (mm) 
	Delay - 0.037959 (ns/mm) 
	PowerD - 0.000405587 (nJ/mm) 
	PowerL - 0.0180822 (mW/mm)
	Wire width - 0.18 microns
	Wire spacing - 0.18 microns

  5% Overhead
	Repeater size - 99.7772 
	Repeater spacing - 0.643639 (mm) 
	Delay - 0.039838 (ns/mm) 
	PowerD - 0.000283616 (nJ/mm) 
	PowerL - 0.00783216 (mW/mm)
	Wire width - 0.18 microns
	Wire spacing - 0.18 microns

  10% Overhead
	Repeater size - 79.7772 
	Repeater spacing - 0.643639 (mm) 
	Delay - 0.0416891 (ns/mm) 
	PowerD - 0.000262606 (nJ/mm) 
	PowerL - 0.00626223 (mW/mm)
	Wire width - 0.18 microns
	Wire spacing - 0.18 microns

  20% Overhead
	Repeater size - 71.7772 
	Repeater spacing - 0.843639 (mm) 
	Delay - 0.0455505 (ns/mm) 
	PowerD - 0.000241581 (nJ/mm) 
	PowerL - 0.00429855 (mW/mm)
	Wire width - 0.18 microns
	Wire spacing - 0.18 microns

  30% Overhead
	Repeater size - 61.7772 
	Repeater spacing - 0.943639 (mm) 
	Delay - 0.0493282 (ns/mm) 
	PowerD - 0.000229625 (nJ/mm) 
	PowerL - 0.00330761 (mW/mm)
	Wire width - 0.18 microns
	Wire spacing - 0.18 microns

  Low-swing wire (1 mm) - Note: Unlike repeated wires, 
	delay and power values of low-swing wires do not
	have a linear relationship with length. 
	delay - 0.440251 (ns) 
	powerD - 3.99344e-05 (nJ) 
	PowerL - 4.02212e-06 (mW)
	Wire width - 3.6e-07 microns
	Wire spacing - 3.6e-07 microns


********************************************************

>>>>>>>>>>>>>>>>> SRAM CELL VDD = 0.9 V

********* VOLTAGE-SCALED SRAM CELL PARAMETERS **********
	R_nch_on  =      769.955 ohm-um   (nominal 737.809 ohm-um)
	R_pch_on  =      1855.59 ohm-um   (nominal 1778.12 ohm-um)
	Vdd  =          0.9 V   (nominal 1 V)
	I_on_n	  =   0.00176504 A/um   (nominal 0.0020466 A/um)
	I_off_n	  =  3.10788e-07 A/um   (nominal 4.39e-07 A/um)
********************************************************

******************** CACHE DATA ************************

---------- CACTI version 6.5, Uniform Cache Access SRAM Model ----------

Cache Parameters:
    Total cache size (bytes): 2097152
    Number of banks: 2
    Associativity: 8
    Block size (bytes): 128
    Read/write Ports: 1
    Read ports: 0
    Write ports: 0
    Technology size (nm): 45

    Access time (ns): 1.20849
    Cycle time (ns):  1.1885
    Total dynamic read energy per access (nJ): 0.146212
    Total leakage power of a bank (mW): 572.044
    Cache height x width (mm): 3.47788 x 2.523

    Best Ndwl : 2
    Best Ndbl : 32
    Best Nspd : 0.25
    Best Ndcm : 8
    Best Ndsam L1 : 8
    Best Ndsam L2 : 1

    Best Ntwl : 1
    Best Ntbl : 2
    Best Ntspd : 2
    Best Ntcm : 4
    Best Ntsam L1 : 1
    Best Ntsam L2 : 1
    Data array, H-tree wire type: Delay optimized global wires
    Tag array, wire type: Low swing wires

Time Components:

  Data side (with Output driver) (ns): 1.20849
	H-tree input delay (ns): 0.20879
	Decoder + wordline delay (ns): 0.361865
	Bitline delay (ns): 0.192427
	Sense Amplifier delay (ns): 0.00335856
	H-tree output delay (ns): 0.403929

  Tag side (with Output driver) (ns): 0.41973
	H-tree input delay (ns): 0.00565507
	Decoder + wordline delay (ns): 0.20065
	Bitline delay (ns): 0.135264
	Sense Amplifier delay (ns): 0.00335856
	Comparator delay (ns): 0.04206
	H-tree output delay (ns): 0.0691473


Power Components:

  Data array: Total dynamic read energy/access  (nJ): 0.135397
	Total leakage read/write power of a bank (mW): 555.49
	Total energy in H-tree (that includes both address and data transfer) (nJ): 0.102067
	Output Htree Energy (nJ): 0.0545003
	Decoder (nJ): 0.000203325
	Wordline (nJ): 0.000893602
	Bitline mux & associated drivers (nJ): 0.00069983
	Sense amp mux & associated drivers (nJ): 0
	Bitlines (nJ): 0.0178163
	Sense amplifier energy (nJ): 0.000958603
	Sub-array output driver (nJ): 0.00344405

  Tag array:  Total dynamic read energy/access (nJ): 0.010815
	Total leakage read/write power of a bank (mW): 16.5544
	Total energy in H-tree (that includes both address and data transfer) (nJ): 0.00117924
	Output Htree Energy (nJ): 0
	Decoder (nJ): 0.000193474
	Wordline (nJ): 0.000212748
	Bitline mux & associated drivers (nJ): 0.0002013
	Sense amp mux & associated drivers (nJ): 0
	Bitlines (nJ): 0.00607979
	Sense amplifier energy (nJ): 0.000299564
	Sub-array output driver (nJ): 0.000690485


Area Components:

  Data array: Area (mm2): 7.6411
	Height (mm): 3.47788
	Width (mm): 2.19706
	Area efficiency (Memory cell area/Total area) - 64.9145 %
		MAT Height (mm): 0.212733
		MAT Length (mm): 0.986568
		Subarray Height (mm): 0.084096
		Subarray Length (mm): 0.4824

  Tag array: Area (mm2): 0.123568
	Height (mm): 0.379103
	Width (mm): 0.325948
	Area efficiency (Memory cell area/Total area) - 78.4009 %
		MAT Height (mm): 0.365423
		MAT Length (mm): 0.162974
		Subarray Height (mm): 0.168192
		Subarray Length (mm): 0.15075

Wire Properties:

  Delay Optimal
	Repeater size - 158.777 
	Repeater spacing - 0.443639 (mm) 
	Delay - 0.037959 (ns/mm) 
	PowerD - 0.000405587 (nJ/mm) 
	PowerL - 0.0180822 (mW/mm)
	Wire width - 0.18 microns
	Wire spacing - 0.18 microns

  5% Overhead
	Repeater size - 99.7772 
	Repeater spacing - 0.643639 (mm) 
	Delay - 0.039838 (ns/mm) 
	PowerD - 0.000283616 (nJ/mm) 
	PowerL - 0.00783216 (mW/mm)
	Wire width - 0.18 microns
	Wire spacing - 0.18 microns

  10% Overhead
	Repeater size - 79.7772 
	Repeater spacing - 0.643639 (mm) 
	Delay - 0.0416891 (ns/mm) 
	PowerD - 0.000262606 (nJ/mm) 
	PowerL - 0.00626223 (mW/mm)
	Wire width - 0.18 microns
	Wire spacing - 0.18 microns

  20% Overhead
	Repeater size - 71.7772 
	Repeater spacing - 0.843639 (mm) 
	Delay - 0.0455505 (ns/mm) 
	PowerD - 0.000241581 (nJ/mm) 
	PowerL - 0.00429855 (mW/mm)
	Wire width - 0.18 microns
	Wire spacing - 0.18 microns

  30% Overhead
	Repeater size - 61.7772 
	Repeater spacing - 0.943639 (mm) 
	Delay - 0.0493282 (ns/mm) 
	PowerD - 0.000229625 (nJ/mm) 
	PowerL - 0.00330761 (mW/mm)
	Wire width - 0.18 microns
	Wire spacing - 0.18 microns

  Low-swing wire (1 mm) - Note: Unlike repeated wires, 
	delay and power values of low-swing wires do not
	have a linear relationship with length. 
	delay - 0.440251 (ns) 
	powerD - 3.99344e-05 (nJ) 
	PowerL - 4.02212e-06 (mW)
	Wire width - 3.6e-07 microns
	Wire spacing - 3.6e-07 microns


********************************************************

>>>>>>>>>>>>>>>>> SRAM CELL VDD = 0.85 V

********* VOLTAGE-SCALED SRAM CELL PARAMETERS **********
	R_nch_on  =      789.184 ohm-um   (nominal 737.809 ohm-um)
	R_pch_on  =      1901.93 ohm-um   (nominal 1778.12 ohm-um)
	Vdd  =         0.85 V   (nominal 1 V)
	I_on_n	  =   0.00162636 A/um   (nominal 0.0020466 A/um)
	I_off_n	  =  2.61496e-07 A/um   (nominal 4.39e-07 A/um)
********************************************************

******************** CACHE DATA ************************

---------- CACTI version 6.5, Uniform Cache Access SRAM Model ----------

Cache Parameters:
    Total cache size (bytes): 2097152
    Number of banks: 2
    Associativity: 8
    Block size (bytes): 128
    Read/write Ports: 1
    Read ports: 0
    Write ports: 0
    Technology size (nm): 45

    Access time (ns): 1.20938
    Cycle time (ns):  1.18938
    Total dynamic read energy per access (nJ): 0.14514
    Total leakage power of a bank (mW): 471.873
    Cache height x width (mm): 3.47788 x 2.523

    Best Ndwl : 2
    Best Ndbl : 32
    Best Nspd : 0.25
    Best Ndcm : 8
    Best Ndsam L1 : 8
    Best Ndsam L2 : 1

    Best Ntwl : 1
    Best Ntbl : 2
    Best Ntspd : 2
    Best Ntcm : 4
    Best Ntsam L1 : 1
    Best Ntsam L2 : 1
    Data array, H-tree wire type: Delay optimized global wires
    Tag array, wire type: Low swing wires

Time Components:

  Data side (with Output driver) (ns): 1.20938
	H-tree input delay (ns): 0.20879
	Decoder + wordline delay (ns): 0.361865
	Bitline delay (ns): 0.193315
	Sense Amplifier delay (ns): 0.00335856
	H-tree output delay (ns): 0.403929

  Tag side (with Output driver) (ns): 0.41973
	H-tree input delay (ns): 0.00565507
	Decoder + wordline delay (ns): 0.20065
	Bitline delay (ns): 0.135264
	Sense Amplifier delay (ns): 0.00335856
	Comparator delay (ns): 0.04206
	H-tree output delay (ns): 0.0691473


Power Components:

  Data array: Total dynamic read energy/access  (nJ): 0.134325
	Total leakage read/write power of a bank (mW): 455.318
	Total energy in H-tree (that includes both address and data transfer) (nJ): 0.102067
	Output Htree Energy (nJ): 0.0545003
	Decoder (nJ): 0.000203325
	Wordline (nJ): 0.000811272
	Bitline mux & associated drivers (nJ): 0.00069983
	Sense amp mux & associated drivers (nJ): 0
	Bitlines (nJ): 0.0168265
	Sense amplifier energy (nJ): 0.000958603
	Sub-array output driver (nJ): 0.00344405

  Tag array:  Total dynamic read energy/access (nJ): 0.010815
	Total leakage read/write power of a bank (mW): 16.5544
	Total energy in H-tree (that includes both address and data transfer) (nJ): 0.00117924
	Output Htree Energy (nJ): 0
	Decoder (nJ): 0.000193474
	Wordline (nJ): 0.000212748
	Bitline mux & associated drivers (nJ): 0.0002013
	Sense amp mux & associated drivers (nJ): 0
	Bitlines (nJ): 0.00607979
	Sense amplifier energy (nJ): 0.000299564
	Sub-array output driver (nJ): 0.000690485


Area Components:

  Data array: Area (mm2): 7.6411
	Height (mm): 3.47788
	Width (mm): 2.19706
	Area efficiency (Memory cell area/Total area) - 64.9145 %
		MAT Height (mm): 0.212733
		MAT Length (mm): 0.986568
		Subarray Height (mm): 0.084096
		Subarray Length (mm): 0.4824

  Tag array: Area (mm2): 0.123568
	Height (mm): 0.379103
	Width (mm): 0.325948
	Area efficiency (Memory cell area/Total area) - 78.4009 %
		MAT Height (mm): 0.365423
		MAT Length (mm): 0.162974
		Subarray Height (mm): 0.168192
		Subarray Length (mm): 0.15075

Wire Properties:

  Delay Optimal
	Repeater size - 158.777 
	Repeater spacing - 0.443639 (mm) 
	Delay - 0.037959 (ns/mm) 
	PowerD - 0.000405587 (nJ/mm) 
	PowerL - 0.0180822 (mW/mm)
	Wire width - 0.18 microns
	Wire spacing - 0.18 microns

  5% Overhead
	Repeater size - 99.7772 
	Repeater spacing - 0.643639 (mm) 
	Delay - 0.039838 (ns/mm) 
	PowerD - 0.000283616 (nJ/mm) 
	PowerL - 0.00783216 (mW/mm)
	Wire width - 0.18 microns
	Wire spacing - 0.18 microns

  10% Overhead
	Repeater size - 79.7772 
	Repeater spacing - 0.643639 (mm) 
	Delay - 0.0416891 (ns/mm) 
	PowerD - 0.000262606 (nJ/mm) 
	PowerL - 0.00626223 (mW/mm)
	Wire width - 0.18 microns
	Wire spacing - 0.18 microns

  20% Overhead
	Repeater size - 71.7772 
	Repeater spacing - 0.843639 (mm) 
	Delay - 0.0455505 (ns/mm) 
	PowerD - 0.000241581 (nJ/mm) 
	PowerL - 0.00429855 (mW/mm)
	Wire width - 0.18 microns
	Wire spacing - 0.18 microns

  30% Overhead
	Repeater size - 61.7772 
	Repeater spacing - 0.943639 (mm) 
	Delay - 0.0493282 (ns/mm) 
	PowerD - 0.000229625 (nJ/mm) 
	PowerL - 0.00330761 (mW/mm)
	Wire width - 0.18 microns
	Wire spacing - 0.18 microns

  Low-swing wire (1 mm) - Note: Unlike repeated wires, 
	delay and power values of low-swing wires do not
	have a linear relationship with length. 
	delay - 0.440251 (ns) 
	powerD - 3.99344e-05 (nJ) 
	PowerL - 4.02212e-06 (mW)
	Wire width - 3.6e-07 microns
	Wire spacing - 3.6e-07 microns


********************************************************

>>>>>>>>>>>>>>>>> SRAM CELL VDD = 0.8 V

********* VOLTAGE-SCALED SRAM CELL PARAMETERS **********
	R_nch_on  =      811.342 ohm-um   (nominal 737.809 ohm-um)
	R_pch_on  =      1955.34 ohm-um   (nominal 1778.12 ohm-um)
	Vdd  =          0.8 V   (nominal 1 V)
	I_on_n	  =   0.00148889 A/um   (nominal 0.0020466 A/um)
	I_off_n	  =  2.20021e-07 A/um   (nominal 4.39e-07 A/um)
********************************************************

******************** CACHE DATA ************************

---------- CACTI version 6.5, Uniform Cache Access SRAM Model ----------

Cache Parameters:
    Total cache size (bytes): 2097152
    Number of banks: 2
    Associativity: 8
    Block size (bytes): 128
    Read/write Ports: 1
    Read ports: 0
    Write ports: 0
    Technology size (nm): 45

    Access time (ns): 1.21035
    Cycle time (ns):  1.19036
    Total dynamic read energy per access (nJ): 0.144073
    Total leakage power of a bank (mW): 391.205
    Cache height x width (mm): 3.47788 x 2.523

    Best Ndwl : 2
    Best Ndbl : 32
    Best Nspd : 0.25
    Best Ndcm : 8
    Best Ndsam L1 : 8
    Best Ndsam L2 : 1

    Best Ntwl : 1
    Best Ntbl : 2
    Best Ntspd : 2
    Best Ntcm : 4
    Best Ntsam L1 : 1
    Best Ntsam L2 : 1
    Data array, H-tree wire type: Delay optimized global wires
    Tag array, wire type: Low swing wires

Time Components:

  Data side (with Output driver) (ns): 1.21035
	H-tree input delay (ns): 0.20879
	Decoder + wordline delay (ns): 0.361865
	Bitline delay (ns): 0.194289
	Sense Amplifier delay (ns): 0.00335856
	H-tree output delay (ns): 0.403929

  Tag side (with Output driver) (ns): 0.41973
	H-tree input delay (ns): 0.00565507
	Decoder + wordline delay (ns): 0.20065
	Bitline delay (ns): 0.135264
	Sense Amplifier delay (ns): 0.00335856
	Comparator delay (ns): 0.04206
	H-tree output delay (ns): 0.0691473


Power Components:

  Data array: Total dynamic read energy/access  (nJ): 0.133258
	Total leakage read/write power of a bank (mW): 374.651
	Total energy in H-tree (that includes both address and data transfer) (nJ): 0.102067
	Output Htree Energy (nJ): 0.0545003
	Decoder (nJ): 0.000203325
	Wordline (nJ): 0.000733646
	Bitline mux & associated drivers (nJ): 0.00069983
	Sense amp mux & associated drivers (nJ): 0
	Bitlines (nJ): 0.0158367
	Sense amplifier energy (nJ): 0.000958603
	Sub-array output driver (nJ): 0.00344405

  Tag array:  Total dynamic read energy/access (nJ): 0.010815
	Total leakage read/write power of a bank (mW): 16.5544
	Total energy in H-tree (that includes both address and data transfer) (nJ): 0.00117924
	Output Htree Energy (nJ): 0
	Decoder (nJ): 0.000193474
	Wordline (nJ): 0.000212748
	Bitline mux & associated drivers (nJ): 0.0002013
	Sense amp mux & associated drivers (nJ): 0
	Bitlines (nJ): 0.00607979
	Sense amplifier energy (nJ): 0.000299564
	Sub-array output driver (nJ): 0.000690485


Area Components:

  Data array: Area (mm2): 7.6411
	Height (mm): 3.47788
	Width (mm): 2.19706
	Area efficiency (Memory cell area/Total area) - 64.9145 %
		MAT Height (mm): 0.212733
		MAT Length (mm): 0.986568
		Subarray Height (mm): 0.084096
		Subarray Length (mm): 0.4824

  Tag array: Area (mm2): 0.123568
	Height (mm): 0.379103
	Width (mm): 0.325948
	Area efficiency (Memory cell area/Total area) - 78.4009 %
		MAT Height (mm): 0.365423
		MAT Length (mm): 0.162974
		Subarray Height (mm): 0.168192
		Subarray Length (mm): 0.15075

Wire Properties:

  Delay Optimal
	Repeater size - 158.777 
	Repeater spacing - 0.443639 (mm) 
	Delay - 0.037959 (ns/mm) 
	PowerD - 0.000405587 (nJ/mm) 
	PowerL - 0.0180822 (mW/mm)
	Wire width - 0.18 microns
	Wire spacing - 0.18 microns

  5% Overhead
	Repeater size - 99.7772 
	Repeater spacing - 0.643639 (mm) 
	Delay - 0.039838 (ns/mm) 
	PowerD - 0.000283616 (nJ/mm) 
	PowerL - 0.00783216 (mW/mm)
	Wire width - 0.18 microns
	Wire spacing - 0.18 microns

  10% Overhead
	Repeater size - 79.7772 
	Repeater spacing - 0.643639 (mm) 
	Delay - 0.0416891 (ns/mm) 
	PowerD - 0.000262606 (nJ/mm) 
	PowerL - 0.00626223 (mW/mm)
	Wire width - 0.18 microns
	Wire spacing - 0.18 microns

  20% Overhead
	Repeater size - 71.7772 
	Repeater spacing - 0.843639 (mm) 
	Delay - 0.0455505 (ns/mm) 
	PowerD - 0.000241581 (nJ/mm) 
	PowerL - 0.00429855 (mW/mm)
	Wire width - 0.18 microns
	Wire spacing - 0.18 microns

  30% Overhead
	Repeater size - 61.7772 
	Repeater spacing - 0.943639 (mm) 
	Delay - 0.0493282 (ns/mm) 
	PowerD - 0.000229625 (nJ/mm) 
	PowerL - 0.00330761 (mW/mm)
	Wire width - 0.18 microns
	Wire spacing - 0.18 microns

  Low-swing wire (1 mm) - Note: Unlike repeated wires, 
	delay and power values of low-swing wires do not
	have a linear relationship with length. 
	delay - 0.440251 (ns) 
	powerD - 3.99344e-05 (nJ) 
	PowerL - 4.02212e-06 (mW)
	Wire width - 3.6e-07 microns
	Wire spacing - 3.6e-07 microns


********************************************************

>>>>>>>>>>>>>>>>> SRAM CELL VDD = 0.75 V

********* VOLTAGE-SCALED SRAM CELL PARAMETERS **********
	R_nch_on  =      837.263 ohm-um   (nominal 737.809 ohm-um)
	R_pch_on  =       2017.8 ohm-um   (nominal 1778.12 ohm-um)
	Vdd  =         0.75 V   (nominal 1 V)
	I_on_n	  =   0.00135262 A/um   (nominal 0.0020466 A/um)
	I_off_n	  =  1.85125e-07 A/um   (nominal 4.39e-07 A/um)
********************************************************

******************** CACHE DATA ************************

---------- CACTI version 6.5, Uniform Cache Access SRAM Model ----------

Cache Parameters:
    Total cache size (bytes): 2097152
    Number of banks: 2
    Associativity: 8
    Block size (bytes): 128
    Read/write Ports: 1
    Read ports: 0
    Write ports: 0
    Technology size (nm): 45

    Access time (ns): 1.21143
    Cycle time (ns):  1.19144
    Total dynamic read energy per access (nJ): 0.14301
    Total leakage power of a bank (mW): 326.375
    Cache height x width (mm): 3.47788 x 2.523

    Best Ndwl : 2
    Best Ndbl : 32
    Best Nspd : 0.25
    Best Ndcm : 8
    Best Ndsam L1 : 8
    Best Ndsam L2 : 1

    Best Ntwl : 1
    Best Ntbl : 2
    Best Ntspd : 2
    Best Ntcm : 4
    Best Ntsam L1 : 1
    Best Ntsam L2 : 1
    Data array, H-tree wire type: Delay optimized global wires
    Tag array, wire type: Low swing wires

Time Components:

  Data side (with Output driver) (ns): 1.21143
	H-tree input delay (ns): 0.20879
	Decoder + wordline delay (ns): 0.361865
	Bitline delay (ns): 0.195373
	Sense Amplifier delay (ns): 0.00335856
	H-tree output delay (ns): 0.403929

  Tag side (with Output driver) (ns): 0.41973
	H-tree input delay (ns): 0.00565507
	Decoder + wordline delay (ns): 0.20065
	Bitline delay (ns): 0.135264
	Sense Amplifier delay (ns): 0.00335856
	Comparator delay (ns): 0.04206
	H-tree output delay (ns): 0.0691473


Power Components:

  Data array: Total dynamic read energy/access  (nJ): 0.132195
	Total leakage read/write power of a bank (mW): 309.821
	Total energy in H-tree (that includes both address and data transfer) (nJ): 0.102067
	Output Htree Energy (nJ): 0.0545003
	Decoder (nJ): 0.000203325
	Wordline (nJ): 0.000660725
	Bitline mux & associated drivers (nJ): 0.00069983
	Sense amp mux & associated drivers (nJ): 0
	Bitlines (nJ): 0.0148469
	Sense amplifier energy (nJ): 0.000958603
	Sub-array output driver (nJ): 0.00344405

  Tag array:  Total dynamic read energy/access (nJ): 0.010815
	Total leakage read/write power of a bank (mW): 16.5544
	Total energy in H-tree (that includes both address and data transfer) (nJ): 0.00117924
	Output Htree Energy (nJ): 0
	Decoder (nJ): 0.000193474
	Wordline (nJ): 0.000212748
	Bitline mux & associated drivers (nJ): 0.0002013
	Sense amp mux & associated drivers (nJ): 0
	Bitlines (nJ): 0.00607979
	Sense amplifier energy (nJ): 0.000299564
	Sub-array output driver (nJ): 0.000690485


Area Components:

  Data array: Area (mm2): 7.6411
	Height (mm): 3.47788
	Width (mm): 2.19706
	Area efficiency (Memory cell area/Total area) - 64.9145 %
		MAT Height (mm): 0.212733
		MAT Length (mm): 0.986568
		Subarray Height (mm): 0.084096
		Subarray Length (mm): 0.4824

  Tag array: Area (mm2): 0.123568
	Height (mm): 0.379103
	Width (mm): 0.325948
	Area efficiency (Memory cell area/Total area) - 78.4009 %
		MAT Height (mm): 0.365423
		MAT Length (mm): 0.162974
		Subarray Height (mm): 0.168192
		Subarray Length (mm): 0.15075

Wire Properties:

  Delay Optimal
	Repeater size - 158.777 
	Repeater spacing - 0.443639 (mm) 
	Delay - 0.037959 (ns/mm) 
	PowerD - 0.000405587 (nJ/mm) 
	PowerL - 0.0180822 (mW/mm)
	Wire width - 0.18 microns
	Wire spacing - 0.18 microns

  5% Overhead
	Repeater size - 99.7772 
	Repeater spacing - 0.643639 (mm) 
	Delay - 0.039838 (ns/mm) 
	PowerD - 0.000283616 (nJ/mm) 
	PowerL - 0.00783216 (mW/mm)
	Wire width - 0.18 microns
	Wire spacing - 0.18 microns

  10% Overhead
	Repeater size - 79.7772 
	Repeater spacing - 0.643639 (mm) 
	Delay - 0.0416891 (ns/mm) 
	PowerD - 0.000262606 (nJ/mm) 
	PowerL - 0.00626223 (mW/mm)
	Wire width - 0.18 microns
	Wire spacing - 0.18 microns

  20% Overhead
	Repeater size - 71.7772 
	Repeater spacing - 0.843639 (mm) 
	Delay - 0.0455505 (ns/mm) 
	PowerD - 0.000241581 (nJ/mm) 
	PowerL - 0.00429855 (mW/mm)
	Wire width - 0.18 microns
	Wire spacing - 0.18 microns

  30% Overhead
	Repeater size - 61.7772 
	Repeater spacing - 0.943639 (mm) 
	Delay - 0.0493282 (ns/mm) 
	PowerD - 0.000229625 (nJ/mm) 
	PowerL - 0.00330761 (mW/mm)
	Wire width - 0.18 microns
	Wire spacing - 0.18 microns

  Low-swing wire (1 mm) - Note: Unlike repeated wires, 
	delay and power values of low-swing wires do not
	have a linear relationship with length. 
	delay - 0.440251 (ns) 
	powerD - 3.99344e-05 (nJ) 
	PowerL - 4.02212e-06 (mW)
	Wire width - 3.6e-07 microns
	Wire spacing - 3.6e-07 microns


********************************************************

>>>>>>>>>>>>>>>>> SRAM CELL VDD = 0.7 V

********* VOLTAGE-SCALED SRAM CELL PARAMETERS **********
	R_nch_on  =      868.132 ohm-um   (nominal 737.809 ohm-um)
	R_pch_on  =       2092.2 ohm-um   (nominal 1778.12 ohm-um)
	Vdd  =          0.7 V   (nominal 1 V)
	I_on_n	  =   0.00121756 A/um   (nominal 0.0020466 A/um)
	I_off_n	  =  1.55763e-07 A/um   (nominal 4.39e-07 A/um)
********************************************************

******************** CACHE DATA ************************

---------- CACTI version 6.5, Uniform Cache Access SRAM Model ----------

Cache Parameters:
    Total cache size (bytes): 2097152
    Number of banks: 2
    Associativity: 8
    Block size (bytes): 128
    Read/write Ports: 1
    Read ports: 0
    Write ports: 0
    Technology size (nm): 45

    Access time (ns): 1.21266
    Cycle time (ns):  1.19267
    Total dynamic read energy per access (nJ): 0.141952
    Total leakage power of a bank (mW): 274.388
    Cache height x width (mm): 3.47788 x 2.523

    Best Ndwl : 2
    Best Ndbl : 32
    Best Nspd : 0.25
    Best Ndcm : 8
    Best Ndsam L1 : 8
    Best Ndsam L2 : 1

    Best Ntwl : 1
    Best Ntbl : 2
    Best Ntspd : 2
    Best Ntcm : 4
    Best Ntsam L1 : 1
    Best Ntsam L2 : 1
    Data array, H-tree wire type: Delay optimized global wires
    Tag array, wire type: Low swing wires

Time Components:

  Data side (with Output driver) (ns): 1.21266
	H-tree input delay (ns): 0.20879
	Decoder + wordline delay (ns): 0.361865
	Bitline delay (ns): 0.196599
	Sense Amplifier delay (ns): 0.00335856
	H-tree output delay (ns): 0.403929

  Tag side (with Output driver) (ns): 0.41973
	H-tree input delay (ns): 0.00565507
	Decoder + wordline delay (ns): 0.20065
	Bitline delay (ns): 0.135264
	Sense Amplifier delay (ns): 0.00335856
	Comparator delay (ns): 0.04206
	H-tree output delay (ns): 0.0691473


Power Components:

  Data array: Total dynamic read energy/access  (nJ): 0.131137
	Total leakage read/write power of a bank (mW): 257.834
	Total energy in H-tree (that includes both address and data transfer) (nJ): 0.102067
	Output Htree Energy (nJ): 0.0545003
	Decoder (nJ): 0.000203325
	Wordline (nJ): 0.000592508
	Bitline mux & associated drivers (nJ): 0.00069983
	Sense amp mux & associated drivers (nJ): 0
	Bitlines (nJ): 0.0138571
	Sense amplifier energy (nJ): 0.000958603
	Sub-array output driver (nJ): 0.00344405

  Tag array:  Total dynamic read energy/access (nJ): 0.010815
	Total leakage read/write power of a bank (mW): 16.5544
	Total energy in H-tree (that includes both address and data transfer) (nJ): 0.00117924
	Output Htree Energy (nJ): 0
	Decoder (nJ): 0.000193474
	Wordline (nJ): 0.000212748
	Bitline mux & associated drivers (nJ): 0.0002013
	Sense amp mux & associated drivers (nJ): 0
	Bitlines (nJ): 0.00607979
	Sense amplifier energy (nJ): 0.000299564
	Sub-array output driver (nJ): 0.000690485


Area Components:

  Data array: Area (mm2): 7.6411
	Height (mm): 3.47788
	Width (mm): 2.19706
	Area efficiency (Memory cell area/Total area) - 64.9145 %
		MAT Height (mm): 0.212733
		MAT Length (mm): 0.986568
		Subarray Height (mm): 0.084096
		Subarray Length (mm): 0.4824

  Tag array: Area (mm2): 0.123568
	Height (mm): 0.379103
	Width (mm): 0.325948
	Area efficiency (Memory cell area/Total area) - 78.4009 %
		MAT Height (mm): 0.365423
		MAT Length (mm): 0.162974
		Subarray Height (mm): 0.168192
		Subarray Length (mm): 0.15075

Wire Properties:

  Delay Optimal
	Repeater size - 158.777 
	Repeater spacing - 0.443639 (mm) 
	Delay - 0.037959 (ns/mm) 
	PowerD - 0.000405587 (nJ/mm) 
	PowerL - 0.0180822 (mW/mm)
	Wire width - 0.18 microns
	Wire spacing - 0.18 microns

  5% Overhead
	Repeater size - 99.7772 
	Repeater spacing - 0.643639 (mm) 
	Delay - 0.039838 (ns/mm) 
	PowerD - 0.000283616 (nJ/mm) 
	PowerL - 0.00783216 (mW/mm)
	Wire width - 0.18 microns
	Wire spacing - 0.18 microns

  10% Overhead
	Repeater size - 79.7772 
	Repeater spacing - 0.643639 (mm) 
	Delay - 0.0416891 (ns/mm) 
	PowerD - 0.000262606 (nJ/mm) 
	PowerL - 0.00626223 (mW/mm)
	Wire width - 0.18 microns
	Wire spacing - 0.18 microns

  20% Overhead
	Repeater size - 71.7772 
	Repeater spacing - 0.843639 (mm) 
	Delay - 0.0455505 (ns/mm) 
	PowerD - 0.000241581 (nJ/mm) 
	PowerL - 0.00429855 (mW/mm)
	Wire width - 0.18 microns
	Wire spacing - 0.18 microns

  30% Overhead
	Repeater size - 61.7772 
	Repeater spacing - 0.943639 (mm) 
	Delay - 0.0493282 (ns/mm) 
	PowerD - 0.000229625 (nJ/mm) 
	PowerL - 0.00330761 (mW/mm)
	Wire width - 0.18 microns
	Wire spacing - 0.18 microns

  Low-swing wire (1 mm) - Note: Unlike repeated wires, 
	delay and power values of low-swing wires do not
	have a linear relationship with length. 
	delay - 0.440251 (ns) 
	powerD - 3.99344e-05 (nJ) 
	PowerL - 4.02212e-06 (mW)
	Wire width - 3.6e-07 microns
	Wire spacing - 3.6e-07 microns


********************************************************

>>>>>>>>>>>>>>>>> SRAM CELL VDD = 0.65 V

********* VOLTAGE-SCALED SRAM CELL PARAMETERS **********
	R_nch_on  =      905.698 ohm-um   (nominal 737.809 ohm-um)
	R_pch_on  =      2182.73 ohm-um   (nominal 1778.12 ohm-um)
	Vdd  =         0.65 V   (nominal 1 V)
	I_on_n	  =    0.0010837 A/um   (nominal 0.0020466 A/um)
	I_off_n	  =  1.31058e-07 A/um   (nominal 4.39e-07 A/um)
********************************************************

******************** CACHE DATA ************************

---------- CACTI version 6.5, Uniform Cache Access SRAM Model ----------

Cache Parameters:
    Total cache size (bytes): 2097152
    Number of banks: 2
    Associativity: 8
    Block size (bytes): 128
    Read/write Ports: 1
    Read ports: 0
    Write ports: 0
    Technology size (nm): 45

    Access time (ns): 1.21408
    Cycle time (ns):  1.19409
    Total dynamic read energy per access (nJ): 0.140899
    Total leakage power of a bank (mW): 232.8
    Cache height x width (mm): 3.47788 x 2.523

    Best Ndwl : 2
    Best Ndbl : 32
    Best Nspd : 0.25
    Best Ndcm : 8
    Best Ndsam L1 : 8
    Best Ndsam L2 : 1

    Best Ntwl : 1
    Best Ntbl : 2
    Best Ntspd : 2
    Best Ntcm : 4
    Best Ntsam L1 : 1
    Best Ntsam L2 : 1
    Data array, H-tree wire type: Delay optimized global wires
    Tag array, wire type: Low swing wires

Time Components:

  Data side (with Output driver) (ns): 1.21408
	H-tree input delay (ns): 0.20879
	Decoder + wordline delay (ns): 0.361865
	Bitline delay (ns): 0.198019
	Sense Amplifier delay (ns): 0.00335856
	H-tree output delay (ns): 0.403929

  Tag side (with Output driver) (ns): 0.41973
	H-tree input delay (ns): 0.00565507
	Decoder + wordline delay (ns): 0.20065
	Bitline delay (ns): 0.135264
	Sense Amplifier delay (ns): 0.00335856
	Comparator delay (ns): 0.04206
	H-tree output delay (ns): 0.0691473


Power Components:

  Data array: Total dynamic read energy/access  (nJ): 0.130084
	Total leakage read/write power of a bank (mW): 216.246
	Total energy in H-tree (that includes both address and data transfer) (nJ): 0.102067
	Output Htree Energy (nJ): 0.0545003
	Decoder (nJ): 0.000203325
	Wordline (nJ): 0.000528996
	Bitline mux & associated drivers (nJ): 0.00069983
	Sense amp mux & associated drivers (nJ): 0
	Bitlines (nJ): 0.0128673
	Sense amplifier energy (nJ): 0.000958603
	Sub-array output driver (nJ): 0.00344405

  Tag array:  Total dynamic read energy/access (nJ): 0.010815
	Total leakage read/write power of a bank (mW): 16.5544
	Total energy in H-tree (that includes both address and data transfer) (nJ): 0.00117924
	Output Htree Energy (nJ): 0
	Decoder (nJ): 0.000193474
	Wordline (nJ): 0.000212748
	Bitline mux & associated drivers (nJ): 0.0002013
	Sense amp mux & associated drivers (nJ): 0
	Bitlines (nJ): 0.00607979
	Sense amplifier energy (nJ): 0.000299564
	Sub-array output driver (nJ): 0.000690485


Area Components:

  Data array: Area (mm2): 7.6411
	Height (mm): 3.47788
	Width (mm): 2.19706
	Area efficiency (Memory cell area/Total area) - 64.9145 %
		MAT Height (mm): 0.212733
		MAT Length (mm): 0.986568
		Subarray Height (mm): 0.084096
		Subarray Length (mm): 0.4824

  Tag array: Area (mm2): 0.123568
	Height (mm): 0.379103
	Width (mm): 0.325948
	Area efficiency (Memory cell area/Total area) - 78.4009 %
		MAT Height (mm): 0.365423
		MAT Length (mm): 0.162974
		Subarray Height (mm): 0.168192
		Subarray Length (mm): 0.15075

Wire Properties:

  Delay Optimal
	Repeater size - 158.777 
	Repeater spacing - 0.443639 (mm) 
	Delay - 0.037959 (ns/mm) 
	PowerD - 0.000405587 (nJ/mm) 
	PowerL - 0.0180822 (mW/mm)
	Wire width - 0.18 microns
	Wire spacing - 0.18 microns

  5% Overhead
	Repeater size - 99.7772 
	Repeater spacing - 0.643639 (mm) 
	Delay - 0.039838 (ns/mm) 
	PowerD - 0.000283616 (nJ/mm) 
	PowerL - 0.00783216 (mW/mm)
	Wire width - 0.18 microns
	Wire spacing - 0.18 microns

  10% Overhead
	Repeater size - 79.7772 
	Repeater spacing - 0.643639 (mm) 
	Delay - 0.0416891 (ns/mm) 
	PowerD - 0.000262606 (nJ/mm) 
	PowerL - 0.00626223 (mW/mm)
	Wire width - 0.18 microns
	Wire spacing - 0.18 microns

  20% Overhead
	Repeater size - 71.7772 
	Repeater spacing - 0.843639 (mm) 
	Delay - 0.0455505 (ns/mm) 
	PowerD - 0.000241581 (nJ/mm) 
	PowerL - 0.00429855 (mW/mm)
	Wire width - 0.18 microns
	Wire spacing - 0.18 microns

  30% Overhead
	Repeater size - 61.7772 
	Repeater spacing - 0.943639 (mm) 
	Delay - 0.0493282 (ns/mm) 
	PowerD - 0.000229625 (nJ/mm) 
	PowerL - 0.00330761 (mW/mm)
	Wire width - 0.18 microns
	Wire spacing - 0.18 microns

  Low-swing wire (1 mm) - Note: Unlike repeated wires, 
	delay and power values of low-swing wires do not
	have a linear relationship with length. 
	delay - 0.440251 (ns) 
	powerD - 3.99344e-05 (nJ) 
	PowerL - 4.02212e-06 (mW)
	Wire width - 3.6e-07 microns
	Wire spacing - 3.6e-07 microns


********************************************************

>>>>>>>>>>>>>>>>> SRAM CELL VDD = 0.6 V

********* VOLTAGE-SCALED SRAM CELL PARAMETERS **********
	R_nch_on  =      952.644 ohm-um   (nominal 737.809 ohm-um)
	R_pch_on  =      2295.87 ohm-um   (nominal 1778.12 ohm-um)
	Vdd  =          0.6 V   (nominal 1 V)
	I_on_n	  =  0.000951037 A/um   (nominal 0.0020466 A/um)
	I_off_n	  =  1.10272e-07 A/um   (nominal 4.39e-07 A/um)
********************************************************

******************** CACHE DATA ************************

---------- CACTI version 6.5, Uniform Cache Access SRAM Model ----------

Cache Parameters:
    Total cache size (bytes): 2097152
    Number of banks: 2
    Associativity: 8
    Block size (bytes): 128
    Read/write Ports: 1
    Read ports: 0
    Write ports: 0
    Technology size (nm): 45

    Access time (ns): 1.21577
    Cycle time (ns):  1.19578
    Total dynamic read energy per access (nJ): 0.13985
    Total leakage power of a bank (mW): 199.621
    Cache height x width (mm): 3.47788 x 2.523

    Best Ndwl : 2
    Best Ndbl : 32
    Best Nspd : 0.25
    Best Ndcm : 8
    Best Ndsam L1 : 8
    Best Ndsam L2 : 1

    Best Ntwl : 1
    Best Ntbl : 2
    Best Ntspd : 2
    Best Ntcm : 4
    Best Ntsam L1 : 1
    Best Ntsam L2 : 1
    Data array, H-tree wire type: Delay optimized global wires
    Tag array, wire type: Low swing wires

Time Components:

  Data side (with Output driver) (ns): 1.21577
	H-tree input delay (ns): 0.20879
	Decoder + wordline delay (ns): 0.361865
	Bitline delay (ns): 0.199706
	Sense Amplifier delay (ns): 0.00335856
	H-tree output delay (ns): 0.403929

  Tag side (with Output driver) (ns): 0.41973
	H-tree input delay (ns): 0.00565507
	Decoder + wordline delay (ns): 0.20065
	Bitline delay (ns): 0.135264
	Sense Amplifier delay (ns): 0.00335856
	Comparator delay (ns): 0.04206
	H-tree output delay (ns): 0.0691473


Power Components:

  Data array: Total dynamic read energy/access  (nJ): 0.129035
	Total leakage read/write power of a bank (mW): 183.067
	Total energy in H-tree (that includes both address and data transfer) (nJ): 0.102067
	Output Htree Energy (nJ): 0.0545003
	Decoder (nJ): 0.000203325
	Wordline (nJ): 0.000470189
	Bitline mux & associated drivers (nJ): 0.00069983
	Sense amp mux & associated drivers (nJ): 0
	Bitlines (nJ): 0.0118775
	Sense amplifier energy (nJ): 0.000958603
	Sub-array output driver (nJ): 0.00344405

  Tag array:  Total dynamic read energy/access (nJ): 0.010815
	Total leakage read/write power of a bank (mW): 16.5544
	Total energy in H-tree (that includes both address and data transfer) (nJ): 0.00117924
	Output Htree Energy (nJ): 0
	Decoder (nJ): 0.000193474
	Wordline (nJ): 0.000212748
	Bitline mux & associated drivers (nJ): 0.0002013
	Sense amp mux & associated drivers (nJ): 0
	Bitlines (nJ): 0.00607979
	Sense amplifier energy (nJ): 0.000299564
	Sub-array output driver (nJ): 0.000690485


Area Components:

  Data array: Area (mm2): 7.6411
	Height (mm): 3.47788
	Width (mm): 2.19706
	Area efficiency (Memory cell area/Total area) - 64.9145 %
		MAT Height (mm): 0.212733
		MAT Length (mm): 0.986568
		Subarray Height (mm): 0.084096
		Subarray Length (mm): 0.4824

  Tag array: Area (mm2): 0.123568
	Height (mm): 0.379103
	Width (mm): 0.325948
	Area efficiency (Memory cell area/Total area) - 78.4009 %
		MAT Height (mm): 0.365423
		MAT Length (mm): 0.162974
		Subarray Height (mm): 0.168192
		Subarray Length (mm): 0.15075

Wire Properties:

  Delay Optimal
	Repeater size - 158.777 
	Repeater spacing - 0.443639 (mm) 
	Delay - 0.037959 (ns/mm) 
	PowerD - 0.000405587 (nJ/mm) 
	PowerL - 0.0180822 (mW/mm)
	Wire width - 0.18 microns
	Wire spacing - 0.18 microns

  5% Overhead
	Repeater size - 99.7772 
	Repeater spacing - 0.643639 (mm) 
	Delay - 0.039838 (ns/mm) 
	PowerD - 0.000283616 (nJ/mm) 
	PowerL - 0.00783216 (mW/mm)
	Wire width - 0.18 microns
	Wire spacing - 0.18 microns

  10% Overhead
	Repeater size - 79.7772 
	Repeater spacing - 0.643639 (mm) 
	Delay - 0.0416891 (ns/mm) 
	PowerD - 0.000262606 (nJ/mm) 
	PowerL - 0.00626223 (mW/mm)
	Wire width - 0.18 microns
	Wire spacing - 0.18 microns

  20% Overhead
	Repeater size - 71.7772 
	Repeater spacing - 0.843639 (mm) 
	Delay - 0.0455505 (ns/mm) 
	PowerD - 0.000241581 (nJ/mm) 
	PowerL - 0.00429855 (mW/mm)
	Wire width - 0.18 microns
	Wire spacing - 0.18 microns

  30% Overhead
	Repeater size - 61.7772 
	Repeater spacing - 0.943639 (mm) 
	Delay - 0.0493282 (ns/mm) 
	PowerD - 0.000229625 (nJ/mm) 
	PowerL - 0.00330761 (mW/mm)
	Wire width - 0.18 microns
	Wire spacing - 0.18 microns

  Low-swing wire (1 mm) - Note: Unlike repeated wires, 
	delay and power values of low-swing wires do not
	have a linear relationship with length. 
	delay - 0.440251 (ns) 
	powerD - 3.99344e-05 (nJ) 
	PowerL - 4.02212e-06 (mW)
	Wire width - 3.6e-07 microns
	Wire spacing - 3.6e-07 microns


********************************************************

>>>>>>>>>>>>>>>>> SRAM CELL VDD = 0.55 V

********* VOLTAGE-SCALED SRAM CELL PARAMETERS **********
	R_nch_on  =      1013.32 ohm-um   (nominal 737.809 ohm-um)
	R_pch_on  =       2442.1 ohm-um   (nominal 1778.12 ohm-um)
	Vdd  =         0.55 V   (nominal 1 V)
	I_on_n	  =  0.000819582 A/um   (nominal 0.0020466 A/um)
	I_off_n	  =  9.27822e-08 A/um   (nominal 4.39e-07 A/um)
********************************************************

******************** CACHE DATA ************************

---------- CACTI version 6.5, Uniform Cache Access SRAM Model ----------

Cache Parameters:
    Total cache size (bytes): 2097152
    Number of banks: 2
    Associativity: 8
    Block size (bytes): 128
    Read/write Ports: 1
    Read ports: 0
    Write ports: 0
    Technology size (nm): 45

    Access time (ns): 1.21784
    Cycle time (ns):  1.19785
    Total dynamic read energy per access (nJ): 0.138806
    Total leakage power of a bank (mW): 173.23
    Cache height x width (mm): 3.47788 x 2.523

    Best Ndwl : 2
    Best Ndbl : 32
    Best Nspd : 0.25
    Best Ndcm : 8
    Best Ndsam L1 : 8
    Best Ndsam L2 : 1

    Best Ntwl : 1
    Best Ntbl : 2
    Best Ntspd : 2
    Best Ntcm : 4
    Best Ntsam L1 : 1
    Best Ntsam L2 : 1
    Data array, H-tree wire type: Delay optimized global wires
    Tag array, wire type: Low swing wires

Time Components:

  Data side (with Output driver) (ns): 1.21784
	H-tree input delay (ns): 0.20879
	Decoder + wordline delay (ns): 0.361865
	Bitline delay (ns): 0.201782
	Sense Amplifier delay (ns): 0.00335856
	H-tree output delay (ns): 0.403929

  Tag side (with Output driver) (ns): 0.41973
	H-tree input delay (ns): 0.00565507
	Decoder + wordline delay (ns): 0.20065
	Bitline delay (ns): 0.135264
	Sense Amplifier delay (ns): 0.00335856
	Comparator delay (ns): 0.04206
	H-tree output delay (ns): 0.0691473


Power Components:

  Data array: Total dynamic read energy/access  (nJ): 0.127991
	Total leakage read/write power of a bank (mW): 156.675
	Total energy in H-tree (that includes both address and data transfer) (nJ): 0.102067
	Output Htree Energy (nJ): 0.0545003
	Decoder (nJ): 0.000203325
	Wordline (nJ): 0.000416086
	Bitline mux & associated drivers (nJ): 0.00069983
	Sense amp mux & associated drivers (nJ): 0
	Bitlines (nJ): 0.0108877
	Sense amplifier energy (nJ): 0.000958603
	Sub-array output driver (nJ): 0.00344405

  Tag array:  Total dynamic read energy/access (nJ): 0.010815
	Total leakage read/write power of a bank (mW): 16.5544
	Total energy in H-tree (that includes both address and data transfer) (nJ): 0.00117924
	Output Htree Energy (nJ): 0
	Decoder (nJ): 0.000193474
	Wordline (nJ): 0.000212748
	Bitline mux & associated drivers (nJ): 0.0002013
	Sense amp mux & associated drivers (nJ): 0
	Bitlines (nJ): 0.00607979
	Sense amplifier energy (nJ): 0.000299564
	Sub-array output driver (nJ): 0.000690485


Area Components:

  Data array: Area (mm2): 7.6411
	Height (mm): 3.47788
	Width (mm): 2.19706
	Area efficiency (Memory cell area/Total area) - 64.9145 %
		MAT Height (mm): 0.212733
		MAT Length (mm): 0.986568
		Subarray Height (mm): 0.084096
		Subarray Length (mm): 0.4824

  Tag array: Area (mm2): 0.123568
	Height (mm): 0.379103
	Width (mm): 0.325948
	Area efficiency (Memory cell area/Total area) - 78.4009 %
		MAT Height (mm): 0.365423
		MAT Length (mm): 0.162974
		Subarray Height (mm): 0.168192
		Subarray Length (mm): 0.15075

Wire Properties:

  Delay Optimal
	Repeater size - 158.777 
	Repeater spacing - 0.443639 (mm) 
	Delay - 0.037959 (ns/mm) 
	PowerD - 0.000405587 (nJ/mm) 
	PowerL - 0.0180822 (mW/mm)
	Wire width - 0.18 microns
	Wire spacing - 0.18 microns

  5% Overhead
	Repeater size - 99.7772 
	Repeater spacing - 0.643639 (mm) 
	Delay - 0.039838 (ns/mm) 
	PowerD - 0.000283616 (nJ/mm) 
	PowerL - 0.00783216 (mW/mm)
	Wire width - 0.18 microns
	Wire spacing - 0.18 microns

  10% Overhead
	Repeater size - 79.7772 
	Repeater spacing - 0.643639 (mm) 
	Delay - 0.0416891 (ns/mm) 
	PowerD - 0.000262606 (nJ/mm) 
	PowerL - 0.00626223 (mW/mm)
	Wire width - 0.18 microns
	Wire spacing - 0.18 microns

  20% Overhead
	Repeater size - 71.7772 
	Repeater spacing - 0.843639 (mm) 
	Delay - 0.0455505 (ns/mm) 
	PowerD - 0.000241581 (nJ/mm) 
	PowerL - 0.00429855 (mW/mm)
	Wire width - 0.18 microns
	Wire spacing - 0.18 microns

  30% Overhead
	Repeater size - 61.7772 
	Repeater spacing - 0.943639 (mm) 
	Delay - 0.0493282 (ns/mm) 
	PowerD - 0.000229625 (nJ/mm) 
	PowerL - 0.00330761 (mW/mm)
	Wire width - 0.18 microns
	Wire spacing - 0.18 microns

  Low-swing wire (1 mm) - Note: Unlike repeated wires, 
	delay and power values of low-swing wires do not
	have a linear relationship with length. 
	delay - 0.440251 (ns) 
	powerD - 3.99344e-05 (nJ) 
	PowerL - 4.02212e-06 (mW)
	Wire width - 3.6e-07 microns
	Wire spacing - 3.6e-07 microns


********************************************************

>>>>>>>>>>>>>>>>> SRAM CELL VDD = 0.5 V

********* VOLTAGE-SCALED SRAM CELL PARAMETERS **********
	R_nch_on  =      1095.26 ohm-um   (nominal 737.809 ohm-um)
	R_pch_on  =      2639.59 ohm-um   (nominal 1778.12 ohm-um)
	Vdd  =          0.5 V   (nominal 1 V)
	I_on_n	  =  0.000689331 A/um   (nominal 0.0020466 A/um)
	I_off_n	  =  7.80665e-08 A/um   (nominal 4.39e-07 A/um)
********************************************************

******************** CACHE DATA ************************

---------- CACTI version 6.5, Uniform Cache Access SRAM Model ----------

Cache Parameters:
    Total cache size (bytes): 2097152
    Number of banks: 2
    Associativity: 8
    Block size (bytes): 128
    Read/write Ports: 1
    Read ports: 0
    Write ports: 0
    Technology size (nm): 45

    Access time (ns): 1.22052
    Cycle time (ns):  1.20052
    Total dynamic read energy per access (nJ): 0.137767
    Total leakage power of a bank (mW): 152.307
    Cache height x width (mm): 3.47788 x 2.523

    Best Ndwl : 2
    Best Ndbl : 32
    Best Nspd : 0.25
    Best Ndcm : 8
    Best Ndsam L1 : 8
    Best Ndsam L2 : 1

    Best Ntwl : 1
    Best Ntbl : 2
    Best Ntspd : 2
    Best Ntcm : 4
    Best Ntsam L1 : 1
    Best Ntsam L2 : 1
    Data array, H-tree wire type: Delay optimized global wires
    Tag array, wire type: Low swing wires

Time Components:

  Data side (with Output driver) (ns): 1.22052
	H-tree input delay (ns): 0.20879
	Decoder + wordline delay (ns): 0.361865
	Bitline delay (ns): 0.204455
	Sense Amplifier delay (ns): 0.00335856
	H-tree output delay (ns): 0.403929

  Tag side (with Output driver) (ns): 0.41973
	H-tree input delay (ns): 0.00565507
	Decoder + wordline delay (ns): 0.20065
	Bitline delay (ns): 0.135264
	Sense Amplifier delay (ns): 0.00335856
	Comparator delay (ns): 0.04206
	H-tree output delay (ns): 0.0691473


Power Components:

  Data array: Total dynamic read energy/access  (nJ): 0.126952
	Total leakage read/write power of a bank (mW): 135.753
	Total energy in H-tree (that includes both address and data transfer) (nJ): 0.102067
	Output Htree Energy (nJ): 0.0545003
	Decoder (nJ): 0.000203325
	Wordline (nJ): 0.000366688
	Bitline mux & associated drivers (nJ): 0.00069983
	Sense amp mux & associated drivers (nJ): 0
	Bitlines (nJ): 0.00989792
	Sense amplifier energy (nJ): 0.000958603
	Sub-array output driver (nJ): 0.00344405

  Tag array:  Total dynamic read energy/access (nJ): 0.010815
	Total leakage read/write power of a bank (mW): 16.5544
	Total energy in H-tree (that includes both address and data transfer) (nJ): 0.00117924
	Output Htree Energy (nJ): 0
	Decoder (nJ): 0.000193474
	Wordline (nJ): 0.000212748
	Bitline mux & associated drivers (nJ): 0.0002013
	Sense amp mux & associated drivers (nJ): 0
	Bitlines (nJ): 0.00607979
	Sense amplifier energy (nJ): 0.000299564
	Sub-array output driver (nJ): 0.000690485


Area Components:

  Data array: Area (mm2): 7.6411
	Height (mm): 3.47788
	Width (mm): 2.19706
	Area efficiency (Memory cell area/Total area) - 64.9145 %
		MAT Height (mm): 0.212733
		MAT Length (mm): 0.986568
		Subarray Height (mm): 0.084096
		Subarray Length (mm): 0.4824

  Tag array: Area (mm2): 0.123568
	Height (mm): 0.379103
	Width (mm): 0.325948
	Area efficiency (Memory cell area/Total area) - 78.4009 %
		MAT Height (mm): 0.365423
		MAT Length (mm): 0.162974
		Subarray Height (mm): 0.168192
		Subarray Length (mm): 0.15075

Wire Properties:

  Delay Optimal
	Repeater size - 158.777 
	Repeater spacing - 0.443639 (mm) 
	Delay - 0.037959 (ns/mm) 
	PowerD - 0.000405587 (nJ/mm) 
	PowerL - 0.0180822 (mW/mm)
	Wire width - 0.18 microns
	Wire spacing - 0.18 microns

  5% Overhead
	Repeater size - 99.7772 
	Repeater spacing - 0.643639 (mm) 
	Delay - 0.039838 (ns/mm) 
	PowerD - 0.000283616 (nJ/mm) 
	PowerL - 0.00783216 (mW/mm)
	Wire width - 0.18 microns
	Wire spacing - 0.18 microns

  10% Overhead
	Repeater size - 79.7772 
	Repeater spacing - 0.643639 (mm) 
	Delay - 0.0416891 (ns/mm) 
	PowerD - 0.000262606 (nJ/mm) 
	PowerL - 0.00626223 (mW/mm)
	Wire width - 0.18 microns
	Wire spacing - 0.18 microns

  20% Overhead
	Repeater size - 71.7772 
	Repeater spacing - 0.843639 (mm) 
	Delay - 0.0455505 (ns/mm) 
	PowerD - 0.000241581 (nJ/mm) 
	PowerL - 0.00429855 (mW/mm)
	Wire width - 0.18 microns
	Wire spacing - 0.18 microns

  30% Overhead
	Repeater size - 61.7772 
	Repeater spacing - 0.943639 (mm) 
	Delay - 0.0493282 (ns/mm) 
	PowerD - 0.000229625 (nJ/mm) 
	PowerL - 0.00330761 (mW/mm)
	Wire width - 0.18 microns
	Wire spacing - 0.18 microns

  Low-swing wire (1 mm) - Note: Unlike repeated wires, 
	delay and power values of low-swing wires do not
	have a linear relationship with length. 
	delay - 0.440251 (ns) 
	powerD - 3.99344e-05 (nJ) 
	PowerL - 4.02212e-06 (mW)
	Wire width - 3.6e-07 microns
	Wire spacing - 3.6e-07 microns


********************************************************

>>>>>>>>>>>>>>>>> SRAM CELL VDD = 0.45 V

********* VOLTAGE-SCALED SRAM CELL PARAMETERS **********
	R_nch_on  =      1212.78 ohm-um   (nominal 737.809 ohm-um)
	R_pch_on  =       2922.8 ohm-um   (nominal 1778.12 ohm-um)
	Vdd  =         0.45 V   (nominal 1 V)
	I_on_n	  =  0.000560284 A/um   (nominal 0.0020466 A/um)
	I_off_n	  =  6.56847e-08 A/um   (nominal 4.39e-07 A/um)
********************************************************

******************** CACHE DATA ************************

---------- CACTI version 6.5, Uniform Cache Access SRAM Model ----------

Cache Parameters:
    Total cache size (bytes): 2097152
    Number of banks: 2
    Associativity: 8
    Block size (bytes): 128
    Read/write Ports: 1
    Read ports: 0
    Write ports: 0
    Technology size (nm): 45

    Access time (ns): 1.22417
    Cycle time (ns):  1.20418
    Total dynamic read energy per access (nJ): 0.136733
    Total leakage power of a bank (mW): 135.783
    Cache height x width (mm): 3.47788 x 2.523

    Best Ndwl : 2
    Best Ndbl : 32
    Best Nspd : 0.25
    Best Ndcm : 8
    Best Ndsam L1 : 8
    Best Ndsam L2 : 1

    Best Ntwl : 1
    Best Ntbl : 2
    Best Ntspd : 2
    Best Ntcm : 4
    Best Ntsam L1 : 1
    Best Ntsam L2 : 1
    Data array, H-tree wire type: Delay optimized global wires
    Tag array, wire type: Low swing wires

Time Components:

  Data side (with Output driver) (ns): 1.22417
	H-tree input delay (ns): 0.20879
	Decoder + wordline delay (ns): 0.361865
	Bitline delay (ns): 0.208114
	Sense Amplifier delay (ns): 0.00335856
	H-tree output delay (ns): 0.403929

  Tag side (with Output driver) (ns): 0.41973
	H-tree input delay (ns): 0.00565507
	Decoder + wordline delay (ns): 0.20065
	Bitline delay (ns): 0.135264
	Sense Amplifier delay (ns): 0.00335856
	Comparator delay (ns): 0.04206
	H-tree output delay (ns): 0.0691473


Power Components:

  Data array: Total dynamic read energy/access  (nJ): 0.125918
	Total leakage read/write power of a bank (mW): 119.228
	Total energy in H-tree (that includes both address and data transfer) (nJ): 0.102067
	Output Htree Energy (nJ): 0.0545003
	Decoder (nJ): 0.000203325
	Wordline (nJ): 0.000321995
	Bitline mux & associated drivers (nJ): 0.00069983
	Sense amp mux & associated drivers (nJ): 0
	Bitlines (nJ): 0.00890813
	Sense amplifier energy (nJ): 0.000958603
	Sub-array output driver (nJ): 0.00344405

  Tag array:  Total dynamic read energy/access (nJ): 0.010815
	Total leakage read/write power of a bank (mW): 16.5544
	Total energy in H-tree (that includes both address and data transfer) (nJ): 0.00117924
	Output Htree Energy (nJ): 0
	Decoder (nJ): 0.000193474
	Wordline (nJ): 0.000212748
	Bitline mux & associated drivers (nJ): 0.0002013
	Sense amp mux & associated drivers (nJ): 0
	Bitlines (nJ): 0.00607979
	Sense amplifier energy (nJ): 0.000299564
	Sub-array output driver (nJ): 0.000690485


Area Components:

  Data array: Area (mm2): 7.6411
	Height (mm): 3.47788
	Width (mm): 2.19706
	Area efficiency (Memory cell area/Total area) - 64.9145 %
		MAT Height (mm): 0.212733
		MAT Length (mm): 0.986568
		Subarray Height (mm): 0.084096
		Subarray Length (mm): 0.4824

  Tag array: Area (mm2): 0.123568
	Height (mm): 0.379103
	Width (mm): 0.325948
	Area efficiency (Memory cell area/Total area) - 78.4009 %
		MAT Height (mm): 0.365423
		MAT Length (mm): 0.162974
		Subarray Height (mm): 0.168192
		Subarray Length (mm): 0.15075

Wire Properties:

  Delay Optimal
	Repeater size - 158.777 
	Repeater spacing - 0.443639 (mm) 
	Delay - 0.037959 (ns/mm) 
	PowerD - 0.000405587 (nJ/mm) 
	PowerL - 0.0180822 (mW/mm)
	Wire width - 0.18 microns
	Wire spacing - 0.18 microns

  5% Overhead
	Repeater size - 99.7772 
	Repeater spacing - 0.643639 (mm) 
	Delay - 0.039838 (ns/mm) 
	PowerD - 0.000283616 (nJ/mm) 
	PowerL - 0.00783216 (mW/mm)
	Wire width - 0.18 microns
	Wire spacing - 0.18 microns

  10% Overhead
	Repeater size - 79.7772 
	Repeater spacing - 0.643639 (mm) 
	Delay - 0.0416891 (ns/mm) 
	PowerD - 0.000262606 (nJ/mm) 
	PowerL - 0.00626223 (mW/mm)
	Wire width - 0.18 microns
	Wire spacing - 0.18 microns

  20% Overhead
	Repeater size - 71.7772 
	Repeater spacing - 0.843639 (mm) 
	Delay - 0.0455505 (ns/mm) 
	PowerD - 0.000241581 (nJ/mm) 
	PowerL - 0.00429855 (mW/mm)
	Wire width - 0.18 microns
	Wire spacing - 0.18 microns

  30% Overhead
	Repeater size - 61.7772 
	Repeater spacing - 0.943639 (mm) 
	Delay - 0.0493282 (ns/mm) 
	PowerD - 0.000229625 (nJ/mm) 
	PowerL - 0.00330761 (mW/mm)
	Wire width - 0.18 microns
	Wire spacing - 0.18 microns

  Low-swing wire (1 mm) - Note: Unlike repeated wires, 
	delay and power values of low-swing wires do not
	have a linear relationship with length. 
	delay - 0.440251 (ns) 
	powerD - 3.99344e-05 (nJ) 
	PowerL - 4.02212e-06 (mW)
	Wire width - 3.6e-07 microns
	Wire spacing - 3.6e-07 microns


********************************************************

>>>>>>>>>>>>>>>>> SRAM CELL VDD = 0.4 V

********* VOLTAGE-SCALED SRAM CELL PARAMETERS **********
	R_nch_on  =      1396.73 ohm-um   (nominal 737.809 ohm-um)
	R_pch_on  =      3366.11 ohm-um   (nominal 1778.12 ohm-um)
	Vdd  =          0.4 V   (nominal 1 V)
	I_on_n	  =  0.000432439 A/um   (nominal 0.0020466 A/um)
	I_off_n	  =  5.52668e-08 A/um   (nominal 4.39e-07 A/um)
********************************************************

******************** CACHE DATA ************************

---------- CACTI version 6.5, Uniform Cache Access SRAM Model ----------

Cache Parameters:
    Total cache size (bytes): 2097152
    Number of banks: 2
    Associativity: 8
    Block size (bytes): 128
    Read/write Ports: 1
    Read ports: 0
    Write ports: 0
    Technology size (nm): 45

    Access time (ns): 1.22964
    Cycle time (ns):  1.20965
    Total dynamic read energy per access (nJ): 0.135703
    Total leakage power of a bank (mW): 122.787
    Cache height x width (mm): 3.47788 x 2.523

    Best Ndwl : 2
    Best Ndbl : 32
    Best Nspd : 0.25
    Best Ndcm : 8
    Best Ndsam L1 : 8
    Best Ndsam L2 : 1

    Best Ntwl : 1
    Best Ntbl : 2
    Best Ntspd : 2
    Best Ntcm : 4
    Best Ntsam L1 : 1
    Best Ntsam L2 : 1
    Data array, H-tree wire type: Delay optimized global wires
    Tag array, wire type: Low swing wires

Time Components:

  Data side (with Output driver) (ns): 1.22964
	H-tree input delay (ns): 0.20879
	Decoder + wordline delay (ns): 0.361865
	Bitline delay (ns): 0.213576
	Sense Amplifier delay (ns): 0.00335856
	H-tree output delay (ns): 0.403929

  Tag side (with Output driver) (ns): 0.41973
	H-tree input delay (ns): 0.00565507
	Decoder + wordline delay (ns): 0.20065
	Bitline delay (ns): 0.135264
	Sense Amplifier delay (ns): 0.00335856
	Comparator delay (ns): 0.04206
	H-tree output delay (ns): 0.0691473


Power Components:

  Data array: Total dynamic read energy/access  (nJ): 0.124888
	Total leakage read/write power of a bank (mW): 106.233
	Total energy in H-tree (that includes both address and data transfer) (nJ): 0.102067
	Output Htree Energy (nJ): 0.0545003
	Decoder (nJ): 0.000203325
	Wordline (nJ): 0.000282006
	Bitline mux & associated drivers (nJ): 0.00069983
	Sense amp mux & associated drivers (nJ): 0
	Bitlines (nJ): 0.00791834
	Sense amplifier energy (nJ): 0.000958603
	Sub-array output driver (nJ): 0.00344405

  Tag array:  Total dynamic read energy/access (nJ): 0.010815
	Total leakage read/write power of a bank (mW): 16.5544
	Total energy in H-tree (that includes both address and data transfer) (nJ): 0.00117924
	Output Htree Energy (nJ): 0
	Decoder (nJ): 0.000193474
	Wordline (nJ): 0.000212748
	Bitline mux & associated drivers (nJ): 0.0002013
	Sense amp mux & associated drivers (nJ): 0
	Bitlines (nJ): 0.00607979
	Sense amplifier energy (nJ): 0.000299564
	Sub-array output driver (nJ): 0.000690485


Area Components:

  Data array: Area (mm2): 7.6411
	Height (mm): 3.47788
	Width (mm): 2.19706
	Area efficiency (Memory cell area/Total area) - 64.9145 %
		MAT Height (mm): 0.212733
		MAT Length (mm): 0.986568
		Subarray Height (mm): 0.084096
		Subarray Length (mm): 0.4824

  Tag array: Area (mm2): 0.123568
	Height (mm): 0.379103
	Width (mm): 0.325948
	Area efficiency (Memory cell area/Total area) - 78.4009 %
		MAT Height (mm): 0.365423
		MAT Length (mm): 0.162974
		Subarray Height (mm): 0.168192
		Subarray Length (mm): 0.15075

Wire Properties:

  Delay Optimal
	Repeater size - 158.777 
	Repeater spacing - 0.443639 (mm) 
	Delay - 0.037959 (ns/mm) 
	PowerD - 0.000405587 (nJ/mm) 
	PowerL - 0.0180822 (mW/mm)
	Wire width - 0.18 microns
	Wire spacing - 0.18 microns

  5% Overhead
	Repeater size - 99.7772 
	Repeater spacing - 0.643639 (mm) 
	Delay - 0.039838 (ns/mm) 
	PowerD - 0.000283616 (nJ/mm) 
	PowerL - 0.00783216 (mW/mm)
	Wire width - 0.18 microns
	Wire spacing - 0.18 microns

  10% Overhead
	Repeater size - 79.7772 
	Repeater spacing - 0.643639 (mm) 
	Delay - 0.0416891 (ns/mm) 
	PowerD - 0.000262606 (nJ/mm) 
	PowerL - 0.00626223 (mW/mm)
	Wire width - 0.18 microns
	Wire spacing - 0.18 microns

  20% Overhead
	Repeater size - 71.7772 
	Repeater spacing - 0.843639 (mm) 
	Delay - 0.0455505 (ns/mm) 
	PowerD - 0.000241581 (nJ/mm) 
	PowerL - 0.00429855 (mW/mm)
	Wire width - 0.18 microns
	Wire spacing - 0.18 microns

  30% Overhead
	Repeater size - 61.7772 
	Repeater spacing - 0.943639 (mm) 
	Delay - 0.0493282 (ns/mm) 
	PowerD - 0.000229625 (nJ/mm) 
	PowerL - 0.00330761 (mW/mm)
	Wire width - 0.18 microns
	Wire spacing - 0.18 microns

  Low-swing wire (1 mm) - Note: Unlike repeated wires, 
	delay and power values of low-swing wires do not
	have a linear relationship with length. 
	delay - 0.440251 (ns) 
	powerD - 3.99344e-05 (nJ) 
	PowerL - 4.02212e-06 (mW)
	Wire width - 3.6e-07 microns
	Wire spacing - 3.6e-07 microns


********************************************************

>>>>>>>>>>>>>>>>> SRAM CELL VDD = 0.35 V

********* VOLTAGE-SCALED SRAM CELL PARAMETERS **********
	R_nch_on  =      1728.26 ohm-um   (nominal 737.809 ohm-um)
	R_pch_on  =      4165.11 ohm-um   (nominal 1778.12 ohm-um)
	Vdd  =         0.35 V   (nominal 1 V)
	I_on_n	  =  0.000305799 A/um   (nominal 0.0020466 A/um)
	I_off_n	  =  4.65012e-08 A/um   (nominal 4.39e-07 A/um)
********************************************************

******************** CACHE DATA ************************

---------- CACTI version 6.5, Uniform Cache Access SRAM Model ----------

Cache Parameters:
    Total cache size (bytes): 2097152
    Number of banks: 2
    Associativity: 8
    Block size (bytes): 128
    Read/write Ports: 1
    Read ports: 0
    Write ports: 0
    Technology size (nm): 45

    Access time (ns): 1.24163
    Cycle time (ns):  1.22164
    Total dynamic read energy per access (nJ): 0.134678
    Total leakage power of a bank (mW): 112.618
    Cache height x width (mm): 3.47788 x 2.523

    Best Ndwl : 2
    Best Ndbl : 32
    Best Nspd : 0.25
    Best Ndcm : 8
    Best Ndsam L1 : 8
    Best Ndsam L2 : 1

    Best Ntwl : 1
    Best Ntbl : 2
    Best Ntspd : 2
    Best Ntcm : 4
    Best Ntsam L1 : 1
    Best Ntsam L2 : 1
    Data array, H-tree wire type: Delay optimized global wires
    Tag array, wire type: Low swing wires

Time Components:

  Data side (with Output driver) (ns): 1.24163
	H-tree input delay (ns): 0.20879
	Decoder + wordline delay (ns): 0.361865
	Bitline delay (ns): 0.225569
	Sense Amplifier delay (ns): 0.00335856
	H-tree output delay (ns): 0.403929

  Tag side (with Output driver) (ns): 0.41973
	H-tree input delay (ns): 0.00565507
	Decoder + wordline delay (ns): 0.20065
	Bitline delay (ns): 0.135264
	Sense Amplifier delay (ns): 0.00335856
	Comparator delay (ns): 0.04206
	H-tree output delay (ns): 0.0691473


Power Components:

  Data array: Total dynamic read energy/access  (nJ): 0.123863
	Total leakage read/write power of a bank (mW): 96.0632
	Total energy in H-tree (that includes both address and data transfer) (nJ): 0.102067
	Output Htree Energy (nJ): 0.0545003
	Decoder (nJ): 0.000203325
	Wordline (nJ): 0.000246721
	Bitline mux & associated drivers (nJ): 0.00069983
	Sense amp mux & associated drivers (nJ): 0
	Bitlines (nJ): 0.00692855
	Sense amplifier energy (nJ): 0.000958603
	Sub-array output driver (nJ): 0.00344405

  Tag array:  Total dynamic read energy/access (nJ): 0.010815
	Total leakage read/write power of a bank (mW): 16.5544
	Total energy in H-tree (that includes both address and data transfer) (nJ): 0.00117924
	Output Htree Energy (nJ): 0
	Decoder (nJ): 0.000193474
	Wordline (nJ): 0.000212748
	Bitline mux & associated drivers (nJ): 0.0002013
	Sense amp mux & associated drivers (nJ): 0
	Bitlines (nJ): 0.00607979
	Sense amplifier energy (nJ): 0.000299564
	Sub-array output driver (nJ): 0.000690485


Area Components:

  Data array: Area (mm2): 7.6411
	Height (mm): 3.47788
	Width (mm): 2.19706
	Area efficiency (Memory cell area/Total area) - 64.9145 %
		MAT Height (mm): 0.212733
		MAT Length (mm): 0.986568
		Subarray Height (mm): 0.084096
		Subarray Length (mm): 0.4824

  Tag array: Area (mm2): 0.123568
	Height (mm): 0.379103
	Width (mm): 0.325948
	Area efficiency (Memory cell area/Total area) - 78.4009 %
		MAT Height (mm): 0.365423
		MAT Length (mm): 0.162974
		Subarray Height (mm): 0.168192
		Subarray Length (mm): 0.15075

Wire Properties:

  Delay Optimal
	Repeater size - 158.777 
	Repeater spacing - 0.443639 (mm) 
	Delay - 0.037959 (ns/mm) 
	PowerD - 0.000405587 (nJ/mm) 
	PowerL - 0.0180822 (mW/mm)
	Wire width - 0.18 microns
	Wire spacing - 0.18 microns

  5% Overhead
	Repeater size - 99.7772 
	Repeater spacing - 0.643639 (mm) 
	Delay - 0.039838 (ns/mm) 
	PowerD - 0.000283616 (nJ/mm) 
	PowerL - 0.00783216 (mW/mm)
	Wire width - 0.18 microns
	Wire spacing - 0.18 microns

  10% Overhead
	Repeater size - 79.7772 
	Repeater spacing - 0.643639 (mm) 
	Delay - 0.0416891 (ns/mm) 
	PowerD - 0.000262606 (nJ/mm) 
	PowerL - 0.00626223 (mW/mm)
	Wire width - 0.18 microns
	Wire spacing - 0.18 microns

  20% Overhead
	Repeater size - 71.7772 
	Repeater spacing - 0.843639 (mm) 
	Delay - 0.0455505 (ns/mm) 
	PowerD - 0.000241581 (nJ/mm) 
	PowerL - 0.00429855 (mW/mm)
	Wire width - 0.18 microns
	Wire spacing - 0.18 microns

  30% Overhead
	Repeater size - 61.7772 
	Repeater spacing - 0.943639 (mm) 
	Delay - 0.0493282 (ns/mm) 
	PowerD - 0.000229625 (nJ/mm) 
	PowerL - 0.00330761 (mW/mm)
	Wire width - 0.18 microns
	Wire spacing - 0.18 microns

  Low-swing wire (1 mm) - Note: Unlike repeated wires, 
	delay and power values of low-swing wires do not
	have a linear relationship with length. 
	delay - 0.440251 (ns) 
	powerD - 3.99344e-05 (nJ) 
	PowerL - 4.02212e-06 (mW)
	Wire width - 3.6e-07 microns
	Wire spacing - 3.6e-07 microns


********************************************************

>>>>>>>>>>>>>>>>> SRAM CELL VDD = 0.3 V

********* VOLTAGE-SCALED SRAM CELL PARAMETERS **********
	R_nch_on  =      2511.62 ohm-um   (nominal 737.809 ohm-um)
	R_pch_on  =      6053.01 ohm-um   (nominal 1778.12 ohm-um)
	Vdd  =          0.3 V   (nominal 1 V)
	I_on_n	  =  0.000180362 A/um   (nominal 0.0020466 A/um)
	I_off_n	  =  3.91259e-08 A/um   (nominal 4.39e-07 A/um)
********************************************************

******************** CACHE DATA ************************

---------- CACTI version 6.5, Uniform Cache Access SRAM Model ----------

Cache Parameters:
    Total cache size (bytes): 2097152
    Number of banks: 2
    Associativity: 8
    Block size (bytes): 128
    Read/write Ports: 1
    Read ports: 0
    Write ports: 0
    Technology size (nm): 45

    Access time (ns): 1.28299
    Cycle time (ns):  1.263
    Total dynamic read energy per access (nJ): 0.133657
    Total leakage power of a bank (mW): 104.704
    Cache height x width (mm): 3.47788 x 2.523

    Best Ndwl : 2
    Best Ndbl : 32
    Best Nspd : 0.25
    Best Ndcm : 8
    Best Ndsam L1 : 8
    Best Ndsam L2 : 1

    Best Ntwl : 1
    Best Ntbl : 2
    Best Ntspd : 2
    Best Ntcm : 4
    Best Ntsam L1 : 1
    Best Ntsam L2 : 1
    Data array, H-tree wire type: Delay optimized global wires
    Tag array, wire type: Low swing wires

Time Components:

  Data side (with Output driver) (ns): 1.28299
	H-tree input delay (ns): 0.20879
	Decoder + wordline delay (ns): 0.361865
	Bitline delay (ns): 0.26693
	Sense Amplifier delay (ns): 0.00335856
	H-tree output delay (ns): 0.403929

  Tag side (with Output driver) (ns): 0.41973
	H-tree input delay (ns): 0.00565507
	Decoder + wordline delay (ns): 0.20065
	Bitline delay (ns): 0.135264
	Sense Amplifier delay (ns): 0.00335856
	Comparator delay (ns): 0.04206
	H-tree output delay (ns): 0.0691473


Power Components:

  Data array: Total dynamic read energy/access  (nJ): 0.122842
	Total leakage read/write power of a bank (mW): 88.1496
	Total energy in H-tree (that includes both address and data transfer) (nJ): 0.102067
	Output Htree Energy (nJ): 0.0545003
	Decoder (nJ): 0.000203325
	Wordline (nJ): 0.000216141
	Bitline mux & associated drivers (nJ): 0.00069983
	Sense amp mux & associated drivers (nJ): 0
	Bitlines (nJ): 0.00593875
	Sense amplifier energy (nJ): 0.000958603
	Sub-array output driver (nJ): 0.00344405

  Tag array:  Total dynamic read energy/access (nJ): 0.010815
	Total leakage read/write power of a bank (mW): 16.5544
	Total energy in H-tree (that includes both address and data transfer) (nJ): 0.00117924
	Output Htree Energy (nJ): 0
	Decoder (nJ): 0.000193474
	Wordline (nJ): 0.000212748
	Bitline mux & associated drivers (nJ): 0.0002013
	Sense amp mux & associated drivers (nJ): 0
	Bitlines (nJ): 0.00607979
	Sense amplifier energy (nJ): 0.000299564
	Sub-array output driver (nJ): 0.000690485


Area Components:

  Data array: Area (mm2): 7.6411
	Height (mm): 3.47788
	Width (mm): 2.19706
	Area efficiency (Memory cell area/Total area) - 64.9145 %
		MAT Height (mm): 0.212733
		MAT Length (mm): 0.986568
		Subarray Height (mm): 0.084096
		Subarray Length (mm): 0.4824

  Tag array: Area (mm2): 0.123568
	Height (mm): 0.379103
	Width (mm): 0.325948
	Area efficiency (Memory cell area/Total area) - 78.4009 %
		MAT Height (mm): 0.365423
		MAT Length (mm): 0.162974
		Subarray Height (mm): 0.168192
		Subarray Length (mm): 0.15075

Wire Properties:

  Delay Optimal
	Repeater size - 158.777 
	Repeater spacing - 0.443639 (mm) 
	Delay - 0.037959 (ns/mm) 
	PowerD - 0.000405587 (nJ/mm) 
	PowerL - 0.0180822 (mW/mm)
	Wire width - 0.18 microns
	Wire spacing - 0.18 microns

  5% Overhead
	Repeater size - 99.7772 
	Repeater spacing - 0.643639 (mm) 
	Delay - 0.039838 (ns/mm) 
	PowerD - 0.000283616 (nJ/mm) 
	PowerL - 0.00783216 (mW/mm)
	Wire width - 0.18 microns
	Wire spacing - 0.18 microns

  10% Overhead
	Repeater size - 79.7772 
	Repeater spacing - 0.643639 (mm) 
	Delay - 0.0416891 (ns/mm) 
	PowerD - 0.000262606 (nJ/mm) 
	PowerL - 0.00626223 (mW/mm)
	Wire width - 0.18 microns
	Wire spacing - 0.18 microns

  20% Overhead
	Repeater size - 71.7772 
	Repeater spacing - 0.843639 (mm) 
	Delay - 0.0455505 (ns/mm) 
	PowerD - 0.000241581 (nJ/mm) 
	PowerL - 0.00429855 (mW/mm)
	Wire width - 0.18 microns
	Wire spacing - 0.18 microns

  30% Overhead
	Repeater size - 61.7772 
	Repeater spacing - 0.943639 (mm) 
	Delay - 0.0493282 (ns/mm) 
	PowerD - 0.000229625 (nJ/mm) 
	PowerL - 0.00330761 (mW/mm)
	Wire width - 0.18 microns
	Wire spacing - 0.18 microns

  Low-swing wire (1 mm) - Note: Unlike repeated wires, 
	delay and power values of low-swing wires do not
	have a linear relationship with length. 
	delay - 0.440251 (ns) 
	powerD - 3.99344e-05 (nJ) 
	PowerL - 4.02212e-06 (mW)
	Wire width - 3.6e-07 microns
	Wire spacing - 3.6e-07 microns


********************************************************

>>>>>>>>>>>>>>>>> SRAM CELL VDD = 0.25 V

********* VOLTAGE-SCALED SRAM CELL PARAMETERS **********
	R_nch_on  =       6725.7 ohm-um   (nominal 737.809 ohm-um)
	R_pch_on  =      16208.9 ohm-um   (nominal 1778.12 ohm-um)
	Vdd  =         0.25 V   (nominal 1 V)
	I_on_n	  =  5.61279e-05 A/um   (nominal 0.0020466 A/um)
	I_off_n	  =  3.29204e-08 A/um   (nominal 4.39e-07 A/um)
********************************************************

******************** CACHE DATA ************************

---------- CACTI version 6.5, Uniform Cache Access SRAM Model ----------

Cache Parameters:
    Total cache size (bytes): 2097152
    Number of banks: 2
    Associativity: 8
    Block size (bytes): 128
    Read/write Ports: 1
    Read ports: 0
    Write ports: 0
    Technology size (nm): 45

    Access time (ns): 1.57284
    Cycle time (ns):  1.55285
    Total dynamic read energy per access (nJ): 0.132642
    Total leakage power of a bank (mW): 98.5866
    Cache height x width (mm): 3.47788 x 2.523

    Best Ndwl : 2
    Best Ndbl : 32
    Best Nspd : 0.25
    Best Ndcm : 8
    Best Ndsam L1 : 8
    Best Ndsam L2 : 1

    Best Ntwl : 1
    Best Ntbl : 2
    Best Ntspd : 2
    Best Ntcm : 4
    Best Ntsam L1 : 1
    Best Ntsam L2 : 1
    Data array, H-tree wire type: Delay optimized global wires
    Tag array, wire type: Low swing wires

Time Components:

  Data side (with Output driver) (ns): 1.57284
	H-tree input delay (ns): 0.20879
	Decoder + wordline delay (ns): 0.361865
	Bitline delay (ns): 0.556781
	Sense Amplifier delay (ns): 0.00335856
	H-tree output delay (ns): 0.403929

  Tag side (with Output driver) (ns): 0.41973
	H-tree input delay (ns): 0.00565507
	Decoder + wordline delay (ns): 0.20065
	Bitline delay (ns): 0.135264
	Sense Amplifier delay (ns): 0.00335856
	Comparator delay (ns): 0.04206
	H-tree output delay (ns): 0.0691473


Power Components:

  Data array: Total dynamic read energy/access  (nJ): 0.121827
	Total leakage read/write power of a bank (mW): 82.0322
	Total energy in H-tree (that includes both address and data transfer) (nJ): 0.102067
	Output Htree Energy (nJ): 0.0545003
	Decoder (nJ): 0.000203325
	Wordline (nJ): 0.000190266
	Bitline mux & associated drivers (nJ): 0.00069983
	Sense amp mux & associated drivers (nJ): 0
	Bitlines (nJ): 0.00494896
	Sense amplifier energy (nJ): 0.000958603
	Sub-array output driver (nJ): 0.00344405

  Tag array:  Total dynamic read energy/access (nJ): 0.010815
	Total leakage read/write power of a bank (mW): 16.5544
	Total energy in H-tree (that includes both address and data transfer) (nJ): 0.00117924
	Output Htree Energy (nJ): 0
	Decoder (nJ): 0.000193474
	Wordline (nJ): 0.000212748
	Bitline mux & associated drivers (nJ): 0.0002013
	Sense amp mux & associated drivers (nJ): 0
	Bitlines (nJ): 0.00607979
	Sense amplifier energy (nJ): 0.000299564
	Sub-array output driver (nJ): 0.000690485


Area Components:

  Data array: Area (mm2): 7.6411
	Height (mm): 3.47788
	Width (mm): 2.19706
	Area efficiency (Memory cell area/Total area) - 64.9145 %
		MAT Height (mm): 0.212733
		MAT Length (mm): 0.986568
		Subarray Height (mm): 0.084096
		Subarray Length (mm): 0.4824

  Tag array: Area (mm2): 0.123568
	Height (mm): 0.379103
	Width (mm): 0.325948
	Area efficiency (Memory cell area/Total area) - 78.4009 %
		MAT Height (mm): 0.365423
		MAT Length (mm): 0.162974
		Subarray Height (mm): 0.168192
		Subarray Length (mm): 0.15075

Wire Properties:

  Delay Optimal
	Repeater size - 158.777 
	Repeater spacing - 0.443639 (mm) 
	Delay - 0.037959 (ns/mm) 
	PowerD - 0.000405587 (nJ/mm) 
	PowerL - 0.0180822 (mW/mm)
	Wire width - 0.18 microns
	Wire spacing - 0.18 microns

  5% Overhead
	Repeater size - 99.7772 
	Repeater spacing - 0.643639 (mm) 
	Delay - 0.039838 (ns/mm) 
	PowerD - 0.000283616 (nJ/mm) 
	PowerL - 0.00783216 (mW/mm)
	Wire width - 0.18 microns
	Wire spacing - 0.18 microns

  10% Overhead
	Repeater size - 79.7772 
	Repeater spacing - 0.643639 (mm) 
	Delay - 0.0416891 (ns/mm) 
	PowerD - 0.000262606 (nJ/mm) 
	PowerL - 0.00626223 (mW/mm)
	Wire width - 0.18 microns
	Wire spacing - 0.18 microns

  20% Overhead
	Repeater size - 71.7772 
	Repeater spacing - 0.843639 (mm) 
	Delay - 0.0455505 (ns/mm) 
	PowerD - 0.000241581 (nJ/mm) 
	PowerL - 0.00429855 (mW/mm)
	Wire width - 0.18 microns
	Wire spacing - 0.18 microns

  30% Overhead
	Repeater size - 61.7772 
	Repeater spacing - 0.943639 (mm) 
	Delay - 0.0493282 (ns/mm) 
	PowerD - 0.000229625 (nJ/mm) 
	PowerL - 0.00330761 (mW/mm)
	Wire width - 0.18 microns
	Wire spacing - 0.18 microns

  Low-swing wire (1 mm) - Note: Unlike repeated wires, 
	delay and power values of low-swing wires do not
	have a linear relationship with length. 
	delay - 0.440251 (ns) 
	powerD - 3.99344e-05 (nJ) 
	PowerL - 4.02212e-06 (mW)
	Wire width - 3.6e-07 microns
	Wire spacing - 3.6e-07 microns


********************************************************
