****************** INPUT ARGUMENTS ***************
Cache size                    : 65536
Block size                    : 64
Associativity                 : 4
Read only ports               : 0
Write only ports              : 0
Read write ports              : 1
Single ended read ports       : 0
Cache banks (UCA)             : 1
Technology                    : 0.045
Temperature                   : 330
Tag size                      : 26
cache type                    : Cache
Model as memory               : 0
Access mode                   : 2
Data array cell type          : 0
Data array peripheral type    : 0
Tag array cell type           : 0
Tag array peripheral type     : 0
Design objective (UCA wt)     : 0 0 0 0 100
Design objective (UCA dev)    : 60 100000 100000 100000 1000000
Design objective (NUCA wt)    : 100 100 0 0 100
Design objective (NUCA dev)   : 10 10000 10000 10000 10000
Cache model                   : 0
Nuca bank                     : 0
Wire inside mat               : 2
Wire outside mat              : 2
Interconnect projection       : 1
Wire signalling               : 0
Cores                         : 2
Print level                   : 1
ECC overhead                  : 0
Page size                     : 8192
Burst length                  : 8
Internal prefetch width       : 8
Force cache config            : 0
**************************************************

**************** TECHNOLOGY PARAMETERS *****************
ram_wl_stitching_overhead_ =       0.3375 um
min_w_nmos_                =       0.0675 um
max_w_nmos_                =          4.5 um
unit_len_wire_del          =  5.10603e-17 s/um^2
FO4                        =  9.06329e-12 s
kinv                       =  1.68043e-12 s
vpp                        =            0 V
w_sense_en                 =        0.225 um
w_sense_n                  =      0.16875 um
w_sense_p                  =       0.3375 um
w_iso                      =       0.5625 um
w_poly_contact             =        0.045 um
spacing_poly_to_poly       =       0.0675 um
spacing_poly_to_contact    =        0.045 um

w_comp_inv_p1              =       0.5625 um
w_comp_inv_p2              =        1.125 um
w_comp_inv_p3              =         2.25 um
w_comp_inv_n1              =       0.3375 um
w_comp_inv_n2              =        0.675 um
w_comp_inv_n3              =         1.35 um
w_eval_inv_p               =          4.5 um
w_eval_inv_n               =         2.25 um
w_comp_n                   =       0.5625 um
w_comp_p                   =       1.6875 um

dram_cell_I_on             =            0 A/um
dram_cell_Vdd              =            0 V
dram_cell_I_off_worst_case_len_temp =            0 A/um
dram_cell_C                =            0 F
gm_sense_amp_latch         =     0.001408 F/s

w_nmos_b_mux               =        0.405 um
w_nmos_sa_mux              =        0.405 um
w_pmos_bl_precharge        =      0.97605 um
w_pmos_bl_eq               =     0.162675 um
MIN_GAP_BET_P_AND_N_DIFFS  =        0.225 um
HPOWERRAIL                 =         0.09 um
cell_h_def                 =         2.25 um

SRAM cell transistor: 
  C_g_ideal =     6.78e-16 F/um
  C_fringe  =        5e-17 F/um
  C_overlap =    1.356e-16 F/um
  C_junc    =        1e-15 F/um^2
  l_phy     =        0.018 um
  l_elec    =      0.01345 um
  R_nch_on  =      737.809 ohm-um   (nominal 737.809 ohm-um)
  R_pch_on  =      1778.12 ohm-um   (nominal 1778.12 ohm-um)
  Vdd  =            1 V   (nominal 1 V)
  Vth       =      0.18035 V
  Vdsat       =       0.0938 V
  I_on_n	  =    0.0020466 A/um   (nominal 0.0020466 A/um)
  I_on_p	  =            0 A/um   (nominal 0 A/um)
  I_off_n	  =     4.39e-07 A/um   (nominal 4.39e-07 A/um)
  I_off_p	  =     4.39e-07 A/um   (nominal 4.39e-07 A/um)
  C_ox      =            0 F/um^2
  t_ox      =      0.00065 um
  n_to_p_eff_curr_drv_ratio = 2.41

DRAM access transistor: 
  C_g_ideal = -3.38431e-239 F/um
  C_fringe  = 6.90337e-310 F/um
  C_overlap = -6.76862e-240 F/um
  C_junc    = -3.38431e-239 F/um^2
  l_phy     =            0 um
  l_elec    = 3.24044e-317 um
  R_nch_on  =            0 ohm-um   (nominal 0 ohm-um)
  R_pch_on  =            0 ohm-um   (nominal 0 ohm-um)
  Vdd  =            0 V   (nominal 0 V)
  Vth       =            0 V
  Vdsat       =       0.0938 V
  I_on_n	  = 6.90337e-310 A/um   (nominal 6.90337e-310 A/um)
  I_on_p	  =            0 A/um   (nominal 0 A/um)
  I_off_n	  =            0 A/um   (nominal 0 A/um)
  I_off_p	  =            0 A/um   (nominal 0 A/um)
  C_ox      =            0 F/um^2
  t_ox      =            0 um
  n_to_p_eff_curr_drv_ratio = 0

DRAM wordline transistor: 
  C_g_ideal = -3.38431e-239 F/um
  C_fringe  = 6.90337e-310 F/um
  C_overlap = -6.76862e-240 F/um
  C_junc    = -3.38431e-239 F/um^2
  l_phy     =            0 um
  l_elec    = 3.24044e-317 um
  R_nch_on  = 6.90337e-310 ohm-um   (nominal 6.90337e-310 ohm-um)
  R_pch_on  = 6.90337e-310 ohm-um   (nominal 6.90337e-310 ohm-um)
  Vdd  =            0 V   (nominal 0 V)
  Vth       =            0 V
  Vdsat       =            0 V
  I_on_n	  = 6.90337e-310 A/um   (nominal 6.90337e-310 A/um)
  I_on_p	  =            0 A/um   (nominal 0 A/um)
  I_off_n	  = 6.90337e-310 A/um   (nominal 6.90337e-310 A/um)
  I_off_p	  = 6.90337e-310 A/um   (nominal 6.90337e-310 A/um)
  C_ox      =            0 F/um^2
  t_ox      =            0 um
  n_to_p_eff_curr_drv_ratio = 2.51973e-322

peripheral global transistor: 
  C_g_ideal =     6.78e-16 F/um
  C_fringe  =        5e-17 F/um
  C_overlap =    1.356e-16 F/um
  C_junc    =        1e-15 F/um^2
  l_phy     =        0.018 um
  l_elec    =      0.01345 um
  R_nch_on  =      737.809 ohm-um   (nominal 737.809 ohm-um)
  R_pch_on  =      1778.12 ohm-um   (nominal 1778.12 ohm-um)
  Vdd  =            1 V   (nominal 1 V)
  Vth       =      0.18035 V
  Vdsat       =       0.0938 V
  I_on_n	  =    0.0020466 A/um   (nominal 0.0020466 A/um)
  I_on_p	  =            0 A/um   (nominal 0 A/um)
  I_off_n	  =     4.39e-07 A/um   (nominal 4.39e-07 A/um)
  I_off_p	  =            0 A/um   (nominal 0 A/um)
  C_ox      =     3.77e-14 F/um^2
  t_ox      =      0.00065 um
  n_to_p_eff_curr_drv_ratio = 2.41

wire local
  pitch    =       0.1125 um
  R_per_um =      4.20238 ohm/um
  C_per_um =  2.58017e-16 F/um

wire inside mat
  pitch    =         0.36 um
  R_per_um =      0.36296 ohm/um
  C_per_um =  2.81355e-16 F/um

wire outside mat
  pitch    =         0.36 um
  R_per_um =      0.36296 ohm/um
  C_per_um =  2.81355e-16 F/um

SRAM
  b_w         =         0.45 um
  b_h         =        0.657 um
  cell_a_w    =      0.05895 um
  cell_pmos_w =      0.05535 um
  cell_nmos_w =       0.0936 um
  Vbitpre     =            1 V

DRAM
  b_w         =         -nan um
  b_h         =         -nan um
  cell_a_w    =            0 um
  cell_pmos_w =            0 um
  cell_nmos_w =            0 um
  Vbitpre     =            0 V
********************************************************

>>>>>>>>>>>>>>>>> SRAM CELL VDD = 1 V

********* VOLTAGE-SCALED SRAM CELL PARAMETERS **********
	R_nch_on  =      737.809 ohm-um   (nominal 737.809 ohm-um)
	R_pch_on  =      1778.12 ohm-um   (nominal 1778.12 ohm-um)
	Vdd  =            1 V   (nominal 1 V)
	I_on_n	  =    0.0020466 A/um   (nominal 0.0020466 A/um)
	I_off_n	  =     4.39e-07 A/um   (nominal 4.39e-07 A/um)
********************************************************

******************** CACHE DATA ************************

---------- CACTI version 6.5, Uniform Cache Access SRAM Model ----------

Cache Parameters:
    Total cache size (bytes): 65536
    Number of banks: 1
    Associativity: 4
    Block size (bytes): 64
    Read/write Ports: 1
    Read ports: 0
    Write ports: 0
    Technology size (nm): 45

    Access time (ns): 0.511401
    Cycle time (ns):  0.527943
    Total dynamic read energy per access (nJ): 0.0361611
    Total leakage power of a bank (mW): 55.3694
    Cache height x width (mm): 0.436029 x 0.629303

    Best Ndwl : 2
    Best Ndbl : 4
    Best Nspd : 0.5
    Best Ndcm : 16
    Best Ndsam L1 : 1
    Best Ndsam L2 : 1

    Best Ntwl : 2
    Best Ntbl : 2
    Best Ntspd : 1
    Best Ntcm : 2
    Best Ntsam L1 : 1
    Best Ntsam L2 : 1
    Data array, H-tree wire type: Delay optimized global wires
    Tag array, wire type: Low swing wires

Time Components:

  Data side (with Output driver) (ns): 0.511401
	H-tree input delay (ns): 0.0287916
	Decoder + wordline delay (ns): 0.229393
	Bitline delay (ns): 0.109301
	Sense Amplifier delay (ns): 0.00335856
	H-tree output delay (ns): 0.140556

  Tag side (with Output driver) (ns): 0.314723
	H-tree input delay (ns): 0
	Decoder + wordline delay (ns): 0.165605
	Bitline delay (ns): 0.0795311
	Sense Amplifier delay (ns): 0.00335856
	Comparator delay (ns): 0.0478786
	H-tree output delay (ns): 0.0662292


Power Components:

  Data array: Total dynamic read energy/access  (nJ): 0.0333223
	Total leakage read/write power of a bank (mW): 52.3986
	Total energy in H-tree (that includes both address and data transfer) (nJ): 0.0108691
	Output Htree Energy (nJ): 0.00982799
	Decoder (nJ): 0.000203325
	Wordline (nJ): 0.000601918
	Bitline mux & associated drivers (nJ): 1.09834e-05
	Sense amp mux & associated drivers (nJ): 0
	Bitlines (nJ): 0.00984948
	Sense amplifier energy (nJ): 0.000239651
	Sub-array output driver (nJ): 0.00672066

  Tag array:  Total dynamic read energy/access (nJ): 0.00283873
	Total leakage read/write power of a bank (mW): 2.97089
	Total energy in H-tree (that includes both address and data transfer) (nJ): 0
	Output Htree Energy (nJ): 0
	Decoder (nJ): 0.000203325
	Wordline (nJ): 6.68302e-05
	Bitline mux & associated drivers (nJ): 0.000135836
	Sense amp mux & associated drivers (nJ): 0
	Bitlines (nJ): 0.00111437
	Sense amplifier energy (nJ): 0.000209694
	Sub-array output driver (nJ): 0.000210021


Area Components:

  Data array: Area (mm2): 0.247322
	Height (mm): 0.436029
	Width (mm): 0.567214
	Area efficiency (Memory cell area/Total area) - 62.6738 %
		MAT Height (mm): 0.215854
		MAT Length (mm): 0.503854
		Subarray Height (mm): 0.084096
		Subarray Length (mm): 0.2412

  Tag array: Area (mm2): 0.0118906
	Height (mm): 0.191506
	Width (mm): 0.0620897
	Area efficiency (Memory cell area/Total area) - 71.2907 %
		MAT Height (mm): 0.191506
		MAT Length (mm): 0.0620897
		Subarray Height (mm): 0.084096
		Subarray Length (mm): 0.0262125

Wire Properties:

  Delay Optimal
	Repeater size - 158.777 
	Repeater spacing - 0.443639 (mm) 
	Delay - 0.037959 (ns/mm) 
	PowerD - 0.000405587 (nJ/mm) 
	PowerL - 0.0180822 (mW/mm)
	Wire width - 0.18 microns
	Wire spacing - 0.18 microns

  5% Overhead
	Repeater size - 99.7772 
	Repeater spacing - 0.643639 (mm) 
	Delay - 0.039838 (ns/mm) 
	PowerD - 0.000283616 (nJ/mm) 
	PowerL - 0.00783216 (mW/mm)
	Wire width - 0.18 microns
	Wire spacing - 0.18 microns

  10% Overhead
	Repeater size - 79.7772 
	Repeater spacing - 0.643639 (mm) 
	Delay - 0.0416891 (ns/mm) 
	PowerD - 0.000262606 (nJ/mm) 
	PowerL - 0.00626223 (mW/mm)
	Wire width - 0.18 microns
	Wire spacing - 0.18 microns

  20% Overhead
	Repeater size - 71.7772 
	Repeater spacing - 0.843639 (mm) 
	Delay - 0.0455505 (ns/mm) 
	PowerD - 0.000241581 (nJ/mm) 
	PowerL - 0.00429855 (mW/mm)
	Wire width - 0.18 microns
	Wire spacing - 0.18 microns

  30% Overhead
	Repeater size - 61.7772 
	Repeater spacing - 0.943639 (mm) 
	Delay - 0.0493282 (ns/mm) 
	PowerD - 0.000229625 (nJ/mm) 
	PowerL - 0.00330761 (mW/mm)
	Wire width - 0.18 microns
	Wire spacing - 0.18 microns

  Low-swing wire (1 mm) - Note: Unlike repeated wires, 
	delay and power values of low-swing wires do not
	have a linear relationship with length. 
	delay - 0.440251 (ns) 
	powerD - 3.99344e-05 (nJ) 
	PowerL - 4.02212e-06 (mW)
	Wire width - 3.6e-07 microns
	Wire spacing - 3.6e-07 microns


********************************************************

>>>>>>>>>>>>>>>>> SRAM CELL VDD = 0.95 V

********* VOLTAGE-SCALED SRAM CELL PARAMETERS **********
	R_nch_on  =      753.051 ohm-um   (nominal 737.809 ohm-um)
	R_pch_on  =      1814.85 ohm-um   (nominal 1778.12 ohm-um)
	Vdd  =         0.95 V   (nominal 1 V)
	I_on_n	  =   0.00190492 A/um   (nominal 0.0020466 A/um)
	I_off_n	  =  3.69372e-07 A/um   (nominal 4.39e-07 A/um)
********************************************************

******************** CACHE DATA ************************

---------- CACTI version 6.5, Uniform Cache Access SRAM Model ----------

Cache Parameters:
    Total cache size (bytes): 65536
    Number of banks: 1
    Associativity: 4
    Block size (bytes): 64
    Read/write Ports: 1
    Read ports: 0
    Write ports: 0
    Technology size (nm): 45

    Access time (ns): 0.511922
    Cycle time (ns):  0.528464
    Total dynamic read energy per access (nJ): 0.0356227
    Total leakage power of a bank (mW): 45.767
    Cache height x width (mm): 0.436029 x 0.629303

    Best Ndwl : 2
    Best Ndbl : 4
    Best Nspd : 0.5
    Best Ndcm : 16
    Best Ndsam L1 : 1
    Best Ndsam L2 : 1

    Best Ntwl : 2
    Best Ntbl : 2
    Best Ntspd : 1
    Best Ntcm : 2
    Best Ntsam L1 : 1
    Best Ntsam L2 : 1
    Data array, H-tree wire type: Delay optimized global wires
    Tag array, wire type: Low swing wires

Time Components:

  Data side (with Output driver) (ns): 0.511922
	H-tree input delay (ns): 0.0287916
	Decoder + wordline delay (ns): 0.229393
	Bitline delay (ns): 0.109822
	Sense Amplifier delay (ns): 0.00335856
	H-tree output delay (ns): 0.140556

  Tag side (with Output driver) (ns): 0.314723
	H-tree input delay (ns): 0
	Decoder + wordline delay (ns): 0.165605
	Bitline delay (ns): 0.0795311
	Sense Amplifier delay (ns): 0.00335856
	Comparator delay (ns): 0.0478786
	H-tree output delay (ns): 0.0662292


Power Components:

  Data array: Total dynamic read energy/access  (nJ): 0.032784
	Total leakage read/write power of a bank (mW): 42.7961
	Total energy in H-tree (that includes both address and data transfer) (nJ): 0.0108691
	Output Htree Energy (nJ): 0.00982799
	Decoder (nJ): 0.000203325
	Wordline (nJ): 0.000556048
	Bitline mux & associated drivers (nJ): 1.09834e-05
	Sense amp mux & associated drivers (nJ): 0
	Bitlines (nJ): 0.00935701
	Sense amplifier energy (nJ): 0.000239651
	Sub-array output driver (nJ): 0.00672066

  Tag array:  Total dynamic read energy/access (nJ): 0.00283873
	Total leakage read/write power of a bank (mW): 2.97089
	Total energy in H-tree (that includes both address and data transfer) (nJ): 0
	Output Htree Energy (nJ): 0
	Decoder (nJ): 0.000203325
	Wordline (nJ): 6.68302e-05
	Bitline mux & associated drivers (nJ): 0.000135836
	Sense amp mux & associated drivers (nJ): 0
	Bitlines (nJ): 0.00111437
	Sense amplifier energy (nJ): 0.000209694
	Sub-array output driver (nJ): 0.000210021


Area Components:

  Data array: Area (mm2): 0.247322
	Height (mm): 0.436029
	Width (mm): 0.567214
	Area efficiency (Memory cell area/Total area) - 62.6738 %
		MAT Height (mm): 0.215854
		MAT Length (mm): 0.503854
		Subarray Height (mm): 0.084096
		Subarray Length (mm): 0.2412

  Tag array: Area (mm2): 0.0118906
	Height (mm): 0.191506
	Width (mm): 0.0620897
	Area efficiency (Memory cell area/Total area) - 71.2907 %
		MAT Height (mm): 0.191506
		MAT Length (mm): 0.0620897
		Subarray Height (mm): 0.084096
		Subarray Length (mm): 0.0262125

Wire Properties:

  Delay Optimal
	Repeater size - 158.777 
	Repeater spacing - 0.443639 (mm) 
	Delay - 0.037959 (ns/mm) 
	PowerD - 0.000405587 (nJ/mm) 
	PowerL - 0.0180822 (mW/mm)
	Wire width - 0.18 microns
	Wire spacing - 0.18 microns

  5% Overhead
	Repeater size - 99.7772 
	Repeater spacing - 0.643639 (mm) 
	Delay - 0.039838 (ns/mm) 
	PowerD - 0.000283616 (nJ/mm) 
	PowerL - 0.00783216 (mW/mm)
	Wire width - 0.18 microns
	Wire spacing - 0.18 microns

  10% Overhead
	Repeater size - 79.7772 
	Repeater spacing - 0.643639 (mm) 
	Delay - 0.0416891 (ns/mm) 
	PowerD - 0.000262606 (nJ/mm) 
	PowerL - 0.00626223 (mW/mm)
	Wire width - 0.18 microns
	Wire spacing - 0.18 microns

  20% Overhead
	Repeater size - 71.7772 
	Repeater spacing - 0.843639 (mm) 
	Delay - 0.0455505 (ns/mm) 
	PowerD - 0.000241581 (nJ/mm) 
	PowerL - 0.00429855 (mW/mm)
	Wire width - 0.18 microns
	Wire spacing - 0.18 microns

  30% Overhead
	Repeater size - 61.7772 
	Repeater spacing - 0.943639 (mm) 
	Delay - 0.0493282 (ns/mm) 
	PowerD - 0.000229625 (nJ/mm) 
	PowerL - 0.00330761 (mW/mm)
	Wire width - 0.18 microns
	Wire spacing - 0.18 microns

  Low-swing wire (1 mm) - Note: Unlike repeated wires, 
	delay and power values of low-swing wires do not
	have a linear relationship with length. 
	delay - 0.440251 (ns) 
	powerD - 3.99344e-05 (nJ) 
	PowerL - 4.02212e-06 (mW)
	Wire width - 3.6e-07 microns
	Wire spacing - 3.6e-07 microns


********************************************************

>>>>>>>>>>>>>>>>> SRAM CELL VDD = 0.9 V

********* VOLTAGE-SCALED SRAM CELL PARAMETERS **********
	R_nch_on  =      769.955 ohm-um   (nominal 737.809 ohm-um)
	R_pch_on  =      1855.59 ohm-um   (nominal 1778.12 ohm-um)
	Vdd  =          0.9 V   (nominal 1 V)
	I_on_n	  =   0.00176504 A/um   (nominal 0.0020466 A/um)
	I_off_n	  =  3.10788e-07 A/um   (nominal 4.39e-07 A/um)
********************************************************

******************** CACHE DATA ************************

---------- CACTI version 6.5, Uniform Cache Access SRAM Model ----------

Cache Parameters:
    Total cache size (bytes): 65536
    Number of banks: 1
    Associativity: 4
    Block size (bytes): 64
    Read/write Ports: 1
    Read ports: 0
    Write ports: 0
    Technology size (nm): 45

    Access time (ns): 0.512498
    Cycle time (ns):  0.52904
    Total dynamic read energy per access (nJ): 0.0350867
    Total leakage power of a bank (mW): 38.0069
    Cache height x width (mm): 0.436029 x 0.629303

    Best Ndwl : 2
    Best Ndbl : 4
    Best Nspd : 0.5
    Best Ndcm : 16
    Best Ndsam L1 : 1
    Best Ndsam L2 : 1

    Best Ntwl : 2
    Best Ntbl : 2
    Best Ntspd : 1
    Best Ntcm : 2
    Best Ntsam L1 : 1
    Best Ntsam L2 : 1
    Data array, H-tree wire type: Delay optimized global wires
    Tag array, wire type: Low swing wires

Time Components:

  Data side (with Output driver) (ns): 0.512498
	H-tree input delay (ns): 0.0287916
	Decoder + wordline delay (ns): 0.229393
	Bitline delay (ns): 0.110398
	Sense Amplifier delay (ns): 0.00335856
	H-tree output delay (ns): 0.140556

  Tag side (with Output driver) (ns): 0.314723
	H-tree input delay (ns): 0
	Decoder + wordline delay (ns): 0.165605
	Bitline delay (ns): 0.0795311
	Sense Amplifier delay (ns): 0.00335856
	Comparator delay (ns): 0.0478786
	H-tree output delay (ns): 0.0662292


Power Components:

  Data array: Total dynamic read energy/access  (nJ): 0.032248
	Total leakage read/write power of a bank (mW): 35.036
	Total energy in H-tree (that includes both address and data transfer) (nJ): 0.0108691
	Output Htree Energy (nJ): 0.00982799
	Decoder (nJ): 0.000203325
	Wordline (nJ): 0.00051253
	Bitline mux & associated drivers (nJ): 1.09834e-05
	Sense amp mux & associated drivers (nJ): 0
	Bitlines (nJ): 0.00886454
	Sense amplifier energy (nJ): 0.000239651
	Sub-array output driver (nJ): 0.00672066

  Tag array:  Total dynamic read energy/access (nJ): 0.00283873
	Total leakage read/write power of a bank (mW): 2.97089
	Total energy in H-tree (that includes both address and data transfer) (nJ): 0
	Output Htree Energy (nJ): 0
	Decoder (nJ): 0.000203325
	Wordline (nJ): 6.68302e-05
	Bitline mux & associated drivers (nJ): 0.000135836
	Sense amp mux & associated drivers (nJ): 0
	Bitlines (nJ): 0.00111437
	Sense amplifier energy (nJ): 0.000209694
	Sub-array output driver (nJ): 0.000210021


Area Components:

  Data array: Area (mm2): 0.247322
	Height (mm): 0.436029
	Width (mm): 0.567214
	Area efficiency (Memory cell area/Total area) - 62.6738 %
		MAT Height (mm): 0.215854
		MAT Length (mm): 0.503854
		Subarray Height (mm): 0.084096
		Subarray Length (mm): 0.2412

  Tag array: Area (mm2): 0.0118906
	Height (mm): 0.191506
	Width (mm): 0.0620897
	Area efficiency (Memory cell area/Total area) - 71.2907 %
		MAT Height (mm): 0.191506
		MAT Length (mm): 0.0620897
		Subarray Height (mm): 0.084096
		Subarray Length (mm): 0.0262125

Wire Properties:

  Delay Optimal
	Repeater size - 158.777 
	Repeater spacing - 0.443639 (mm) 
	Delay - 0.037959 (ns/mm) 
	PowerD - 0.000405587 (nJ/mm) 
	PowerL - 0.0180822 (mW/mm)
	Wire width - 0.18 microns
	Wire spacing - 0.18 microns

  5% Overhead
	Repeater size - 99.7772 
	Repeater spacing - 0.643639 (mm) 
	Delay - 0.039838 (ns/mm) 
	PowerD - 0.000283616 (nJ/mm) 
	PowerL - 0.00783216 (mW/mm)
	Wire width - 0.18 microns
	Wire spacing - 0.18 microns

  10% Overhead
	Repeater size - 79.7772 
	Repeater spacing - 0.643639 (mm) 
	Delay - 0.0416891 (ns/mm) 
	PowerD - 0.000262606 (nJ/mm) 
	PowerL - 0.00626223 (mW/mm)
	Wire width - 0.18 microns
	Wire spacing - 0.18 microns

  20% Overhead
	Repeater size - 71.7772 
	Repeater spacing - 0.843639 (mm) 
	Delay - 0.0455505 (ns/mm) 
	PowerD - 0.000241581 (nJ/mm) 
	PowerL - 0.00429855 (mW/mm)
	Wire width - 0.18 microns
	Wire spacing - 0.18 microns

  30% Overhead
	Repeater size - 61.7772 
	Repeater spacing - 0.943639 (mm) 
	Delay - 0.0493282 (ns/mm) 
	PowerD - 0.000229625 (nJ/mm) 
	PowerL - 0.00330761 (mW/mm)
	Wire width - 0.18 microns
	Wire spacing - 0.18 microns

  Low-swing wire (1 mm) - Note: Unlike repeated wires, 
	delay and power values of low-swing wires do not
	have a linear relationship with length. 
	delay - 0.440251 (ns) 
	powerD - 3.99344e-05 (nJ) 
	PowerL - 4.02212e-06 (mW)
	Wire width - 3.6e-07 microns
	Wire spacing - 3.6e-07 microns


********************************************************

>>>>>>>>>>>>>>>>> SRAM CELL VDD = 0.85 V

********* VOLTAGE-SCALED SRAM CELL PARAMETERS **********
	R_nch_on  =      789.184 ohm-um   (nominal 737.809 ohm-um)
	R_pch_on  =      1901.93 ohm-um   (nominal 1778.12 ohm-um)
	Vdd  =         0.85 V   (nominal 1 V)
	I_on_n	  =   0.00162636 A/um   (nominal 0.0020466 A/um)
	I_off_n	  =  2.61496e-07 A/um   (nominal 4.39e-07 A/um)
********************************************************

******************** CACHE DATA ************************

---------- CACTI version 6.5, Uniform Cache Access SRAM Model ----------

Cache Parameters:
    Total cache size (bytes): 65536
    Number of banks: 1
    Associativity: 4
    Block size (bytes): 64
    Read/write Ports: 1
    Read ports: 0
    Write ports: 0
    Technology size (nm): 45

    Access time (ns): 0.513167
    Cycle time (ns):  0.529709
    Total dynamic read energy per access (nJ): 0.0345531
    Total leakage power of a bank (mW): 31.7461
    Cache height x width (mm): 0.436029 x 0.629303

    Best Ndwl : 2
    Best Ndbl : 4
    Best Nspd : 0.5
    Best Ndcm : 16
    Best Ndsam L1 : 1
    Best Ndsam L2 : 1

    Best Ntwl : 2
    Best Ntbl : 2
    Best Ntspd : 1
    Best Ntcm : 2
    Best Ntsam L1 : 1
    Best Ntsam L2 : 1
    Data array, H-tree wire type: Delay optimized global wires
    Tag array, wire type: Low swing wires

Time Components:

  Data side (with Output driver) (ns): 0.513167
	H-tree input delay (ns): 0.0287916
	Decoder + wordline delay (ns): 0.229393
	Bitline delay (ns): 0.111068
	Sense Amplifier delay (ns): 0.00335856
	H-tree output delay (ns): 0.140556

  Tag side (with Output driver) (ns): 0.314723
	H-tree input delay (ns): 0
	Decoder + wordline delay (ns): 0.165605
	Bitline delay (ns): 0.0795311
	Sense Amplifier delay (ns): 0.00335856
	Comparator delay (ns): 0.0478786
	H-tree output delay (ns): 0.0662292


Power Components:

  Data array: Total dynamic read energy/access  (nJ): 0.0317144
	Total leakage read/write power of a bank (mW): 28.7752
	Total energy in H-tree (that includes both address and data transfer) (nJ): 0.0108691
	Output Htree Energy (nJ): 0.00982799
	Decoder (nJ): 0.000203325
	Wordline (nJ): 0.000471365
	Bitline mux & associated drivers (nJ): 1.09834e-05
	Sense amp mux & associated drivers (nJ): 0
	Bitlines (nJ): 0.00837206
	Sense amplifier energy (nJ): 0.000239651
	Sub-array output driver (nJ): 0.00672066

  Tag array:  Total dynamic read energy/access (nJ): 0.00283873
	Total leakage read/write power of a bank (mW): 2.97089
	Total energy in H-tree (that includes both address and data transfer) (nJ): 0
	Output Htree Energy (nJ): 0
	Decoder (nJ): 0.000203325
	Wordline (nJ): 6.68302e-05
	Bitline mux & associated drivers (nJ): 0.000135836
	Sense amp mux & associated drivers (nJ): 0
	Bitlines (nJ): 0.00111437
	Sense amplifier energy (nJ): 0.000209694
	Sub-array output driver (nJ): 0.000210021


Area Components:

  Data array: Area (mm2): 0.247322
	Height (mm): 0.436029
	Width (mm): 0.567214
	Area efficiency (Memory cell area/Total area) - 62.6738 %
		MAT Height (mm): 0.215854
		MAT Length (mm): 0.503854
		Subarray Height (mm): 0.084096
		Subarray Length (mm): 0.2412

  Tag array: Area (mm2): 0.0118906
	Height (mm): 0.191506
	Width (mm): 0.0620897
	Area efficiency (Memory cell area/Total area) - 71.2907 %
		MAT Height (mm): 0.191506
		MAT Length (mm): 0.0620897
		Subarray Height (mm): 0.084096
		Subarray Length (mm): 0.0262125

Wire Properties:

  Delay Optimal
	Repeater size - 158.777 
	Repeater spacing - 0.443639 (mm) 
	Delay - 0.037959 (ns/mm) 
	PowerD - 0.000405587 (nJ/mm) 
	PowerL - 0.0180822 (mW/mm)
	Wire width - 0.18 microns
	Wire spacing - 0.18 microns

  5% Overhead
	Repeater size - 99.7772 
	Repeater spacing - 0.643639 (mm) 
	Delay - 0.039838 (ns/mm) 
	PowerD - 0.000283616 (nJ/mm) 
	PowerL - 0.00783216 (mW/mm)
	Wire width - 0.18 microns
	Wire spacing - 0.18 microns

  10% Overhead
	Repeater size - 79.7772 
	Repeater spacing - 0.643639 (mm) 
	Delay - 0.0416891 (ns/mm) 
	PowerD - 0.000262606 (nJ/mm) 
	PowerL - 0.00626223 (mW/mm)
	Wire width - 0.18 microns
	Wire spacing - 0.18 microns

  20% Overhead
	Repeater size - 71.7772 
	Repeater spacing - 0.843639 (mm) 
	Delay - 0.0455505 (ns/mm) 
	PowerD - 0.000241581 (nJ/mm) 
	PowerL - 0.00429855 (mW/mm)
	Wire width - 0.18 microns
	Wire spacing - 0.18 microns

  30% Overhead
	Repeater size - 61.7772 
	Repeater spacing - 0.943639 (mm) 
	Delay - 0.0493282 (ns/mm) 
	PowerD - 0.000229625 (nJ/mm) 
	PowerL - 0.00330761 (mW/mm)
	Wire width - 0.18 microns
	Wire spacing - 0.18 microns

  Low-swing wire (1 mm) - Note: Unlike repeated wires, 
	delay and power values of low-swing wires do not
	have a linear relationship with length. 
	delay - 0.440251 (ns) 
	powerD - 3.99344e-05 (nJ) 
	PowerL - 4.02212e-06 (mW)
	Wire width - 3.6e-07 microns
	Wire spacing - 3.6e-07 microns


********************************************************

>>>>>>>>>>>>>>>>> SRAM CELL VDD = 0.8 V

********* VOLTAGE-SCALED SRAM CELL PARAMETERS **********
	R_nch_on  =      811.342 ohm-um   (nominal 737.809 ohm-um)
	R_pch_on  =      1955.34 ohm-um   (nominal 1778.12 ohm-um)
	Vdd  =          0.8 V   (nominal 1 V)
	I_on_n	  =   0.00148889 A/um   (nominal 0.0020466 A/um)
	I_off_n	  =  2.20021e-07 A/um   (nominal 4.39e-07 A/um)
********************************************************

******************** CACHE DATA ************************

---------- CACTI version 6.5, Uniform Cache Access SRAM Model ----------

Cache Parameters:
    Total cache size (bytes): 65536
    Number of banks: 1
    Associativity: 4
    Block size (bytes): 64
    Read/write Ports: 1
    Read ports: 0
    Write ports: 0
    Technology size (nm): 45

    Access time (ns): 0.513959
    Cycle time (ns):  0.530501
    Total dynamic read energy per access (nJ): 0.0340218
    Total leakage power of a bank (mW): 26.7044
    Cache height x width (mm): 0.436029 x 0.629303

    Best Ndwl : 2
    Best Ndbl : 4
    Best Nspd : 0.5
    Best Ndcm : 16
    Best Ndsam L1 : 1
    Best Ndsam L2 : 1

    Best Ntwl : 2
    Best Ntbl : 2
    Best Ntspd : 1
    Best Ntcm : 2
    Best Ntsam L1 : 1
    Best Ntsam L2 : 1
    Data array, H-tree wire type: Delay optimized global wires
    Tag array, wire type: Low swing wires

Time Components:

  Data side (with Output driver) (ns): 0.513959
	H-tree input delay (ns): 0.0287916
	Decoder + wordline delay (ns): 0.229393
	Bitline delay (ns): 0.11186
	Sense Amplifier delay (ns): 0.00335856
	H-tree output delay (ns): 0.140556

  Tag side (with Output driver) (ns): 0.314723
	H-tree input delay (ns): 0
	Decoder + wordline delay (ns): 0.165605
	Bitline delay (ns): 0.0795311
	Sense Amplifier delay (ns): 0.00335856
	Comparator delay (ns): 0.0478786
	H-tree output delay (ns): 0.0662292


Power Components:

  Data array: Total dynamic read energy/access  (nJ): 0.0311831
	Total leakage read/write power of a bank (mW): 23.7335
	Total energy in H-tree (that includes both address and data transfer) (nJ): 0.0108691
	Output Htree Energy (nJ): 0.00982799
	Decoder (nJ): 0.000203325
	Wordline (nJ): 0.000432552
	Bitline mux & associated drivers (nJ): 1.09834e-05
	Sense amp mux & associated drivers (nJ): 0
	Bitlines (nJ): 0.00787959
	Sense amplifier energy (nJ): 0.000239651
	Sub-array output driver (nJ): 0.00672066

  Tag array:  Total dynamic read energy/access (nJ): 0.00283873
	Total leakage read/write power of a bank (mW): 2.97089
	Total energy in H-tree (that includes both address and data transfer) (nJ): 0
	Output Htree Energy (nJ): 0
	Decoder (nJ): 0.000203325
	Wordline (nJ): 6.68302e-05
	Bitline mux & associated drivers (nJ): 0.000135836
	Sense amp mux & associated drivers (nJ): 0
	Bitlines (nJ): 0.00111437
	Sense amplifier energy (nJ): 0.000209694
	Sub-array output driver (nJ): 0.000210021


Area Components:

  Data array: Area (mm2): 0.247322
	Height (mm): 0.436029
	Width (mm): 0.567214
	Area efficiency (Memory cell area/Total area) - 62.6738 %
		MAT Height (mm): 0.215854
		MAT Length (mm): 0.503854
		Subarray Height (mm): 0.084096
		Subarray Length (mm): 0.2412

  Tag array: Area (mm2): 0.0118906
	Height (mm): 0.191506
	Width (mm): 0.0620897
	Area efficiency (Memory cell area/Total area) - 71.2907 %
		MAT Height (mm): 0.191506
		MAT Length (mm): 0.0620897
		Subarray Height (mm): 0.084096
		Subarray Length (mm): 0.0262125

Wire Properties:

  Delay Optimal
	Repeater size - 158.777 
	Repeater spacing - 0.443639 (mm) 
	Delay - 0.037959 (ns/mm) 
	PowerD - 0.000405587 (nJ/mm) 
	PowerL - 0.0180822 (mW/mm)
	Wire width - 0.18 microns
	Wire spacing - 0.18 microns

  5% Overhead
	Repeater size - 99.7772 
	Repeater spacing - 0.643639 (mm) 
	Delay - 0.039838 (ns/mm) 
	PowerD - 0.000283616 (nJ/mm) 
	PowerL - 0.00783216 (mW/mm)
	Wire width - 0.18 microns
	Wire spacing - 0.18 microns

  10% Overhead
	Repeater size - 79.7772 
	Repeater spacing - 0.643639 (mm) 
	Delay - 0.0416891 (ns/mm) 
	PowerD - 0.000262606 (nJ/mm) 
	PowerL - 0.00626223 (mW/mm)
	Wire width - 0.18 microns
	Wire spacing - 0.18 microns

  20% Overhead
	Repeater size - 71.7772 
	Repeater spacing - 0.843639 (mm) 
	Delay - 0.0455505 (ns/mm) 
	PowerD - 0.000241581 (nJ/mm) 
	PowerL - 0.00429855 (mW/mm)
	Wire width - 0.18 microns
	Wire spacing - 0.18 microns

  30% Overhead
	Repeater size - 61.7772 
	Repeater spacing - 0.943639 (mm) 
	Delay - 0.0493282 (ns/mm) 
	PowerD - 0.000229625 (nJ/mm) 
	PowerL - 0.00330761 (mW/mm)
	Wire width - 0.18 microns
	Wire spacing - 0.18 microns

  Low-swing wire (1 mm) - Note: Unlike repeated wires, 
	delay and power values of low-swing wires do not
	have a linear relationship with length. 
	delay - 0.440251 (ns) 
	powerD - 3.99344e-05 (nJ) 
	PowerL - 4.02212e-06 (mW)
	Wire width - 3.6e-07 microns
	Wire spacing - 3.6e-07 microns


********************************************************

>>>>>>>>>>>>>>>>> SRAM CELL VDD = 0.75 V

********* VOLTAGE-SCALED SRAM CELL PARAMETERS **********
	R_nch_on  =      837.263 ohm-um   (nominal 737.809 ohm-um)
	R_pch_on  =       2017.8 ohm-um   (nominal 1778.12 ohm-um)
	Vdd  =         0.75 V   (nominal 1 V)
	I_on_n	  =   0.00135262 A/um   (nominal 0.0020466 A/um)
	I_off_n	  =  1.85125e-07 A/um   (nominal 4.39e-07 A/um)
********************************************************

******************** CACHE DATA ************************

---------- CACTI version 6.5, Uniform Cache Access SRAM Model ----------

Cache Parameters:
    Total cache size (bytes): 65536
    Number of banks: 1
    Associativity: 4
    Block size (bytes): 64
    Read/write Ports: 1
    Read ports: 0
    Write ports: 0
    Technology size (nm): 45

    Access time (ns): 0.514917
    Cycle time (ns):  0.531459
    Total dynamic read energy per access (nJ): 0.0334929
    Total leakage power of a bank (mW): 22.6526
    Cache height x width (mm): 0.436029 x 0.629303

    Best Ndwl : 2
    Best Ndbl : 4
    Best Nspd : 0.5
    Best Ndcm : 16
    Best Ndsam L1 : 1
    Best Ndsam L2 : 1

    Best Ntwl : 2
    Best Ntbl : 2
    Best Ntspd : 1
    Best Ntcm : 2
    Best Ntsam L1 : 1
    Best Ntsam L2 : 1
    Data array, H-tree wire type: Delay optimized global wires
    Tag array, wire type: Low swing wires

Time Components:

  Data side (with Output driver) (ns): 0.514917
	H-tree input delay (ns): 0.0287916
	Decoder + wordline delay (ns): 0.229393
	Bitline delay (ns): 0.112817
	Sense Amplifier delay (ns): 0.00335856
	H-tree output delay (ns): 0.140556

  Tag side (with Output driver) (ns): 0.314723
	H-tree input delay (ns): 0
	Decoder + wordline delay (ns): 0.165605
	Bitline delay (ns): 0.0795311
	Sense Amplifier delay (ns): 0.00335856
	Comparator delay (ns): 0.0478786
	H-tree output delay (ns): 0.0662292


Power Components:

  Data array: Total dynamic read energy/access  (nJ): 0.0306541
	Total leakage read/write power of a bank (mW): 19.6817
	Total energy in H-tree (that includes both address and data transfer) (nJ): 0.0108691
	Output Htree Energy (nJ): 0.00982799
	Decoder (nJ): 0.000203325
	Wordline (nJ): 0.000396092
	Bitline mux & associated drivers (nJ): 1.09834e-05
	Sense amp mux & associated drivers (nJ): 0
	Bitlines (nJ): 0.00738711
	Sense amplifier energy (nJ): 0.000239651
	Sub-array output driver (nJ): 0.00672066

  Tag array:  Total dynamic read energy/access (nJ): 0.00283873
	Total leakage read/write power of a bank (mW): 2.97089
	Total energy in H-tree (that includes both address and data transfer) (nJ): 0
	Output Htree Energy (nJ): 0
	Decoder (nJ): 0.000203325
	Wordline (nJ): 6.68302e-05
	Bitline mux & associated drivers (nJ): 0.000135836
	Sense amp mux & associated drivers (nJ): 0
	Bitlines (nJ): 0.00111437
	Sense amplifier energy (nJ): 0.000209694
	Sub-array output driver (nJ): 0.000210021


Area Components:

  Data array: Area (mm2): 0.247322
	Height (mm): 0.436029
	Width (mm): 0.567214
	Area efficiency (Memory cell area/Total area) - 62.6738 %
		MAT Height (mm): 0.215854
		MAT Length (mm): 0.503854
		Subarray Height (mm): 0.084096
		Subarray Length (mm): 0.2412

  Tag array: Area (mm2): 0.0118906
	Height (mm): 0.191506
	Width (mm): 0.0620897
	Area efficiency (Memory cell area/Total area) - 71.2907 %
		MAT Height (mm): 0.191506
		MAT Length (mm): 0.0620897
		Subarray Height (mm): 0.084096
		Subarray Length (mm): 0.0262125

Wire Properties:

  Delay Optimal
	Repeater size - 158.777 
	Repeater spacing - 0.443639 (mm) 
	Delay - 0.037959 (ns/mm) 
	PowerD - 0.000405587 (nJ/mm) 
	PowerL - 0.0180822 (mW/mm)
	Wire width - 0.18 microns
	Wire spacing - 0.18 microns

  5% Overhead
	Repeater size - 99.7772 
	Repeater spacing - 0.643639 (mm) 
	Delay - 0.039838 (ns/mm) 
	PowerD - 0.000283616 (nJ/mm) 
	PowerL - 0.00783216 (mW/mm)
	Wire width - 0.18 microns
	Wire spacing - 0.18 microns

  10% Overhead
	Repeater size - 79.7772 
	Repeater spacing - 0.643639 (mm) 
	Delay - 0.0416891 (ns/mm) 
	PowerD - 0.000262606 (nJ/mm) 
	PowerL - 0.00626223 (mW/mm)
	Wire width - 0.18 microns
	Wire spacing - 0.18 microns

  20% Overhead
	Repeater size - 71.7772 
	Repeater spacing - 0.843639 (mm) 
	Delay - 0.0455505 (ns/mm) 
	PowerD - 0.000241581 (nJ/mm) 
	PowerL - 0.00429855 (mW/mm)
	Wire width - 0.18 microns
	Wire spacing - 0.18 microns

  30% Overhead
	Repeater size - 61.7772 
	Repeater spacing - 0.943639 (mm) 
	Delay - 0.0493282 (ns/mm) 
	PowerD - 0.000229625 (nJ/mm) 
	PowerL - 0.00330761 (mW/mm)
	Wire width - 0.18 microns
	Wire spacing - 0.18 microns

  Low-swing wire (1 mm) - Note: Unlike repeated wires, 
	delay and power values of low-swing wires do not
	have a linear relationship with length. 
	delay - 0.440251 (ns) 
	powerD - 3.99344e-05 (nJ) 
	PowerL - 4.02212e-06 (mW)
	Wire width - 3.6e-07 microns
	Wire spacing - 3.6e-07 microns


********************************************************

>>>>>>>>>>>>>>>>> SRAM CELL VDD = 0.7 V

********* VOLTAGE-SCALED SRAM CELL PARAMETERS **********
	R_nch_on  =      868.132 ohm-um   (nominal 737.809 ohm-um)
	R_pch_on  =       2092.2 ohm-um   (nominal 1778.12 ohm-um)
	Vdd  =          0.7 V   (nominal 1 V)
	I_on_n	  =   0.00121756 A/um   (nominal 0.0020466 A/um)
	I_off_n	  =  1.55763e-07 A/um   (nominal 4.39e-07 A/um)
********************************************************

******************** CACHE DATA ************************

---------- CACTI version 6.5, Uniform Cache Access SRAM Model ----------

Cache Parameters:
    Total cache size (bytes): 65536
    Number of banks: 1
    Associativity: 4
    Block size (bytes): 64
    Read/write Ports: 1
    Read ports: 0
    Write ports: 0
    Technology size (nm): 45

    Access time (ns): 0.516104
    Cycle time (ns):  0.532646
    Total dynamic read energy per access (nJ): 0.0329663
    Total leakage power of a bank (mW): 19.4033
    Cache height x width (mm): 0.436029 x 0.629303

    Best Ndwl : 2
    Best Ndbl : 4
    Best Nspd : 0.5
    Best Ndcm : 16
    Best Ndsam L1 : 1
    Best Ndsam L2 : 1

    Best Ntwl : 2
    Best Ntbl : 2
    Best Ntspd : 1
    Best Ntcm : 2
    Best Ntsam L1 : 1
    Best Ntsam L2 : 1
    Data array, H-tree wire type: Delay optimized global wires
    Tag array, wire type: Low swing wires

Time Components:

  Data side (with Output driver) (ns): 0.516104
	H-tree input delay (ns): 0.0287916
	Decoder + wordline delay (ns): 0.229393
	Bitline delay (ns): 0.114005
	Sense Amplifier delay (ns): 0.00335856
	H-tree output delay (ns): 0.140556

  Tag side (with Output driver) (ns): 0.314723
	H-tree input delay (ns): 0
	Decoder + wordline delay (ns): 0.165605
	Bitline delay (ns): 0.0795311
	Sense Amplifier delay (ns): 0.00335856
	Comparator delay (ns): 0.0478786
	H-tree output delay (ns): 0.0662292


Power Components:

  Data array: Total dynamic read energy/access  (nJ): 0.0301276
	Total leakage read/write power of a bank (mW): 16.4324
	Total energy in H-tree (that includes both address and data transfer) (nJ): 0.0108691
	Output Htree Energy (nJ): 0.00982799
	Decoder (nJ): 0.000203325
	Wordline (nJ): 0.000361984
	Bitline mux & associated drivers (nJ): 1.09834e-05
	Sense amp mux & associated drivers (nJ): 0
	Bitlines (nJ): 0.00689464
	Sense amplifier energy (nJ): 0.000239651
	Sub-array output driver (nJ): 0.00672066

  Tag array:  Total dynamic read energy/access (nJ): 0.00283873
	Total leakage read/write power of a bank (mW): 2.97089
	Total energy in H-tree (that includes both address and data transfer) (nJ): 0
	Output Htree Energy (nJ): 0
	Decoder (nJ): 0.000203325
	Wordline (nJ): 6.68302e-05
	Bitline mux & associated drivers (nJ): 0.000135836
	Sense amp mux & associated drivers (nJ): 0
	Bitlines (nJ): 0.00111437
	Sense amplifier energy (nJ): 0.000209694
	Sub-array output driver (nJ): 0.000210021


Area Components:

  Data array: Area (mm2): 0.247322
	Height (mm): 0.436029
	Width (mm): 0.567214
	Area efficiency (Memory cell area/Total area) - 62.6738 %
		MAT Height (mm): 0.215854
		MAT Length (mm): 0.503854
		Subarray Height (mm): 0.084096
		Subarray Length (mm): 0.2412

  Tag array: Area (mm2): 0.0118906
	Height (mm): 0.191506
	Width (mm): 0.0620897
	Area efficiency (Memory cell area/Total area) - 71.2907 %
		MAT Height (mm): 0.191506
		MAT Length (mm): 0.0620897
		Subarray Height (mm): 0.084096
		Subarray Length (mm): 0.0262125

Wire Properties:

  Delay Optimal
	Repeater size - 158.777 
	Repeater spacing - 0.443639 (mm) 
	Delay - 0.037959 (ns/mm) 
	PowerD - 0.000405587 (nJ/mm) 
	PowerL - 0.0180822 (mW/mm)
	Wire width - 0.18 microns
	Wire spacing - 0.18 microns

  5% Overhead
	Repeater size - 99.7772 
	Repeater spacing - 0.643639 (mm) 
	Delay - 0.039838 (ns/mm) 
	PowerD - 0.000283616 (nJ/mm) 
	PowerL - 0.00783216 (mW/mm)
	Wire width - 0.18 microns
	Wire spacing - 0.18 microns

  10% Overhead
	Repeater size - 79.7772 
	Repeater spacing - 0.643639 (mm) 
	Delay - 0.0416891 (ns/mm) 
	PowerD - 0.000262606 (nJ/mm) 
	PowerL - 0.00626223 (mW/mm)
	Wire width - 0.18 microns
	Wire spacing - 0.18 microns

  20% Overhead
	Repeater size - 71.7772 
	Repeater spacing - 0.843639 (mm) 
	Delay - 0.0455505 (ns/mm) 
	PowerD - 0.000241581 (nJ/mm) 
	PowerL - 0.00429855 (mW/mm)
	Wire width - 0.18 microns
	Wire spacing - 0.18 microns

  30% Overhead
	Repeater size - 61.7772 
	Repeater spacing - 0.943639 (mm) 
	Delay - 0.0493282 (ns/mm) 
	PowerD - 0.000229625 (nJ/mm) 
	PowerL - 0.00330761 (mW/mm)
	Wire width - 0.18 microns
	Wire spacing - 0.18 microns

  Low-swing wire (1 mm) - Note: Unlike repeated wires, 
	delay and power values of low-swing wires do not
	have a linear relationship with length. 
	delay - 0.440251 (ns) 
	powerD - 3.99344e-05 (nJ) 
	PowerL - 4.02212e-06 (mW)
	Wire width - 3.6e-07 microns
	Wire spacing - 3.6e-07 microns


********************************************************

>>>>>>>>>>>>>>>>> SRAM CELL VDD = 0.65 V

********* VOLTAGE-SCALED SRAM CELL PARAMETERS **********
	R_nch_on  =      905.698 ohm-um   (nominal 737.809 ohm-um)
	R_pch_on  =      2182.73 ohm-um   (nominal 1778.12 ohm-um)
	Vdd  =         0.65 V   (nominal 1 V)
	I_on_n	  =    0.0010837 A/um   (nominal 0.0020466 A/um)
	I_off_n	  =  1.31058e-07 A/um   (nominal 4.39e-07 A/um)
********************************************************

******************** CACHE DATA ************************

---------- CACTI version 6.5, Uniform Cache Access SRAM Model ----------

Cache Parameters:
    Total cache size (bytes): 65536
    Number of banks: 1
    Associativity: 4
    Block size (bytes): 64
    Read/write Ports: 1
    Read ports: 0
    Write ports: 0
    Technology size (nm): 45

    Access time (ns): 0.517619
    Cycle time (ns):  0.534161
    Total dynamic read energy per access (nJ): 0.0324421
    Total leakage power of a bank (mW): 16.8041
    Cache height x width (mm): 0.436029 x 0.629303

    Best Ndwl : 2
    Best Ndbl : 4
    Best Nspd : 0.5
    Best Ndcm : 16
    Best Ndsam L1 : 1
    Best Ndsam L2 : 1

    Best Ntwl : 2
    Best Ntbl : 2
    Best Ntspd : 1
    Best Ntcm : 2
    Best Ntsam L1 : 1
    Best Ntsam L2 : 1
    Data array, H-tree wire type: Delay optimized global wires
    Tag array, wire type: Low swing wires

Time Components:

  Data side (with Output driver) (ns): 0.517619
	H-tree input delay (ns): 0.0287916
	Decoder + wordline delay (ns): 0.229393
	Bitline delay (ns): 0.115519
	Sense Amplifier delay (ns): 0.00335856
	H-tree output delay (ns): 0.140556

  Tag side (with Output driver) (ns): 0.314723
	H-tree input delay (ns): 0
	Decoder + wordline delay (ns): 0.165605
	Bitline delay (ns): 0.0795311
	Sense Amplifier delay (ns): 0.00335856
	Comparator delay (ns): 0.0478786
	H-tree output delay (ns): 0.0662292


Power Components:

  Data array: Total dynamic read energy/access  (nJ): 0.0296033
	Total leakage read/write power of a bank (mW): 13.8332
	Total energy in H-tree (that includes both address and data transfer) (nJ): 0.0108691
	Output Htree Energy (nJ): 0.00982799
	Decoder (nJ): 0.000203325
	Wordline (nJ): 0.000330228
	Bitline mux & associated drivers (nJ): 1.09834e-05
	Sense amp mux & associated drivers (nJ): 0
	Bitlines (nJ): 0.00640217
	Sense amplifier energy (nJ): 0.000239651
	Sub-array output driver (nJ): 0.00672066

  Tag array:  Total dynamic read energy/access (nJ): 0.00283873
	Total leakage read/write power of a bank (mW): 2.97089
	Total energy in H-tree (that includes both address and data transfer) (nJ): 0
	Output Htree Energy (nJ): 0
	Decoder (nJ): 0.000203325
	Wordline (nJ): 6.68302e-05
	Bitline mux & associated drivers (nJ): 0.000135836
	Sense amp mux & associated drivers (nJ): 0
	Bitlines (nJ): 0.00111437
	Sense amplifier energy (nJ): 0.000209694
	Sub-array output driver (nJ): 0.000210021


Area Components:

  Data array: Area (mm2): 0.247322
	Height (mm): 0.436029
	Width (mm): 0.567214
	Area efficiency (Memory cell area/Total area) - 62.6738 %
		MAT Height (mm): 0.215854
		MAT Length (mm): 0.503854
		Subarray Height (mm): 0.084096
		Subarray Length (mm): 0.2412

  Tag array: Area (mm2): 0.0118906
	Height (mm): 0.191506
	Width (mm): 0.0620897
	Area efficiency (Memory cell area/Total area) - 71.2907 %
		MAT Height (mm): 0.191506
		MAT Length (mm): 0.0620897
		Subarray Height (mm): 0.084096
		Subarray Length (mm): 0.0262125

Wire Properties:

  Delay Optimal
	Repeater size - 158.777 
	Repeater spacing - 0.443639 (mm) 
	Delay - 0.037959 (ns/mm) 
	PowerD - 0.000405587 (nJ/mm) 
	PowerL - 0.0180822 (mW/mm)
	Wire width - 0.18 microns
	Wire spacing - 0.18 microns

  5% Overhead
	Repeater size - 99.7772 
	Repeater spacing - 0.643639 (mm) 
	Delay - 0.039838 (ns/mm) 
	PowerD - 0.000283616 (nJ/mm) 
	PowerL - 0.00783216 (mW/mm)
	Wire width - 0.18 microns
	Wire spacing - 0.18 microns

  10% Overhead
	Repeater size - 79.7772 
	Repeater spacing - 0.643639 (mm) 
	Delay - 0.0416891 (ns/mm) 
	PowerD - 0.000262606 (nJ/mm) 
	PowerL - 0.00626223 (mW/mm)
	Wire width - 0.18 microns
	Wire spacing - 0.18 microns

  20% Overhead
	Repeater size - 71.7772 
	Repeater spacing - 0.843639 (mm) 
	Delay - 0.0455505 (ns/mm) 
	PowerD - 0.000241581 (nJ/mm) 
	PowerL - 0.00429855 (mW/mm)
	Wire width - 0.18 microns
	Wire spacing - 0.18 microns

  30% Overhead
	Repeater size - 61.7772 
	Repeater spacing - 0.943639 (mm) 
	Delay - 0.0493282 (ns/mm) 
	PowerD - 0.000229625 (nJ/mm) 
	PowerL - 0.00330761 (mW/mm)
	Wire width - 0.18 microns
	Wire spacing - 0.18 microns

  Low-swing wire (1 mm) - Note: Unlike repeated wires, 
	delay and power values of low-swing wires do not
	have a linear relationship with length. 
	delay - 0.440251 (ns) 
	powerD - 3.99344e-05 (nJ) 
	PowerL - 4.02212e-06 (mW)
	Wire width - 3.6e-07 microns
	Wire spacing - 3.6e-07 microns


********************************************************

>>>>>>>>>>>>>>>>> SRAM CELL VDD = 0.6 V

********* VOLTAGE-SCALED SRAM CELL PARAMETERS **********
	R_nch_on  =      952.644 ohm-um   (nominal 737.809 ohm-um)
	R_pch_on  =      2295.87 ohm-um   (nominal 1778.12 ohm-um)
	Vdd  =          0.6 V   (nominal 1 V)
	I_on_n	  =  0.000951037 A/um   (nominal 0.0020466 A/um)
	I_off_n	  =  1.10272e-07 A/um   (nominal 4.39e-07 A/um)
********************************************************

******************** CACHE DATA ************************

---------- CACTI version 6.5, Uniform Cache Access SRAM Model ----------

Cache Parameters:
    Total cache size (bytes): 65536
    Number of banks: 1
    Associativity: 4
    Block size (bytes): 64
    Read/write Ports: 1
    Read ports: 0
    Write ports: 0
    Technology size (nm): 45

    Access time (ns): 0.519619
    Cycle time (ns):  0.53616
    Total dynamic read energy per access (nJ): 0.0319202
    Total leakage power of a bank (mW): 14.7304
    Cache height x width (mm): 0.436029 x 0.629303

    Best Ndwl : 2
    Best Ndbl : 4
    Best Nspd : 0.5
    Best Ndcm : 16
    Best Ndsam L1 : 1
    Best Ndsam L2 : 1

    Best Ntwl : 2
    Best Ntbl : 2
    Best Ntspd : 1
    Best Ntcm : 2
    Best Ntsam L1 : 1
    Best Ntsam L2 : 1
    Data array, H-tree wire type: Delay optimized global wires
    Tag array, wire type: Low swing wires

Time Components:

  Data side (with Output driver) (ns): 0.519619
	H-tree input delay (ns): 0.0287916
	Decoder + wordline delay (ns): 0.229393
	Bitline delay (ns): 0.117519
	Sense Amplifier delay (ns): 0.00335856
	H-tree output delay (ns): 0.140556

  Tag side (with Output driver) (ns): 0.314723
	H-tree input delay (ns): 0
	Decoder + wordline delay (ns): 0.165605
	Bitline delay (ns): 0.0795311
	Sense Amplifier delay (ns): 0.00335856
	Comparator delay (ns): 0.0478786
	H-tree output delay (ns): 0.0662292


Power Components:

  Data array: Total dynamic read energy/access  (nJ): 0.0290815
	Total leakage read/write power of a bank (mW): 11.7595
	Total energy in H-tree (that includes both address and data transfer) (nJ): 0.0108691
	Output Htree Energy (nJ): 0.00982799
	Decoder (nJ): 0.000203325
	Wordline (nJ): 0.000300824
	Bitline mux & associated drivers (nJ): 1.09834e-05
	Sense amp mux & associated drivers (nJ): 0
	Bitlines (nJ): 0.00590969
	Sense amplifier energy (nJ): 0.000239651
	Sub-array output driver (nJ): 0.00672066

  Tag array:  Total dynamic read energy/access (nJ): 0.00283873
	Total leakage read/write power of a bank (mW): 2.97089
	Total energy in H-tree (that includes both address and data transfer) (nJ): 0
	Output Htree Energy (nJ): 0
	Decoder (nJ): 0.000203325
	Wordline (nJ): 6.68302e-05
	Bitline mux & associated drivers (nJ): 0.000135836
	Sense amp mux & associated drivers (nJ): 0
	Bitlines (nJ): 0.00111437
	Sense amplifier energy (nJ): 0.000209694
	Sub-array output driver (nJ): 0.000210021


Area Components:

  Data array: Area (mm2): 0.247322
	Height (mm): 0.436029
	Width (mm): 0.567214
	Area efficiency (Memory cell area/Total area) - 62.6738 %
		MAT Height (mm): 0.215854
		MAT Length (mm): 0.503854
		Subarray Height (mm): 0.084096
		Subarray Length (mm): 0.2412

  Tag array: Area (mm2): 0.0118906
	Height (mm): 0.191506
	Width (mm): 0.0620897
	Area efficiency (Memory cell area/Total area) - 71.2907 %
		MAT Height (mm): 0.191506
		MAT Length (mm): 0.0620897
		Subarray Height (mm): 0.084096
		Subarray Length (mm): 0.0262125

Wire Properties:

  Delay Optimal
	Repeater size - 158.777 
	Repeater spacing - 0.443639 (mm) 
	Delay - 0.037959 (ns/mm) 
	PowerD - 0.000405587 (nJ/mm) 
	PowerL - 0.0180822 (mW/mm)
	Wire width - 0.18 microns
	Wire spacing - 0.18 microns

  5% Overhead
	Repeater size - 99.7772 
	Repeater spacing - 0.643639 (mm) 
	Delay - 0.039838 (ns/mm) 
	PowerD - 0.000283616 (nJ/mm) 
	PowerL - 0.00783216 (mW/mm)
	Wire width - 0.18 microns
	Wire spacing - 0.18 microns

  10% Overhead
	Repeater size - 79.7772 
	Repeater spacing - 0.643639 (mm) 
	Delay - 0.0416891 (ns/mm) 
	PowerD - 0.000262606 (nJ/mm) 
	PowerL - 0.00626223 (mW/mm)
	Wire width - 0.18 microns
	Wire spacing - 0.18 microns

  20% Overhead
	Repeater size - 71.7772 
	Repeater spacing - 0.843639 (mm) 
	Delay - 0.0455505 (ns/mm) 
	PowerD - 0.000241581 (nJ/mm) 
	PowerL - 0.00429855 (mW/mm)
	Wire width - 0.18 microns
	Wire spacing - 0.18 microns

  30% Overhead
	Repeater size - 61.7772 
	Repeater spacing - 0.943639 (mm) 
	Delay - 0.0493282 (ns/mm) 
	PowerD - 0.000229625 (nJ/mm) 
	PowerL - 0.00330761 (mW/mm)
	Wire width - 0.18 microns
	Wire spacing - 0.18 microns

  Low-swing wire (1 mm) - Note: Unlike repeated wires, 
	delay and power values of low-swing wires do not
	have a linear relationship with length. 
	delay - 0.440251 (ns) 
	powerD - 3.99344e-05 (nJ) 
	PowerL - 4.02212e-06 (mW)
	Wire width - 3.6e-07 microns
	Wire spacing - 3.6e-07 microns


********************************************************

>>>>>>>>>>>>>>>>> SRAM CELL VDD = 0.55 V

********* VOLTAGE-SCALED SRAM CELL PARAMETERS **********
	R_nch_on  =      1013.32 ohm-um   (nominal 737.809 ohm-um)
	R_pch_on  =       2442.1 ohm-um   (nominal 1778.12 ohm-um)
	Vdd  =         0.55 V   (nominal 1 V)
	I_on_n	  =  0.000819582 A/um   (nominal 0.0020466 A/um)
	I_off_n	  =  9.27822e-08 A/um   (nominal 4.39e-07 A/um)
********************************************************

******************** CACHE DATA ************************

---------- CACTI version 6.5, Uniform Cache Access SRAM Model ----------

Cache Parameters:
    Total cache size (bytes): 65536
    Number of banks: 1
    Associativity: 4
    Block size (bytes): 64
    Read/write Ports: 1
    Read ports: 0
    Write ports: 0
    Technology size (nm): 45

    Access time (ns): 0.522368
    Cycle time (ns):  0.53891
    Total dynamic read energy per access (nJ): 0.0314007
    Total leakage power of a bank (mW): 13.0809
    Cache height x width (mm): 0.436029 x 0.629303

    Best Ndwl : 2
    Best Ndbl : 4
    Best Nspd : 0.5
    Best Ndcm : 16
    Best Ndsam L1 : 1
    Best Ndsam L2 : 1

    Best Ntwl : 2
    Best Ntbl : 2
    Best Ntspd : 1
    Best Ntcm : 2
    Best Ntsam L1 : 1
    Best Ntsam L2 : 1
    Data array, H-tree wire type: Delay optimized global wires
    Tag array, wire type: Low swing wires

Time Components:

  Data side (with Output driver) (ns): 0.522368
	H-tree input delay (ns): 0.0287916
	Decoder + wordline delay (ns): 0.229393
	Bitline delay (ns): 0.120268
	Sense Amplifier delay (ns): 0.00335856
	H-tree output delay (ns): 0.140556

  Tag side (with Output driver) (ns): 0.314723
	H-tree input delay (ns): 0
	Decoder + wordline delay (ns): 0.165605
	Bitline delay (ns): 0.0795311
	Sense Amplifier delay (ns): 0.00335856
	Comparator delay (ns): 0.0478786
	H-tree output delay (ns): 0.0662292


Power Components:

  Data array: Total dynamic read energy/access  (nJ): 0.0285619
	Total leakage read/write power of a bank (mW): 10.11
	Total energy in H-tree (that includes both address and data transfer) (nJ): 0.0108691
	Output Htree Energy (nJ): 0.00982799
	Decoder (nJ): 0.000203325
	Wordline (nJ): 0.000273772
	Bitline mux & associated drivers (nJ): 1.09834e-05
	Sense amp mux & associated drivers (nJ): 0
	Bitlines (nJ): 0.00541722
	Sense amplifier energy (nJ): 0.000239651
	Sub-array output driver (nJ): 0.00672066

  Tag array:  Total dynamic read energy/access (nJ): 0.00283873
	Total leakage read/write power of a bank (mW): 2.97089
	Total energy in H-tree (that includes both address and data transfer) (nJ): 0
	Output Htree Energy (nJ): 0
	Decoder (nJ): 0.000203325
	Wordline (nJ): 6.68302e-05
	Bitline mux & associated drivers (nJ): 0.000135836
	Sense amp mux & associated drivers (nJ): 0
	Bitlines (nJ): 0.00111437
	Sense amplifier energy (nJ): 0.000209694
	Sub-array output driver (nJ): 0.000210021


Area Components:

  Data array: Area (mm2): 0.247322
	Height (mm): 0.436029
	Width (mm): 0.567214
	Area efficiency (Memory cell area/Total area) - 62.6738 %
		MAT Height (mm): 0.215854
		MAT Length (mm): 0.503854
		Subarray Height (mm): 0.084096
		Subarray Length (mm): 0.2412

  Tag array: Area (mm2): 0.0118906
	Height (mm): 0.191506
	Width (mm): 0.0620897
	Area efficiency (Memory cell area/Total area) - 71.2907 %
		MAT Height (mm): 0.191506
		MAT Length (mm): 0.0620897
		Subarray Height (mm): 0.084096
		Subarray Length (mm): 0.0262125

Wire Properties:

  Delay Optimal
	Repeater size - 158.777 
	Repeater spacing - 0.443639 (mm) 
	Delay - 0.037959 (ns/mm) 
	PowerD - 0.000405587 (nJ/mm) 
	PowerL - 0.0180822 (mW/mm)
	Wire width - 0.18 microns
	Wire spacing - 0.18 microns

  5% Overhead
	Repeater size - 99.7772 
	Repeater spacing - 0.643639 (mm) 
	Delay - 0.039838 (ns/mm) 
	PowerD - 0.000283616 (nJ/mm) 
	PowerL - 0.00783216 (mW/mm)
	Wire width - 0.18 microns
	Wire spacing - 0.18 microns

  10% Overhead
	Repeater size - 79.7772 
	Repeater spacing - 0.643639 (mm) 
	Delay - 0.0416891 (ns/mm) 
	PowerD - 0.000262606 (nJ/mm) 
	PowerL - 0.00626223 (mW/mm)
	Wire width - 0.18 microns
	Wire spacing - 0.18 microns

  20% Overhead
	Repeater size - 71.7772 
	Repeater spacing - 0.843639 (mm) 
	Delay - 0.0455505 (ns/mm) 
	PowerD - 0.000241581 (nJ/mm) 
	PowerL - 0.00429855 (mW/mm)
	Wire width - 0.18 microns
	Wire spacing - 0.18 microns

  30% Overhead
	Repeater size - 61.7772 
	Repeater spacing - 0.943639 (mm) 
	Delay - 0.0493282 (ns/mm) 
	PowerD - 0.000229625 (nJ/mm) 
	PowerL - 0.00330761 (mW/mm)
	Wire width - 0.18 microns
	Wire spacing - 0.18 microns

  Low-swing wire (1 mm) - Note: Unlike repeated wires, 
	delay and power values of low-swing wires do not
	have a linear relationship with length. 
	delay - 0.440251 (ns) 
	powerD - 3.99344e-05 (nJ) 
	PowerL - 4.02212e-06 (mW)
	Wire width - 3.6e-07 microns
	Wire spacing - 3.6e-07 microns


********************************************************

>>>>>>>>>>>>>>>>> SRAM CELL VDD = 0.5 V

********* VOLTAGE-SCALED SRAM CELL PARAMETERS **********
	R_nch_on  =      1095.26 ohm-um   (nominal 737.809 ohm-um)
	R_pch_on  =      2639.59 ohm-um   (nominal 1778.12 ohm-um)
	Vdd  =          0.5 V   (nominal 1 V)
	I_on_n	  =  0.000689331 A/um   (nominal 0.0020466 A/um)
	I_off_n	  =  7.80665e-08 A/um   (nominal 4.39e-07 A/um)
********************************************************

******************** CACHE DATA ************************

---------- CACTI version 6.5, Uniform Cache Access SRAM Model ----------

Cache Parameters:
    Total cache size (bytes): 65536
    Number of banks: 1
    Associativity: 4
    Block size (bytes): 64
    Read/write Ports: 1
    Read ports: 0
    Write ports: 0
    Technology size (nm): 45

    Access time (ns): 0.526347
    Cycle time (ns):  0.542889
    Total dynamic read energy per access (nJ): 0.0308835
    Total leakage power of a bank (mW): 11.7733
    Cache height x width (mm): 0.436029 x 0.629303

    Best Ndwl : 2
    Best Ndbl : 4
    Best Nspd : 0.5
    Best Ndcm : 16
    Best Ndsam L1 : 1
    Best Ndsam L2 : 1

    Best Ntwl : 2
    Best Ntbl : 2
    Best Ntspd : 1
    Best Ntcm : 2
    Best Ntsam L1 : 1
    Best Ntsam L2 : 1
    Data array, H-tree wire type: Delay optimized global wires
    Tag array, wire type: Low swing wires

Time Components:

  Data side (with Output driver) (ns): 0.526347
	H-tree input delay (ns): 0.0287916
	Decoder + wordline delay (ns): 0.229393
	Bitline delay (ns): 0.124247
	Sense Amplifier delay (ns): 0.00335856
	H-tree output delay (ns): 0.140556

  Tag side (with Output driver) (ns): 0.314723
	H-tree input delay (ns): 0
	Decoder + wordline delay (ns): 0.165605
	Bitline delay (ns): 0.0795311
	Sense Amplifier delay (ns): 0.00335856
	Comparator delay (ns): 0.0478786
	H-tree output delay (ns): 0.0662292


Power Components:

  Data array: Total dynamic read energy/access  (nJ): 0.0280448
	Total leakage read/write power of a bank (mW): 8.80239
	Total energy in H-tree (that includes both address and data transfer) (nJ): 0.0108691
	Output Htree Energy (nJ): 0.00982799
	Decoder (nJ): 0.000203325
	Wordline (nJ): 0.000249073
	Bitline mux & associated drivers (nJ): 1.09834e-05
	Sense amp mux & associated drivers (nJ): 0
	Bitlines (nJ): 0.00492474
	Sense amplifier energy (nJ): 0.000239651
	Sub-array output driver (nJ): 0.00672066

  Tag array:  Total dynamic read energy/access (nJ): 0.00283873
	Total leakage read/write power of a bank (mW): 2.97089
	Total energy in H-tree (that includes both address and data transfer) (nJ): 0
	Output Htree Energy (nJ): 0
	Decoder (nJ): 0.000203325
	Wordline (nJ): 6.68302e-05
	Bitline mux & associated drivers (nJ): 0.000135836
	Sense amp mux & associated drivers (nJ): 0
	Bitlines (nJ): 0.00111437
	Sense amplifier energy (nJ): 0.000209694
	Sub-array output driver (nJ): 0.000210021


Area Components:

  Data array: Area (mm2): 0.247322
	Height (mm): 0.436029
	Width (mm): 0.567214
	Area efficiency (Memory cell area/Total area) - 62.6738 %
		MAT Height (mm): 0.215854
		MAT Length (mm): 0.503854
		Subarray Height (mm): 0.084096
		Subarray Length (mm): 0.2412

  Tag array: Area (mm2): 0.0118906
	Height (mm): 0.191506
	Width (mm): 0.0620897
	Area efficiency (Memory cell area/Total area) - 71.2907 %
		MAT Height (mm): 0.191506
		MAT Length (mm): 0.0620897
		Subarray Height (mm): 0.084096
		Subarray Length (mm): 0.0262125

Wire Properties:

  Delay Optimal
	Repeater size - 158.777 
	Repeater spacing - 0.443639 (mm) 
	Delay - 0.037959 (ns/mm) 
	PowerD - 0.000405587 (nJ/mm) 
	PowerL - 0.0180822 (mW/mm)
	Wire width - 0.18 microns
	Wire spacing - 0.18 microns

  5% Overhead
	Repeater size - 99.7772 
	Repeater spacing - 0.643639 (mm) 
	Delay - 0.039838 (ns/mm) 
	PowerD - 0.000283616 (nJ/mm) 
	PowerL - 0.00783216 (mW/mm)
	Wire width - 0.18 microns
	Wire spacing - 0.18 microns

  10% Overhead
	Repeater size - 79.7772 
	Repeater spacing - 0.643639 (mm) 
	Delay - 0.0416891 (ns/mm) 
	PowerD - 0.000262606 (nJ/mm) 
	PowerL - 0.00626223 (mW/mm)
	Wire width - 0.18 microns
	Wire spacing - 0.18 microns

  20% Overhead
	Repeater size - 71.7772 
	Repeater spacing - 0.843639 (mm) 
	Delay - 0.0455505 (ns/mm) 
	PowerD - 0.000241581 (nJ/mm) 
	PowerL - 0.00429855 (mW/mm)
	Wire width - 0.18 microns
	Wire spacing - 0.18 microns

  30% Overhead
	Repeater size - 61.7772 
	Repeater spacing - 0.943639 (mm) 
	Delay - 0.0493282 (ns/mm) 
	PowerD - 0.000229625 (nJ/mm) 
	PowerL - 0.00330761 (mW/mm)
	Wire width - 0.18 microns
	Wire spacing - 0.18 microns

  Low-swing wire (1 mm) - Note: Unlike repeated wires, 
	delay and power values of low-swing wires do not
	have a linear relationship with length. 
	delay - 0.440251 (ns) 
	powerD - 3.99344e-05 (nJ) 
	PowerL - 4.02212e-06 (mW)
	Wire width - 3.6e-07 microns
	Wire spacing - 3.6e-07 microns


********************************************************

>>>>>>>>>>>>>>>>> SRAM CELL VDD = 0.45 V

********* VOLTAGE-SCALED SRAM CELL PARAMETERS **********
	R_nch_on  =      1212.78 ohm-um   (nominal 737.809 ohm-um)
	R_pch_on  =       2922.8 ohm-um   (nominal 1778.12 ohm-um)
	Vdd  =         0.45 V   (nominal 1 V)
	I_on_n	  =  0.000560284 A/um   (nominal 0.0020466 A/um)
	I_off_n	  =  6.56847e-08 A/um   (nominal 4.39e-07 A/um)
********************************************************

******************** CACHE DATA ************************

---------- CACTI version 6.5, Uniform Cache Access SRAM Model ----------

Cache Parameters:
    Total cache size (bytes): 65536
    Number of banks: 1
    Associativity: 4
    Block size (bytes): 64
    Read/write Ports: 1
    Read ports: 0
    Write ports: 0
    Technology size (nm): 45

    Access time (ns): 0.532501
    Cycle time (ns):  0.549043
    Total dynamic read energy per access (nJ): 0.0303687
    Total leakage power of a bank (mW): 10.7405
    Cache height x width (mm): 0.436029 x 0.629303

    Best Ndwl : 2
    Best Ndbl : 4
    Best Nspd : 0.5
    Best Ndcm : 16
    Best Ndsam L1 : 1
    Best Ndsam L2 : 1

    Best Ntwl : 2
    Best Ntbl : 2
    Best Ntspd : 1
    Best Ntcm : 2
    Best Ntsam L1 : 1
    Best Ntsam L2 : 1
    Data array, H-tree wire type: Delay optimized global wires
    Tag array, wire type: Low swing wires

Time Components:

  Data side (with Output driver) (ns): 0.532501
	H-tree input delay (ns): 0.0287916
	Decoder + wordline delay (ns): 0.229393
	Bitline delay (ns): 0.130402
	Sense Amplifier delay (ns): 0.00335856
	H-tree output delay (ns): 0.140556

  Tag side (with Output driver) (ns): 0.314723
	H-tree input delay (ns): 0
	Decoder + wordline delay (ns): 0.165605
	Bitline delay (ns): 0.0795311
	Sense Amplifier delay (ns): 0.00335856
	Comparator delay (ns): 0.0478786
	H-tree output delay (ns): 0.0662292


Power Components:

  Data array: Total dynamic read energy/access  (nJ): 0.0275299
	Total leakage read/write power of a bank (mW): 7.7696
	Total energy in H-tree (that includes both address and data transfer) (nJ): 0.0108691
	Output Htree Energy (nJ): 0.00982799
	Decoder (nJ): 0.000203325
	Wordline (nJ): 0.000226727
	Bitline mux & associated drivers (nJ): 1.09834e-05
	Sense amp mux & associated drivers (nJ): 0
	Bitlines (nJ): 0.00443227
	Sense amplifier energy (nJ): 0.000239651
	Sub-array output driver (nJ): 0.00672066

  Tag array:  Total dynamic read energy/access (nJ): 0.00283873
	Total leakage read/write power of a bank (mW): 2.97089
	Total energy in H-tree (that includes both address and data transfer) (nJ): 0
	Output Htree Energy (nJ): 0
	Decoder (nJ): 0.000203325
	Wordline (nJ): 6.68302e-05
	Bitline mux & associated drivers (nJ): 0.000135836
	Sense amp mux & associated drivers (nJ): 0
	Bitlines (nJ): 0.00111437
	Sense amplifier energy (nJ): 0.000209694
	Sub-array output driver (nJ): 0.000210021


Area Components:

  Data array: Area (mm2): 0.247322
	Height (mm): 0.436029
	Width (mm): 0.567214
	Area efficiency (Memory cell area/Total area) - 62.6738 %
		MAT Height (mm): 0.215854
		MAT Length (mm): 0.503854
		Subarray Height (mm): 0.084096
		Subarray Length (mm): 0.2412

  Tag array: Area (mm2): 0.0118906
	Height (mm): 0.191506
	Width (mm): 0.0620897
	Area efficiency (Memory cell area/Total area) - 71.2907 %
		MAT Height (mm): 0.191506
		MAT Length (mm): 0.0620897
		Subarray Height (mm): 0.084096
		Subarray Length (mm): 0.0262125

Wire Properties:

  Delay Optimal
	Repeater size - 158.777 
	Repeater spacing - 0.443639 (mm) 
	Delay - 0.037959 (ns/mm) 
	PowerD - 0.000405587 (nJ/mm) 
	PowerL - 0.0180822 (mW/mm)
	Wire width - 0.18 microns
	Wire spacing - 0.18 microns

  5% Overhead
	Repeater size - 99.7772 
	Repeater spacing - 0.643639 (mm) 
	Delay - 0.039838 (ns/mm) 
	PowerD - 0.000283616 (nJ/mm) 
	PowerL - 0.00783216 (mW/mm)
	Wire width - 0.18 microns
	Wire spacing - 0.18 microns

  10% Overhead
	Repeater size - 79.7772 
	Repeater spacing - 0.643639 (mm) 
	Delay - 0.0416891 (ns/mm) 
	PowerD - 0.000262606 (nJ/mm) 
	PowerL - 0.00626223 (mW/mm)
	Wire width - 0.18 microns
	Wire spacing - 0.18 microns

  20% Overhead
	Repeater size - 71.7772 
	Repeater spacing - 0.843639 (mm) 
	Delay - 0.0455505 (ns/mm) 
	PowerD - 0.000241581 (nJ/mm) 
	PowerL - 0.00429855 (mW/mm)
	Wire width - 0.18 microns
	Wire spacing - 0.18 microns

  30% Overhead
	Repeater size - 61.7772 
	Repeater spacing - 0.943639 (mm) 
	Delay - 0.0493282 (ns/mm) 
	PowerD - 0.000229625 (nJ/mm) 
	PowerL - 0.00330761 (mW/mm)
	Wire width - 0.18 microns
	Wire spacing - 0.18 microns

  Low-swing wire (1 mm) - Note: Unlike repeated wires, 
	delay and power values of low-swing wires do not
	have a linear relationship with length. 
	delay - 0.440251 (ns) 
	powerD - 3.99344e-05 (nJ) 
	PowerL - 4.02212e-06 (mW)
	Wire width - 3.6e-07 microns
	Wire spacing - 3.6e-07 microns


********************************************************

>>>>>>>>>>>>>>>>> SRAM CELL VDD = 0.4 V

********* VOLTAGE-SCALED SRAM CELL PARAMETERS **********
	R_nch_on  =      1396.73 ohm-um   (nominal 737.809 ohm-um)
	R_pch_on  =      3366.11 ohm-um   (nominal 1778.12 ohm-um)
	Vdd  =          0.4 V   (nominal 1 V)
	I_on_n	  =  0.000432439 A/um   (nominal 0.0020466 A/um)
	I_off_n	  =  5.52668e-08 A/um   (nominal 4.39e-07 A/um)
********************************************************

******************** CACHE DATA ************************

---------- CACTI version 6.5, Uniform Cache Access SRAM Model ----------

Cache Parameters:
    Total cache size (bytes): 65536
    Number of banks: 1
    Associativity: 4
    Block size (bytes): 64
    Read/write Ports: 1
    Read ports: 0
    Write ports: 0
    Technology size (nm): 45

    Access time (ns): 0.542952
    Cycle time (ns):  0.559494
    Total dynamic read energy per access (nJ): 0.0298562
    Total leakage power of a bank (mW): 9.9283
    Cache height x width (mm): 0.436029 x 0.629303

    Best Ndwl : 2
    Best Ndbl : 4
    Best Nspd : 0.5
    Best Ndcm : 16
    Best Ndsam L1 : 1
    Best Ndsam L2 : 1

    Best Ntwl : 2
    Best Ntbl : 2
    Best Ntspd : 1
    Best Ntcm : 2
    Best Ntsam L1 : 1
    Best Ntsam L2 : 1
    Data array, H-tree wire type: Delay optimized global wires
    Tag array, wire type: Low swing wires

Time Components:

  Data side (with Output driver) (ns): 0.542952
	H-tree input delay (ns): 0.0287916
	Decoder + wordline delay (ns): 0.229393
	Bitline delay (ns): 0.140852
	Sense Amplifier delay (ns): 0.00335856
	H-tree output delay (ns): 0.140556

  Tag side (with Output driver) (ns): 0.314723
	H-tree input delay (ns): 0
	Decoder + wordline delay (ns): 0.165605
	Bitline delay (ns): 0.0795311
	Sense Amplifier delay (ns): 0.00335856
	Comparator delay (ns): 0.0478786
	H-tree output delay (ns): 0.0662292


Power Components:

  Data array: Total dynamic read energy/access  (nJ): 0.0270175
	Total leakage read/write power of a bank (mW): 6.95741
	Total energy in H-tree (that includes both address and data transfer) (nJ): 0.0108691
	Output Htree Energy (nJ): 0.00982799
	Decoder (nJ): 0.000203325
	Wordline (nJ): 0.000206732
	Bitline mux & associated drivers (nJ): 1.09834e-05
	Sense amp mux & associated drivers (nJ): 0
	Bitlines (nJ): 0.00393979
	Sense amplifier energy (nJ): 0.000239651
	Sub-array output driver (nJ): 0.00672066

  Tag array:  Total dynamic read energy/access (nJ): 0.00283873
	Total leakage read/write power of a bank (mW): 2.97089
	Total energy in H-tree (that includes both address and data transfer) (nJ): 0
	Output Htree Energy (nJ): 0
	Decoder (nJ): 0.000203325
	Wordline (nJ): 6.68302e-05
	Bitline mux & associated drivers (nJ): 0.000135836
	Sense amp mux & associated drivers (nJ): 0
	Bitlines (nJ): 0.00111437
	Sense amplifier energy (nJ): 0.000209694
	Sub-array output driver (nJ): 0.000210021


Area Components:

  Data array: Area (mm2): 0.247322
	Height (mm): 0.436029
	Width (mm): 0.567214
	Area efficiency (Memory cell area/Total area) - 62.6738 %
		MAT Height (mm): 0.215854
		MAT Length (mm): 0.503854
		Subarray Height (mm): 0.084096
		Subarray Length (mm): 0.2412

  Tag array: Area (mm2): 0.0118906
	Height (mm): 0.191506
	Width (mm): 0.0620897
	Area efficiency (Memory cell area/Total area) - 71.2907 %
		MAT Height (mm): 0.191506
		MAT Length (mm): 0.0620897
		Subarray Height (mm): 0.084096
		Subarray Length (mm): 0.0262125

Wire Properties:

  Delay Optimal
	Repeater size - 158.777 
	Repeater spacing - 0.443639 (mm) 
	Delay - 0.037959 (ns/mm) 
	PowerD - 0.000405587 (nJ/mm) 
	PowerL - 0.0180822 (mW/mm)
	Wire width - 0.18 microns
	Wire spacing - 0.18 microns

  5% Overhead
	Repeater size - 99.7772 
	Repeater spacing - 0.643639 (mm) 
	Delay - 0.039838 (ns/mm) 
	PowerD - 0.000283616 (nJ/mm) 
	PowerL - 0.00783216 (mW/mm)
	Wire width - 0.18 microns
	Wire spacing - 0.18 microns

  10% Overhead
	Repeater size - 79.7772 
	Repeater spacing - 0.643639 (mm) 
	Delay - 0.0416891 (ns/mm) 
	PowerD - 0.000262606 (nJ/mm) 
	PowerL - 0.00626223 (mW/mm)
	Wire width - 0.18 microns
	Wire spacing - 0.18 microns

  20% Overhead
	Repeater size - 71.7772 
	Repeater spacing - 0.843639 (mm) 
	Delay - 0.0455505 (ns/mm) 
	PowerD - 0.000241581 (nJ/mm) 
	PowerL - 0.00429855 (mW/mm)
	Wire width - 0.18 microns
	Wire spacing - 0.18 microns

  30% Overhead
	Repeater size - 61.7772 
	Repeater spacing - 0.943639 (mm) 
	Delay - 0.0493282 (ns/mm) 
	PowerD - 0.000229625 (nJ/mm) 
	PowerL - 0.00330761 (mW/mm)
	Wire width - 0.18 microns
	Wire spacing - 0.18 microns

  Low-swing wire (1 mm) - Note: Unlike repeated wires, 
	delay and power values of low-swing wires do not
	have a linear relationship with length. 
	delay - 0.440251 (ns) 
	powerD - 3.99344e-05 (nJ) 
	PowerL - 4.02212e-06 (mW)
	Wire width - 3.6e-07 microns
	Wire spacing - 3.6e-07 microns


********************************************************

>>>>>>>>>>>>>>>>> SRAM CELL VDD = 0.35 V

********* VOLTAGE-SCALED SRAM CELL PARAMETERS **********
	R_nch_on  =      1728.26 ohm-um   (nominal 737.809 ohm-um)
	R_pch_on  =      4165.11 ohm-um   (nominal 1778.12 ohm-um)
	Vdd  =         0.35 V   (nominal 1 V)
	I_on_n	  =  0.000305799 A/um   (nominal 0.0020466 A/um)
	I_off_n	  =  4.65012e-08 A/um   (nominal 4.39e-07 A/um)
********************************************************

******************** CACHE DATA ************************

---------- CACTI version 6.5, Uniform Cache Access SRAM Model ----------

Cache Parameters:
    Total cache size (bytes): 65536
    Number of banks: 1
    Associativity: 4
    Block size (bytes): 64
    Read/write Ports: 1
    Read ports: 0
    Write ports: 0
    Technology size (nm): 45

    Access time (ns): 0.563458
    Cycle time (ns):  0.58
    Total dynamic read energy per access (nJ): 0.0293461
    Total leakage power of a bank (mW): 9.29269
    Cache height x width (mm): 0.436029 x 0.629303

    Best Ndwl : 2
    Best Ndbl : 4
    Best Nspd : 0.5
    Best Ndcm : 16
    Best Ndsam L1 : 1
    Best Ndsam L2 : 1

    Best Ntwl : 2
    Best Ntbl : 2
    Best Ntspd : 1
    Best Ntcm : 2
    Best Ntsam L1 : 1
    Best Ntsam L2 : 1
    Data array, H-tree wire type: Delay optimized global wires
    Tag array, wire type: Low swing wires

Time Components:

  Data side (with Output driver) (ns): 0.563458
	H-tree input delay (ns): 0.0287916
	Decoder + wordline delay (ns): 0.229393
	Bitline delay (ns): 0.161359
	Sense Amplifier delay (ns): 0.00335856
	H-tree output delay (ns): 0.140556

  Tag side (with Output driver) (ns): 0.314723
	H-tree input delay (ns): 0
	Decoder + wordline delay (ns): 0.165605
	Bitline delay (ns): 0.0795311
	Sense Amplifier delay (ns): 0.00335856
	Comparator delay (ns): 0.0478786
	H-tree output delay (ns): 0.0662292


Power Components:

  Data array: Total dynamic read energy/access  (nJ): 0.0265074
	Total leakage read/write power of a bank (mW): 6.3218
	Total energy in H-tree (that includes both address and data transfer) (nJ): 0.0108691
	Output Htree Energy (nJ): 0.00982799
	Decoder (nJ): 0.000203325
	Wordline (nJ): 0.00018909
	Bitline mux & associated drivers (nJ): 1.09834e-05
	Sense amp mux & associated drivers (nJ): 0
	Bitlines (nJ): 0.00344732
	Sense amplifier energy (nJ): 0.000239651
	Sub-array output driver (nJ): 0.00672066

  Tag array:  Total dynamic read energy/access (nJ): 0.00283873
	Total leakage read/write power of a bank (mW): 2.97089
	Total energy in H-tree (that includes both address and data transfer) (nJ): 0
	Output Htree Energy (nJ): 0
	Decoder (nJ): 0.000203325
	Wordline (nJ): 6.68302e-05
	Bitline mux & associated drivers (nJ): 0.000135836
	Sense amp mux & associated drivers (nJ): 0
	Bitlines (nJ): 0.00111437
	Sense amplifier energy (nJ): 0.000209694
	Sub-array output driver (nJ): 0.000210021


Area Components:

  Data array: Area (mm2): 0.247322
	Height (mm): 0.436029
	Width (mm): 0.567214
	Area efficiency (Memory cell area/Total area) - 62.6738 %
		MAT Height (mm): 0.215854
		MAT Length (mm): 0.503854
		Subarray Height (mm): 0.084096
		Subarray Length (mm): 0.2412

  Tag array: Area (mm2): 0.0118906
	Height (mm): 0.191506
	Width (mm): 0.0620897
	Area efficiency (Memory cell area/Total area) - 71.2907 %
		MAT Height (mm): 0.191506
		MAT Length (mm): 0.0620897
		Subarray Height (mm): 0.084096
		Subarray Length (mm): 0.0262125

Wire Properties:

  Delay Optimal
	Repeater size - 158.777 
	Repeater spacing - 0.443639 (mm) 
	Delay - 0.037959 (ns/mm) 
	PowerD - 0.000405587 (nJ/mm) 
	PowerL - 0.0180822 (mW/mm)
	Wire width - 0.18 microns
	Wire spacing - 0.18 microns

  5% Overhead
	Repeater size - 99.7772 
	Repeater spacing - 0.643639 (mm) 
	Delay - 0.039838 (ns/mm) 
	PowerD - 0.000283616 (nJ/mm) 
	PowerL - 0.00783216 (mW/mm)
	Wire width - 0.18 microns
	Wire spacing - 0.18 microns

  10% Overhead
	Repeater size - 79.7772 
	Repeater spacing - 0.643639 (mm) 
	Delay - 0.0416891 (ns/mm) 
	PowerD - 0.000262606 (nJ/mm) 
	PowerL - 0.00626223 (mW/mm)
	Wire width - 0.18 microns
	Wire spacing - 0.18 microns

  20% Overhead
	Repeater size - 71.7772 
	Repeater spacing - 0.843639 (mm) 
	Delay - 0.0455505 (ns/mm) 
	PowerD - 0.000241581 (nJ/mm) 
	PowerL - 0.00429855 (mW/mm)
	Wire width - 0.18 microns
	Wire spacing - 0.18 microns

  30% Overhead
	Repeater size - 61.7772 
	Repeater spacing - 0.943639 (mm) 
	Delay - 0.0493282 (ns/mm) 
	PowerD - 0.000229625 (nJ/mm) 
	PowerL - 0.00330761 (mW/mm)
	Wire width - 0.18 microns
	Wire spacing - 0.18 microns

  Low-swing wire (1 mm) - Note: Unlike repeated wires, 
	delay and power values of low-swing wires do not
	have a linear relationship with length. 
	delay - 0.440251 (ns) 
	powerD - 3.99344e-05 (nJ) 
	PowerL - 4.02212e-06 (mW)
	Wire width - 3.6e-07 microns
	Wire spacing - 3.6e-07 microns


********************************************************

>>>>>>>>>>>>>>>>> SRAM CELL VDD = 0.3 V

********* VOLTAGE-SCALED SRAM CELL PARAMETERS **********
	R_nch_on  =      2511.62 ohm-um   (nominal 737.809 ohm-um)
	R_pch_on  =      6053.01 ohm-um   (nominal 1778.12 ohm-um)
	Vdd  =          0.3 V   (nominal 1 V)
	I_on_n	  =  0.000180362 A/um   (nominal 0.0020466 A/um)
	I_off_n	  =  3.91259e-08 A/um   (nominal 4.39e-07 A/um)
********************************************************

******************** CACHE DATA ************************

---------- CACTI version 6.5, Uniform Cache Access SRAM Model ----------

Cache Parameters:
    Total cache size (bytes): 65536
    Number of banks: 1
    Associativity: 4
    Block size (bytes): 64
    Read/write Ports: 1
    Read ports: 0
    Write ports: 0
    Technology size (nm): 45

    Access time (ns): 0.616196
    Cycle time (ns):  0.632738
    Total dynamic read energy per access (nJ): 0.0288383
    Total leakage power of a bank (mW): 8.79809
    Cache height x width (mm): 0.436029 x 0.629303

    Best Ndwl : 2
    Best Ndbl : 4
    Best Nspd : 0.5
    Best Ndcm : 16
    Best Ndsam L1 : 1
    Best Ndsam L2 : 1

    Best Ntwl : 2
    Best Ntbl : 2
    Best Ntspd : 1
    Best Ntcm : 2
    Best Ntsam L1 : 1
    Best Ntsam L2 : 1
    Data array, H-tree wire type: Delay optimized global wires
    Tag array, wire type: Low swing wires

Time Components:

  Data side (with Output driver) (ns): 0.616196
	H-tree input delay (ns): 0.0287916
	Decoder + wordline delay (ns): 0.229393
	Bitline delay (ns): 0.214096
	Sense Amplifier delay (ns): 0.00335856
	H-tree output delay (ns): 0.140556

  Tag side (with Output driver) (ns): 0.314723
	H-tree input delay (ns): 0
	Decoder + wordline delay (ns): 0.165605
	Bitline delay (ns): 0.0795311
	Sense Amplifier delay (ns): 0.00335856
	Comparator delay (ns): 0.0478786
	H-tree output delay (ns): 0.0662292


Power Components:

  Data array: Total dynamic read energy/access  (nJ): 0.0259996
	Total leakage read/write power of a bank (mW): 5.82719
	Total energy in H-tree (that includes both address and data transfer) (nJ): 0.0108691
	Output Htree Energy (nJ): 0.00982799
	Decoder (nJ): 0.000203325
	Wordline (nJ): 0.0001738
	Bitline mux & associated drivers (nJ): 1.09834e-05
	Sense amp mux & associated drivers (nJ): 0
	Bitlines (nJ): 0.00295485
	Sense amplifier energy (nJ): 0.000239651
	Sub-array output driver (nJ): 0.00672066

  Tag array:  Total dynamic read energy/access (nJ): 0.00283873
	Total leakage read/write power of a bank (mW): 2.97089
	Total energy in H-tree (that includes both address and data transfer) (nJ): 0
	Output Htree Energy (nJ): 0
	Decoder (nJ): 0.000203325
	Wordline (nJ): 6.68302e-05
	Bitline mux & associated drivers (nJ): 0.000135836
	Sense amp mux & associated drivers (nJ): 0
	Bitlines (nJ): 0.00111437
	Sense amplifier energy (nJ): 0.000209694
	Sub-array output driver (nJ): 0.000210021


Area Components:

  Data array: Area (mm2): 0.247322
	Height (mm): 0.436029
	Width (mm): 0.567214
	Area efficiency (Memory cell area/Total area) - 62.6738 %
		MAT Height (mm): 0.215854
		MAT Length (mm): 0.503854
		Subarray Height (mm): 0.084096
		Subarray Length (mm): 0.2412

  Tag array: Area (mm2): 0.0118906
	Height (mm): 0.191506
	Width (mm): 0.0620897
	Area efficiency (Memory cell area/Total area) - 71.2907 %
		MAT Height (mm): 0.191506
		MAT Length (mm): 0.0620897
		Subarray Height (mm): 0.084096
		Subarray Length (mm): 0.0262125

Wire Properties:

  Delay Optimal
	Repeater size - 158.777 
	Repeater spacing - 0.443639 (mm) 
	Delay - 0.037959 (ns/mm) 
	PowerD - 0.000405587 (nJ/mm) 
	PowerL - 0.0180822 (mW/mm)
	Wire width - 0.18 microns
	Wire spacing - 0.18 microns

  5% Overhead
	Repeater size - 99.7772 
	Repeater spacing - 0.643639 (mm) 
	Delay - 0.039838 (ns/mm) 
	PowerD - 0.000283616 (nJ/mm) 
	PowerL - 0.00783216 (mW/mm)
	Wire width - 0.18 microns
	Wire spacing - 0.18 microns

  10% Overhead
	Repeater size - 79.7772 
	Repeater spacing - 0.643639 (mm) 
	Delay - 0.0416891 (ns/mm) 
	PowerD - 0.000262606 (nJ/mm) 
	PowerL - 0.00626223 (mW/mm)
	Wire width - 0.18 microns
	Wire spacing - 0.18 microns

  20% Overhead
	Repeater size - 71.7772 
	Repeater spacing - 0.843639 (mm) 
	Delay - 0.0455505 (ns/mm) 
	PowerD - 0.000241581 (nJ/mm) 
	PowerL - 0.00429855 (mW/mm)
	Wire width - 0.18 microns
	Wire spacing - 0.18 microns

  30% Overhead
	Repeater size - 61.7772 
	Repeater spacing - 0.943639 (mm) 
	Delay - 0.0493282 (ns/mm) 
	PowerD - 0.000229625 (nJ/mm) 
	PowerL - 0.00330761 (mW/mm)
	Wire width - 0.18 microns
	Wire spacing - 0.18 microns

  Low-swing wire (1 mm) - Note: Unlike repeated wires, 
	delay and power values of low-swing wires do not
	have a linear relationship with length. 
	delay - 0.440251 (ns) 
	powerD - 3.99344e-05 (nJ) 
	PowerL - 4.02212e-06 (mW)
	Wire width - 3.6e-07 microns
	Wire spacing - 3.6e-07 microns


********************************************************

>>>>>>>>>>>>>>>>> SRAM CELL VDD = 0.25 V

********* VOLTAGE-SCALED SRAM CELL PARAMETERS **********
	R_nch_on  =       6725.7 ohm-um   (nominal 737.809 ohm-um)
	R_pch_on  =      16208.9 ohm-um   (nominal 1778.12 ohm-um)
	Vdd  =         0.25 V   (nominal 1 V)
	I_on_n	  =  5.61279e-05 A/um   (nominal 0.0020466 A/um)
	I_off_n	  =  3.29204e-08 A/um   (nominal 4.39e-07 A/um)
********************************************************

******************** CACHE DATA ************************

---------- CACTI version 6.5, Uniform Cache Access SRAM Model ----------

Cache Parameters:
    Total cache size (bytes): 65536
    Number of banks: 1
    Associativity: 4
    Block size (bytes): 64
    Read/write Ports: 1
    Read ports: 0
    Write ports: 0
    Technology size (nm): 45

    Access time (ns): 0.921974
    Cycle time (ns):  0.938516
    Total dynamic read energy per access (nJ): 0.0283329
    Total leakage power of a bank (mW): 8.41575
    Cache height x width (mm): 0.436029 x 0.629303

    Best Ndwl : 2
    Best Ndbl : 4
    Best Nspd : 0.5
    Best Ndcm : 16
    Best Ndsam L1 : 1
    Best Ndsam L2 : 1

    Best Ntwl : 2
    Best Ntbl : 2
    Best Ntspd : 1
    Best Ntcm : 2
    Best Ntsam L1 : 1
    Best Ntsam L2 : 1
    Data array, H-tree wire type: Delay optimized global wires
    Tag array, wire type: Low swing wires

Time Components:

  Data side (with Output driver) (ns): 0.921974
	H-tree input delay (ns): 0.0287916
	Decoder + wordline delay (ns): 0.229393
	Bitline delay (ns): 0.519874
	Sense Amplifier delay (ns): 0.00335856
	H-tree output delay (ns): 0.140556

  Tag side (with Output driver) (ns): 0.314723
	H-tree input delay (ns): 0
	Decoder + wordline delay (ns): 0.165605
	Bitline delay (ns): 0.0795311
	Sense Amplifier delay (ns): 0.00335856
	Comparator delay (ns): 0.0478786
	H-tree output delay (ns): 0.0662292


Power Components:

  Data array: Total dynamic read energy/access  (nJ): 0.0254942
	Total leakage read/write power of a bank (mW): 5.44486
	Total energy in H-tree (that includes both address and data transfer) (nJ): 0.0108691
	Output Htree Energy (nJ): 0.00982799
	Decoder (nJ): 0.000203325
	Wordline (nJ): 0.000160862
	Bitline mux & associated drivers (nJ): 1.09834e-05
	Sense amp mux & associated drivers (nJ): 0
	Bitlines (nJ): 0.00246237
	Sense amplifier energy (nJ): 0.000239651
	Sub-array output driver (nJ): 0.00672066

  Tag array:  Total dynamic read energy/access (nJ): 0.00283873
	Total leakage read/write power of a bank (mW): 2.97089
	Total energy in H-tree (that includes both address and data transfer) (nJ): 0
	Output Htree Energy (nJ): 0
	Decoder (nJ): 0.000203325
	Wordline (nJ): 6.68302e-05
	Bitline mux & associated drivers (nJ): 0.000135836
	Sense amp mux & associated drivers (nJ): 0
	Bitlines (nJ): 0.00111437
	Sense amplifier energy (nJ): 0.000209694
	Sub-array output driver (nJ): 0.000210021


Area Components:

  Data array: Area (mm2): 0.247322
	Height (mm): 0.436029
	Width (mm): 0.567214
	Area efficiency (Memory cell area/Total area) - 62.6738 %
		MAT Height (mm): 0.215854
		MAT Length (mm): 0.503854
		Subarray Height (mm): 0.084096
		Subarray Length (mm): 0.2412

  Tag array: Area (mm2): 0.0118906
	Height (mm): 0.191506
	Width (mm): 0.0620897
	Area efficiency (Memory cell area/Total area) - 71.2907 %
		MAT Height (mm): 0.191506
		MAT Length (mm): 0.0620897
		Subarray Height (mm): 0.084096
		Subarray Length (mm): 0.0262125

Wire Properties:

  Delay Optimal
	Repeater size - 158.777 
	Repeater spacing - 0.443639 (mm) 
	Delay - 0.037959 (ns/mm) 
	PowerD - 0.000405587 (nJ/mm) 
	PowerL - 0.0180822 (mW/mm)
	Wire width - 0.18 microns
	Wire spacing - 0.18 microns

  5% Overhead
	Repeater size - 99.7772 
	Repeater spacing - 0.643639 (mm) 
	Delay - 0.039838 (ns/mm) 
	PowerD - 0.000283616 (nJ/mm) 
	PowerL - 0.00783216 (mW/mm)
	Wire width - 0.18 microns
	Wire spacing - 0.18 microns

  10% Overhead
	Repeater size - 79.7772 
	Repeater spacing - 0.643639 (mm) 
	Delay - 0.0416891 (ns/mm) 
	PowerD - 0.000262606 (nJ/mm) 
	PowerL - 0.00626223 (mW/mm)
	Wire width - 0.18 microns
	Wire spacing - 0.18 microns

  20% Overhead
	Repeater size - 71.7772 
	Repeater spacing - 0.843639 (mm) 
	Delay - 0.0455505 (ns/mm) 
	PowerD - 0.000241581 (nJ/mm) 
	PowerL - 0.00429855 (mW/mm)
	Wire width - 0.18 microns
	Wire spacing - 0.18 microns

  30% Overhead
	Repeater size - 61.7772 
	Repeater spacing - 0.943639 (mm) 
	Delay - 0.0493282 (ns/mm) 
	PowerD - 0.000229625 (nJ/mm) 
	PowerL - 0.00330761 (mW/mm)
	Wire width - 0.18 microns
	Wire spacing - 0.18 microns

  Low-swing wire (1 mm) - Note: Unlike repeated wires, 
	delay and power values of low-swing wires do not
	have a linear relationship with length. 
	delay - 0.440251 (ns) 
	powerD - 3.99344e-05 (nJ) 
	PowerL - 4.02212e-06 (mW)
	Wire width - 3.6e-07 microns
	Wire spacing - 3.6e-07 microns


********************************************************
