****************** INPUT ARGUMENTS ***************
Cache size                    : 65536
Block size                    : 64
Associativity                 : 4
Read only ports               : 0
Write only ports              : 0
Read write ports              : 1
Single ended read ports       : 0
Cache banks (UCA)             : 2
Technology                    : 0.045
Temperature                   : 330
Tag size                      : 26
cache type                    : Cache
Model as memory               : 0
Access mode                   : 0
Data array cell type          : 0
Data array peripheral type    : 0
Tag array cell type           : 0
Tag array peripheral type     : 0
Design objective (UCA wt)     : 0 0 0 0 100
Design objective (UCA dev)    : 60 100000 100000 100000 1000000
Design objective (NUCA wt)    : 100 100 0 0 100
Design objective (NUCA dev)   : 10 10000 10000 10000 10000
Cache model                   : 0
Nuca bank                     : 0
Wire inside mat               : 2
Wire outside mat              : 2
Interconnect projection       : 1
Wire signalling               : 0
Cores                         : 2
Print level                   : 1
ECC overhead                  : 0
Page size                     : 8192
Burst length                  : 8
Internal prefetch width       : 8
Force cache config            : 1
Ndwl                          : 2
Ndbl                          : 8
Nspd                          : 0
Ndcm                          : 8
Ndsam1                        : 4
Ndsam2                        : 1
**************************************************

**************** TECHNOLOGY PARAMETERS *****************
ram_wl_stitching_overhead_ =       0.3375 um
min_w_nmos_                =       0.0675 um
max_w_nmos_                =          4.5 um
unit_len_wire_del          =  5.10603e-17 s/um^2
FO4                        =  9.06329e-12 s
kinv                       =  1.68043e-12 s
vpp                        =            0 V
w_sense_en                 =        0.225 um
w_sense_n                  =      0.16875 um
w_sense_p                  =       0.3375 um
w_iso                      =       0.5625 um
w_poly_contact             =        0.045 um
spacing_poly_to_poly       =       0.0675 um
spacing_poly_to_contact    =        0.045 um

w_comp_inv_p1              =       0.5625 um
w_comp_inv_p2              =        1.125 um
w_comp_inv_p3              =         2.25 um
w_comp_inv_n1              =       0.3375 um
w_comp_inv_n2              =        0.675 um
w_comp_inv_n3              =         1.35 um
w_eval_inv_p               =          4.5 um
w_eval_inv_n               =         2.25 um
w_comp_n                   =       0.5625 um
w_comp_p                   =       1.6875 um

dram_cell_I_on             =            0 A/um
dram_cell_Vdd              =            0 V
dram_cell_I_off_worst_case_len_temp =            0 A/um
dram_cell_C                =            0 F
gm_sense_amp_latch         =     0.001408 F/s

w_nmos_b_mux               =        0.405 um
w_nmos_sa_mux              =        0.405 um
w_pmos_bl_precharge        =      0.97605 um
w_pmos_bl_eq               =     0.162675 um
MIN_GAP_BET_P_AND_N_DIFFS  =        0.225 um
HPOWERRAIL                 =         0.09 um
cell_h_def                 =         2.25 um

SRAM cell transistor: 
  C_g_ideal =     6.78e-16 F/um
  C_fringe  =        5e-17 F/um
  C_overlap =    1.356e-16 F/um
  C_junc    =        1e-15 F/um^2
  l_phy     =        0.018 um
  l_elec    =      0.01345 um
  R_nch_on  =      737.809 ohm-um   (nominal 737.809 ohm-um)
  R_pch_on  =      1778.12 ohm-um   (nominal 1778.12 ohm-um)
  Vdd  =            1 V   (nominal 1 V)
  Vth       =      0.18035 V
  Vdsat       =       0.0938 V
  I_on_n	  =    0.0020466 A/um   (nominal 0.0020466 A/um)
  I_on_p	  =            0 A/um   (nominal 0 A/um)
  I_off_n	  =     4.39e-07 A/um   (nominal 4.39e-07 A/um)
  I_off_p	  =     4.39e-07 A/um   (nominal 4.39e-07 A/um)
  C_ox      =            0 F/um^2
  t_ox      =      0.00065 um
  n_to_p_eff_curr_drv_ratio = 2.41

DRAM access transistor: 
  C_g_ideal = 6.54057e-223 F/um
  C_fringe  =  6.9008e-310 F/um
  C_overlap = 1.30811e-223 F/um
  C_junc    =  6.9008e-310 F/um^2
  l_phy     =            0 um
  l_elec    = 3.24044e-317 um
  R_nch_on  =            0 ohm-um   (nominal 0 ohm-um)
  R_pch_on  =            0 ohm-um   (nominal 0 ohm-um)
  Vdd  =            0 V   (nominal 0 V)
  Vth       =            0 V
  Vdsat       =       0.0938 V
  I_on_n	  = 6.90073e-310 A/um   (nominal 6.90073e-310 A/um)
  I_on_p	  =            0 A/um   (nominal 0 A/um)
  I_off_n	  =            0 A/um   (nominal 0 A/um)
  I_off_p	  =            0 A/um   (nominal 0 A/um)
  C_ox      =            0 F/um^2
  t_ox      =            0 um
  n_to_p_eff_curr_drv_ratio = 0

DRAM wordline transistor: 
  C_g_ideal = 6.54057e-223 F/um
  C_fringe  =  6.9008e-310 F/um
  C_overlap = 1.30811e-223 F/um
  C_junc    =  6.9008e-310 F/um^2
  l_phy     =            0 um
  l_elec    = 3.24044e-317 um
  R_nch_on  =  6.9008e-310 ohm-um   (nominal 6.9008e-310 ohm-um)
  R_pch_on  =  6.9008e-310 ohm-um   (nominal 6.9008e-310 ohm-um)
  Vdd  =            0 V   (nominal 0 V)
  Vth       =            0 V
  Vdsat       =            0 V
  I_on_n	  = 6.90073e-310 A/um   (nominal 6.90073e-310 A/um)
  I_on_p	  =            0 A/um   (nominal 0 A/um)
  I_off_n	  =  6.9008e-310 A/um   (nominal 6.9008e-310 A/um)
  I_off_p	  =  6.9008e-310 A/um   (nominal 6.9008e-310 A/um)
  C_ox      =            0 F/um^2
  t_ox      =            0 um
  n_to_p_eff_curr_drv_ratio = 2.51973e-322

peripheral global transistor: 
  C_g_ideal =     6.78e-16 F/um
  C_fringe  =        5e-17 F/um
  C_overlap =    1.356e-16 F/um
  C_junc    =        1e-15 F/um^2
  l_phy     =        0.018 um
  l_elec    =      0.01345 um
  R_nch_on  =      737.809 ohm-um   (nominal 737.809 ohm-um)
  R_pch_on  =      1778.12 ohm-um   (nominal 1778.12 ohm-um)
  Vdd  =            1 V   (nominal 1 V)
  Vth       =      0.18035 V
  Vdsat       =       0.0938 V
  I_on_n	  =    0.0020466 A/um   (nominal 0.0020466 A/um)
  I_on_p	  =            0 A/um   (nominal 0 A/um)
  I_off_n	  =     4.39e-07 A/um   (nominal 4.39e-07 A/um)
  I_off_p	  =            0 A/um   (nominal 0 A/um)
  C_ox      =     3.77e-14 F/um^2
  t_ox      =      0.00065 um
  n_to_p_eff_curr_drv_ratio = 2.41

wire local
  pitch    =       0.1125 um
  R_per_um =      4.20238 ohm/um
  C_per_um =  2.58017e-16 F/um

wire inside mat
  pitch    =         0.36 um
  R_per_um =      0.36296 ohm/um
  C_per_um =  2.81355e-16 F/um

wire outside mat
  pitch    =         0.36 um
  R_per_um =      0.36296 ohm/um
  C_per_um =  2.81355e-16 F/um

SRAM
  b_w         =         0.45 um
  b_h         =        0.657 um
  cell_a_w    =      0.05895 um
  cell_pmos_w =      0.05535 um
  cell_nmos_w =       0.0936 um
  Vbitpre     =            1 V

DRAM
  b_w         =         -nan um
  b_h         =         -nan um
  cell_a_w    =            0 um
  cell_pmos_w =            0 um
  cell_nmos_w =            0 um
  Vbitpre     =            0 V
********************************************************

>>>>>>>>>>>>>>>>> SRAM CELL VDD = 1 V

********* VOLTAGE-SCALED SRAM CELL PARAMETERS **********
	R_nch_on  =      737.809 ohm-um   (nominal 737.809 ohm-um)
	R_pch_on  =      1778.12 ohm-um   (nominal 1778.12 ohm-um)
	Vdd  =            1 V   (nominal 1 V)
	I_on_n	  =    0.0020466 A/um   (nominal 0.0020466 A/um)
	I_off_n	  =     4.39e-07 A/um   (nominal 4.39e-07 A/um)
********************************************************

******************** CACHE DATA ************************

---------- CACTI version 6.5, Uniform Cache Access SRAM Model ----------

Cache Parameters:
    Total cache size (bytes): 65536
    Number of banks: 2
    Associativity: 4
    Block size (bytes): 64
    Read/write Ports: 1
    Read ports: 0
    Write ports: 0
    Technology size (nm): 45

    Access time (ns): 0.625915
    Cycle time (ns):  0.283736
    Total dynamic read energy per access (nJ): 0.019648
    Total leakage power of a bank (mW): 29.3673
    Cache height x width (mm): 0.491866 x 0.734146

    Best Ndwl : 2
    Best Ndbl : 8
    Best Nspd : 0.25
    Best Ndcm : 8
    Best Ndsam L1 : 4
    Best Ndsam L2 : 1

    Best Ntwl : 2
    Best Ntbl : 2
    Best Ntspd : 1
    Best Ntcm : 2
    Best Ntsam L1 : 1
    Best Ntsam L2 : 1
    Data array, H-tree wire type: Delay optimized global wires
    Tag array, wire type: Low swing wires

Time Components:

  Data side (with Output driver) (ns): 0.521568
	H-tree input delay (ns): 0.0668424
	Decoder + wordline delay (ns): 0.169429
	Bitline delay (ns): 0.0534629
	Sense Amplifier delay (ns): 0.00335856
	H-tree output delay (ns): 0.217793

  Tag side (with Output driver) (ns): 0.269767
	H-tree input delay (ns): 0.00205468
	Decoder + wordline delay (ns): 0.143376
	Bitline delay (ns): 0.0541529
	Sense Amplifier delay (ns): 0.00335856
	Comparator delay (ns): 0.0478786
	H-tree output delay (ns): 0.0647702


Power Components:

  Data array: Total dynamic read energy/access  (nJ): 0.017201
	Total leakage read/write power of a bank (mW): 27.7947
	Total energy in H-tree (that includes both address and data transfer) (nJ): 0.0100584
	Output Htree Energy (nJ): 0.00345983
	Decoder (nJ): 0.0001347
	Wordline (nJ): 0.000363014
	Bitline mux & associated drivers (nJ): 0.000205639
	Sense amp mux & associated drivers (nJ): 0
	Bitlines (nJ): 0.00258383
	Sense amplifier energy (nJ): 0.000239651
	Sub-array output driver (nJ): 0.00115722

  Tag array:  Total dynamic read energy/access (nJ): 0.00244696
	Total leakage read/write power of a bank (mW): 1.57267
	Total energy in H-tree (that includes both address and data transfer) (nJ): 0.000261837
	Output Htree Energy (nJ): 0
	Decoder (nJ): 0.0001347
	Wordline (nJ): 6.68302e-05
	Bitline mux & associated drivers (nJ): 0.000135836
	Sense amp mux & associated drivers (nJ): 0
	Bitlines (nJ): 0.000597
	Sense amplifier energy (nJ): 0.000209694
	Sub-array output driver (nJ): 0.00014241


Area Components:

  Data array: Area (mm2): 0.302851
	Height (mm): 0.491866
	Width (mm): 0.615718
	Area efficiency (Memory cell area/Total area) - 51.1822 %
		MAT Height (mm): 0.113877
		MAT Length (mm): 0.263219
		Subarray Height (mm): 0.042048
		Subarray Length (mm): 0.1206

  Tag array: Area (mm2): 0.0140152
	Height (mm): 0.118343
	Width (mm): 0.118428
	Area efficiency (Memory cell area/Total area) - 60.4835 %
		MAT Height (mm): 0.104303
		MAT Length (mm): 0.0592141
		Subarray Height (mm): 0.042048
		Subarray Length (mm): 0.0262125

Wire Properties:

  Delay Optimal
	Repeater size - 158.777 
	Repeater spacing - 0.443639 (mm) 
	Delay - 0.037959 (ns/mm) 
	PowerD - 0.000405587 (nJ/mm) 
	PowerL - 0.0180822 (mW/mm)
	Wire width - 0.18 microns
	Wire spacing - 0.18 microns

  5% Overhead
	Repeater size - 99.7772 
	Repeater spacing - 0.643639 (mm) 
	Delay - 0.039838 (ns/mm) 
	PowerD - 0.000283616 (nJ/mm) 
	PowerL - 0.00783216 (mW/mm)
	Wire width - 0.18 microns
	Wire spacing - 0.18 microns

  10% Overhead
	Repeater size - 79.7772 
	Repeater spacing - 0.643639 (mm) 
	Delay - 0.0416891 (ns/mm) 
	PowerD - 0.000262606 (nJ/mm) 
	PowerL - 0.00626223 (mW/mm)
	Wire width - 0.18 microns
	Wire spacing - 0.18 microns

  20% Overhead
	Repeater size - 71.7772 
	Repeater spacing - 0.843639 (mm) 
	Delay - 0.0455505 (ns/mm) 
	PowerD - 0.000241581 (nJ/mm) 
	PowerL - 0.00429855 (mW/mm)
	Wire width - 0.18 microns
	Wire spacing - 0.18 microns

  30% Overhead
	Repeater size - 61.7772 
	Repeater spacing - 0.943639 (mm) 
	Delay - 0.0493282 (ns/mm) 
	PowerD - 0.000229625 (nJ/mm) 
	PowerL - 0.00330761 (mW/mm)
	Wire width - 0.18 microns
	Wire spacing - 0.18 microns

  Low-swing wire (1 mm) - Note: Unlike repeated wires, 
	delay and power values of low-swing wires do not
	have a linear relationship with length. 
	delay - 0.440251 (ns) 
	powerD - 3.99344e-05 (nJ) 
	PowerL - 4.02212e-06 (mW)
	Wire width - 3.6e-07 microns
	Wire spacing - 3.6e-07 microns


********************************************************

>>>>>>>>>>>>>>>>> SRAM CELL VDD = 0.95 V

********* VOLTAGE-SCALED SRAM CELL PARAMETERS **********
	R_nch_on  =      753.051 ohm-um   (nominal 737.809 ohm-um)
	R_pch_on  =      1814.85 ohm-um   (nominal 1778.12 ohm-um)
	Vdd  =         0.95 V   (nominal 1 V)
	I_on_n	  =   0.00190492 A/um   (nominal 0.0020466 A/um)
	I_off_n	  =  3.69372e-07 A/um   (nominal 4.39e-07 A/um)
********************************************************

******************** CACHE DATA ************************

---------- CACTI version 6.5, Uniform Cache Access SRAM Model ----------

Cache Parameters:
    Total cache size (bytes): 65536
    Number of banks: 2
    Associativity: 4
    Block size (bytes): 64
    Read/write Ports: 1
    Read ports: 0
    Write ports: 0
    Technology size (nm): 45

    Access time (ns): 0.625915
    Cycle time (ns):  0.284108
    Total dynamic read energy per access (nJ): 0.0194959
    Total leakage power of a bank (mW): 24.5661
    Cache height x width (mm): 0.491866 x 0.734146

    Best Ndwl : 2
    Best Ndbl : 8
    Best Nspd : 0.25
    Best Ndcm : 8
    Best Ndsam L1 : 4
    Best Ndsam L2 : 1

    Best Ntwl : 2
    Best Ntbl : 2
    Best Ntspd : 1
    Best Ntcm : 2
    Best Ntsam L1 : 1
    Best Ntsam L2 : 1
    Data array, H-tree wire type: Delay optimized global wires
    Tag array, wire type: Low swing wires

Time Components:

  Data side (with Output driver) (ns): 0.52194
	H-tree input delay (ns): 0.0668424
	Decoder + wordline delay (ns): 0.169429
	Bitline delay (ns): 0.0538346
	Sense Amplifier delay (ns): 0.00335856
	H-tree output delay (ns): 0.217793

  Tag side (with Output driver) (ns): 0.269767
	H-tree input delay (ns): 0.00205468
	Decoder + wordline delay (ns): 0.143376
	Bitline delay (ns): 0.0541529
	Sense Amplifier delay (ns): 0.00335856
	Comparator delay (ns): 0.0478786
	H-tree output delay (ns): 0.0647702


Power Components:

  Data array: Total dynamic read energy/access  (nJ): 0.0170489
	Total leakage read/write power of a bank (mW): 22.9934
	Total energy in H-tree (that includes both address and data transfer) (nJ): 0.0100584
	Output Htree Energy (nJ): 0.00345983
	Decoder (nJ): 0.0001347
	Wordline (nJ): 0.000340079
	Bitline mux & associated drivers (nJ): 0.000205639
	Sense amp mux & associated drivers (nJ): 0
	Bitlines (nJ): 0.00245464
	Sense amplifier energy (nJ): 0.000239651
	Sub-array output driver (nJ): 0.00115722

  Tag array:  Total dynamic read energy/access (nJ): 0.00244696
	Total leakage read/write power of a bank (mW): 1.57267
	Total energy in H-tree (that includes both address and data transfer) (nJ): 0.000261837
	Output Htree Energy (nJ): 0
	Decoder (nJ): 0.0001347
	Wordline (nJ): 6.68302e-05
	Bitline mux & associated drivers (nJ): 0.000135836
	Sense amp mux & associated drivers (nJ): 0
	Bitlines (nJ): 0.000597
	Sense amplifier energy (nJ): 0.000209694
	Sub-array output driver (nJ): 0.00014241


Area Components:

  Data array: Area (mm2): 0.302851
	Height (mm): 0.491866
	Width (mm): 0.615718
	Area efficiency (Memory cell area/Total area) - 51.1822 %
		MAT Height (mm): 0.113877
		MAT Length (mm): 0.263219
		Subarray Height (mm): 0.042048
		Subarray Length (mm): 0.1206

  Tag array: Area (mm2): 0.0140152
	Height (mm): 0.118343
	Width (mm): 0.118428
	Area efficiency (Memory cell area/Total area) - 60.4835 %
		MAT Height (mm): 0.104303
		MAT Length (mm): 0.0592141
		Subarray Height (mm): 0.042048
		Subarray Length (mm): 0.0262125

Wire Properties:

  Delay Optimal
	Repeater size - 158.777 
	Repeater spacing - 0.443639 (mm) 
	Delay - 0.037959 (ns/mm) 
	PowerD - 0.000405587 (nJ/mm) 
	PowerL - 0.0180822 (mW/mm)
	Wire width - 0.18 microns
	Wire spacing - 0.18 microns

  5% Overhead
	Repeater size - 99.7772 
	Repeater spacing - 0.643639 (mm) 
	Delay - 0.039838 (ns/mm) 
	PowerD - 0.000283616 (nJ/mm) 
	PowerL - 0.00783216 (mW/mm)
	Wire width - 0.18 microns
	Wire spacing - 0.18 microns

  10% Overhead
	Repeater size - 79.7772 
	Repeater spacing - 0.643639 (mm) 
	Delay - 0.0416891 (ns/mm) 
	PowerD - 0.000262606 (nJ/mm) 
	PowerL - 0.00626223 (mW/mm)
	Wire width - 0.18 microns
	Wire spacing - 0.18 microns

  20% Overhead
	Repeater size - 71.7772 
	Repeater spacing - 0.843639 (mm) 
	Delay - 0.0455505 (ns/mm) 
	PowerD - 0.000241581 (nJ/mm) 
	PowerL - 0.00429855 (mW/mm)
	Wire width - 0.18 microns
	Wire spacing - 0.18 microns

  30% Overhead
	Repeater size - 61.7772 
	Repeater spacing - 0.943639 (mm) 
	Delay - 0.0493282 (ns/mm) 
	PowerD - 0.000229625 (nJ/mm) 
	PowerL - 0.00330761 (mW/mm)
	Wire width - 0.18 microns
	Wire spacing - 0.18 microns

  Low-swing wire (1 mm) - Note: Unlike repeated wires, 
	delay and power values of low-swing wires do not
	have a linear relationship with length. 
	delay - 0.440251 (ns) 
	powerD - 3.99344e-05 (nJ) 
	PowerL - 4.02212e-06 (mW)
	Wire width - 3.6e-07 microns
	Wire spacing - 3.6e-07 microns


********************************************************

>>>>>>>>>>>>>>>>> SRAM CELL VDD = 0.9 V

********* VOLTAGE-SCALED SRAM CELL PARAMETERS **********
	R_nch_on  =      769.955 ohm-um   (nominal 737.809 ohm-um)
	R_pch_on  =      1855.59 ohm-um   (nominal 1778.12 ohm-um)
	Vdd  =          0.9 V   (nominal 1 V)
	I_on_n	  =   0.00176504 A/um   (nominal 0.0020466 A/um)
	I_off_n	  =  3.10788e-07 A/um   (nominal 4.39e-07 A/um)
********************************************************

******************** CACHE DATA ************************

---------- CACTI version 6.5, Uniform Cache Access SRAM Model ----------

Cache Parameters:
    Total cache size (bytes): 65536
    Number of banks: 2
    Associativity: 4
    Block size (bytes): 64
    Read/write Ports: 1
    Read ports: 0
    Write ports: 0
    Technology size (nm): 45

    Access time (ns): 0.625915
    Cycle time (ns):  0.28452
    Total dynamic read energy per access (nJ): 0.0193449
    Total leakage power of a bank (mW): 20.686
    Cache height x width (mm): 0.491866 x 0.734146

    Best Ndwl : 2
    Best Ndbl : 8
    Best Nspd : 0.25
    Best Ndcm : 8
    Best Ndsam L1 : 4
    Best Ndsam L2 : 1

    Best Ntwl : 2
    Best Ntbl : 2
    Best Ntspd : 1
    Best Ntcm : 2
    Best Ntsam L1 : 1
    Best Ntsam L2 : 1
    Data array, H-tree wire type: Delay optimized global wires
    Tag array, wire type: Low swing wires

Time Components:

  Data side (with Output driver) (ns): 0.522352
	H-tree input delay (ns): 0.0668424
	Decoder + wordline delay (ns): 0.169429
	Bitline delay (ns): 0.0542463
	Sense Amplifier delay (ns): 0.00335856
	H-tree output delay (ns): 0.217793

  Tag side (with Output driver) (ns): 0.269767
	H-tree input delay (ns): 0.00205468
	Decoder + wordline delay (ns): 0.143376
	Bitline delay (ns): 0.0541529
	Sense Amplifier delay (ns): 0.00335856
	Comparator delay (ns): 0.0478786
	H-tree output delay (ns): 0.0647702


Power Components:

  Data array: Total dynamic read energy/access  (nJ): 0.016898
	Total leakage read/write power of a bank (mW): 19.1134
	Total energy in H-tree (that includes both address and data transfer) (nJ): 0.0100584
	Output Htree Energy (nJ): 0.00345983
	Decoder (nJ): 0.0001347
	Wordline (nJ): 0.00031832
	Bitline mux & associated drivers (nJ): 0.000205639
	Sense amp mux & associated drivers (nJ): 0
	Bitlines (nJ): 0.00232545
	Sense amplifier energy (nJ): 0.000239651
	Sub-array output driver (nJ): 0.00115722

  Tag array:  Total dynamic read energy/access (nJ): 0.00244696
	Total leakage read/write power of a bank (mW): 1.57267
	Total energy in H-tree (that includes both address and data transfer) (nJ): 0.000261837
	Output Htree Energy (nJ): 0
	Decoder (nJ): 0.0001347
	Wordline (nJ): 6.68302e-05
	Bitline mux & associated drivers (nJ): 0.000135836
	Sense amp mux & associated drivers (nJ): 0
	Bitlines (nJ): 0.000597
	Sense amplifier energy (nJ): 0.000209694
	Sub-array output driver (nJ): 0.00014241


Area Components:

  Data array: Area (mm2): 0.302851
	Height (mm): 0.491866
	Width (mm): 0.615718
	Area efficiency (Memory cell area/Total area) - 51.1822 %
		MAT Height (mm): 0.113877
		MAT Length (mm): 0.263219
		Subarray Height (mm): 0.042048
		Subarray Length (mm): 0.1206

  Tag array: Area (mm2): 0.0140152
	Height (mm): 0.118343
	Width (mm): 0.118428
	Area efficiency (Memory cell area/Total area) - 60.4835 %
		MAT Height (mm): 0.104303
		MAT Length (mm): 0.0592141
		Subarray Height (mm): 0.042048
		Subarray Length (mm): 0.0262125

Wire Properties:

  Delay Optimal
	Repeater size - 158.777 
	Repeater spacing - 0.443639 (mm) 
	Delay - 0.037959 (ns/mm) 
	PowerD - 0.000405587 (nJ/mm) 
	PowerL - 0.0180822 (mW/mm)
	Wire width - 0.18 microns
	Wire spacing - 0.18 microns

  5% Overhead
	Repeater size - 99.7772 
	Repeater spacing - 0.643639 (mm) 
	Delay - 0.039838 (ns/mm) 
	PowerD - 0.000283616 (nJ/mm) 
	PowerL - 0.00783216 (mW/mm)
	Wire width - 0.18 microns
	Wire spacing - 0.18 microns

  10% Overhead
	Repeater size - 79.7772 
	Repeater spacing - 0.643639 (mm) 
	Delay - 0.0416891 (ns/mm) 
	PowerD - 0.000262606 (nJ/mm) 
	PowerL - 0.00626223 (mW/mm)
	Wire width - 0.18 microns
	Wire spacing - 0.18 microns

  20% Overhead
	Repeater size - 71.7772 
	Repeater spacing - 0.843639 (mm) 
	Delay - 0.0455505 (ns/mm) 
	PowerD - 0.000241581 (nJ/mm) 
	PowerL - 0.00429855 (mW/mm)
	Wire width - 0.18 microns
	Wire spacing - 0.18 microns

  30% Overhead
	Repeater size - 61.7772 
	Repeater spacing - 0.943639 (mm) 
	Delay - 0.0493282 (ns/mm) 
	PowerD - 0.000229625 (nJ/mm) 
	PowerL - 0.00330761 (mW/mm)
	Wire width - 0.18 microns
	Wire spacing - 0.18 microns

  Low-swing wire (1 mm) - Note: Unlike repeated wires, 
	delay and power values of low-swing wires do not
	have a linear relationship with length. 
	delay - 0.440251 (ns) 
	powerD - 3.99344e-05 (nJ) 
	PowerL - 4.02212e-06 (mW)
	Wire width - 3.6e-07 microns
	Wire spacing - 3.6e-07 microns


********************************************************

>>>>>>>>>>>>>>>>> SRAM CELL VDD = 0.85 V

********* VOLTAGE-SCALED SRAM CELL PARAMETERS **********
	R_nch_on  =      789.184 ohm-um   (nominal 737.809 ohm-um)
	R_pch_on  =      1901.93 ohm-um   (nominal 1778.12 ohm-um)
	Vdd  =         0.85 V   (nominal 1 V)
	I_on_n	  =   0.00162636 A/um   (nominal 0.0020466 A/um)
	I_off_n	  =  2.61496e-07 A/um   (nominal 4.39e-07 A/um)
********************************************************

******************** CACHE DATA ************************

---------- CACTI version 6.5, Uniform Cache Access SRAM Model ----------

Cache Parameters:
    Total cache size (bytes): 65536
    Number of banks: 2
    Associativity: 4
    Block size (bytes): 64
    Read/write Ports: 1
    Read ports: 0
    Write ports: 0
    Technology size (nm): 45

    Access time (ns): 0.625915
    Cycle time (ns):  0.284994
    Total dynamic read energy per access (nJ): 0.0191952
    Total leakage power of a bank (mW): 17.5557
    Cache height x width (mm): 0.491866 x 0.734146

    Best Ndwl : 2
    Best Ndbl : 8
    Best Nspd : 0.25
    Best Ndcm : 8
    Best Ndsam L1 : 4
    Best Ndsam L2 : 1

    Best Ntwl : 2
    Best Ntbl : 2
    Best Ntspd : 1
    Best Ntcm : 2
    Best Ntsam L1 : 1
    Best Ntsam L2 : 1
    Data array, H-tree wire type: Delay optimized global wires
    Tag array, wire type: Low swing wires

Time Components:

  Data side (with Output driver) (ns): 0.522826
	H-tree input delay (ns): 0.0668424
	Decoder + wordline delay (ns): 0.169429
	Bitline delay (ns): 0.0547203
	Sense Amplifier delay (ns): 0.00335856
	H-tree output delay (ns): 0.217793

  Tag side (with Output driver) (ns): 0.269767
	H-tree input delay (ns): 0.00205468
	Decoder + wordline delay (ns): 0.143376
	Bitline delay (ns): 0.0541529
	Sense Amplifier delay (ns): 0.00335856
	Comparator delay (ns): 0.0478786
	H-tree output delay (ns): 0.0647702


Power Components:

  Data array: Total dynamic read energy/access  (nJ): 0.0167482
	Total leakage read/write power of a bank (mW): 15.983
	Total energy in H-tree (that includes both address and data transfer) (nJ): 0.0100584
	Output Htree Energy (nJ): 0.00345983
	Decoder (nJ): 0.0001347
	Wordline (nJ): 0.000297738
	Bitline mux & associated drivers (nJ): 0.000205639
	Sense amp mux & associated drivers (nJ): 0
	Bitlines (nJ): 0.00219626
	Sense amplifier energy (nJ): 0.000239651
	Sub-array output driver (nJ): 0.00115722

  Tag array:  Total dynamic read energy/access (nJ): 0.00244696
	Total leakage read/write power of a bank (mW): 1.57267
	Total energy in H-tree (that includes both address and data transfer) (nJ): 0.000261837
	Output Htree Energy (nJ): 0
	Decoder (nJ): 0.0001347
	Wordline (nJ): 6.68302e-05
	Bitline mux & associated drivers (nJ): 0.000135836
	Sense amp mux & associated drivers (nJ): 0
	Bitlines (nJ): 0.000597
	Sense amplifier energy (nJ): 0.000209694
	Sub-array output driver (nJ): 0.00014241


Area Components:

  Data array: Area (mm2): 0.302851
	Height (mm): 0.491866
	Width (mm): 0.615718
	Area efficiency (Memory cell area/Total area) - 51.1822 %
		MAT Height (mm): 0.113877
		MAT Length (mm): 0.263219
		Subarray Height (mm): 0.042048
		Subarray Length (mm): 0.1206

  Tag array: Area (mm2): 0.0140152
	Height (mm): 0.118343
	Width (mm): 0.118428
	Area efficiency (Memory cell area/Total area) - 60.4835 %
		MAT Height (mm): 0.104303
		MAT Length (mm): 0.0592141
		Subarray Height (mm): 0.042048
		Subarray Length (mm): 0.0262125

Wire Properties:

  Delay Optimal
	Repeater size - 158.777 
	Repeater spacing - 0.443639 (mm) 
	Delay - 0.037959 (ns/mm) 
	PowerD - 0.000405587 (nJ/mm) 
	PowerL - 0.0180822 (mW/mm)
	Wire width - 0.18 microns
	Wire spacing - 0.18 microns

  5% Overhead
	Repeater size - 99.7772 
	Repeater spacing - 0.643639 (mm) 
	Delay - 0.039838 (ns/mm) 
	PowerD - 0.000283616 (nJ/mm) 
	PowerL - 0.00783216 (mW/mm)
	Wire width - 0.18 microns
	Wire spacing - 0.18 microns

  10% Overhead
	Repeater size - 79.7772 
	Repeater spacing - 0.643639 (mm) 
	Delay - 0.0416891 (ns/mm) 
	PowerD - 0.000262606 (nJ/mm) 
	PowerL - 0.00626223 (mW/mm)
	Wire width - 0.18 microns
	Wire spacing - 0.18 microns

  20% Overhead
	Repeater size - 71.7772 
	Repeater spacing - 0.843639 (mm) 
	Delay - 0.0455505 (ns/mm) 
	PowerD - 0.000241581 (nJ/mm) 
	PowerL - 0.00429855 (mW/mm)
	Wire width - 0.18 microns
	Wire spacing - 0.18 microns

  30% Overhead
	Repeater size - 61.7772 
	Repeater spacing - 0.943639 (mm) 
	Delay - 0.0493282 (ns/mm) 
	PowerD - 0.000229625 (nJ/mm) 
	PowerL - 0.00330761 (mW/mm)
	Wire width - 0.18 microns
	Wire spacing - 0.18 microns

  Low-swing wire (1 mm) - Note: Unlike repeated wires, 
	delay and power values of low-swing wires do not
	have a linear relationship with length. 
	delay - 0.440251 (ns) 
	powerD - 3.99344e-05 (nJ) 
	PowerL - 4.02212e-06 (mW)
	Wire width - 3.6e-07 microns
	Wire spacing - 3.6e-07 microns


********************************************************

>>>>>>>>>>>>>>>>> SRAM CELL VDD = 0.8 V

********* VOLTAGE-SCALED SRAM CELL PARAMETERS **********
	R_nch_on  =      811.342 ohm-um   (nominal 737.809 ohm-um)
	R_pch_on  =      1955.34 ohm-um   (nominal 1778.12 ohm-um)
	Vdd  =          0.8 V   (nominal 1 V)
	I_on_n	  =   0.00148889 A/um   (nominal 0.0020466 A/um)
	I_off_n	  =  2.20021e-07 A/um   (nominal 4.39e-07 A/um)
********************************************************

******************** CACHE DATA ************************

---------- CACTI version 6.5, Uniform Cache Access SRAM Model ----------

Cache Parameters:
    Total cache size (bytes): 65536
    Number of banks: 2
    Associativity: 4
    Block size (bytes): 64
    Read/write Ports: 1
    Read ports: 0
    Write ports: 0
    Technology size (nm): 45

    Access time (ns): 0.625915
    Cycle time (ns):  0.285548
    Total dynamic read energy per access (nJ): 0.0190466
    Total leakage power of a bank (mW): 15.0348
    Cache height x width (mm): 0.491866 x 0.734146

    Best Ndwl : 2
    Best Ndbl : 8
    Best Nspd : 0.25
    Best Ndcm : 8
    Best Ndsam L1 : 4
    Best Ndsam L2 : 1

    Best Ntwl : 2
    Best Ntbl : 2
    Best Ntspd : 1
    Best Ntcm : 2
    Best Ntsam L1 : 1
    Best Ntsam L2 : 1
    Data array, H-tree wire type: Delay optimized global wires
    Tag array, wire type: Low swing wires

Time Components:

  Data side (with Output driver) (ns): 0.523381
	H-tree input delay (ns): 0.0668424
	Decoder + wordline delay (ns): 0.169429
	Bitline delay (ns): 0.0552751
	Sense Amplifier delay (ns): 0.00335856
	H-tree output delay (ns): 0.217793

  Tag side (with Output driver) (ns): 0.269767
	H-tree input delay (ns): 0.00205468
	Decoder + wordline delay (ns): 0.143376
	Bitline delay (ns): 0.0541529
	Sense Amplifier delay (ns): 0.00335856
	Comparator delay (ns): 0.0478786
	H-tree output delay (ns): 0.0647702


Power Components:

  Data array: Total dynamic read energy/access  (nJ): 0.0165996
	Total leakage read/write power of a bank (mW): 13.4622
	Total energy in H-tree (that includes both address and data transfer) (nJ): 0.0100584
	Output Htree Energy (nJ): 0.00345983
	Decoder (nJ): 0.0001347
	Wordline (nJ): 0.000278331
	Bitline mux & associated drivers (nJ): 0.000205639
	Sense amp mux & associated drivers (nJ): 0
	Bitlines (nJ): 0.00206706
	Sense amplifier energy (nJ): 0.000239651
	Sub-array output driver (nJ): 0.00115722

  Tag array:  Total dynamic read energy/access (nJ): 0.00244696
	Total leakage read/write power of a bank (mW): 1.57267
	Total energy in H-tree (that includes both address and data transfer) (nJ): 0.000261837
	Output Htree Energy (nJ): 0
	Decoder (nJ): 0.0001347
	Wordline (nJ): 6.68302e-05
	Bitline mux & associated drivers (nJ): 0.000135836
	Sense amp mux & associated drivers (nJ): 0
	Bitlines (nJ): 0.000597
	Sense amplifier energy (nJ): 0.000209694
	Sub-array output driver (nJ): 0.00014241


Area Components:

  Data array: Area (mm2): 0.302851
	Height (mm): 0.491866
	Width (mm): 0.615718
	Area efficiency (Memory cell area/Total area) - 51.1822 %
		MAT Height (mm): 0.113877
		MAT Length (mm): 0.263219
		Subarray Height (mm): 0.042048
		Subarray Length (mm): 0.1206

  Tag array: Area (mm2): 0.0140152
	Height (mm): 0.118343
	Width (mm): 0.118428
	Area efficiency (Memory cell area/Total area) - 60.4835 %
		MAT Height (mm): 0.104303
		MAT Length (mm): 0.0592141
		Subarray Height (mm): 0.042048
		Subarray Length (mm): 0.0262125

Wire Properties:

  Delay Optimal
	Repeater size - 158.777 
	Repeater spacing - 0.443639 (mm) 
	Delay - 0.037959 (ns/mm) 
	PowerD - 0.000405587 (nJ/mm) 
	PowerL - 0.0180822 (mW/mm)
	Wire width - 0.18 microns
	Wire spacing - 0.18 microns

  5% Overhead
	Repeater size - 99.7772 
	Repeater spacing - 0.643639 (mm) 
	Delay - 0.039838 (ns/mm) 
	PowerD - 0.000283616 (nJ/mm) 
	PowerL - 0.00783216 (mW/mm)
	Wire width - 0.18 microns
	Wire spacing - 0.18 microns

  10% Overhead
	Repeater size - 79.7772 
	Repeater spacing - 0.643639 (mm) 
	Delay - 0.0416891 (ns/mm) 
	PowerD - 0.000262606 (nJ/mm) 
	PowerL - 0.00626223 (mW/mm)
	Wire width - 0.18 microns
	Wire spacing - 0.18 microns

  20% Overhead
	Repeater size - 71.7772 
	Repeater spacing - 0.843639 (mm) 
	Delay - 0.0455505 (ns/mm) 
	PowerD - 0.000241581 (nJ/mm) 
	PowerL - 0.00429855 (mW/mm)
	Wire width - 0.18 microns
	Wire spacing - 0.18 microns

  30% Overhead
	Repeater size - 61.7772 
	Repeater spacing - 0.943639 (mm) 
	Delay - 0.0493282 (ns/mm) 
	PowerD - 0.000229625 (nJ/mm) 
	PowerL - 0.00330761 (mW/mm)
	Wire width - 0.18 microns
	Wire spacing - 0.18 microns

  Low-swing wire (1 mm) - Note: Unlike repeated wires, 
	delay and power values of low-swing wires do not
	have a linear relationship with length. 
	delay - 0.440251 (ns) 
	powerD - 3.99344e-05 (nJ) 
	PowerL - 4.02212e-06 (mW)
	Wire width - 3.6e-07 microns
	Wire spacing - 3.6e-07 microns


********************************************************

>>>>>>>>>>>>>>>>> SRAM CELL VDD = 0.75 V

********* VOLTAGE-SCALED SRAM CELL PARAMETERS **********
	R_nch_on  =      837.263 ohm-um   (nominal 737.809 ohm-um)
	R_pch_on  =       2017.8 ohm-um   (nominal 1778.12 ohm-um)
	Vdd  =         0.75 V   (nominal 1 V)
	I_on_n	  =   0.00135262 A/um   (nominal 0.0020466 A/um)
	I_off_n	  =  1.85125e-07 A/um   (nominal 4.39e-07 A/um)
********************************************************

******************** CACHE DATA ************************

---------- CACTI version 6.5, Uniform Cache Access SRAM Model ----------

Cache Parameters:
    Total cache size (bytes): 65536
    Number of banks: 2
    Associativity: 4
    Block size (bytes): 64
    Read/write Ports: 1
    Read ports: 0
    Write ports: 0
    Technology size (nm): 45

    Access time (ns): 0.625915
    Cycle time (ns):  0.28621
    Total dynamic read energy per access (nJ): 0.0188991
    Total leakage power of a bank (mW): 13.0089
    Cache height x width (mm): 0.491866 x 0.734146

    Best Ndwl : 2
    Best Ndbl : 8
    Best Nspd : 0.25
    Best Ndcm : 8
    Best Ndsam L1 : 4
    Best Ndsam L2 : 1

    Best Ntwl : 2
    Best Ntbl : 2
    Best Ntspd : 1
    Best Ntcm : 2
    Best Ntsam L1 : 1
    Best Ntsam L2 : 1
    Data array, H-tree wire type: Delay optimized global wires
    Tag array, wire type: Low swing wires

Time Components:

  Data side (with Output driver) (ns): 0.524043
	H-tree input delay (ns): 0.0668424
	Decoder + wordline delay (ns): 0.169429
	Bitline delay (ns): 0.0559372
	Sense Amplifier delay (ns): 0.00335856
	H-tree output delay (ns): 0.217793

  Tag side (with Output driver) (ns): 0.269767
	H-tree input delay (ns): 0.00205468
	Decoder + wordline delay (ns): 0.143376
	Bitline delay (ns): 0.0541529
	Sense Amplifier delay (ns): 0.00335856
	Comparator delay (ns): 0.0478786
	H-tree output delay (ns): 0.0647702


Power Components:

  Data array: Total dynamic read energy/access  (nJ): 0.0164522
	Total leakage read/write power of a bank (mW): 11.4362
	Total energy in H-tree (that includes both address and data transfer) (nJ): 0.0100584
	Output Htree Energy (nJ): 0.00345983
	Decoder (nJ): 0.0001347
	Wordline (nJ): 0.000260101
	Bitline mux & associated drivers (nJ): 0.000205639
	Sense amp mux & associated drivers (nJ): 0
	Bitlines (nJ): 0.00193787
	Sense amplifier energy (nJ): 0.000239651
	Sub-array output driver (nJ): 0.00115722

  Tag array:  Total dynamic read energy/access (nJ): 0.00244696
	Total leakage read/write power of a bank (mW): 1.57267
	Total energy in H-tree (that includes both address and data transfer) (nJ): 0.000261837
	Output Htree Energy (nJ): 0
	Decoder (nJ): 0.0001347
	Wordline (nJ): 6.68302e-05
	Bitline mux & associated drivers (nJ): 0.000135836
	Sense amp mux & associated drivers (nJ): 0
	Bitlines (nJ): 0.000597
	Sense amplifier energy (nJ): 0.000209694
	Sub-array output driver (nJ): 0.00014241


Area Components:

  Data array: Area (mm2): 0.302851
	Height (mm): 0.491866
	Width (mm): 0.615718
	Area efficiency (Memory cell area/Total area) - 51.1822 %
		MAT Height (mm): 0.113877
		MAT Length (mm): 0.263219
		Subarray Height (mm): 0.042048
		Subarray Length (mm): 0.1206

  Tag array: Area (mm2): 0.0140152
	Height (mm): 0.118343
	Width (mm): 0.118428
	Area efficiency (Memory cell area/Total area) - 60.4835 %
		MAT Height (mm): 0.104303
		MAT Length (mm): 0.0592141
		Subarray Height (mm): 0.042048
		Subarray Length (mm): 0.0262125

Wire Properties:

  Delay Optimal
	Repeater size - 158.777 
	Repeater spacing - 0.443639 (mm) 
	Delay - 0.037959 (ns/mm) 
	PowerD - 0.000405587 (nJ/mm) 
	PowerL - 0.0180822 (mW/mm)
	Wire width - 0.18 microns
	Wire spacing - 0.18 microns

  5% Overhead
	Repeater size - 99.7772 
	Repeater spacing - 0.643639 (mm) 
	Delay - 0.039838 (ns/mm) 
	PowerD - 0.000283616 (nJ/mm) 
	PowerL - 0.00783216 (mW/mm)
	Wire width - 0.18 microns
	Wire spacing - 0.18 microns

  10% Overhead
	Repeater size - 79.7772 
	Repeater spacing - 0.643639 (mm) 
	Delay - 0.0416891 (ns/mm) 
	PowerD - 0.000262606 (nJ/mm) 
	PowerL - 0.00626223 (mW/mm)
	Wire width - 0.18 microns
	Wire spacing - 0.18 microns

  20% Overhead
	Repeater size - 71.7772 
	Repeater spacing - 0.843639 (mm) 
	Delay - 0.0455505 (ns/mm) 
	PowerD - 0.000241581 (nJ/mm) 
	PowerL - 0.00429855 (mW/mm)
	Wire width - 0.18 microns
	Wire spacing - 0.18 microns

  30% Overhead
	Repeater size - 61.7772 
	Repeater spacing - 0.943639 (mm) 
	Delay - 0.0493282 (ns/mm) 
	PowerD - 0.000229625 (nJ/mm) 
	PowerL - 0.00330761 (mW/mm)
	Wire width - 0.18 microns
	Wire spacing - 0.18 microns

  Low-swing wire (1 mm) - Note: Unlike repeated wires, 
	delay and power values of low-swing wires do not
	have a linear relationship with length. 
	delay - 0.440251 (ns) 
	powerD - 3.99344e-05 (nJ) 
	PowerL - 4.02212e-06 (mW)
	Wire width - 3.6e-07 microns
	Wire spacing - 3.6e-07 microns


********************************************************

>>>>>>>>>>>>>>>>> SRAM CELL VDD = 0.7 V

********* VOLTAGE-SCALED SRAM CELL PARAMETERS **********
	R_nch_on  =      868.132 ohm-um   (nominal 737.809 ohm-um)
	R_pch_on  =       2092.2 ohm-um   (nominal 1778.12 ohm-um)
	Vdd  =          0.7 V   (nominal 1 V)
	I_on_n	  =   0.00121756 A/um   (nominal 0.0020466 A/um)
	I_off_n	  =  1.55763e-07 A/um   (nominal 4.39e-07 A/um)
********************************************************

******************** CACHE DATA ************************

---------- CACTI version 6.5, Uniform Cache Access SRAM Model ----------

Cache Parameters:
    Total cache size (bytes): 65536
    Number of banks: 2
    Associativity: 4
    Block size (bytes): 64
    Read/write Ports: 1
    Read ports: 0
    Write ports: 0
    Technology size (nm): 45

    Access time (ns): 0.625915
    Cycle time (ns):  0.287018
    Total dynamic read energy per access (nJ): 0.0187529
    Total leakage power of a bank (mW): 11.3843
    Cache height x width (mm): 0.491866 x 0.734146

    Best Ndwl : 2
    Best Ndbl : 8
    Best Nspd : 0.25
    Best Ndcm : 8
    Best Ndsam L1 : 4
    Best Ndsam L2 : 1

    Best Ntwl : 2
    Best Ntbl : 2
    Best Ntspd : 1
    Best Ntcm : 2
    Best Ntsam L1 : 1
    Best Ntsam L2 : 1
    Data array, H-tree wire type: Delay optimized global wires
    Tag array, wire type: Low swing wires

Time Components:

  Data side (with Output driver) (ns): 0.524851
	H-tree input delay (ns): 0.0668424
	Decoder + wordline delay (ns): 0.169429
	Bitline delay (ns): 0.056745
	Sense Amplifier delay (ns): 0.00335856
	H-tree output delay (ns): 0.217793

  Tag side (with Output driver) (ns): 0.269767
	H-tree input delay (ns): 0.00205468
	Decoder + wordline delay (ns): 0.143376
	Bitline delay (ns): 0.0541529
	Sense Amplifier delay (ns): 0.00335856
	Comparator delay (ns): 0.0478786
	H-tree output delay (ns): 0.0647702


Power Components:

  Data array: Total dynamic read energy/access  (nJ): 0.0163059
	Total leakage read/write power of a bank (mW): 9.81161
	Total energy in H-tree (that includes both address and data transfer) (nJ): 0.0100584
	Output Htree Energy (nJ): 0.00345983
	Decoder (nJ): 0.0001347
	Wordline (nJ): 0.000243047
	Bitline mux & associated drivers (nJ): 0.000205639
	Sense amp mux & associated drivers (nJ): 0
	Bitlines (nJ): 0.00180868
	Sense amplifier energy (nJ): 0.000239651
	Sub-array output driver (nJ): 0.00115722

  Tag array:  Total dynamic read energy/access (nJ): 0.00244696
	Total leakage read/write power of a bank (mW): 1.57267
	Total energy in H-tree (that includes both address and data transfer) (nJ): 0.000261837
	Output Htree Energy (nJ): 0
	Decoder (nJ): 0.0001347
	Wordline (nJ): 6.68302e-05
	Bitline mux & associated drivers (nJ): 0.000135836
	Sense amp mux & associated drivers (nJ): 0
	Bitlines (nJ): 0.000597
	Sense amplifier energy (nJ): 0.000209694
	Sub-array output driver (nJ): 0.00014241


Area Components:

  Data array: Area (mm2): 0.302851
	Height (mm): 0.491866
	Width (mm): 0.615718
	Area efficiency (Memory cell area/Total area) - 51.1822 %
		MAT Height (mm): 0.113877
		MAT Length (mm): 0.263219
		Subarray Height (mm): 0.042048
		Subarray Length (mm): 0.1206

  Tag array: Area (mm2): 0.0140152
	Height (mm): 0.118343
	Width (mm): 0.118428
	Area efficiency (Memory cell area/Total area) - 60.4835 %
		MAT Height (mm): 0.104303
		MAT Length (mm): 0.0592141
		Subarray Height (mm): 0.042048
		Subarray Length (mm): 0.0262125

Wire Properties:

  Delay Optimal
	Repeater size - 158.777 
	Repeater spacing - 0.443639 (mm) 
	Delay - 0.037959 (ns/mm) 
	PowerD - 0.000405587 (nJ/mm) 
	PowerL - 0.0180822 (mW/mm)
	Wire width - 0.18 microns
	Wire spacing - 0.18 microns

  5% Overhead
	Repeater size - 99.7772 
	Repeater spacing - 0.643639 (mm) 
	Delay - 0.039838 (ns/mm) 
	PowerD - 0.000283616 (nJ/mm) 
	PowerL - 0.00783216 (mW/mm)
	Wire width - 0.18 microns
	Wire spacing - 0.18 microns

  10% Overhead
	Repeater size - 79.7772 
	Repeater spacing - 0.643639 (mm) 
	Delay - 0.0416891 (ns/mm) 
	PowerD - 0.000262606 (nJ/mm) 
	PowerL - 0.00626223 (mW/mm)
	Wire width - 0.18 microns
	Wire spacing - 0.18 microns

  20% Overhead
	Repeater size - 71.7772 
	Repeater spacing - 0.843639 (mm) 
	Delay - 0.0455505 (ns/mm) 
	PowerD - 0.000241581 (nJ/mm) 
	PowerL - 0.00429855 (mW/mm)
	Wire width - 0.18 microns
	Wire spacing - 0.18 microns

  30% Overhead
	Repeater size - 61.7772 
	Repeater spacing - 0.943639 (mm) 
	Delay - 0.0493282 (ns/mm) 
	PowerD - 0.000229625 (nJ/mm) 
	PowerL - 0.00330761 (mW/mm)
	Wire width - 0.18 microns
	Wire spacing - 0.18 microns

  Low-swing wire (1 mm) - Note: Unlike repeated wires, 
	delay and power values of low-swing wires do not
	have a linear relationship with length. 
	delay - 0.440251 (ns) 
	powerD - 3.99344e-05 (nJ) 
	PowerL - 4.02212e-06 (mW)
	Wire width - 3.6e-07 microns
	Wire spacing - 3.6e-07 microns


********************************************************

>>>>>>>>>>>>>>>>> SRAM CELL VDD = 0.65 V

********* VOLTAGE-SCALED SRAM CELL PARAMETERS **********
	R_nch_on  =      905.698 ohm-um   (nominal 737.809 ohm-um)
	R_pch_on  =      2182.73 ohm-um   (nominal 1778.12 ohm-um)
	Vdd  =         0.65 V   (nominal 1 V)
	I_on_n	  =    0.0010837 A/um   (nominal 0.0020466 A/um)
	I_off_n	  =  1.31058e-07 A/um   (nominal 4.39e-07 A/um)
********************************************************

******************** CACHE DATA ************************

---------- CACTI version 6.5, Uniform Cache Access SRAM Model ----------

Cache Parameters:
    Total cache size (bytes): 65536
    Number of banks: 2
    Associativity: 4
    Block size (bytes): 64
    Read/write Ports: 1
    Read ports: 0
    Write ports: 0
    Technology size (nm): 45

    Access time (ns): 0.625915
    Cycle time (ns):  0.288031
    Total dynamic read energy per access (nJ): 0.0186078
    Total leakage power of a bank (mW): 10.0847
    Cache height x width (mm): 0.491866 x 0.734146

    Best Ndwl : 2
    Best Ndbl : 8
    Best Nspd : 0.25
    Best Ndcm : 8
    Best Ndsam L1 : 4
    Best Ndsam L2 : 1

    Best Ntwl : 2
    Best Ntbl : 2
    Best Ntspd : 1
    Best Ntcm : 2
    Best Ntsam L1 : 1
    Best Ntsam L2 : 1
    Data array, H-tree wire type: Delay optimized global wires
    Tag array, wire type: Low swing wires

Time Components:

  Data side (with Output driver) (ns): 0.525863
	H-tree input delay (ns): 0.0668424
	Decoder + wordline delay (ns): 0.169429
	Bitline delay (ns): 0.0577572
	Sense Amplifier delay (ns): 0.00335856
	H-tree output delay (ns): 0.217793

  Tag side (with Output driver) (ns): 0.269767
	H-tree input delay (ns): 0.00205468
	Decoder + wordline delay (ns): 0.143376
	Bitline delay (ns): 0.0541529
	Sense Amplifier delay (ns): 0.00335856
	Comparator delay (ns): 0.0478786
	H-tree output delay (ns): 0.0647702


Power Components:

  Data array: Total dynamic read energy/access  (nJ): 0.0161609
	Total leakage read/write power of a bank (mW): 8.512
	Total energy in H-tree (that includes both address and data transfer) (nJ): 0.0100584
	Output Htree Energy (nJ): 0.00345983
	Decoder (nJ): 0.0001347
	Wordline (nJ): 0.000227169
	Bitline mux & associated drivers (nJ): 0.000205639
	Sense amp mux & associated drivers (nJ): 0
	Bitlines (nJ): 0.00167949
	Sense amplifier energy (nJ): 0.000239651
	Sub-array output driver (nJ): 0.00115722

  Tag array:  Total dynamic read energy/access (nJ): 0.00244696
	Total leakage read/write power of a bank (mW): 1.57267
	Total energy in H-tree (that includes both address and data transfer) (nJ): 0.000261837
	Output Htree Energy (nJ): 0
	Decoder (nJ): 0.0001347
	Wordline (nJ): 6.68302e-05
	Bitline mux & associated drivers (nJ): 0.000135836
	Sense amp mux & associated drivers (nJ): 0
	Bitlines (nJ): 0.000597
	Sense amplifier energy (nJ): 0.000209694
	Sub-array output driver (nJ): 0.00014241


Area Components:

  Data array: Area (mm2): 0.302851
	Height (mm): 0.491866
	Width (mm): 0.615718
	Area efficiency (Memory cell area/Total area) - 51.1822 %
		MAT Height (mm): 0.113877
		MAT Length (mm): 0.263219
		Subarray Height (mm): 0.042048
		Subarray Length (mm): 0.1206

  Tag array: Area (mm2): 0.0140152
	Height (mm): 0.118343
	Width (mm): 0.118428
	Area efficiency (Memory cell area/Total area) - 60.4835 %
		MAT Height (mm): 0.104303
		MAT Length (mm): 0.0592141
		Subarray Height (mm): 0.042048
		Subarray Length (mm): 0.0262125

Wire Properties:

  Delay Optimal
	Repeater size - 158.777 
	Repeater spacing - 0.443639 (mm) 
	Delay - 0.037959 (ns/mm) 
	PowerD - 0.000405587 (nJ/mm) 
	PowerL - 0.0180822 (mW/mm)
	Wire width - 0.18 microns
	Wire spacing - 0.18 microns

  5% Overhead
	Repeater size - 99.7772 
	Repeater spacing - 0.643639 (mm) 
	Delay - 0.039838 (ns/mm) 
	PowerD - 0.000283616 (nJ/mm) 
	PowerL - 0.00783216 (mW/mm)
	Wire width - 0.18 microns
	Wire spacing - 0.18 microns

  10% Overhead
	Repeater size - 79.7772 
	Repeater spacing - 0.643639 (mm) 
	Delay - 0.0416891 (ns/mm) 
	PowerD - 0.000262606 (nJ/mm) 
	PowerL - 0.00626223 (mW/mm)
	Wire width - 0.18 microns
	Wire spacing - 0.18 microns

  20% Overhead
	Repeater size - 71.7772 
	Repeater spacing - 0.843639 (mm) 
	Delay - 0.0455505 (ns/mm) 
	PowerD - 0.000241581 (nJ/mm) 
	PowerL - 0.00429855 (mW/mm)
	Wire width - 0.18 microns
	Wire spacing - 0.18 microns

  30% Overhead
	Repeater size - 61.7772 
	Repeater spacing - 0.943639 (mm) 
	Delay - 0.0493282 (ns/mm) 
	PowerD - 0.000229625 (nJ/mm) 
	PowerL - 0.00330761 (mW/mm)
	Wire width - 0.18 microns
	Wire spacing - 0.18 microns

  Low-swing wire (1 mm) - Note: Unlike repeated wires, 
	delay and power values of low-swing wires do not
	have a linear relationship with length. 
	delay - 0.440251 (ns) 
	powerD - 3.99344e-05 (nJ) 
	PowerL - 4.02212e-06 (mW)
	Wire width - 3.6e-07 microns
	Wire spacing - 3.6e-07 microns


********************************************************

>>>>>>>>>>>>>>>>> SRAM CELL VDD = 0.6 V

********* VOLTAGE-SCALED SRAM CELL PARAMETERS **********
	R_nch_on  =      952.644 ohm-um   (nominal 737.809 ohm-um)
	R_pch_on  =      2295.87 ohm-um   (nominal 1778.12 ohm-um)
	Vdd  =          0.6 V   (nominal 1 V)
	I_on_n	  =  0.000951037 A/um   (nominal 0.0020466 A/um)
	I_off_n	  =  1.10272e-07 A/um   (nominal 4.39e-07 A/um)
********************************************************

******************** CACHE DATA ************************

---------- CACTI version 6.5, Uniform Cache Access SRAM Model ----------

Cache Parameters:
    Total cache size (bytes): 65536
    Number of banks: 2
    Associativity: 4
    Block size (bytes): 64
    Read/write Ports: 1
    Read ports: 0
    Write ports: 0
    Technology size (nm): 45

    Access time (ns): 0.625915
    Cycle time (ns):  0.28934
    Total dynamic read energy per access (nJ): 0.0184639
    Total leakage power of a bank (mW): 9.04782
    Cache height x width (mm): 0.491866 x 0.734146

    Best Ndwl : 2
    Best Ndbl : 8
    Best Nspd : 0.25
    Best Ndcm : 8
    Best Ndsam L1 : 4
    Best Ndsam L2 : 1

    Best Ntwl : 2
    Best Ntbl : 2
    Best Ntspd : 1
    Best Ntcm : 2
    Best Ntsam L1 : 1
    Best Ntsam L2 : 1
    Data array, H-tree wire type: Delay optimized global wires
    Tag array, wire type: Low swing wires

Time Components:

  Data side (with Output driver) (ns): 0.527172
	H-tree input delay (ns): 0.0668424
	Decoder + wordline delay (ns): 0.169429
	Bitline delay (ns): 0.0590665
	Sense Amplifier delay (ns): 0.00335856
	H-tree output delay (ns): 0.217793

  Tag side (with Output driver) (ns): 0.269767
	H-tree input delay (ns): 0.00205468
	Decoder + wordline delay (ns): 0.143376
	Bitline delay (ns): 0.0541529
	Sense Amplifier delay (ns): 0.00335856
	Comparator delay (ns): 0.0478786
	H-tree output delay (ns): 0.0647702


Power Components:

  Data array: Total dynamic read energy/access  (nJ): 0.016017
	Total leakage read/write power of a bank (mW): 7.47515
	Total energy in H-tree (that includes both address and data transfer) (nJ): 0.0100584
	Output Htree Energy (nJ): 0.00345983
	Decoder (nJ): 0.0001347
	Wordline (nJ): 0.000212467
	Bitline mux & associated drivers (nJ): 0.000205639
	Sense amp mux & associated drivers (nJ): 0
	Bitlines (nJ): 0.0015503
	Sense amplifier energy (nJ): 0.000239651
	Sub-array output driver (nJ): 0.00115722

  Tag array:  Total dynamic read energy/access (nJ): 0.00244696
	Total leakage read/write power of a bank (mW): 1.57267
	Total energy in H-tree (that includes both address and data transfer) (nJ): 0.000261837
	Output Htree Energy (nJ): 0
	Decoder (nJ): 0.0001347
	Wordline (nJ): 6.68302e-05
	Bitline mux & associated drivers (nJ): 0.000135836
	Sense amp mux & associated drivers (nJ): 0
	Bitlines (nJ): 0.000597
	Sense amplifier energy (nJ): 0.000209694
	Sub-array output driver (nJ): 0.00014241


Area Components:

  Data array: Area (mm2): 0.302851
	Height (mm): 0.491866
	Width (mm): 0.615718
	Area efficiency (Memory cell area/Total area) - 51.1822 %
		MAT Height (mm): 0.113877
		MAT Length (mm): 0.263219
		Subarray Height (mm): 0.042048
		Subarray Length (mm): 0.1206

  Tag array: Area (mm2): 0.0140152
	Height (mm): 0.118343
	Width (mm): 0.118428
	Area efficiency (Memory cell area/Total area) - 60.4835 %
		MAT Height (mm): 0.104303
		MAT Length (mm): 0.0592141
		Subarray Height (mm): 0.042048
		Subarray Length (mm): 0.0262125

Wire Properties:

  Delay Optimal
	Repeater size - 158.777 
	Repeater spacing - 0.443639 (mm) 
	Delay - 0.037959 (ns/mm) 
	PowerD - 0.000405587 (nJ/mm) 
	PowerL - 0.0180822 (mW/mm)
	Wire width - 0.18 microns
	Wire spacing - 0.18 microns

  5% Overhead
	Repeater size - 99.7772 
	Repeater spacing - 0.643639 (mm) 
	Delay - 0.039838 (ns/mm) 
	PowerD - 0.000283616 (nJ/mm) 
	PowerL - 0.00783216 (mW/mm)
	Wire width - 0.18 microns
	Wire spacing - 0.18 microns

  10% Overhead
	Repeater size - 79.7772 
	Repeater spacing - 0.643639 (mm) 
	Delay - 0.0416891 (ns/mm) 
	PowerD - 0.000262606 (nJ/mm) 
	PowerL - 0.00626223 (mW/mm)
	Wire width - 0.18 microns
	Wire spacing - 0.18 microns

  20% Overhead
	Repeater size - 71.7772 
	Repeater spacing - 0.843639 (mm) 
	Delay - 0.0455505 (ns/mm) 
	PowerD - 0.000241581 (nJ/mm) 
	PowerL - 0.00429855 (mW/mm)
	Wire width - 0.18 microns
	Wire spacing - 0.18 microns

  30% Overhead
	Repeater size - 61.7772 
	Repeater spacing - 0.943639 (mm) 
	Delay - 0.0493282 (ns/mm) 
	PowerD - 0.000229625 (nJ/mm) 
	PowerL - 0.00330761 (mW/mm)
	Wire width - 0.18 microns
	Wire spacing - 0.18 microns

  Low-swing wire (1 mm) - Note: Unlike repeated wires, 
	delay and power values of low-swing wires do not
	have a linear relationship with length. 
	delay - 0.440251 (ns) 
	powerD - 3.99344e-05 (nJ) 
	PowerL - 4.02212e-06 (mW)
	Wire width - 3.6e-07 microns
	Wire spacing - 3.6e-07 microns


********************************************************

>>>>>>>>>>>>>>>>> SRAM CELL VDD = 0.55 V

********* VOLTAGE-SCALED SRAM CELL PARAMETERS **********
	R_nch_on  =      1013.32 ohm-um   (nominal 737.809 ohm-um)
	R_pch_on  =       2442.1 ohm-um   (nominal 1778.12 ohm-um)
	Vdd  =         0.55 V   (nominal 1 V)
	I_on_n	  =  0.000819582 A/um   (nominal 0.0020466 A/um)
	I_off_n	  =  9.27822e-08 A/um   (nominal 4.39e-07 A/um)
********************************************************

******************** CACHE DATA ************************

---------- CACTI version 6.5, Uniform Cache Access SRAM Model ----------

Cache Parameters:
    Total cache size (bytes): 65536
    Number of banks: 2
    Associativity: 4
    Block size (bytes): 64
    Read/write Ports: 1
    Read ports: 0
    Write ports: 0
    Technology size (nm): 45

    Access time (ns): 0.625915
    Cycle time (ns):  0.291101
    Total dynamic read energy per access (nJ): 0.0183212
    Total leakage power of a bank (mW): 8.22308
    Cache height x width (mm): 0.491866 x 0.734146

    Best Ndwl : 2
    Best Ndbl : 8
    Best Nspd : 0.25
    Best Ndcm : 8
    Best Ndsam L1 : 4
    Best Ndsam L2 : 1

    Best Ntwl : 2
    Best Ntbl : 2
    Best Ntspd : 1
    Best Ntcm : 2
    Best Ntsam L1 : 1
    Best Ntsam L2 : 1
    Data array, H-tree wire type: Delay optimized global wires
    Tag array, wire type: Low swing wires

Time Components:

  Data side (with Output driver) (ns): 0.528933
	H-tree input delay (ns): 0.0668424
	Decoder + wordline delay (ns): 0.169429
	Bitline delay (ns): 0.0608273
	Sense Amplifier delay (ns): 0.00335856
	H-tree output delay (ns): 0.217793

  Tag side (with Output driver) (ns): 0.269767
	H-tree input delay (ns): 0.00205468
	Decoder + wordline delay (ns): 0.143376
	Bitline delay (ns): 0.0541529
	Sense Amplifier delay (ns): 0.00335856
	Comparator delay (ns): 0.0478786
	H-tree output delay (ns): 0.0647702


Power Components:

  Data array: Total dynamic read energy/access  (nJ): 0.0158743
	Total leakage read/write power of a bank (mW): 6.65041
	Total energy in H-tree (that includes both address and data transfer) (nJ): 0.0100584
	Output Htree Energy (nJ): 0.00345983
	Decoder (nJ): 0.0001347
	Wordline (nJ): 0.000198942
	Bitline mux & associated drivers (nJ): 0.000205639
	Sense amp mux & associated drivers (nJ): 0
	Bitlines (nJ): 0.00142111
	Sense amplifier energy (nJ): 0.000239651
	Sub-array output driver (nJ): 0.00115722

  Tag array:  Total dynamic read energy/access (nJ): 0.00244696
	Total leakage read/write power of a bank (mW): 1.57267
	Total energy in H-tree (that includes both address and data transfer) (nJ): 0.000261837
	Output Htree Energy (nJ): 0
	Decoder (nJ): 0.0001347
	Wordline (nJ): 6.68302e-05
	Bitline mux & associated drivers (nJ): 0.000135836
	Sense amp mux & associated drivers (nJ): 0
	Bitlines (nJ): 0.000597
	Sense amplifier energy (nJ): 0.000209694
	Sub-array output driver (nJ): 0.00014241


Area Components:

  Data array: Area (mm2): 0.302851
	Height (mm): 0.491866
	Width (mm): 0.615718
	Area efficiency (Memory cell area/Total area) - 51.1822 %
		MAT Height (mm): 0.113877
		MAT Length (mm): 0.263219
		Subarray Height (mm): 0.042048
		Subarray Length (mm): 0.1206

  Tag array: Area (mm2): 0.0140152
	Height (mm): 0.118343
	Width (mm): 0.118428
	Area efficiency (Memory cell area/Total area) - 60.4835 %
		MAT Height (mm): 0.104303
		MAT Length (mm): 0.0592141
		Subarray Height (mm): 0.042048
		Subarray Length (mm): 0.0262125

Wire Properties:

  Delay Optimal
	Repeater size - 158.777 
	Repeater spacing - 0.443639 (mm) 
	Delay - 0.037959 (ns/mm) 
	PowerD - 0.000405587 (nJ/mm) 
	PowerL - 0.0180822 (mW/mm)
	Wire width - 0.18 microns
	Wire spacing - 0.18 microns

  5% Overhead
	Repeater size - 99.7772 
	Repeater spacing - 0.643639 (mm) 
	Delay - 0.039838 (ns/mm) 
	PowerD - 0.000283616 (nJ/mm) 
	PowerL - 0.00783216 (mW/mm)
	Wire width - 0.18 microns
	Wire spacing - 0.18 microns

  10% Overhead
	Repeater size - 79.7772 
	Repeater spacing - 0.643639 (mm) 
	Delay - 0.0416891 (ns/mm) 
	PowerD - 0.000262606 (nJ/mm) 
	PowerL - 0.00626223 (mW/mm)
	Wire width - 0.18 microns
	Wire spacing - 0.18 microns

  20% Overhead
	Repeater size - 71.7772 
	Repeater spacing - 0.843639 (mm) 
	Delay - 0.0455505 (ns/mm) 
	PowerD - 0.000241581 (nJ/mm) 
	PowerL - 0.00429855 (mW/mm)
	Wire width - 0.18 microns
	Wire spacing - 0.18 microns

  30% Overhead
	Repeater size - 61.7772 
	Repeater spacing - 0.943639 (mm) 
	Delay - 0.0493282 (ns/mm) 
	PowerD - 0.000229625 (nJ/mm) 
	PowerL - 0.00330761 (mW/mm)
	Wire width - 0.18 microns
	Wire spacing - 0.18 microns

  Low-swing wire (1 mm) - Note: Unlike repeated wires, 
	delay and power values of low-swing wires do not
	have a linear relationship with length. 
	delay - 0.440251 (ns) 
	powerD - 3.99344e-05 (nJ) 
	PowerL - 4.02212e-06 (mW)
	Wire width - 3.6e-07 microns
	Wire spacing - 3.6e-07 microns


********************************************************

>>>>>>>>>>>>>>>>> SRAM CELL VDD = 0.5 V

********* VOLTAGE-SCALED SRAM CELL PARAMETERS **********
	R_nch_on  =      1095.26 ohm-um   (nominal 737.809 ohm-um)
	R_pch_on  =      2639.59 ohm-um   (nominal 1778.12 ohm-um)
	Vdd  =          0.5 V   (nominal 1 V)
	I_on_n	  =  0.000689331 A/um   (nominal 0.0020466 A/um)
	I_off_n	  =  7.80665e-08 A/um   (nominal 4.39e-07 A/um)
********************************************************

******************** CACHE DATA ************************

---------- CACTI version 6.5, Uniform Cache Access SRAM Model ----------

Cache Parameters:
    Total cache size (bytes): 65536
    Number of banks: 2
    Associativity: 4
    Block size (bytes): 64
    Read/write Ports: 1
    Read ports: 0
    Write ports: 0
    Technology size (nm): 45

    Access time (ns): 0.625915
    Cycle time (ns):  0.293589
    Total dynamic read energy per access (nJ): 0.0181797
    Total leakage power of a bank (mW): 7.56925
    Cache height x width (mm): 0.491866 x 0.734146

    Best Ndwl : 2
    Best Ndbl : 8
    Best Nspd : 0.25
    Best Ndcm : 8
    Best Ndsam L1 : 4
    Best Ndsam L2 : 1

    Best Ntwl : 2
    Best Ntbl : 2
    Best Ntspd : 1
    Best Ntcm : 2
    Best Ntsam L1 : 1
    Best Ntsam L2 : 1
    Data array, H-tree wire type: Delay optimized global wires
    Tag array, wire type: Low swing wires

Time Components:

  Data side (with Output driver) (ns): 0.531421
	H-tree input delay (ns): 0.0668424
	Decoder + wordline delay (ns): 0.169429
	Bitline delay (ns): 0.063316
	Sense Amplifier delay (ns): 0.00335856
	H-tree output delay (ns): 0.217793

  Tag side (with Output driver) (ns): 0.269767
	H-tree input delay (ns): 0.00205468
	Decoder + wordline delay (ns): 0.143376
	Bitline delay (ns): 0.0541529
	Sense Amplifier delay (ns): 0.00335856
	Comparator delay (ns): 0.0478786
	H-tree output delay (ns): 0.0647702


Power Components:

  Data array: Total dynamic read energy/access  (nJ): 0.0157327
	Total leakage read/write power of a bank (mW): 5.99658
	Total energy in H-tree (that includes both address and data transfer) (nJ): 0.0100584
	Output Htree Energy (nJ): 0.00345983
	Decoder (nJ): 0.0001347
	Wordline (nJ): 0.000186592
	Bitline mux & associated drivers (nJ): 0.000205639
	Sense amp mux & associated drivers (nJ): 0
	Bitlines (nJ): 0.00129192
	Sense amplifier energy (nJ): 0.000239651
	Sub-array output driver (nJ): 0.00115722

  Tag array:  Total dynamic read energy/access (nJ): 0.00244696
	Total leakage read/write power of a bank (mW): 1.57267
	Total energy in H-tree (that includes both address and data transfer) (nJ): 0.000261837
	Output Htree Energy (nJ): 0
	Decoder (nJ): 0.0001347
	Wordline (nJ): 6.68302e-05
	Bitline mux & associated drivers (nJ): 0.000135836
	Sense amp mux & associated drivers (nJ): 0
	Bitlines (nJ): 0.000597
	Sense amplifier energy (nJ): 0.000209694
	Sub-array output driver (nJ): 0.00014241


Area Components:

  Data array: Area (mm2): 0.302851
	Height (mm): 0.491866
	Width (mm): 0.615718
	Area efficiency (Memory cell area/Total area) - 51.1822 %
		MAT Height (mm): 0.113877
		MAT Length (mm): 0.263219
		Subarray Height (mm): 0.042048
		Subarray Length (mm): 0.1206

  Tag array: Area (mm2): 0.0140152
	Height (mm): 0.118343
	Width (mm): 0.118428
	Area efficiency (Memory cell area/Total area) - 60.4835 %
		MAT Height (mm): 0.104303
		MAT Length (mm): 0.0592141
		Subarray Height (mm): 0.042048
		Subarray Length (mm): 0.0262125

Wire Properties:

  Delay Optimal
	Repeater size - 158.777 
	Repeater spacing - 0.443639 (mm) 
	Delay - 0.037959 (ns/mm) 
	PowerD - 0.000405587 (nJ/mm) 
	PowerL - 0.0180822 (mW/mm)
	Wire width - 0.18 microns
	Wire spacing - 0.18 microns

  5% Overhead
	Repeater size - 99.7772 
	Repeater spacing - 0.643639 (mm) 
	Delay - 0.039838 (ns/mm) 
	PowerD - 0.000283616 (nJ/mm) 
	PowerL - 0.00783216 (mW/mm)
	Wire width - 0.18 microns
	Wire spacing - 0.18 microns

  10% Overhead
	Repeater size - 79.7772 
	Repeater spacing - 0.643639 (mm) 
	Delay - 0.0416891 (ns/mm) 
	PowerD - 0.000262606 (nJ/mm) 
	PowerL - 0.00626223 (mW/mm)
	Wire width - 0.18 microns
	Wire spacing - 0.18 microns

  20% Overhead
	Repeater size - 71.7772 
	Repeater spacing - 0.843639 (mm) 
	Delay - 0.0455505 (ns/mm) 
	PowerD - 0.000241581 (nJ/mm) 
	PowerL - 0.00429855 (mW/mm)
	Wire width - 0.18 microns
	Wire spacing - 0.18 microns

  30% Overhead
	Repeater size - 61.7772 
	Repeater spacing - 0.943639 (mm) 
	Delay - 0.0493282 (ns/mm) 
	PowerD - 0.000229625 (nJ/mm) 
	PowerL - 0.00330761 (mW/mm)
	Wire width - 0.18 microns
	Wire spacing - 0.18 microns

  Low-swing wire (1 mm) - Note: Unlike repeated wires, 
	delay and power values of low-swing wires do not
	have a linear relationship with length. 
	delay - 0.440251 (ns) 
	powerD - 3.99344e-05 (nJ) 
	PowerL - 4.02212e-06 (mW)
	Wire width - 3.6e-07 microns
	Wire spacing - 3.6e-07 microns


********************************************************

>>>>>>>>>>>>>>>>> SRAM CELL VDD = 0.45 V

********* VOLTAGE-SCALED SRAM CELL PARAMETERS **********
	R_nch_on  =      1212.78 ohm-um   (nominal 737.809 ohm-um)
	R_pch_on  =       2922.8 ohm-um   (nominal 1778.12 ohm-um)
	Vdd  =         0.45 V   (nominal 1 V)
	I_on_n	  =  0.000560284 A/um   (nominal 0.0020466 A/um)
	I_off_n	  =  6.56847e-08 A/um   (nominal 4.39e-07 A/um)
********************************************************

******************** CACHE DATA ************************

---------- CACTI version 6.5, Uniform Cache Access SRAM Model ----------

Cache Parameters:
    Total cache size (bytes): 65536
    Number of banks: 2
    Associativity: 4
    Block size (bytes): 64
    Read/write Ports: 1
    Read ports: 0
    Write ports: 0
    Technology size (nm): 45

    Access time (ns): 0.625915
    Cycle time (ns):  0.297345
    Total dynamic read energy per access (nJ): 0.0180393
    Total leakage power of a bank (mW): 7.05286
    Cache height x width (mm): 0.491866 x 0.734146

    Best Ndwl : 2
    Best Ndbl : 8
    Best Nspd : 0.25
    Best Ndcm : 8
    Best Ndsam L1 : 4
    Best Ndsam L2 : 1

    Best Ntwl : 2
    Best Ntbl : 2
    Best Ntspd : 1
    Best Ntcm : 2
    Best Ntsam L1 : 1
    Best Ntsam L2 : 1
    Data array, H-tree wire type: Delay optimized global wires
    Tag array, wire type: Low swing wires

Time Components:

  Data side (with Output driver) (ns): 0.535177
	H-tree input delay (ns): 0.0668424
	Decoder + wordline delay (ns): 0.169429
	Bitline delay (ns): 0.0670716
	Sense Amplifier delay (ns): 0.00335856
	H-tree output delay (ns): 0.217793

  Tag side (with Output driver) (ns): 0.269767
	H-tree input delay (ns): 0.00205468
	Decoder + wordline delay (ns): 0.143376
	Bitline delay (ns): 0.0541529
	Sense Amplifier delay (ns): 0.00335856
	Comparator delay (ns): 0.0478786
	H-tree output delay (ns): 0.0647702


Power Components:

  Data array: Total dynamic read energy/access  (nJ): 0.0155923
	Total leakage read/write power of a bank (mW): 5.48019
	Total energy in H-tree (that includes both address and data transfer) (nJ): 0.0100584
	Output Htree Energy (nJ): 0.00345983
	Decoder (nJ): 0.0001347
	Wordline (nJ): 0.000175419
	Bitline mux & associated drivers (nJ): 0.000205639
	Sense amp mux & associated drivers (nJ): 0
	Bitlines (nJ): 0.00116272
	Sense amplifier energy (nJ): 0.000239651
	Sub-array output driver (nJ): 0.00115722

  Tag array:  Total dynamic read energy/access (nJ): 0.00244696
	Total leakage read/write power of a bank (mW): 1.57267
	Total energy in H-tree (that includes both address and data transfer) (nJ): 0.000261837
	Output Htree Energy (nJ): 0
	Decoder (nJ): 0.0001347
	Wordline (nJ): 6.68302e-05
	Bitline mux & associated drivers (nJ): 0.000135836
	Sense amp mux & associated drivers (nJ): 0
	Bitlines (nJ): 0.000597
	Sense amplifier energy (nJ): 0.000209694
	Sub-array output driver (nJ): 0.00014241


Area Components:

  Data array: Area (mm2): 0.302851
	Height (mm): 0.491866
	Width (mm): 0.615718
	Area efficiency (Memory cell area/Total area) - 51.1822 %
		MAT Height (mm): 0.113877
		MAT Length (mm): 0.263219
		Subarray Height (mm): 0.042048
		Subarray Length (mm): 0.1206

  Tag array: Area (mm2): 0.0140152
	Height (mm): 0.118343
	Width (mm): 0.118428
	Area efficiency (Memory cell area/Total area) - 60.4835 %
		MAT Height (mm): 0.104303
		MAT Length (mm): 0.0592141
		Subarray Height (mm): 0.042048
		Subarray Length (mm): 0.0262125

Wire Properties:

  Delay Optimal
	Repeater size - 158.777 
	Repeater spacing - 0.443639 (mm) 
	Delay - 0.037959 (ns/mm) 
	PowerD - 0.000405587 (nJ/mm) 
	PowerL - 0.0180822 (mW/mm)
	Wire width - 0.18 microns
	Wire spacing - 0.18 microns

  5% Overhead
	Repeater size - 99.7772 
	Repeater spacing - 0.643639 (mm) 
	Delay - 0.039838 (ns/mm) 
	PowerD - 0.000283616 (nJ/mm) 
	PowerL - 0.00783216 (mW/mm)
	Wire width - 0.18 microns
	Wire spacing - 0.18 microns

  10% Overhead
	Repeater size - 79.7772 
	Repeater spacing - 0.643639 (mm) 
	Delay - 0.0416891 (ns/mm) 
	PowerD - 0.000262606 (nJ/mm) 
	PowerL - 0.00626223 (mW/mm)
	Wire width - 0.18 microns
	Wire spacing - 0.18 microns

  20% Overhead
	Repeater size - 71.7772 
	Repeater spacing - 0.843639 (mm) 
	Delay - 0.0455505 (ns/mm) 
	PowerD - 0.000241581 (nJ/mm) 
	PowerL - 0.00429855 (mW/mm)
	Wire width - 0.18 microns
	Wire spacing - 0.18 microns

  30% Overhead
	Repeater size - 61.7772 
	Repeater spacing - 0.943639 (mm) 
	Delay - 0.0493282 (ns/mm) 
	PowerD - 0.000229625 (nJ/mm) 
	PowerL - 0.00330761 (mW/mm)
	Wire width - 0.18 microns
	Wire spacing - 0.18 microns

  Low-swing wire (1 mm) - Note: Unlike repeated wires, 
	delay and power values of low-swing wires do not
	have a linear relationship with length. 
	delay - 0.440251 (ns) 
	powerD - 3.99344e-05 (nJ) 
	PowerL - 4.02212e-06 (mW)
	Wire width - 3.6e-07 microns
	Wire spacing - 3.6e-07 microns


********************************************************

>>>>>>>>>>>>>>>>> SRAM CELL VDD = 0.4 V

********* VOLTAGE-SCALED SRAM CELL PARAMETERS **********
	R_nch_on  =      1396.73 ohm-um   (nominal 737.809 ohm-um)
	R_pch_on  =      3366.11 ohm-um   (nominal 1778.12 ohm-um)
	Vdd  =          0.4 V   (nominal 1 V)
	I_on_n	  =  0.000432439 A/um   (nominal 0.0020466 A/um)
	I_off_n	  =  5.52668e-08 A/um   (nominal 4.39e-07 A/um)
********************************************************

******************** CACHE DATA ************************

---------- CACTI version 6.5, Uniform Cache Access SRAM Model ----------

Cache Parameters:
    Total cache size (bytes): 65536
    Number of banks: 2
    Associativity: 4
    Block size (bytes): 64
    Read/write Ports: 1
    Read ports: 0
    Write ports: 0
    Technology size (nm): 45

    Access time (ns): 0.625915
    Cycle time (ns):  0.303563
    Total dynamic read energy per access (nJ): 0.0179001
    Total leakage power of a bank (mW): 6.64676
    Cache height x width (mm): 0.491866 x 0.734146

    Best Ndwl : 2
    Best Ndbl : 8
    Best Nspd : 0.25
    Best Ndcm : 8
    Best Ndsam L1 : 4
    Best Ndsam L2 : 1

    Best Ntwl : 2
    Best Ntbl : 2
    Best Ntspd : 1
    Best Ntcm : 2
    Best Ntsam L1 : 1
    Best Ntsam L2 : 1
    Data array, H-tree wire type: Delay optimized global wires
    Tag array, wire type: Low swing wires

Time Components:

  Data side (with Output driver) (ns): 0.541396
	H-tree input delay (ns): 0.0668424
	Decoder + wordline delay (ns): 0.169429
	Bitline delay (ns): 0.0732901
	Sense Amplifier delay (ns): 0.00335856
	H-tree output delay (ns): 0.217793

  Tag side (with Output driver) (ns): 0.269767
	H-tree input delay (ns): 0.00205468
	Decoder + wordline delay (ns): 0.143376
	Bitline delay (ns): 0.0541529
	Sense Amplifier delay (ns): 0.00335856
	Comparator delay (ns): 0.0478786
	H-tree output delay (ns): 0.0647702


Power Components:

  Data array: Total dynamic read energy/access  (nJ): 0.0154532
	Total leakage read/write power of a bank (mW): 5.07409
	Total energy in H-tree (that includes both address and data transfer) (nJ): 0.0100584
	Output Htree Energy (nJ): 0.00345983
	Decoder (nJ): 0.0001347
	Wordline (nJ): 0.000165421
	Bitline mux & associated drivers (nJ): 0.000205639
	Sense amp mux & associated drivers (nJ): 0
	Bitlines (nJ): 0.00103353
	Sense amplifier energy (nJ): 0.000239651
	Sub-array output driver (nJ): 0.00115722

  Tag array:  Total dynamic read energy/access (nJ): 0.00244696
	Total leakage read/write power of a bank (mW): 1.57267
	Total energy in H-tree (that includes both address and data transfer) (nJ): 0.000261837
	Output Htree Energy (nJ): 0
	Decoder (nJ): 0.0001347
	Wordline (nJ): 6.68302e-05
	Bitline mux & associated drivers (nJ): 0.000135836
	Sense amp mux & associated drivers (nJ): 0
	Bitlines (nJ): 0.000597
	Sense amplifier energy (nJ): 0.000209694
	Sub-array output driver (nJ): 0.00014241


Area Components:

  Data array: Area (mm2): 0.302851
	Height (mm): 0.491866
	Width (mm): 0.615718
	Area efficiency (Memory cell area/Total area) - 51.1822 %
		MAT Height (mm): 0.113877
		MAT Length (mm): 0.263219
		Subarray Height (mm): 0.042048
		Subarray Length (mm): 0.1206

  Tag array: Area (mm2): 0.0140152
	Height (mm): 0.118343
	Width (mm): 0.118428
	Area efficiency (Memory cell area/Total area) - 60.4835 %
		MAT Height (mm): 0.104303
		MAT Length (mm): 0.0592141
		Subarray Height (mm): 0.042048
		Subarray Length (mm): 0.0262125

Wire Properties:

  Delay Optimal
	Repeater size - 158.777 
	Repeater spacing - 0.443639 (mm) 
	Delay - 0.037959 (ns/mm) 
	PowerD - 0.000405587 (nJ/mm) 
	PowerL - 0.0180822 (mW/mm)
	Wire width - 0.18 microns
	Wire spacing - 0.18 microns

  5% Overhead
	Repeater size - 99.7772 
	Repeater spacing - 0.643639 (mm) 
	Delay - 0.039838 (ns/mm) 
	PowerD - 0.000283616 (nJ/mm) 
	PowerL - 0.00783216 (mW/mm)
	Wire width - 0.18 microns
	Wire spacing - 0.18 microns

  10% Overhead
	Repeater size - 79.7772 
	Repeater spacing - 0.643639 (mm) 
	Delay - 0.0416891 (ns/mm) 
	PowerD - 0.000262606 (nJ/mm) 
	PowerL - 0.00626223 (mW/mm)
	Wire width - 0.18 microns
	Wire spacing - 0.18 microns

  20% Overhead
	Repeater size - 71.7772 
	Repeater spacing - 0.843639 (mm) 
	Delay - 0.0455505 (ns/mm) 
	PowerD - 0.000241581 (nJ/mm) 
	PowerL - 0.00429855 (mW/mm)
	Wire width - 0.18 microns
	Wire spacing - 0.18 microns

  30% Overhead
	Repeater size - 61.7772 
	Repeater spacing - 0.943639 (mm) 
	Delay - 0.0493282 (ns/mm) 
	PowerD - 0.000229625 (nJ/mm) 
	PowerL - 0.00330761 (mW/mm)
	Wire width - 0.18 microns
	Wire spacing - 0.18 microns

  Low-swing wire (1 mm) - Note: Unlike repeated wires, 
	delay and power values of low-swing wires do not
	have a linear relationship with length. 
	delay - 0.440251 (ns) 
	powerD - 3.99344e-05 (nJ) 
	PowerL - 4.02212e-06 (mW)
	Wire width - 3.6e-07 microns
	Wire spacing - 3.6e-07 microns


********************************************************

>>>>>>>>>>>>>>>>> SRAM CELL VDD = 0.35 V

********* VOLTAGE-SCALED SRAM CELL PARAMETERS **********
	R_nch_on  =      1728.26 ohm-um   (nominal 737.809 ohm-um)
	R_pch_on  =      4165.11 ohm-um   (nominal 1778.12 ohm-um)
	Vdd  =         0.35 V   (nominal 1 V)
	I_on_n	  =  0.000305799 A/um   (nominal 0.0020466 A/um)
	I_off_n	  =  4.65012e-08 A/um   (nominal 4.39e-07 A/um)
********************************************************

******************** CACHE DATA ************************

---------- CACTI version 6.5, Uniform Cache Access SRAM Model ----------

Cache Parameters:
    Total cache size (bytes): 65536
    Number of banks: 2
    Associativity: 4
    Block size (bytes): 64
    Read/write Ports: 1
    Read ports: 0
    Write ports: 0
    Technology size (nm): 45

    Access time (ns): 0.625915
    Cycle time (ns):  0.315467
    Total dynamic read energy per access (nJ): 0.0177621
    Total leakage power of a bank (mW): 6.32896
    Cache height x width (mm): 0.491866 x 0.734146

    Best Ndwl : 2
    Best Ndbl : 8
    Best Nspd : 0.25
    Best Ndcm : 8
    Best Ndsam L1 : 4
    Best Ndsam L2 : 1

    Best Ntwl : 2
    Best Ntbl : 2
    Best Ntspd : 1
    Best Ntcm : 2
    Best Ntsam L1 : 1
    Best Ntsam L2 : 1
    Data array, H-tree wire type: Delay optimized global wires
    Tag array, wire type: Low swing wires

Time Components:

  Data side (with Output driver) (ns): 0.553299
	H-tree input delay (ns): 0.0668424
	Decoder + wordline delay (ns): 0.169429
	Bitline delay (ns): 0.0851934
	Sense Amplifier delay (ns): 0.00335856
	H-tree output delay (ns): 0.217793

  Tag side (with Output driver) (ns): 0.269767
	H-tree input delay (ns): 0.00205468
	Decoder + wordline delay (ns): 0.143376
	Bitline delay (ns): 0.0541529
	Sense Amplifier delay (ns): 0.00335856
	Comparator delay (ns): 0.0478786
	H-tree output delay (ns): 0.0647702


Power Components:

  Data array: Total dynamic read energy/access  (nJ): 0.0153151
	Total leakage read/write power of a bank (mW): 4.75629
	Total energy in H-tree (that includes both address and data transfer) (nJ): 0.0100584
	Output Htree Energy (nJ): 0.00345983
	Decoder (nJ): 0.0001347
	Wordline (nJ): 0.0001566
	Bitline mux & associated drivers (nJ): 0.000205639
	Sense amp mux & associated drivers (nJ): 0
	Bitlines (nJ): 0.000904341
	Sense amplifier energy (nJ): 0.000239651
	Sub-array output driver (nJ): 0.00115722

  Tag array:  Total dynamic read energy/access (nJ): 0.00244696
	Total leakage read/write power of a bank (mW): 1.57267
	Total energy in H-tree (that includes both address and data transfer) (nJ): 0.000261837
	Output Htree Energy (nJ): 0
	Decoder (nJ): 0.0001347
	Wordline (nJ): 6.68302e-05
	Bitline mux & associated drivers (nJ): 0.000135836
	Sense amp mux & associated drivers (nJ): 0
	Bitlines (nJ): 0.000597
	Sense amplifier energy (nJ): 0.000209694
	Sub-array output driver (nJ): 0.00014241


Area Components:

  Data array: Area (mm2): 0.302851
	Height (mm): 0.491866
	Width (mm): 0.615718
	Area efficiency (Memory cell area/Total area) - 51.1822 %
		MAT Height (mm): 0.113877
		MAT Length (mm): 0.263219
		Subarray Height (mm): 0.042048
		Subarray Length (mm): 0.1206

  Tag array: Area (mm2): 0.0140152
	Height (mm): 0.118343
	Width (mm): 0.118428
	Area efficiency (Memory cell area/Total area) - 60.4835 %
		MAT Height (mm): 0.104303
		MAT Length (mm): 0.0592141
		Subarray Height (mm): 0.042048
		Subarray Length (mm): 0.0262125

Wire Properties:

  Delay Optimal
	Repeater size - 158.777 
	Repeater spacing - 0.443639 (mm) 
	Delay - 0.037959 (ns/mm) 
	PowerD - 0.000405587 (nJ/mm) 
	PowerL - 0.0180822 (mW/mm)
	Wire width - 0.18 microns
	Wire spacing - 0.18 microns

  5% Overhead
	Repeater size - 99.7772 
	Repeater spacing - 0.643639 (mm) 
	Delay - 0.039838 (ns/mm) 
	PowerD - 0.000283616 (nJ/mm) 
	PowerL - 0.00783216 (mW/mm)
	Wire width - 0.18 microns
	Wire spacing - 0.18 microns

  10% Overhead
	Repeater size - 79.7772 
	Repeater spacing - 0.643639 (mm) 
	Delay - 0.0416891 (ns/mm) 
	PowerD - 0.000262606 (nJ/mm) 
	PowerL - 0.00626223 (mW/mm)
	Wire width - 0.18 microns
	Wire spacing - 0.18 microns

  20% Overhead
	Repeater size - 71.7772 
	Repeater spacing - 0.843639 (mm) 
	Delay - 0.0455505 (ns/mm) 
	PowerD - 0.000241581 (nJ/mm) 
	PowerL - 0.00429855 (mW/mm)
	Wire width - 0.18 microns
	Wire spacing - 0.18 microns

  30% Overhead
	Repeater size - 61.7772 
	Repeater spacing - 0.943639 (mm) 
	Delay - 0.0493282 (ns/mm) 
	PowerD - 0.000229625 (nJ/mm) 
	PowerL - 0.00330761 (mW/mm)
	Wire width - 0.18 microns
	Wire spacing - 0.18 microns

  Low-swing wire (1 mm) - Note: Unlike repeated wires, 
	delay and power values of low-swing wires do not
	have a linear relationship with length. 
	delay - 0.440251 (ns) 
	powerD - 3.99344e-05 (nJ) 
	PowerL - 4.02212e-06 (mW)
	Wire width - 3.6e-07 microns
	Wire spacing - 3.6e-07 microns


********************************************************

>>>>>>>>>>>>>>>>> SRAM CELL VDD = 0.3 V

********* VOLTAGE-SCALED SRAM CELL PARAMETERS **********
	R_nch_on  =      2511.62 ohm-um   (nominal 737.809 ohm-um)
	R_pch_on  =      6053.01 ohm-um   (nominal 1778.12 ohm-um)
	Vdd  =          0.3 V   (nominal 1 V)
	I_on_n	  =  0.000180362 A/um   (nominal 0.0020466 A/um)
	I_off_n	  =  3.91259e-08 A/um   (nominal 4.39e-07 A/um)
********************************************************

******************** CACHE DATA ************************

---------- CACTI version 6.5, Uniform Cache Access SRAM Model ----------

Cache Parameters:
    Total cache size (bytes): 65536
    Number of banks: 2
    Associativity: 4
    Block size (bytes): 64
    Read/write Ports: 1
    Read ports: 0
    Write ports: 0
    Technology size (nm): 45

    Access time (ns): 0.625915
    Cycle time (ns):  0.345375
    Total dynamic read energy per access (nJ): 0.0176253
    Total leakage power of a bank (mW): 6.08165
    Cache height x width (mm): 0.491866 x 0.734146

    Best Ndwl : 2
    Best Ndbl : 8
    Best Nspd : 0.25
    Best Ndcm : 8
    Best Ndsam L1 : 4
    Best Ndsam L2 : 1

    Best Ntwl : 2
    Best Ntbl : 2
    Best Ntspd : 1
    Best Ntcm : 2
    Best Ntsam L1 : 1
    Best Ntsam L2 : 1
    Data array, H-tree wire type: Delay optimized global wires
    Tag array, wire type: Low swing wires

Time Components:

  Data side (with Output driver) (ns): 0.583207
	H-tree input delay (ns): 0.0668424
	Decoder + wordline delay (ns): 0.169429
	Bitline delay (ns): 0.115101
	Sense Amplifier delay (ns): 0.00335856
	H-tree output delay (ns): 0.217793

  Tag side (with Output driver) (ns): 0.269767
	H-tree input delay (ns): 0.00205468
	Decoder + wordline delay (ns): 0.143376
	Bitline delay (ns): 0.0541529
	Sense Amplifier delay (ns): 0.00335856
	Comparator delay (ns): 0.0478786
	H-tree output delay (ns): 0.0647702


Power Components:

  Data array: Total dynamic read energy/access  (nJ): 0.0151783
	Total leakage read/write power of a bank (mW): 4.50899
	Total energy in H-tree (that includes both address and data transfer) (nJ): 0.0100584
	Output Htree Energy (nJ): 0.00345983
	Decoder (nJ): 0.0001347
	Wordline (nJ): 0.000148955
	Bitline mux & associated drivers (nJ): 0.000205639
	Sense amp mux & associated drivers (nJ): 0
	Bitlines (nJ): 0.000775149
	Sense amplifier energy (nJ): 0.000239651
	Sub-array output driver (nJ): 0.00115722

  Tag array:  Total dynamic read energy/access (nJ): 0.00244696
	Total leakage read/write power of a bank (mW): 1.57267
	Total energy in H-tree (that includes both address and data transfer) (nJ): 0.000261837
	Output Htree Energy (nJ): 0
	Decoder (nJ): 0.0001347
	Wordline (nJ): 6.68302e-05
	Bitline mux & associated drivers (nJ): 0.000135836
	Sense amp mux & associated drivers (nJ): 0
	Bitlines (nJ): 0.000597
	Sense amplifier energy (nJ): 0.000209694
	Sub-array output driver (nJ): 0.00014241


Area Components:

  Data array: Area (mm2): 0.302851
	Height (mm): 0.491866
	Width (mm): 0.615718
	Area efficiency (Memory cell area/Total area) - 51.1822 %
		MAT Height (mm): 0.113877
		MAT Length (mm): 0.263219
		Subarray Height (mm): 0.042048
		Subarray Length (mm): 0.1206

  Tag array: Area (mm2): 0.0140152
	Height (mm): 0.118343
	Width (mm): 0.118428
	Area efficiency (Memory cell area/Total area) - 60.4835 %
		MAT Height (mm): 0.104303
		MAT Length (mm): 0.0592141
		Subarray Height (mm): 0.042048
		Subarray Length (mm): 0.0262125

Wire Properties:

  Delay Optimal
	Repeater size - 158.777 
	Repeater spacing - 0.443639 (mm) 
	Delay - 0.037959 (ns/mm) 
	PowerD - 0.000405587 (nJ/mm) 
	PowerL - 0.0180822 (mW/mm)
	Wire width - 0.18 microns
	Wire spacing - 0.18 microns

  5% Overhead
	Repeater size - 99.7772 
	Repeater spacing - 0.643639 (mm) 
	Delay - 0.039838 (ns/mm) 
	PowerD - 0.000283616 (nJ/mm) 
	PowerL - 0.00783216 (mW/mm)
	Wire width - 0.18 microns
	Wire spacing - 0.18 microns

  10% Overhead
	Repeater size - 79.7772 
	Repeater spacing - 0.643639 (mm) 
	Delay - 0.0416891 (ns/mm) 
	PowerD - 0.000262606 (nJ/mm) 
	PowerL - 0.00626223 (mW/mm)
	Wire width - 0.18 microns
	Wire spacing - 0.18 microns

  20% Overhead
	Repeater size - 71.7772 
	Repeater spacing - 0.843639 (mm) 
	Delay - 0.0455505 (ns/mm) 
	PowerD - 0.000241581 (nJ/mm) 
	PowerL - 0.00429855 (mW/mm)
	Wire width - 0.18 microns
	Wire spacing - 0.18 microns

  30% Overhead
	Repeater size - 61.7772 
	Repeater spacing - 0.943639 (mm) 
	Delay - 0.0493282 (ns/mm) 
	PowerD - 0.000229625 (nJ/mm) 
	PowerL - 0.00330761 (mW/mm)
	Wire width - 0.18 microns
	Wire spacing - 0.18 microns

  Low-swing wire (1 mm) - Note: Unlike repeated wires, 
	delay and power values of low-swing wires do not
	have a linear relationship with length. 
	delay - 0.440251 (ns) 
	powerD - 3.99344e-05 (nJ) 
	PowerL - 4.02212e-06 (mW)
	Wire width - 3.6e-07 microns
	Wire spacing - 3.6e-07 microns


********************************************************
