****************** INPUT ARGUMENTS ***************
Cache size                    : 16777216
Block size                    : 128
Associativity                 : 8
Read only ports               : 0
Write only ports              : 0
Read write ports              : 1
Single ended read ports       : 0
Cache banks (UCA)             : 2
Technology                    : 0.045
Temperature                   : 330
Tag size                      : 22
cache type                    : Cache
Model as memory               : 0
Access mode                   : 0
Data array cell type          : 0
Data array peripheral type    : 0
Tag array cell type           : 0
Tag array peripheral type     : 0
Design objective (UCA wt)     : 0 0 0 0 100
Design objective (UCA dev)    : 60 100000 100000 100000 1000000
Design objective (NUCA wt)    : 100 100 0 0 100
Design objective (NUCA dev)   : 10 10000 10000 10000 10000
Cache model                   : 0
Nuca bank                     : 0
Wire inside mat               : 2
Wire outside mat              : 2
Interconnect projection       : 1
Wire signalling               : 0
Cores                         : 2
Print level                   : 1
ECC overhead                  : 0
Page size                     : 8192
Burst length                  : 8
Internal prefetch width       : 8
Force cache config            : 0
**************************************************

**************** TECHNOLOGY PARAMETERS *****************
ram_wl_stitching_overhead_ =       0.3375 um
min_w_nmos_                =       0.0675 um
max_w_nmos_                =          4.5 um
unit_len_wire_del          =  5.10603e-17 s/um^2
FO4                        =  9.06329e-12 s
kinv                       =  1.68043e-12 s
vpp                        =            0 V
w_sense_en                 =        0.225 um
w_sense_n                  =      0.16875 um
w_sense_p                  =       0.3375 um
w_iso                      =       0.5625 um
w_poly_contact             =        0.045 um
spacing_poly_to_poly       =       0.0675 um
spacing_poly_to_contact    =        0.045 um

w_comp_inv_p1              =       0.5625 um
w_comp_inv_p2              =        1.125 um
w_comp_inv_p3              =         2.25 um
w_comp_inv_n1              =       0.3375 um
w_comp_inv_n2              =        0.675 um
w_comp_inv_n3              =         1.35 um
w_eval_inv_p               =          4.5 um
w_eval_inv_n               =         2.25 um
w_comp_n                   =       0.5625 um
w_comp_p                   =       1.6875 um

dram_cell_I_on             =            0 A/um
dram_cell_Vdd              =            0 V
dram_cell_I_off_worst_case_len_temp =            0 A/um
dram_cell_C                =            0 F
gm_sense_amp_latch         =     0.001408 F/s

w_nmos_b_mux               =        0.405 um
w_nmos_sa_mux              =        0.405 um
w_pmos_bl_precharge        =      0.97605 um
w_pmos_bl_eq               =     0.162675 um
MIN_GAP_BET_P_AND_N_DIFFS  =        0.225 um
HPOWERRAIL                 =         0.09 um
cell_h_def                 =         2.25 um

SRAM cell transistor: 
  C_g_ideal =     6.78e-16 F/um
  C_fringe  =        5e-17 F/um
  C_overlap =    1.356e-16 F/um
  C_junc    =        1e-15 F/um^2
  l_phy     =        0.018 um
  l_elec    =      0.01345 um
  R_nch_on  =      737.809 ohm-um   (nominal 737.809 ohm-um)
  R_pch_on  =      1778.12 ohm-um   (nominal 1778.12 ohm-um)
  Vdd  =            1 V   (nominal 1 V)
  Vth       =      0.18035 V
  Vdsat       =       0.0938 V
  I_on_n	  =    0.0020466 A/um   (nominal 0.0020466 A/um)
  I_on_p	  =            0 A/um   (nominal 0 A/um)
  I_off_n	  =     4.39e-07 A/um   (nominal 4.39e-07 A/um)
  I_off_p	  =     4.39e-07 A/um   (nominal 4.39e-07 A/um)
  C_ox      =            0 F/um^2
  t_ox      =      0.00065 um
  n_to_p_eff_curr_drv_ratio = 2.41

DRAM access transistor: 
  C_g_ideal = -5.30979e+292 F/um
  C_fringe  = 6.93266e-310 F/um
  C_overlap = -1.06196e+292 F/um
  C_junc    = -5.30979e+292 F/um^2
  l_phy     =            0 um
  l_elec    = 3.24044e-317 um
  R_nch_on  =            0 ohm-um   (nominal 0 ohm-um)
  R_pch_on  =            0 ohm-um   (nominal 0 ohm-um)
  Vdd  =            0 V   (nominal 0 V)
  Vth       =            0 V
  Vdsat       =       0.0938 V
  I_on_n	  = 6.93266e-310 A/um   (nominal 6.93266e-310 A/um)
  I_on_p	  =            0 A/um   (nominal 0 A/um)
  I_off_n	  =            0 A/um   (nominal 0 A/um)
  I_off_p	  =            0 A/um   (nominal 0 A/um)
  C_ox      =            0 F/um^2
  t_ox      =            0 um
  n_to_p_eff_curr_drv_ratio = 0

DRAM wordline transistor: 
  C_g_ideal = -5.30979e+292 F/um
  C_fringe  = 6.93266e-310 F/um
  C_overlap = -1.06196e+292 F/um
  C_junc    = -5.30979e+292 F/um^2
  l_phy     =            0 um
  l_elec    = 3.24044e-317 um
  R_nch_on  = 6.93266e-310 ohm-um   (nominal 6.93266e-310 ohm-um)
  R_pch_on  = 6.93266e-310 ohm-um   (nominal 6.93266e-310 ohm-um)
  Vdd  =            0 V   (nominal 0 V)
  Vth       =            0 V
  Vdsat       =            0 V
  I_on_n	  = 6.93266e-310 A/um   (nominal 6.93266e-310 A/um)
  I_on_p	  =            0 A/um   (nominal 0 A/um)
  I_off_n	  = 6.93266e-310 A/um   (nominal 6.93266e-310 A/um)
  I_off_p	  = 6.93266e-310 A/um   (nominal 6.93266e-310 A/um)
  C_ox      =            0 F/um^2
  t_ox      =            0 um
  n_to_p_eff_curr_drv_ratio = 2.51973e-322

peripheral global transistor: 
  C_g_ideal =     6.78e-16 F/um
  C_fringe  =        5e-17 F/um
  C_overlap =    1.356e-16 F/um
  C_junc    =        1e-15 F/um^2
  l_phy     =        0.018 um
  l_elec    =      0.01345 um
  R_nch_on  =      737.809 ohm-um   (nominal 737.809 ohm-um)
  R_pch_on  =      1778.12 ohm-um   (nominal 1778.12 ohm-um)
  Vdd  =            1 V   (nominal 1 V)
  Vth       =      0.18035 V
  Vdsat       =       0.0938 V
  I_on_n	  =    0.0020466 A/um   (nominal 0.0020466 A/um)
  I_on_p	  =            0 A/um   (nominal 0 A/um)
  I_off_n	  =     4.39e-07 A/um   (nominal 4.39e-07 A/um)
  I_off_p	  =            0 A/um   (nominal 0 A/um)
  C_ox      =     3.77e-14 F/um^2
  t_ox      =      0.00065 um
  n_to_p_eff_curr_drv_ratio = 2.41

wire local
  pitch    =       0.1125 um
  R_per_um =      4.20238 ohm/um
  C_per_um =  2.58017e-16 F/um

wire inside mat
  pitch    =         0.36 um
  R_per_um =      0.36296 ohm/um
  C_per_um =  2.81355e-16 F/um

wire outside mat
  pitch    =         0.36 um
  R_per_um =      0.36296 ohm/um
  C_per_um =  2.81355e-16 F/um

SRAM
  b_w         =         0.45 um
  b_h         =        0.657 um
  cell_a_w    =      0.05895 um
  cell_pmos_w =      0.05535 um
  cell_nmos_w =       0.0936 um
  Vbitpre     =            1 V

DRAM
  b_w         =         -nan um
  b_h         =         -nan um
  cell_a_w    =            0 um
  cell_pmos_w =            0 um
  cell_nmos_w =            0 um
  Vbitpre     =            0 V
********************************************************

>>>>>>>>>>>>>>>>> SRAM CELL VDD = 1 V

********* VOLTAGE-SCALED SRAM CELL PARAMETERS **********
	R_nch_on  =      737.809 ohm-um   (nominal 737.809 ohm-um)
	R_pch_on  =      1778.12 ohm-um   (nominal 1778.12 ohm-um)
	Vdd  =            1 V   (nominal 1 V)
	I_on_n	  =    0.0020466 A/um   (nominal 0.0020466 A/um)
	I_off_n	  =     4.39e-07 A/um   (nominal 4.39e-07 A/um)
********************************************************

******************** CACHE DATA ************************

---------- CACTI version 6.5, Uniform Cache Access SRAM Model ----------

Cache Parameters:
    Total cache size (bytes): 16777216
    Number of banks: 2
    Associativity: 8
    Block size (bytes): 128
    Read/write Ports: 1
    Read ports: 0
    Write ports: 0
    Technology size (nm): 45

    Access time (ns): 2.39233
    Cycle time (ns):  1.28215
    Total dynamic read energy per access (nJ): 0.318756
    Total leakage power of a bank (mW): 6525.87
    Cache height x width (mm): 11.429 x 5.03897

    Best Ndwl : 8
    Best Ndbl : 32
    Best Nspd : 0.5
    Best Ndcm : 8
    Best Ndsam L1 : 8
    Best Ndsam L2 : 1

    Best Ntwl : 2
    Best Ntbl : 1
    Best Ntspd : 8
    Best Ntcm : 4
    Best Ntsam L1 : 2
    Best Ntsam L2 : 1
    Data array, H-tree wire type: Delay optimized global wires
    Tag array, wire type: Low swing wires

Time Components:

  Data side (with Output driver) (ns): 1.82439
	H-tree input delay (ns): 0.469027
	Decoder + wordline delay (ns): 0.276912
	Bitline delay (ns): 0.263784
	Sense Amplifier delay (ns): 0.00335856
	H-tree output delay (ns): 0.737134

  Tag side (with Output driver) (ns): 1.0398
	H-tree input delay (ns): 0.0120644
	Decoder + wordline delay (ns): 0.396755
	Bitline delay (ns): 0.527907
	Sense Amplifier delay (ns): 0.00335856
	Comparator delay (ns): 0.0449693
	H-tree output delay (ns): 0.087649


Power Components:

  Data array: Total dynamic read energy/access  (nJ): 0.249544
	Total leakage read/write power of a bank (mW): 6376.62
	Total energy in H-tree (that includes both address and data transfer) (nJ): 0.199581
	Output Htree Energy (nJ): 0.0990215
	Decoder (nJ): 0.000525591
	Wordline (nJ): 0.000601918
	Bitline mux & associated drivers (nJ): 0.000370369
	Sense amp mux & associated drivers (nJ): 0
	Bitlines (nJ): 0.0382795
	Sense amplifier energy (nJ): 0.000479302
	Sub-array output driver (nJ): 0.00496736

  Tag array:  Total dynamic read energy/access (nJ): 0.0692116
	Total leakage read/write power of a bank (mW): 149.245
	Total energy in H-tree (that includes both address and data transfer) (nJ): 0.00293507
	Output Htree Energy (nJ): 0
	Decoder (nJ): 0.00089521
	Wordline (nJ): 0.000418574
	Bitline mux & associated drivers (nJ): 0.000530093
	Sense amp mux & associated drivers (nJ): 0.00030364
	Bitlines (nJ): 0.0571638
	Sense amplifier energy (nJ): 0.000718953
	Sub-array output driver (nJ): 0.00231465


Area Components:

  Data array: Area (mm2): 48.8622
	Height (mm): 11.429
	Width (mm): 4.2753
	Area efficiency (Memory cell area/Total area) - 81.211 %
		MAT Height (mm): 0.70702
		MAT Length (mm): 0.503632
		Subarray Height (mm): 0.336384
		Subarray Length (mm): 0.2412

  Tag array: Area (mm2): 1.06207
	Height (mm): 1.39074
	Width (mm): 0.763671
	Area efficiency (Memory cell area/Total area) - 87.568 %
		MAT Height (mm): 0.695372
		MAT Length (mm): 0.747471
		Subarray Height (mm): 0.672768
		Subarray Length (mm): 0.3618

Wire Properties:

  Delay Optimal
	Repeater size - 158.777 
	Repeater spacing - 0.443639 (mm) 
	Delay - 0.037959 (ns/mm) 
	PowerD - 0.000405587 (nJ/mm) 
	PowerL - 0.0180822 (mW/mm)
	Wire width - 0.18 microns
	Wire spacing - 0.18 microns

  5% Overhead
	Repeater size - 99.7772 
	Repeater spacing - 0.643639 (mm) 
	Delay - 0.039838 (ns/mm) 
	PowerD - 0.000283616 (nJ/mm) 
	PowerL - 0.00783216 (mW/mm)
	Wire width - 0.18 microns
	Wire spacing - 0.18 microns

  10% Overhead
	Repeater size - 79.7772 
	Repeater spacing - 0.643639 (mm) 
	Delay - 0.0416891 (ns/mm) 
	PowerD - 0.000262606 (nJ/mm) 
	PowerL - 0.00626223 (mW/mm)
	Wire width - 0.18 microns
	Wire spacing - 0.18 microns

  20% Overhead
	Repeater size - 71.7772 
	Repeater spacing - 0.843639 (mm) 
	Delay - 0.0455505 (ns/mm) 
	PowerD - 0.000241581 (nJ/mm) 
	PowerL - 0.00429855 (mW/mm)
	Wire width - 0.18 microns
	Wire spacing - 0.18 microns

  30% Overhead
	Repeater size - 61.7772 
	Repeater spacing - 0.943639 (mm) 
	Delay - 0.0493282 (ns/mm) 
	PowerD - 0.000229625 (nJ/mm) 
	PowerL - 0.00330761 (mW/mm)
	Wire width - 0.18 microns
	Wire spacing - 0.18 microns

  Low-swing wire (1 mm) - Note: Unlike repeated wires, 
	delay and power values of low-swing wires do not
	have a linear relationship with length. 
	delay - 0.440251 (ns) 
	powerD - 3.99344e-05 (nJ) 
	PowerL - 4.02212e-06 (mW)
	Wire width - 3.6e-07 microns
	Wire spacing - 3.6e-07 microns


********************************************************

>>>>>>>>>>>>>>>>> SRAM CELL VDD = 0.95 V

********* VOLTAGE-SCALED SRAM CELL PARAMETERS **********
	R_nch_on  =      753.051 ohm-um   (nominal 737.809 ohm-um)
	R_pch_on  =      1814.85 ohm-um   (nominal 1778.12 ohm-um)
	Vdd  =         0.95 V   (nominal 1 V)
	I_on_n	  =   0.00190492 A/um   (nominal 0.0020466 A/um)
	I_off_n	  =  3.69372e-07 A/um   (nominal 4.39e-07 A/um)
********************************************************

******************** CACHE DATA ************************

---------- CACTI version 6.5, Uniform Cache Access SRAM Model ----------

Cache Parameters:
    Total cache size (bytes): 16777216
    Number of banks: 2
    Associativity: 8
    Block size (bytes): 128
    Read/write Ports: 1
    Read ports: 0
    Write ports: 0
    Technology size (nm): 45

    Access time (ns): 2.39233
    Cycle time (ns):  1.28215
    Total dynamic read energy per access (nJ): 0.316796
    Total leakage power of a bank (mW): 5296.75
    Cache height x width (mm): 11.429 x 5.03897

    Best Ndwl : 8
    Best Ndbl : 32
    Best Nspd : 0.5
    Best Ndcm : 8
    Best Ndsam L1 : 8
    Best Ndsam L2 : 1

    Best Ntwl : 2
    Best Ntbl : 1
    Best Ntspd : 8
    Best Ntcm : 4
    Best Ntsam L1 : 2
    Best Ntsam L2 : 1
    Data array, H-tree wire type: Delay optimized global wires
    Tag array, wire type: Low swing wires

Time Components:

  Data side (with Output driver) (ns): 1.82795
	H-tree input delay (ns): 0.469027
	Decoder + wordline delay (ns): 0.276912
	Bitline delay (ns): 0.267343
	Sense Amplifier delay (ns): 0.00335856
	H-tree output delay (ns): 0.737134

  Tag side (with Output driver) (ns): 1.0398
	H-tree input delay (ns): 0.0120644
	Decoder + wordline delay (ns): 0.396755
	Bitline delay (ns): 0.527907
	Sense Amplifier delay (ns): 0.00335856
	Comparator delay (ns): 0.0449693
	H-tree output delay (ns): 0.087649


Power Components:

  Data array: Total dynamic read energy/access  (nJ): 0.247585
	Total leakage read/write power of a bank (mW): 5147.51
	Total energy in H-tree (that includes both address and data transfer) (nJ): 0.199581
	Output Htree Energy (nJ): 0.0990215
	Decoder (nJ): 0.000525591
	Wordline (nJ): 0.000556048
	Bitline mux & associated drivers (nJ): 0.000370369
	Sense amp mux & associated drivers (nJ): 0
	Bitlines (nJ): 0.0363655
	Sense amplifier energy (nJ): 0.000479302
	Sub-array output driver (nJ): 0.00496736

  Tag array:  Total dynamic read energy/access (nJ): 0.0692116
	Total leakage read/write power of a bank (mW): 149.245
	Total energy in H-tree (that includes both address and data transfer) (nJ): 0.00293507
	Output Htree Energy (nJ): 0
	Decoder (nJ): 0.00089521
	Wordline (nJ): 0.000418574
	Bitline mux & associated drivers (nJ): 0.000530093
	Sense amp mux & associated drivers (nJ): 0.00030364
	Bitlines (nJ): 0.0571638
	Sense amplifier energy (nJ): 0.000718953
	Sub-array output driver (nJ): 0.00231465


Area Components:

  Data array: Area (mm2): 48.8622
	Height (mm): 11.429
	Width (mm): 4.2753
	Area efficiency (Memory cell area/Total area) - 81.211 %
		MAT Height (mm): 0.70702
		MAT Length (mm): 0.503632
		Subarray Height (mm): 0.336384
		Subarray Length (mm): 0.2412

  Tag array: Area (mm2): 1.06207
	Height (mm): 1.39074
	Width (mm): 0.763671
	Area efficiency (Memory cell area/Total area) - 87.568 %
		MAT Height (mm): 0.695372
		MAT Length (mm): 0.747471
		Subarray Height (mm): 0.672768
		Subarray Length (mm): 0.3618

Wire Properties:

  Delay Optimal
	Repeater size - 158.777 
	Repeater spacing - 0.443639 (mm) 
	Delay - 0.037959 (ns/mm) 
	PowerD - 0.000405587 (nJ/mm) 
	PowerL - 0.0180822 (mW/mm)
	Wire width - 0.18 microns
	Wire spacing - 0.18 microns

  5% Overhead
	Repeater size - 99.7772 
	Repeater spacing - 0.643639 (mm) 
	Delay - 0.039838 (ns/mm) 
	PowerD - 0.000283616 (nJ/mm) 
	PowerL - 0.00783216 (mW/mm)
	Wire width - 0.18 microns
	Wire spacing - 0.18 microns

  10% Overhead
	Repeater size - 79.7772 
	Repeater spacing - 0.643639 (mm) 
	Delay - 0.0416891 (ns/mm) 
	PowerD - 0.000262606 (nJ/mm) 
	PowerL - 0.00626223 (mW/mm)
	Wire width - 0.18 microns
	Wire spacing - 0.18 microns

  20% Overhead
	Repeater size - 71.7772 
	Repeater spacing - 0.843639 (mm) 
	Delay - 0.0455505 (ns/mm) 
	PowerD - 0.000241581 (nJ/mm) 
	PowerL - 0.00429855 (mW/mm)
	Wire width - 0.18 microns
	Wire spacing - 0.18 microns

  30% Overhead
	Repeater size - 61.7772 
	Repeater spacing - 0.943639 (mm) 
	Delay - 0.0493282 (ns/mm) 
	PowerD - 0.000229625 (nJ/mm) 
	PowerL - 0.00330761 (mW/mm)
	Wire width - 0.18 microns
	Wire spacing - 0.18 microns

  Low-swing wire (1 mm) - Note: Unlike repeated wires, 
	delay and power values of low-swing wires do not
	have a linear relationship with length. 
	delay - 0.440251 (ns) 
	powerD - 3.99344e-05 (nJ) 
	PowerL - 4.02212e-06 (mW)
	Wire width - 3.6e-07 microns
	Wire spacing - 3.6e-07 microns


********************************************************

>>>>>>>>>>>>>>>>> SRAM CELL VDD = 0.9 V

********* VOLTAGE-SCALED SRAM CELL PARAMETERS **********
	R_nch_on  =      769.955 ohm-um   (nominal 737.809 ohm-um)
	R_pch_on  =      1855.59 ohm-um   (nominal 1778.12 ohm-um)
	Vdd  =          0.9 V   (nominal 1 V)
	I_on_n	  =   0.00176504 A/um   (nominal 0.0020466 A/um)
	I_off_n	  =  3.10788e-07 A/um   (nominal 4.39e-07 A/um)
********************************************************

******************** CACHE DATA ************************

---------- CACTI version 6.5, Uniform Cache Access SRAM Model ----------

Cache Parameters:
    Total cache size (bytes): 16777216
    Number of banks: 2
    Associativity: 8
    Block size (bytes): 128
    Read/write Ports: 1
    Read ports: 0
    Write ports: 0
    Technology size (nm): 45

    Access time (ns): 2.39233
    Cycle time (ns):  1.28215
    Total dynamic read energy per access (nJ): 0.314839
    Total leakage power of a bank (mW): 4303.45
    Cache height x width (mm): 11.429 x 5.03897

    Best Ndwl : 8
    Best Ndbl : 32
    Best Nspd : 0.5
    Best Ndcm : 8
    Best Ndsam L1 : 8
    Best Ndsam L2 : 1

    Best Ntwl : 2
    Best Ntbl : 1
    Best Ntspd : 8
    Best Ntcm : 4
    Best Ntsam L1 : 2
    Best Ntsam L2 : 1
    Data array, H-tree wire type: Delay optimized global wires
    Tag array, wire type: Low swing wires

Time Components:

  Data side (with Output driver) (ns): 1.83189
	H-tree input delay (ns): 0.469027
	Decoder + wordline delay (ns): 0.276912
	Bitline delay (ns): 0.271288
	Sense Amplifier delay (ns): 0.00335856
	H-tree output delay (ns): 0.737134

  Tag side (with Output driver) (ns): 1.0398
	H-tree input delay (ns): 0.0120644
	Decoder + wordline delay (ns): 0.396755
	Bitline delay (ns): 0.527907
	Sense Amplifier delay (ns): 0.00335856
	Comparator delay (ns): 0.0449693
	H-tree output delay (ns): 0.087649


Power Components:

  Data array: Total dynamic read energy/access  (nJ): 0.245627
	Total leakage read/write power of a bank (mW): 4154.21
	Total energy in H-tree (that includes both address and data transfer) (nJ): 0.199581
	Output Htree Energy (nJ): 0.0990215
	Decoder (nJ): 0.000525591
	Wordline (nJ): 0.00051253
	Bitline mux & associated drivers (nJ): 0.000370369
	Sense amp mux & associated drivers (nJ): 0
	Bitlines (nJ): 0.0344515
	Sense amplifier energy (nJ): 0.000479302
	Sub-array output driver (nJ): 0.00496736

  Tag array:  Total dynamic read energy/access (nJ): 0.0692116
	Total leakage read/write power of a bank (mW): 149.245
	Total energy in H-tree (that includes both address and data transfer) (nJ): 0.00293507
	Output Htree Energy (nJ): 0
	Decoder (nJ): 0.00089521
	Wordline (nJ): 0.000418574
	Bitline mux & associated drivers (nJ): 0.000530093
	Sense amp mux & associated drivers (nJ): 0.00030364
	Bitlines (nJ): 0.0571638
	Sense amplifier energy (nJ): 0.000718953
	Sub-array output driver (nJ): 0.00231465


Area Components:

  Data array: Area (mm2): 48.8622
	Height (mm): 11.429
	Width (mm): 4.2753
	Area efficiency (Memory cell area/Total area) - 81.211 %
		MAT Height (mm): 0.70702
		MAT Length (mm): 0.503632
		Subarray Height (mm): 0.336384
		Subarray Length (mm): 0.2412

  Tag array: Area (mm2): 1.06207
	Height (mm): 1.39074
	Width (mm): 0.763671
	Area efficiency (Memory cell area/Total area) - 87.568 %
		MAT Height (mm): 0.695372
		MAT Length (mm): 0.747471
		Subarray Height (mm): 0.672768
		Subarray Length (mm): 0.3618

Wire Properties:

  Delay Optimal
	Repeater size - 158.777 
	Repeater spacing - 0.443639 (mm) 
	Delay - 0.037959 (ns/mm) 
	PowerD - 0.000405587 (nJ/mm) 
	PowerL - 0.0180822 (mW/mm)
	Wire width - 0.18 microns
	Wire spacing - 0.18 microns

  5% Overhead
	Repeater size - 99.7772 
	Repeater spacing - 0.643639 (mm) 
	Delay - 0.039838 (ns/mm) 
	PowerD - 0.000283616 (nJ/mm) 
	PowerL - 0.00783216 (mW/mm)
	Wire width - 0.18 microns
	Wire spacing - 0.18 microns

  10% Overhead
	Repeater size - 79.7772 
	Repeater spacing - 0.643639 (mm) 
	Delay - 0.0416891 (ns/mm) 
	PowerD - 0.000262606 (nJ/mm) 
	PowerL - 0.00626223 (mW/mm)
	Wire width - 0.18 microns
	Wire spacing - 0.18 microns

  20% Overhead
	Repeater size - 71.7772 
	Repeater spacing - 0.843639 (mm) 
	Delay - 0.0455505 (ns/mm) 
	PowerD - 0.000241581 (nJ/mm) 
	PowerL - 0.00429855 (mW/mm)
	Wire width - 0.18 microns
	Wire spacing - 0.18 microns

  30% Overhead
	Repeater size - 61.7772 
	Repeater spacing - 0.943639 (mm) 
	Delay - 0.0493282 (ns/mm) 
	PowerD - 0.000229625 (nJ/mm) 
	PowerL - 0.00330761 (mW/mm)
	Wire width - 0.18 microns
	Wire spacing - 0.18 microns

  Low-swing wire (1 mm) - Note: Unlike repeated wires, 
	delay and power values of low-swing wires do not
	have a linear relationship with length. 
	delay - 0.440251 (ns) 
	powerD - 3.99344e-05 (nJ) 
	PowerL - 4.02212e-06 (mW)
	Wire width - 3.6e-07 microns
	Wire spacing - 3.6e-07 microns


********************************************************

>>>>>>>>>>>>>>>>> SRAM CELL VDD = 0.85 V

********* VOLTAGE-SCALED SRAM CELL PARAMETERS **********
	R_nch_on  =      789.184 ohm-um   (nominal 737.809 ohm-um)
	R_pch_on  =      1901.93 ohm-um   (nominal 1778.12 ohm-um)
	Vdd  =         0.85 V   (nominal 1 V)
	I_on_n	  =   0.00162636 A/um   (nominal 0.0020466 A/um)
	I_off_n	  =  2.61496e-07 A/um   (nominal 4.39e-07 A/um)
********************************************************

******************** CACHE DATA ************************

---------- CACTI version 6.5, Uniform Cache Access SRAM Model ----------

Cache Parameters:
    Total cache size (bytes): 16777216
    Number of banks: 2
    Associativity: 8
    Block size (bytes): 128
    Read/write Ports: 1
    Read ports: 0
    Write ports: 0
    Technology size (nm): 45

    Access time (ns): 2.39233
    Cycle time (ns):  1.28215
    Total dynamic read energy per access (nJ): 0.312884
    Total leakage power of a bank (mW): 3502.08
    Cache height x width (mm): 11.429 x 5.03897

    Best Ndwl : 8
    Best Ndbl : 32
    Best Nspd : 0.5
    Best Ndcm : 8
    Best Ndsam L1 : 8
    Best Ndsam L2 : 1

    Best Ntwl : 2
    Best Ntbl : 1
    Best Ntspd : 8
    Best Ntcm : 4
    Best Ntsam L1 : 2
    Best Ntsam L2 : 1
    Data array, H-tree wire type: Delay optimized global wires
    Tag array, wire type: Low swing wires

Time Components:

  Data side (with Output driver) (ns): 1.8364
	H-tree input delay (ns): 0.469027
	Decoder + wordline delay (ns): 0.276912
	Bitline delay (ns): 0.27579
	Sense Amplifier delay (ns): 0.00335856
	H-tree output delay (ns): 0.737134

  Tag side (with Output driver) (ns): 1.0398
	H-tree input delay (ns): 0.0120644
	Decoder + wordline delay (ns): 0.396755
	Bitline delay (ns): 0.527907
	Sense Amplifier delay (ns): 0.00335856
	Comparator delay (ns): 0.0449693
	H-tree output delay (ns): 0.087649


Power Components:

  Data array: Total dynamic read energy/access  (nJ): 0.243672
	Total leakage read/write power of a bank (mW): 3352.84
	Total energy in H-tree (that includes both address and data transfer) (nJ): 0.199581
	Output Htree Energy (nJ): 0.0990215
	Decoder (nJ): 0.000525591
	Wordline (nJ): 0.000471365
	Bitline mux & associated drivers (nJ): 0.000370369
	Sense amp mux & associated drivers (nJ): 0
	Bitlines (nJ): 0.0325376
	Sense amplifier energy (nJ): 0.000479302
	Sub-array output driver (nJ): 0.00496736

  Tag array:  Total dynamic read energy/access (nJ): 0.0692116
	Total leakage read/write power of a bank (mW): 149.245
	Total energy in H-tree (that includes both address and data transfer) (nJ): 0.00293507
	Output Htree Energy (nJ): 0
	Decoder (nJ): 0.00089521
	Wordline (nJ): 0.000418574
	Bitline mux & associated drivers (nJ): 0.000530093
	Sense amp mux & associated drivers (nJ): 0.00030364
	Bitlines (nJ): 0.0571638
	Sense amplifier energy (nJ): 0.000718953
	Sub-array output driver (nJ): 0.00231465


Area Components:

  Data array: Area (mm2): 48.8622
	Height (mm): 11.429
	Width (mm): 4.2753
	Area efficiency (Memory cell area/Total area) - 81.211 %
		MAT Height (mm): 0.70702
		MAT Length (mm): 0.503632
		Subarray Height (mm): 0.336384
		Subarray Length (mm): 0.2412

  Tag array: Area (mm2): 1.06207
	Height (mm): 1.39074
	Width (mm): 0.763671
	Area efficiency (Memory cell area/Total area) - 87.568 %
		MAT Height (mm): 0.695372
		MAT Length (mm): 0.747471
		Subarray Height (mm): 0.672768
		Subarray Length (mm): 0.3618

Wire Properties:

  Delay Optimal
	Repeater size - 158.777 
	Repeater spacing - 0.443639 (mm) 
	Delay - 0.037959 (ns/mm) 
	PowerD - 0.000405587 (nJ/mm) 
	PowerL - 0.0180822 (mW/mm)
	Wire width - 0.18 microns
	Wire spacing - 0.18 microns

  5% Overhead
	Repeater size - 99.7772 
	Repeater spacing - 0.643639 (mm) 
	Delay - 0.039838 (ns/mm) 
	PowerD - 0.000283616 (nJ/mm) 
	PowerL - 0.00783216 (mW/mm)
	Wire width - 0.18 microns
	Wire spacing - 0.18 microns

  10% Overhead
	Repeater size - 79.7772 
	Repeater spacing - 0.643639 (mm) 
	Delay - 0.0416891 (ns/mm) 
	PowerD - 0.000262606 (nJ/mm) 
	PowerL - 0.00626223 (mW/mm)
	Wire width - 0.18 microns
	Wire spacing - 0.18 microns

  20% Overhead
	Repeater size - 71.7772 
	Repeater spacing - 0.843639 (mm) 
	Delay - 0.0455505 (ns/mm) 
	PowerD - 0.000241581 (nJ/mm) 
	PowerL - 0.00429855 (mW/mm)
	Wire width - 0.18 microns
	Wire spacing - 0.18 microns

  30% Overhead
	Repeater size - 61.7772 
	Repeater spacing - 0.943639 (mm) 
	Delay - 0.0493282 (ns/mm) 
	PowerD - 0.000229625 (nJ/mm) 
	PowerL - 0.00330761 (mW/mm)
	Wire width - 0.18 microns
	Wire spacing - 0.18 microns

  Low-swing wire (1 mm) - Note: Unlike repeated wires, 
	delay and power values of low-swing wires do not
	have a linear relationship with length. 
	delay - 0.440251 (ns) 
	powerD - 3.99344e-05 (nJ) 
	PowerL - 4.02212e-06 (mW)
	Wire width - 3.6e-07 microns
	Wire spacing - 3.6e-07 microns


********************************************************

>>>>>>>>>>>>>>>>> SRAM CELL VDD = 0.8 V

********* VOLTAGE-SCALED SRAM CELL PARAMETERS **********
	R_nch_on  =      811.342 ohm-um   (nominal 737.809 ohm-um)
	R_pch_on  =      1955.34 ohm-um   (nominal 1778.12 ohm-um)
	Vdd  =          0.8 V   (nominal 1 V)
	I_on_n	  =   0.00148889 A/um   (nominal 0.0020466 A/um)
	I_off_n	  =  2.20021e-07 A/um   (nominal 4.39e-07 A/um)
********************************************************

******************** CACHE DATA ************************

---------- CACTI version 6.5, Uniform Cache Access SRAM Model ----------

Cache Parameters:
    Total cache size (bytes): 16777216
    Number of banks: 2
    Associativity: 8
    Block size (bytes): 128
    Read/write Ports: 1
    Read ports: 0
    Write ports: 0
    Technology size (nm): 45

    Access time (ns): 2.39233
    Cycle time (ns):  1.28215
    Total dynamic read energy per access (nJ): 0.310931
    Total leakage power of a bank (mW): 2856.74
    Cache height x width (mm): 11.429 x 5.03897

    Best Ndwl : 8
    Best Ndbl : 32
    Best Nspd : 0.5
    Best Ndcm : 8
    Best Ndsam L1 : 8
    Best Ndsam L2 : 1

    Best Ntwl : 2
    Best Ntbl : 1
    Best Ntspd : 8
    Best Ntcm : 4
    Best Ntsam L1 : 2
    Best Ntsam L2 : 1
    Data array, H-tree wire type: Delay optimized global wires
    Tag array, wire type: Low swing wires

Time Components:

  Data side (with Output driver) (ns): 1.8416
	H-tree input delay (ns): 0.469027
	Decoder + wordline delay (ns): 0.276912
	Bitline delay (ns): 0.280999
	Sense Amplifier delay (ns): 0.00335856
	H-tree output delay (ns): 0.737134

  Tag side (with Output driver) (ns): 1.0398
	H-tree input delay (ns): 0.0120644
	Decoder + wordline delay (ns): 0.396755
	Bitline delay (ns): 0.527907
	Sense Amplifier delay (ns): 0.00335856
	Comparator delay (ns): 0.0449693
	H-tree output delay (ns): 0.087649


Power Components:

  Data array: Total dynamic read energy/access  (nJ): 0.241719
	Total leakage read/write power of a bank (mW): 2707.5
	Total energy in H-tree (that includes both address and data transfer) (nJ): 0.199581
	Output Htree Energy (nJ): 0.0990215
	Decoder (nJ): 0.000525591
	Wordline (nJ): 0.000432552
	Bitline mux & associated drivers (nJ): 0.000370369
	Sense amp mux & associated drivers (nJ): 0
	Bitlines (nJ): 0.0306236
	Sense amplifier energy (nJ): 0.000479302
	Sub-array output driver (nJ): 0.00496736

  Tag array:  Total dynamic read energy/access (nJ): 0.0692116
	Total leakage read/write power of a bank (mW): 149.245
	Total energy in H-tree (that includes both address and data transfer) (nJ): 0.00293507
	Output Htree Energy (nJ): 0
	Decoder (nJ): 0.00089521
	Wordline (nJ): 0.000418574
	Bitline mux & associated drivers (nJ): 0.000530093
	Sense amp mux & associated drivers (nJ): 0.00030364
	Bitlines (nJ): 0.0571638
	Sense amplifier energy (nJ): 0.000718953
	Sub-array output driver (nJ): 0.00231465


Area Components:

  Data array: Area (mm2): 48.8622
	Height (mm): 11.429
	Width (mm): 4.2753
	Area efficiency (Memory cell area/Total area) - 81.211 %
		MAT Height (mm): 0.70702
		MAT Length (mm): 0.503632
		Subarray Height (mm): 0.336384
		Subarray Length (mm): 0.2412

  Tag array: Area (mm2): 1.06207
	Height (mm): 1.39074
	Width (mm): 0.763671
	Area efficiency (Memory cell area/Total area) - 87.568 %
		MAT Height (mm): 0.695372
		MAT Length (mm): 0.747471
		Subarray Height (mm): 0.672768
		Subarray Length (mm): 0.3618

Wire Properties:

  Delay Optimal
	Repeater size - 158.777 
	Repeater spacing - 0.443639 (mm) 
	Delay - 0.037959 (ns/mm) 
	PowerD - 0.000405587 (nJ/mm) 
	PowerL - 0.0180822 (mW/mm)
	Wire width - 0.18 microns
	Wire spacing - 0.18 microns

  5% Overhead
	Repeater size - 99.7772 
	Repeater spacing - 0.643639 (mm) 
	Delay - 0.039838 (ns/mm) 
	PowerD - 0.000283616 (nJ/mm) 
	PowerL - 0.00783216 (mW/mm)
	Wire width - 0.18 microns
	Wire spacing - 0.18 microns

  10% Overhead
	Repeater size - 79.7772 
	Repeater spacing - 0.643639 (mm) 
	Delay - 0.0416891 (ns/mm) 
	PowerD - 0.000262606 (nJ/mm) 
	PowerL - 0.00626223 (mW/mm)
	Wire width - 0.18 microns
	Wire spacing - 0.18 microns

  20% Overhead
	Repeater size - 71.7772 
	Repeater spacing - 0.843639 (mm) 
	Delay - 0.0455505 (ns/mm) 
	PowerD - 0.000241581 (nJ/mm) 
	PowerL - 0.00429855 (mW/mm)
	Wire width - 0.18 microns
	Wire spacing - 0.18 microns

  30% Overhead
	Repeater size - 61.7772 
	Repeater spacing - 0.943639 (mm) 
	Delay - 0.0493282 (ns/mm) 
	PowerD - 0.000229625 (nJ/mm) 
	PowerL - 0.00330761 (mW/mm)
	Wire width - 0.18 microns
	Wire spacing - 0.18 microns

  Low-swing wire (1 mm) - Note: Unlike repeated wires, 
	delay and power values of low-swing wires do not
	have a linear relationship with length. 
	delay - 0.440251 (ns) 
	powerD - 3.99344e-05 (nJ) 
	PowerL - 4.02212e-06 (mW)
	Wire width - 3.6e-07 microns
	Wire spacing - 3.6e-07 microns


********************************************************

>>>>>>>>>>>>>>>>> SRAM CELL VDD = 0.75 V

********* VOLTAGE-SCALED SRAM CELL PARAMETERS **********
	R_nch_on  =      837.263 ohm-um   (nominal 737.809 ohm-um)
	R_pch_on  =       2017.8 ohm-um   (nominal 1778.12 ohm-um)
	Vdd  =         0.75 V   (nominal 1 V)
	I_on_n	  =   0.00135262 A/um   (nominal 0.0020466 A/um)
	I_off_n	  =  1.85125e-07 A/um   (nominal 4.39e-07 A/um)
********************************************************

******************** CACHE DATA ************************

---------- CACTI version 6.5, Uniform Cache Access SRAM Model ----------

Cache Parameters:
    Total cache size (bytes): 16777216
    Number of banks: 2
    Associativity: 8
    Block size (bytes): 128
    Read/write Ports: 1
    Read ports: 0
    Write ports: 0
    Technology size (nm): 45

    Access time (ns): 2.39233
    Cycle time (ns):  1.28215
    Total dynamic read energy per access (nJ): 0.30898
    Total leakage power of a bank (mW): 2338.1
    Cache height x width (mm): 11.429 x 5.03897

    Best Ndwl : 8
    Best Ndbl : 32
    Best Nspd : 0.5
    Best Ndcm : 8
    Best Ndsam L1 : 8
    Best Ndsam L2 : 1

    Best Ntwl : 2
    Best Ntbl : 1
    Best Ntspd : 8
    Best Ntcm : 4
    Best Ntsam L1 : 2
    Best Ntsam L2 : 1
    Data array, H-tree wire type: Delay optimized global wires
    Tag array, wire type: Low swing wires

Time Components:

  Data side (with Output driver) (ns): 1.84773
	H-tree input delay (ns): 0.469027
	Decoder + wordline delay (ns): 0.276912
	Bitline delay (ns): 0.287123
	Sense Amplifier delay (ns): 0.00335856
	H-tree output delay (ns): 0.737134

  Tag side (with Output driver) (ns): 1.0398
	H-tree input delay (ns): 0.0120644
	Decoder + wordline delay (ns): 0.396755
	Bitline delay (ns): 0.527907
	Sense Amplifier delay (ns): 0.00335856
	Comparator delay (ns): 0.0449693
	H-tree output delay (ns): 0.087649


Power Components:

  Data array: Total dynamic read energy/access  (nJ): 0.239769
	Total leakage read/write power of a bank (mW): 2188.86
	Total energy in H-tree (that includes both address and data transfer) (nJ): 0.199581
	Output Htree Energy (nJ): 0.0990215
	Decoder (nJ): 0.000525591
	Wordline (nJ): 0.000396092
	Bitline mux & associated drivers (nJ): 0.000370369
	Sense amp mux & associated drivers (nJ): 0
	Bitlines (nJ): 0.0287096
	Sense amplifier energy (nJ): 0.000479302
	Sub-array output driver (nJ): 0.00496736

  Tag array:  Total dynamic read energy/access (nJ): 0.0692116
	Total leakage read/write power of a bank (mW): 149.245
	Total energy in H-tree (that includes both address and data transfer) (nJ): 0.00293507
	Output Htree Energy (nJ): 0
	Decoder (nJ): 0.00089521
	Wordline (nJ): 0.000418574
	Bitline mux & associated drivers (nJ): 0.000530093
	Sense amp mux & associated drivers (nJ): 0.00030364
	Bitlines (nJ): 0.0571638
	Sense amplifier energy (nJ): 0.000718953
	Sub-array output driver (nJ): 0.00231465


Area Components:

  Data array: Area (mm2): 48.8622
	Height (mm): 11.429
	Width (mm): 4.2753
	Area efficiency (Memory cell area/Total area) - 81.211 %
		MAT Height (mm): 0.70702
		MAT Length (mm): 0.503632
		Subarray Height (mm): 0.336384
		Subarray Length (mm): 0.2412

  Tag array: Area (mm2): 1.06207
	Height (mm): 1.39074
	Width (mm): 0.763671
	Area efficiency (Memory cell area/Total area) - 87.568 %
		MAT Height (mm): 0.695372
		MAT Length (mm): 0.747471
		Subarray Height (mm): 0.672768
		Subarray Length (mm): 0.3618

Wire Properties:

  Delay Optimal
	Repeater size - 158.777 
	Repeater spacing - 0.443639 (mm) 
	Delay - 0.037959 (ns/mm) 
	PowerD - 0.000405587 (nJ/mm) 
	PowerL - 0.0180822 (mW/mm)
	Wire width - 0.18 microns
	Wire spacing - 0.18 microns

  5% Overhead
	Repeater size - 99.7772 
	Repeater spacing - 0.643639 (mm) 
	Delay - 0.039838 (ns/mm) 
	PowerD - 0.000283616 (nJ/mm) 
	PowerL - 0.00783216 (mW/mm)
	Wire width - 0.18 microns
	Wire spacing - 0.18 microns

  10% Overhead
	Repeater size - 79.7772 
	Repeater spacing - 0.643639 (mm) 
	Delay - 0.0416891 (ns/mm) 
	PowerD - 0.000262606 (nJ/mm) 
	PowerL - 0.00626223 (mW/mm)
	Wire width - 0.18 microns
	Wire spacing - 0.18 microns

  20% Overhead
	Repeater size - 71.7772 
	Repeater spacing - 0.843639 (mm) 
	Delay - 0.0455505 (ns/mm) 
	PowerD - 0.000241581 (nJ/mm) 
	PowerL - 0.00429855 (mW/mm)
	Wire width - 0.18 microns
	Wire spacing - 0.18 microns

  30% Overhead
	Repeater size - 61.7772 
	Repeater spacing - 0.943639 (mm) 
	Delay - 0.0493282 (ns/mm) 
	PowerD - 0.000229625 (nJ/mm) 
	PowerL - 0.00330761 (mW/mm)
	Wire width - 0.18 microns
	Wire spacing - 0.18 microns

  Low-swing wire (1 mm) - Note: Unlike repeated wires, 
	delay and power values of low-swing wires do not
	have a linear relationship with length. 
	delay - 0.440251 (ns) 
	powerD - 3.99344e-05 (nJ) 
	PowerL - 4.02212e-06 (mW)
	Wire width - 3.6e-07 microns
	Wire spacing - 3.6e-07 microns


********************************************************

>>>>>>>>>>>>>>>>> SRAM CELL VDD = 0.7 V

********* VOLTAGE-SCALED SRAM CELL PARAMETERS **********
	R_nch_on  =      868.132 ohm-um   (nominal 737.809 ohm-um)
	R_pch_on  =       2092.2 ohm-um   (nominal 1778.12 ohm-um)
	Vdd  =          0.7 V   (nominal 1 V)
	I_on_n	  =   0.00121756 A/um   (nominal 0.0020466 A/um)
	I_off_n	  =  1.55763e-07 A/um   (nominal 4.39e-07 A/um)
********************************************************

******************** CACHE DATA ************************

---------- CACTI version 6.5, Uniform Cache Access SRAM Model ----------

Cache Parameters:
    Total cache size (bytes): 16777216
    Number of banks: 2
    Associativity: 8
    Block size (bytes): 128
    Read/write Ports: 1
    Read ports: 0
    Write ports: 0
    Technology size (nm): 45

    Access time (ns): 2.39233
    Cycle time (ns):  1.28215
    Total dynamic read energy per access (nJ): 0.307032
    Total leakage power of a bank (mW): 1922.21
    Cache height x width (mm): 11.429 x 5.03897

    Best Ndwl : 8
    Best Ndbl : 32
    Best Nspd : 0.5
    Best Ndcm : 8
    Best Ndsam L1 : 8
    Best Ndsam L2 : 1

    Best Ntwl : 2
    Best Ntbl : 1
    Best Ntspd : 8
    Best Ntcm : 4
    Best Ntsam L1 : 2
    Best Ntsam L2 : 1
    Data array, H-tree wire type: Delay optimized global wires
    Tag array, wire type: Low swing wires

Time Components:

  Data side (with Output driver) (ns): 1.85507
	H-tree input delay (ns): 0.469027
	Decoder + wordline delay (ns): 0.276912
	Bitline delay (ns): 0.294464
	Sense Amplifier delay (ns): 0.00335856
	H-tree output delay (ns): 0.737134

  Tag side (with Output driver) (ns): 1.0398
	H-tree input delay (ns): 0.0120644
	Decoder + wordline delay (ns): 0.396755
	Bitline delay (ns): 0.527907
	Sense Amplifier delay (ns): 0.00335856
	Comparator delay (ns): 0.0449693
	H-tree output delay (ns): 0.087649


Power Components:

  Data array: Total dynamic read energy/access  (nJ): 0.237821
	Total leakage read/write power of a bank (mW): 1772.96
	Total energy in H-tree (that includes both address and data transfer) (nJ): 0.199581
	Output Htree Energy (nJ): 0.0990215
	Decoder (nJ): 0.000525591
	Wordline (nJ): 0.000361984
	Bitline mux & associated drivers (nJ): 0.000370369
	Sense amp mux & associated drivers (nJ): 0
	Bitlines (nJ): 0.0267956
	Sense amplifier energy (nJ): 0.000479302
	Sub-array output driver (nJ): 0.00496736

  Tag array:  Total dynamic read energy/access (nJ): 0.0692116
	Total leakage read/write power of a bank (mW): 149.245
	Total energy in H-tree (that includes both address and data transfer) (nJ): 0.00293507
	Output Htree Energy (nJ): 0
	Decoder (nJ): 0.00089521
	Wordline (nJ): 0.000418574
	Bitline mux & associated drivers (nJ): 0.000530093
	Sense amp mux & associated drivers (nJ): 0.00030364
	Bitlines (nJ): 0.0571638
	Sense amplifier energy (nJ): 0.000718953
	Sub-array output driver (nJ): 0.00231465


Area Components:

  Data array: Area (mm2): 48.8622
	Height (mm): 11.429
	Width (mm): 4.2753
	Area efficiency (Memory cell area/Total area) - 81.211 %
		MAT Height (mm): 0.70702
		MAT Length (mm): 0.503632
		Subarray Height (mm): 0.336384
		Subarray Length (mm): 0.2412

  Tag array: Area (mm2): 1.06207
	Height (mm): 1.39074
	Width (mm): 0.763671
	Area efficiency (Memory cell area/Total area) - 87.568 %
		MAT Height (mm): 0.695372
		MAT Length (mm): 0.747471
		Subarray Height (mm): 0.672768
		Subarray Length (mm): 0.3618

Wire Properties:

  Delay Optimal
	Repeater size - 158.777 
	Repeater spacing - 0.443639 (mm) 
	Delay - 0.037959 (ns/mm) 
	PowerD - 0.000405587 (nJ/mm) 
	PowerL - 0.0180822 (mW/mm)
	Wire width - 0.18 microns
	Wire spacing - 0.18 microns

  5% Overhead
	Repeater size - 99.7772 
	Repeater spacing - 0.643639 (mm) 
	Delay - 0.039838 (ns/mm) 
	PowerD - 0.000283616 (nJ/mm) 
	PowerL - 0.00783216 (mW/mm)
	Wire width - 0.18 microns
	Wire spacing - 0.18 microns

  10% Overhead
	Repeater size - 79.7772 
	Repeater spacing - 0.643639 (mm) 
	Delay - 0.0416891 (ns/mm) 
	PowerD - 0.000262606 (nJ/mm) 
	PowerL - 0.00626223 (mW/mm)
	Wire width - 0.18 microns
	Wire spacing - 0.18 microns

  20% Overhead
	Repeater size - 71.7772 
	Repeater spacing - 0.843639 (mm) 
	Delay - 0.0455505 (ns/mm) 
	PowerD - 0.000241581 (nJ/mm) 
	PowerL - 0.00429855 (mW/mm)
	Wire width - 0.18 microns
	Wire spacing - 0.18 microns

  30% Overhead
	Repeater size - 61.7772 
	Repeater spacing - 0.943639 (mm) 
	Delay - 0.0493282 (ns/mm) 
	PowerD - 0.000229625 (nJ/mm) 
	PowerL - 0.00330761 (mW/mm)
	Wire width - 0.18 microns
	Wire spacing - 0.18 microns

  Low-swing wire (1 mm) - Note: Unlike repeated wires, 
	delay and power values of low-swing wires do not
	have a linear relationship with length. 
	delay - 0.440251 (ns) 
	powerD - 3.99344e-05 (nJ) 
	PowerL - 4.02212e-06 (mW)
	Wire width - 3.6e-07 microns
	Wire spacing - 3.6e-07 microns


********************************************************

>>>>>>>>>>>>>>>>> SRAM CELL VDD = 0.65 V

********* VOLTAGE-SCALED SRAM CELL PARAMETERS **********
	R_nch_on  =      905.698 ohm-um   (nominal 737.809 ohm-um)
	R_pch_on  =      2182.73 ohm-um   (nominal 1778.12 ohm-um)
	Vdd  =         0.65 V   (nominal 1 V)
	I_on_n	  =    0.0010837 A/um   (nominal 0.0020466 A/um)
	I_off_n	  =  1.31058e-07 A/um   (nominal 4.39e-07 A/um)
********************************************************

******************** CACHE DATA ************************

---------- CACTI version 6.5, Uniform Cache Access SRAM Model ----------

Cache Parameters:
    Total cache size (bytes): 16777216
    Number of banks: 2
    Associativity: 8
    Block size (bytes): 128
    Read/write Ports: 1
    Read ports: 0
    Write ports: 0
    Technology size (nm): 45

    Access time (ns): 2.39233
    Cycle time (ns):  1.28215
    Total dynamic read energy per access (nJ): 0.305087
    Total leakage power of a bank (mW): 1589.5
    Cache height x width (mm): 11.429 x 5.03897

    Best Ndwl : 8
    Best Ndbl : 32
    Best Nspd : 0.5
    Best Ndcm : 8
    Best Ndsam L1 : 8
    Best Ndsam L2 : 1

    Best Ntwl : 2
    Best Ntbl : 1
    Best Ntspd : 8
    Best Ntcm : 4
    Best Ntsam L1 : 2
    Best Ntsam L2 : 1
    Data array, H-tree wire type: Delay optimized global wires
    Tag array, wire type: Low swing wires

Time Components:

  Data side (with Output driver) (ns): 1.86407
	H-tree input delay (ns): 0.469027
	Decoder + wordline delay (ns): 0.276912
	Bitline delay (ns): 0.303467
	Sense Amplifier delay (ns): 0.00335856
	H-tree output delay (ns): 0.737134

  Tag side (with Output driver) (ns): 1.0398
	H-tree input delay (ns): 0.0120644
	Decoder + wordline delay (ns): 0.396755
	Bitline delay (ns): 0.527907
	Sense Amplifier delay (ns): 0.00335856
	Comparator delay (ns): 0.0449693
	H-tree output delay (ns): 0.087649


Power Components:

  Data array: Total dynamic read energy/access  (nJ): 0.235875
	Total leakage read/write power of a bank (mW): 1440.26
	Total energy in H-tree (that includes both address and data transfer) (nJ): 0.199581
	Output Htree Energy (nJ): 0.0990215
	Decoder (nJ): 0.000525591
	Wordline (nJ): 0.000330228
	Bitline mux & associated drivers (nJ): 0.000370369
	Sense amp mux & associated drivers (nJ): 0
	Bitlines (nJ): 0.0248817
	Sense amplifier energy (nJ): 0.000479302
	Sub-array output driver (nJ): 0.00496736

  Tag array:  Total dynamic read energy/access (nJ): 0.0692116
	Total leakage read/write power of a bank (mW): 149.245
	Total energy in H-tree (that includes both address and data transfer) (nJ): 0.00293507
	Output Htree Energy (nJ): 0
	Decoder (nJ): 0.00089521
	Wordline (nJ): 0.000418574
	Bitline mux & associated drivers (nJ): 0.000530093
	Sense amp mux & associated drivers (nJ): 0.00030364
	Bitlines (nJ): 0.0571638
	Sense amplifier energy (nJ): 0.000718953
	Sub-array output driver (nJ): 0.00231465


Area Components:

  Data array: Area (mm2): 48.8622
	Height (mm): 11.429
	Width (mm): 4.2753
	Area efficiency (Memory cell area/Total area) - 81.211 %
		MAT Height (mm): 0.70702
		MAT Length (mm): 0.503632
		Subarray Height (mm): 0.336384
		Subarray Length (mm): 0.2412

  Tag array: Area (mm2): 1.06207
	Height (mm): 1.39074
	Width (mm): 0.763671
	Area efficiency (Memory cell area/Total area) - 87.568 %
		MAT Height (mm): 0.695372
		MAT Length (mm): 0.747471
		Subarray Height (mm): 0.672768
		Subarray Length (mm): 0.3618

Wire Properties:

  Delay Optimal
	Repeater size - 158.777 
	Repeater spacing - 0.443639 (mm) 
	Delay - 0.037959 (ns/mm) 
	PowerD - 0.000405587 (nJ/mm) 
	PowerL - 0.0180822 (mW/mm)
	Wire width - 0.18 microns
	Wire spacing - 0.18 microns

  5% Overhead
	Repeater size - 99.7772 
	Repeater spacing - 0.643639 (mm) 
	Delay - 0.039838 (ns/mm) 
	PowerD - 0.000283616 (nJ/mm) 
	PowerL - 0.00783216 (mW/mm)
	Wire width - 0.18 microns
	Wire spacing - 0.18 microns

  10% Overhead
	Repeater size - 79.7772 
	Repeater spacing - 0.643639 (mm) 
	Delay - 0.0416891 (ns/mm) 
	PowerD - 0.000262606 (nJ/mm) 
	PowerL - 0.00626223 (mW/mm)
	Wire width - 0.18 microns
	Wire spacing - 0.18 microns

  20% Overhead
	Repeater size - 71.7772 
	Repeater spacing - 0.843639 (mm) 
	Delay - 0.0455505 (ns/mm) 
	PowerD - 0.000241581 (nJ/mm) 
	PowerL - 0.00429855 (mW/mm)
	Wire width - 0.18 microns
	Wire spacing - 0.18 microns

  30% Overhead
	Repeater size - 61.7772 
	Repeater spacing - 0.943639 (mm) 
	Delay - 0.0493282 (ns/mm) 
	PowerD - 0.000229625 (nJ/mm) 
	PowerL - 0.00330761 (mW/mm)
	Wire width - 0.18 microns
	Wire spacing - 0.18 microns

  Low-swing wire (1 mm) - Note: Unlike repeated wires, 
	delay and power values of low-swing wires do not
	have a linear relationship with length. 
	delay - 0.440251 (ns) 
	powerD - 3.99344e-05 (nJ) 
	PowerL - 4.02212e-06 (mW)
	Wire width - 3.6e-07 microns
	Wire spacing - 3.6e-07 microns


********************************************************

>>>>>>>>>>>>>>>>> SRAM CELL VDD = 0.6 V

********* VOLTAGE-SCALED SRAM CELL PARAMETERS **********
	R_nch_on  =      952.644 ohm-um   (nominal 737.809 ohm-um)
	R_pch_on  =      2295.87 ohm-um   (nominal 1778.12 ohm-um)
	Vdd  =          0.6 V   (nominal 1 V)
	I_on_n	  =  0.000951037 A/um   (nominal 0.0020466 A/um)
	I_off_n	  =  1.10272e-07 A/um   (nominal 4.39e-07 A/um)
********************************************************

******************** CACHE DATA ************************

---------- CACTI version 6.5, Uniform Cache Access SRAM Model ----------

Cache Parameters:
    Total cache size (bytes): 16777216
    Number of banks: 2
    Associativity: 8
    Block size (bytes): 128
    Read/write Ports: 1
    Read ports: 0
    Write ports: 0
    Technology size (nm): 45

    Access time (ns): 2.39233
    Cycle time (ns):  1.28215
    Total dynamic read energy per access (nJ): 0.303143
    Total leakage power of a bank (mW): 1324.07
    Cache height x width (mm): 11.429 x 5.03897

    Best Ndwl : 8
    Best Ndbl : 32
    Best Nspd : 0.5
    Best Ndcm : 8
    Best Ndsam L1 : 8
    Best Ndsam L2 : 1

    Best Ntwl : 2
    Best Ntbl : 1
    Best Ntspd : 8
    Best Ntcm : 4
    Best Ntsam L1 : 2
    Best Ntsam L2 : 1
    Data array, H-tree wire type: Delay optimized global wires
    Tag array, wire type: Low swing wires

Time Components:

  Data side (with Output driver) (ns): 1.87543
	H-tree input delay (ns): 0.469027
	Decoder + wordline delay (ns): 0.276912
	Bitline delay (ns): 0.314827
	Sense Amplifier delay (ns): 0.00335856
	H-tree output delay (ns): 0.737134

  Tag side (with Output driver) (ns): 1.0398
	H-tree input delay (ns): 0.0120644
	Decoder + wordline delay (ns): 0.396755
	Bitline delay (ns): 0.527907
	Sense Amplifier delay (ns): 0.00335856
	Comparator delay (ns): 0.0449693
	H-tree output delay (ns): 0.087649


Power Components:

  Data array: Total dynamic read energy/access  (nJ): 0.233932
	Total leakage read/write power of a bank (mW): 1174.83
	Total energy in H-tree (that includes both address and data transfer) (nJ): 0.199581
	Output Htree Energy (nJ): 0.0990215
	Decoder (nJ): 0.000525591
	Wordline (nJ): 0.000300824
	Bitline mux & associated drivers (nJ): 0.000370369
	Sense amp mux & associated drivers (nJ): 0
	Bitlines (nJ): 0.0229677
	Sense amplifier energy (nJ): 0.000479302
	Sub-array output driver (nJ): 0.00496736

  Tag array:  Total dynamic read energy/access (nJ): 0.0692116
	Total leakage read/write power of a bank (mW): 149.245
	Total energy in H-tree (that includes both address and data transfer) (nJ): 0.00293507
	Output Htree Energy (nJ): 0
	Decoder (nJ): 0.00089521
	Wordline (nJ): 0.000418574
	Bitline mux & associated drivers (nJ): 0.000530093
	Sense amp mux & associated drivers (nJ): 0.00030364
	Bitlines (nJ): 0.0571638
	Sense amplifier energy (nJ): 0.000718953
	Sub-array output driver (nJ): 0.00231465


Area Components:

  Data array: Area (mm2): 48.8622
	Height (mm): 11.429
	Width (mm): 4.2753
	Area efficiency (Memory cell area/Total area) - 81.211 %
		MAT Height (mm): 0.70702
		MAT Length (mm): 0.503632
		Subarray Height (mm): 0.336384
		Subarray Length (mm): 0.2412

  Tag array: Area (mm2): 1.06207
	Height (mm): 1.39074
	Width (mm): 0.763671
	Area efficiency (Memory cell area/Total area) - 87.568 %
		MAT Height (mm): 0.695372
		MAT Length (mm): 0.747471
		Subarray Height (mm): 0.672768
		Subarray Length (mm): 0.3618

Wire Properties:

  Delay Optimal
	Repeater size - 158.777 
	Repeater spacing - 0.443639 (mm) 
	Delay - 0.037959 (ns/mm) 
	PowerD - 0.000405587 (nJ/mm) 
	PowerL - 0.0180822 (mW/mm)
	Wire width - 0.18 microns
	Wire spacing - 0.18 microns

  5% Overhead
	Repeater size - 99.7772 
	Repeater spacing - 0.643639 (mm) 
	Delay - 0.039838 (ns/mm) 
	PowerD - 0.000283616 (nJ/mm) 
	PowerL - 0.00783216 (mW/mm)
	Wire width - 0.18 microns
	Wire spacing - 0.18 microns

  10% Overhead
	Repeater size - 79.7772 
	Repeater spacing - 0.643639 (mm) 
	Delay - 0.0416891 (ns/mm) 
	PowerD - 0.000262606 (nJ/mm) 
	PowerL - 0.00626223 (mW/mm)
	Wire width - 0.18 microns
	Wire spacing - 0.18 microns

  20% Overhead
	Repeater size - 71.7772 
	Repeater spacing - 0.843639 (mm) 
	Delay - 0.0455505 (ns/mm) 
	PowerD - 0.000241581 (nJ/mm) 
	PowerL - 0.00429855 (mW/mm)
	Wire width - 0.18 microns
	Wire spacing - 0.18 microns

  30% Overhead
	Repeater size - 61.7772 
	Repeater spacing - 0.943639 (mm) 
	Delay - 0.0493282 (ns/mm) 
	PowerD - 0.000229625 (nJ/mm) 
	PowerL - 0.00330761 (mW/mm)
	Wire width - 0.18 microns
	Wire spacing - 0.18 microns

  Low-swing wire (1 mm) - Note: Unlike repeated wires, 
	delay and power values of low-swing wires do not
	have a linear relationship with length. 
	delay - 0.440251 (ns) 
	powerD - 3.99344e-05 (nJ) 
	PowerL - 4.02212e-06 (mW)
	Wire width - 3.6e-07 microns
	Wire spacing - 3.6e-07 microns


********************************************************

>>>>>>>>>>>>>>>>> SRAM CELL VDD = 0.55 V

********* VOLTAGE-SCALED SRAM CELL PARAMETERS **********
	R_nch_on  =      1013.32 ohm-um   (nominal 737.809 ohm-um)
	R_pch_on  =       2442.1 ohm-um   (nominal 1778.12 ohm-um)
	Vdd  =         0.55 V   (nominal 1 V)
	I_on_n	  =  0.000819582 A/um   (nominal 0.0020466 A/um)
	I_off_n	  =  9.27822e-08 A/um   (nominal 4.39e-07 A/um)
********************************************************

******************** CACHE DATA ************************

---------- CACTI version 6.5, Uniform Cache Access SRAM Model ----------

Cache Parameters:
    Total cache size (bytes): 16777216
    Number of banks: 2
    Associativity: 8
    Block size (bytes): 128
    Read/write Ports: 1
    Read ports: 0
    Write ports: 0
    Technology size (nm): 45

    Access time (ns): 2.39233
    Cycle time (ns):  1.28215
    Total dynamic read energy per access (nJ): 0.301202
    Total leakage power of a bank (mW): 1112.94
    Cache height x width (mm): 11.429 x 5.03897

    Best Ndwl : 8
    Best Ndbl : 32
    Best Nspd : 0.5
    Best Ndcm : 8
    Best Ndsam L1 : 8
    Best Ndsam L2 : 1

    Best Ntwl : 2
    Best Ntbl : 1
    Best Ntspd : 8
    Best Ntcm : 4
    Best Ntsam L1 : 2
    Best Ntsam L2 : 1
    Data array, H-tree wire type: Delay optimized global wires
    Tag array, wire type: Low swing wires

Time Components:

  Data side (with Output driver) (ns): 1.89028
	H-tree input delay (ns): 0.469027
	Decoder + wordline delay (ns): 0.276912
	Bitline delay (ns): 0.329675
	Sense Amplifier delay (ns): 0.00335856
	H-tree output delay (ns): 0.737134

  Tag side (with Output driver) (ns): 1.0398
	H-tree input delay (ns): 0.0120644
	Decoder + wordline delay (ns): 0.396755
	Bitline delay (ns): 0.527907
	Sense Amplifier delay (ns): 0.00335856
	Comparator delay (ns): 0.0449693
	H-tree output delay (ns): 0.087649


Power Components:

  Data array: Total dynamic read energy/access  (nJ): 0.231991
	Total leakage read/write power of a bank (mW): 963.693
	Total energy in H-tree (that includes both address and data transfer) (nJ): 0.199581
	Output Htree Energy (nJ): 0.0990215
	Decoder (nJ): 0.000525591
	Wordline (nJ): 0.000273772
	Bitline mux & associated drivers (nJ): 0.000370369
	Sense amp mux & associated drivers (nJ): 0
	Bitlines (nJ): 0.0210537
	Sense amplifier energy (nJ): 0.000479302
	Sub-array output driver (nJ): 0.00496736

  Tag array:  Total dynamic read energy/access (nJ): 0.0692116
	Total leakage read/write power of a bank (mW): 149.245
	Total energy in H-tree (that includes both address and data transfer) (nJ): 0.00293507
	Output Htree Energy (nJ): 0
	Decoder (nJ): 0.00089521
	Wordline (nJ): 0.000418574
	Bitline mux & associated drivers (nJ): 0.000530093
	Sense amp mux & associated drivers (nJ): 0.00030364
	Bitlines (nJ): 0.0571638
	Sense amplifier energy (nJ): 0.000718953
	Sub-array output driver (nJ): 0.00231465


Area Components:

  Data array: Area (mm2): 48.8622
	Height (mm): 11.429
	Width (mm): 4.2753
	Area efficiency (Memory cell area/Total area) - 81.211 %
		MAT Height (mm): 0.70702
		MAT Length (mm): 0.503632
		Subarray Height (mm): 0.336384
		Subarray Length (mm): 0.2412

  Tag array: Area (mm2): 1.06207
	Height (mm): 1.39074
	Width (mm): 0.763671
	Area efficiency (Memory cell area/Total area) - 87.568 %
		MAT Height (mm): 0.695372
		MAT Length (mm): 0.747471
		Subarray Height (mm): 0.672768
		Subarray Length (mm): 0.3618

Wire Properties:

  Delay Optimal
	Repeater size - 158.777 
	Repeater spacing - 0.443639 (mm) 
	Delay - 0.037959 (ns/mm) 
	PowerD - 0.000405587 (nJ/mm) 
	PowerL - 0.0180822 (mW/mm)
	Wire width - 0.18 microns
	Wire spacing - 0.18 microns

  5% Overhead
	Repeater size - 99.7772 
	Repeater spacing - 0.643639 (mm) 
	Delay - 0.039838 (ns/mm) 
	PowerD - 0.000283616 (nJ/mm) 
	PowerL - 0.00783216 (mW/mm)
	Wire width - 0.18 microns
	Wire spacing - 0.18 microns

  10% Overhead
	Repeater size - 79.7772 
	Repeater spacing - 0.643639 (mm) 
	Delay - 0.0416891 (ns/mm) 
	PowerD - 0.000262606 (nJ/mm) 
	PowerL - 0.00626223 (mW/mm)
	Wire width - 0.18 microns
	Wire spacing - 0.18 microns

  20% Overhead
	Repeater size - 71.7772 
	Repeater spacing - 0.843639 (mm) 
	Delay - 0.0455505 (ns/mm) 
	PowerD - 0.000241581 (nJ/mm) 
	PowerL - 0.00429855 (mW/mm)
	Wire width - 0.18 microns
	Wire spacing - 0.18 microns

  30% Overhead
	Repeater size - 61.7772 
	Repeater spacing - 0.943639 (mm) 
	Delay - 0.0493282 (ns/mm) 
	PowerD - 0.000229625 (nJ/mm) 
	PowerL - 0.00330761 (mW/mm)
	Wire width - 0.18 microns
	Wire spacing - 0.18 microns

  Low-swing wire (1 mm) - Note: Unlike repeated wires, 
	delay and power values of low-swing wires do not
	have a linear relationship with length. 
	delay - 0.440251 (ns) 
	powerD - 3.99344e-05 (nJ) 
	PowerL - 4.02212e-06 (mW)
	Wire width - 3.6e-07 microns
	Wire spacing - 3.6e-07 microns


********************************************************

>>>>>>>>>>>>>>>>> SRAM CELL VDD = 0.5 V

********* VOLTAGE-SCALED SRAM CELL PARAMETERS **********
	R_nch_on  =      1095.26 ohm-um   (nominal 737.809 ohm-um)
	R_pch_on  =      2639.59 ohm-um   (nominal 1778.12 ohm-um)
	Vdd  =          0.5 V   (nominal 1 V)
	I_on_n	  =  0.000689331 A/um   (nominal 0.0020466 A/um)
	I_off_n	  =  7.80665e-08 A/um   (nominal 4.39e-07 A/um)
********************************************************

******************** CACHE DATA ************************

---------- CACTI version 6.5, Uniform Cache Access SRAM Model ----------

Cache Parameters:
    Total cache size (bytes): 16777216
    Number of banks: 2
    Associativity: 8
    Block size (bytes): 128
    Read/write Ports: 1
    Read ports: 0
    Write ports: 0
    Technology size (nm): 45

    Access time (ns): 2.39233
    Cycle time (ns):  1.28215
    Total dynamic read energy per access (nJ): 0.299264
    Total leakage power of a bank (mW): 945.557
    Cache height x width (mm): 11.429 x 5.03897

    Best Ndwl : 8
    Best Ndbl : 32
    Best Nspd : 0.5
    Best Ndcm : 8
    Best Ndsam L1 : 8
    Best Ndsam L2 : 1

    Best Ntwl : 2
    Best Ntbl : 1
    Best Ntspd : 8
    Best Ntcm : 4
    Best Ntsam L1 : 2
    Best Ntsam L2 : 1
    Data array, H-tree wire type: Delay optimized global wires
    Tag array, wire type: Low swing wires

Time Components:

  Data side (with Output driver) (ns): 1.9106
	H-tree input delay (ns): 0.469027
	Decoder + wordline delay (ns): 0.276912
	Bitline delay (ns): 0.349996
	Sense Amplifier delay (ns): 0.00335856
	H-tree output delay (ns): 0.737134

  Tag side (with Output driver) (ns): 1.0398
	H-tree input delay (ns): 0.0120644
	Decoder + wordline delay (ns): 0.396755
	Bitline delay (ns): 0.527907
	Sense Amplifier delay (ns): 0.00335856
	Comparator delay (ns): 0.0449693
	H-tree output delay (ns): 0.087649


Power Components:

  Data array: Total dynamic read energy/access  (nJ): 0.230052
	Total leakage read/write power of a bank (mW): 796.312
	Total energy in H-tree (that includes both address and data transfer) (nJ): 0.199581
	Output Htree Energy (nJ): 0.0990215
	Decoder (nJ): 0.000525591
	Wordline (nJ): 0.000249073
	Bitline mux & associated drivers (nJ): 0.000370369
	Sense amp mux & associated drivers (nJ): 0
	Bitlines (nJ): 0.0191397
	Sense amplifier energy (nJ): 0.000479302
	Sub-array output driver (nJ): 0.00496736

  Tag array:  Total dynamic read energy/access (nJ): 0.0692116
	Total leakage read/write power of a bank (mW): 149.245
	Total energy in H-tree (that includes both address and data transfer) (nJ): 0.00293507
	Output Htree Energy (nJ): 0
	Decoder (nJ): 0.00089521
	Wordline (nJ): 0.000418574
	Bitline mux & associated drivers (nJ): 0.000530093
	Sense amp mux & associated drivers (nJ): 0.00030364
	Bitlines (nJ): 0.0571638
	Sense amplifier energy (nJ): 0.000718953
	Sub-array output driver (nJ): 0.00231465


Area Components:

  Data array: Area (mm2): 48.8622
	Height (mm): 11.429
	Width (mm): 4.2753
	Area efficiency (Memory cell area/Total area) - 81.211 %
		MAT Height (mm): 0.70702
		MAT Length (mm): 0.503632
		Subarray Height (mm): 0.336384
		Subarray Length (mm): 0.2412

  Tag array: Area (mm2): 1.06207
	Height (mm): 1.39074
	Width (mm): 0.763671
	Area efficiency (Memory cell area/Total area) - 87.568 %
		MAT Height (mm): 0.695372
		MAT Length (mm): 0.747471
		Subarray Height (mm): 0.672768
		Subarray Length (mm): 0.3618

Wire Properties:

  Delay Optimal
	Repeater size - 158.777 
	Repeater spacing - 0.443639 (mm) 
	Delay - 0.037959 (ns/mm) 
	PowerD - 0.000405587 (nJ/mm) 
	PowerL - 0.0180822 (mW/mm)
	Wire width - 0.18 microns
	Wire spacing - 0.18 microns

  5% Overhead
	Repeater size - 99.7772 
	Repeater spacing - 0.643639 (mm) 
	Delay - 0.039838 (ns/mm) 
	PowerD - 0.000283616 (nJ/mm) 
	PowerL - 0.00783216 (mW/mm)
	Wire width - 0.18 microns
	Wire spacing - 0.18 microns

  10% Overhead
	Repeater size - 79.7772 
	Repeater spacing - 0.643639 (mm) 
	Delay - 0.0416891 (ns/mm) 
	PowerD - 0.000262606 (nJ/mm) 
	PowerL - 0.00626223 (mW/mm)
	Wire width - 0.18 microns
	Wire spacing - 0.18 microns

  20% Overhead
	Repeater size - 71.7772 
	Repeater spacing - 0.843639 (mm) 
	Delay - 0.0455505 (ns/mm) 
	PowerD - 0.000241581 (nJ/mm) 
	PowerL - 0.00429855 (mW/mm)
	Wire width - 0.18 microns
	Wire spacing - 0.18 microns

  30% Overhead
	Repeater size - 61.7772 
	Repeater spacing - 0.943639 (mm) 
	Delay - 0.0493282 (ns/mm) 
	PowerD - 0.000229625 (nJ/mm) 
	PowerL - 0.00330761 (mW/mm)
	Wire width - 0.18 microns
	Wire spacing - 0.18 microns

  Low-swing wire (1 mm) - Note: Unlike repeated wires, 
	delay and power values of low-swing wires do not
	have a linear relationship with length. 
	delay - 0.440251 (ns) 
	powerD - 3.99344e-05 (nJ) 
	PowerL - 4.02212e-06 (mW)
	Wire width - 3.6e-07 microns
	Wire spacing - 3.6e-07 microns


********************************************************

>>>>>>>>>>>>>>>>> SRAM CELL VDD = 0.45 V

********* VOLTAGE-SCALED SRAM CELL PARAMETERS **********
	R_nch_on  =      1212.78 ohm-um   (nominal 737.809 ohm-um)
	R_pch_on  =       2922.8 ohm-um   (nominal 1778.12 ohm-um)
	Vdd  =         0.45 V   (nominal 1 V)
	I_on_n	  =  0.000560284 A/um   (nominal 0.0020466 A/um)
	I_off_n	  =  6.56847e-08 A/um   (nominal 4.39e-07 A/um)
********************************************************

******************** CACHE DATA ************************

---------- CACTI version 6.5, Uniform Cache Access SRAM Model ----------

Cache Parameters:
    Total cache size (bytes): 16777216
    Number of banks: 2
    Associativity: 8
    Block size (bytes): 128
    Read/write Ports: 1
    Read ports: 0
    Write ports: 0
    Technology size (nm): 45

    Access time (ns): 2.39233
    Cycle time (ns):  1.28215
    Total dynamic read energy per access (nJ): 0.297327
    Total leakage power of a bank (mW): 813.361
    Cache height x width (mm): 11.429 x 5.03897

    Best Ndwl : 8
    Best Ndbl : 32
    Best Nspd : 0.5
    Best Ndcm : 8
    Best Ndsam L1 : 8
    Best Ndsam L2 : 1

    Best Ntwl : 2
    Best Ntbl : 1
    Best Ntspd : 8
    Best Ntcm : 4
    Best Ntsam L1 : 2
    Best Ntsam L2 : 1
    Data array, H-tree wire type: Delay optimized global wires
    Tag array, wire type: Low swing wires

Time Components:

  Data side (with Output driver) (ns): 1.9402
	H-tree input delay (ns): 0.469027
	Decoder + wordline delay (ns): 0.276912
	Bitline delay (ns): 0.379591
	Sense Amplifier delay (ns): 0.00335856
	H-tree output delay (ns): 0.737134

  Tag side (with Output driver) (ns): 1.0398
	H-tree input delay (ns): 0.0120644
	Decoder + wordline delay (ns): 0.396755
	Bitline delay (ns): 0.527907
	Sense Amplifier delay (ns): 0.00335856
	Comparator delay (ns): 0.0449693
	H-tree output delay (ns): 0.087649


Power Components:

  Data array: Total dynamic read energy/access  (nJ): 0.228116
	Total leakage read/write power of a bank (mW): 664.116
	Total energy in H-tree (that includes both address and data transfer) (nJ): 0.199581
	Output Htree Energy (nJ): 0.0990215
	Decoder (nJ): 0.000525591
	Wordline (nJ): 0.000226727
	Bitline mux & associated drivers (nJ): 0.000370369
	Sense amp mux & associated drivers (nJ): 0
	Bitlines (nJ): 0.0172258
	Sense amplifier energy (nJ): 0.000479302
	Sub-array output driver (nJ): 0.00496736

  Tag array:  Total dynamic read energy/access (nJ): 0.0692116
	Total leakage read/write power of a bank (mW): 149.245
	Total energy in H-tree (that includes both address and data transfer) (nJ): 0.00293507
	Output Htree Energy (nJ): 0
	Decoder (nJ): 0.00089521
	Wordline (nJ): 0.000418574
	Bitline mux & associated drivers (nJ): 0.000530093
	Sense amp mux & associated drivers (nJ): 0.00030364
	Bitlines (nJ): 0.0571638
	Sense amplifier energy (nJ): 0.000718953
	Sub-array output driver (nJ): 0.00231465


Area Components:

  Data array: Area (mm2): 48.8622
	Height (mm): 11.429
	Width (mm): 4.2753
	Area efficiency (Memory cell area/Total area) - 81.211 %
		MAT Height (mm): 0.70702
		MAT Length (mm): 0.503632
		Subarray Height (mm): 0.336384
		Subarray Length (mm): 0.2412

  Tag array: Area (mm2): 1.06207
	Height (mm): 1.39074
	Width (mm): 0.763671
	Area efficiency (Memory cell area/Total area) - 87.568 %
		MAT Height (mm): 0.695372
		MAT Length (mm): 0.747471
		Subarray Height (mm): 0.672768
		Subarray Length (mm): 0.3618

Wire Properties:

  Delay Optimal
	Repeater size - 158.777 
	Repeater spacing - 0.443639 (mm) 
	Delay - 0.037959 (ns/mm) 
	PowerD - 0.000405587 (nJ/mm) 
	PowerL - 0.0180822 (mW/mm)
	Wire width - 0.18 microns
	Wire spacing - 0.18 microns

  5% Overhead
	Repeater size - 99.7772 
	Repeater spacing - 0.643639 (mm) 
	Delay - 0.039838 (ns/mm) 
	PowerD - 0.000283616 (nJ/mm) 
	PowerL - 0.00783216 (mW/mm)
	Wire width - 0.18 microns
	Wire spacing - 0.18 microns

  10% Overhead
	Repeater size - 79.7772 
	Repeater spacing - 0.643639 (mm) 
	Delay - 0.0416891 (ns/mm) 
	PowerD - 0.000262606 (nJ/mm) 
	PowerL - 0.00626223 (mW/mm)
	Wire width - 0.18 microns
	Wire spacing - 0.18 microns

  20% Overhead
	Repeater size - 71.7772 
	Repeater spacing - 0.843639 (mm) 
	Delay - 0.0455505 (ns/mm) 
	PowerD - 0.000241581 (nJ/mm) 
	PowerL - 0.00429855 (mW/mm)
	Wire width - 0.18 microns
	Wire spacing - 0.18 microns

  30% Overhead
	Repeater size - 61.7772 
	Repeater spacing - 0.943639 (mm) 
	Delay - 0.0493282 (ns/mm) 
	PowerD - 0.000229625 (nJ/mm) 
	PowerL - 0.00330761 (mW/mm)
	Wire width - 0.18 microns
	Wire spacing - 0.18 microns

  Low-swing wire (1 mm) - Note: Unlike repeated wires, 
	delay and power values of low-swing wires do not
	have a linear relationship with length. 
	delay - 0.440251 (ns) 
	powerD - 3.99344e-05 (nJ) 
	PowerL - 4.02212e-06 (mW)
	Wire width - 3.6e-07 microns
	Wire spacing - 3.6e-07 microns


********************************************************

>>>>>>>>>>>>>>>>> SRAM CELL VDD = 0.4 V

********* VOLTAGE-SCALED SRAM CELL PARAMETERS **********
	R_nch_on  =      1396.73 ohm-um   (nominal 737.809 ohm-um)
	R_pch_on  =      3366.11 ohm-um   (nominal 1778.12 ohm-um)
	Vdd  =          0.4 V   (nominal 1 V)
	I_on_n	  =  0.000432439 A/um   (nominal 0.0020466 A/um)
	I_off_n	  =  5.52668e-08 A/um   (nominal 4.39e-07 A/um)
********************************************************

******************** CACHE DATA ************************

---------- CACTI version 6.5, Uniform Cache Access SRAM Model ----------

Cache Parameters:
    Total cache size (bytes): 16777216
    Number of banks: 2
    Associativity: 8
    Block size (bytes): 128
    Read/write Ports: 1
    Read ports: 0
    Write ports: 0
    Technology size (nm): 45

    Access time (ns): 2.39233
    Cycle time (ns):  1.28215
    Total dynamic read energy per access (nJ): 0.295393
    Total leakage power of a bank (mW): 709.4
    Cache height x width (mm): 11.429 x 5.03897

    Best Ndwl : 8
    Best Ndbl : 32
    Best Nspd : 0.5
    Best Ndcm : 8
    Best Ndsam L1 : 8
    Best Ndsam L2 : 1

    Best Ntwl : 2
    Best Ntbl : 1
    Best Ntspd : 8
    Best Ntcm : 4
    Best Ntsam L1 : 2
    Best Ntsam L2 : 1
    Data array, H-tree wire type: Delay optimized global wires
    Tag array, wire type: Low swing wires

Time Components:

  Data side (with Output driver) (ns): 1.98735
	H-tree input delay (ns): 0.469027
	Decoder + wordline delay (ns): 0.276912
	Bitline delay (ns): 0.42674
	Sense Amplifier delay (ns): 0.00335856
	H-tree output delay (ns): 0.737134

  Tag side (with Output driver) (ns): 1.0398
	H-tree input delay (ns): 0.0120644
	Decoder + wordline delay (ns): 0.396755
	Bitline delay (ns): 0.527907
	Sense Amplifier delay (ns): 0.00335856
	Comparator delay (ns): 0.0449693
	H-tree output delay (ns): 0.087649


Power Components:

  Data array: Total dynamic read energy/access  (nJ): 0.226182
	Total leakage read/write power of a bank (mW): 560.155
	Total energy in H-tree (that includes both address and data transfer) (nJ): 0.199581
	Output Htree Energy (nJ): 0.0990215
	Decoder (nJ): 0.000525591
	Wordline (nJ): 0.000206732
	Bitline mux & associated drivers (nJ): 0.000370369
	Sense amp mux & associated drivers (nJ): 0
	Bitlines (nJ): 0.0153118
	Sense amplifier energy (nJ): 0.000479302
	Sub-array output driver (nJ): 0.00496736

  Tag array:  Total dynamic read energy/access (nJ): 0.0692116
	Total leakage read/write power of a bank (mW): 149.245
	Total energy in H-tree (that includes both address and data transfer) (nJ): 0.00293507
	Output Htree Energy (nJ): 0
	Decoder (nJ): 0.00089521
	Wordline (nJ): 0.000418574
	Bitline mux & associated drivers (nJ): 0.000530093
	Sense amp mux & associated drivers (nJ): 0.00030364
	Bitlines (nJ): 0.0571638
	Sense amplifier energy (nJ): 0.000718953
	Sub-array output driver (nJ): 0.00231465


Area Components:

  Data array: Area (mm2): 48.8622
	Height (mm): 11.429
	Width (mm): 4.2753
	Area efficiency (Memory cell area/Total area) - 81.211 %
		MAT Height (mm): 0.70702
		MAT Length (mm): 0.503632
		Subarray Height (mm): 0.336384
		Subarray Length (mm): 0.2412

  Tag array: Area (mm2): 1.06207
	Height (mm): 1.39074
	Width (mm): 0.763671
	Area efficiency (Memory cell area/Total area) - 87.568 %
		MAT Height (mm): 0.695372
		MAT Length (mm): 0.747471
		Subarray Height (mm): 0.672768
		Subarray Length (mm): 0.3618

Wire Properties:

  Delay Optimal
	Repeater size - 158.777 
	Repeater spacing - 0.443639 (mm) 
	Delay - 0.037959 (ns/mm) 
	PowerD - 0.000405587 (nJ/mm) 
	PowerL - 0.0180822 (mW/mm)
	Wire width - 0.18 microns
	Wire spacing - 0.18 microns

  5% Overhead
	Repeater size - 99.7772 
	Repeater spacing - 0.643639 (mm) 
	Delay - 0.039838 (ns/mm) 
	PowerD - 0.000283616 (nJ/mm) 
	PowerL - 0.00783216 (mW/mm)
	Wire width - 0.18 microns
	Wire spacing - 0.18 microns

  10% Overhead
	Repeater size - 79.7772 
	Repeater spacing - 0.643639 (mm) 
	Delay - 0.0416891 (ns/mm) 
	PowerD - 0.000262606 (nJ/mm) 
	PowerL - 0.00626223 (mW/mm)
	Wire width - 0.18 microns
	Wire spacing - 0.18 microns

  20% Overhead
	Repeater size - 71.7772 
	Repeater spacing - 0.843639 (mm) 
	Delay - 0.0455505 (ns/mm) 
	PowerD - 0.000241581 (nJ/mm) 
	PowerL - 0.00429855 (mW/mm)
	Wire width - 0.18 microns
	Wire spacing - 0.18 microns

  30% Overhead
	Repeater size - 61.7772 
	Repeater spacing - 0.943639 (mm) 
	Delay - 0.0493282 (ns/mm) 
	PowerD - 0.000229625 (nJ/mm) 
	PowerL - 0.00330761 (mW/mm)
	Wire width - 0.18 microns
	Wire spacing - 0.18 microns

  Low-swing wire (1 mm) - Note: Unlike repeated wires, 
	delay and power values of low-swing wires do not
	have a linear relationship with length. 
	delay - 0.440251 (ns) 
	powerD - 3.99344e-05 (nJ) 
	PowerL - 4.02212e-06 (mW)
	Wire width - 3.6e-07 microns
	Wire spacing - 3.6e-07 microns


********************************************************

>>>>>>>>>>>>>>>>> SRAM CELL VDD = 0.35 V

********* VOLTAGE-SCALED SRAM CELL PARAMETERS **********
	R_nch_on  =      1728.26 ohm-um   (nominal 737.809 ohm-um)
	R_pch_on  =      4165.11 ohm-um   (nominal 1778.12 ohm-um)
	Vdd  =         0.35 V   (nominal 1 V)
	I_on_n	  =  0.000305799 A/um   (nominal 0.0020466 A/um)
	I_off_n	  =  4.65012e-08 A/um   (nominal 4.39e-07 A/um)
********************************************************

******************** CACHE DATA ************************

---------- CACTI version 6.5, Uniform Cache Access SRAM Model ----------

Cache Parameters:
    Total cache size (bytes): 16777216
    Number of banks: 2
    Associativity: 8
    Block size (bytes): 128
    Read/write Ports: 1
    Read ports: 0
    Write ports: 0
    Technology size (nm): 45

    Access time (ns): 2.39233
    Cycle time (ns):  1.28215
    Total dynamic read energy per access (nJ): 0.293462
    Total leakage power of a bank (mW): 628.042
    Cache height x width (mm): 11.429 x 5.03897

    Best Ndwl : 8
    Best Ndbl : 32
    Best Nspd : 0.5
    Best Ndcm : 8
    Best Ndsam L1 : 8
    Best Ndsam L2 : 1

    Best Ntwl : 2
    Best Ntbl : 1
    Best Ntspd : 8
    Best Ntcm : 4
    Best Ntsam L1 : 2
    Best Ntsam L2 : 1
    Data array, H-tree wire type: Delay optimized global wires
    Tag array, wire type: Low swing wires

Time Components:

  Data side (with Output driver) (ns): 2.07401
	H-tree input delay (ns): 0.469027
	Decoder + wordline delay (ns): 0.276912
	Bitline delay (ns): 0.513406
	Sense Amplifier delay (ns): 0.00335856
	H-tree output delay (ns): 0.737134

  Tag side (with Output driver) (ns): 1.0398
	H-tree input delay (ns): 0.0120644
	Decoder + wordline delay (ns): 0.396755
	Bitline delay (ns): 0.527907
	Sense Amplifier delay (ns): 0.00335856
	Comparator delay (ns): 0.0449693
	H-tree output delay (ns): 0.087649


Power Components:

  Data array: Total dynamic read energy/access  (nJ): 0.22425
	Total leakage read/write power of a bank (mW): 478.797
	Total energy in H-tree (that includes both address and data transfer) (nJ): 0.199581
	Output Htree Energy (nJ): 0.0990215
	Decoder (nJ): 0.000525591
	Wordline (nJ): 0.00018909
	Bitline mux & associated drivers (nJ): 0.000370369
	Sense amp mux & associated drivers (nJ): 0
	Bitlines (nJ): 0.0133978
	Sense amplifier energy (nJ): 0.000479302
	Sub-array output driver (nJ): 0.00496736

  Tag array:  Total dynamic read energy/access (nJ): 0.0692116
	Total leakage read/write power of a bank (mW): 149.245
	Total energy in H-tree (that includes both address and data transfer) (nJ): 0.00293507
	Output Htree Energy (nJ): 0
	Decoder (nJ): 0.00089521
	Wordline (nJ): 0.000418574
	Bitline mux & associated drivers (nJ): 0.000530093
	Sense amp mux & associated drivers (nJ): 0.00030364
	Bitlines (nJ): 0.0571638
	Sense amplifier energy (nJ): 0.000718953
	Sub-array output driver (nJ): 0.00231465


Area Components:

  Data array: Area (mm2): 48.8622
	Height (mm): 11.429
	Width (mm): 4.2753
	Area efficiency (Memory cell area/Total area) - 81.211 %
		MAT Height (mm): 0.70702
		MAT Length (mm): 0.503632
		Subarray Height (mm): 0.336384
		Subarray Length (mm): 0.2412

  Tag array: Area (mm2): 1.06207
	Height (mm): 1.39074
	Width (mm): 0.763671
	Area efficiency (Memory cell area/Total area) - 87.568 %
		MAT Height (mm): 0.695372
		MAT Length (mm): 0.747471
		Subarray Height (mm): 0.672768
		Subarray Length (mm): 0.3618

Wire Properties:

  Delay Optimal
	Repeater size - 158.777 
	Repeater spacing - 0.443639 (mm) 
	Delay - 0.037959 (ns/mm) 
	PowerD - 0.000405587 (nJ/mm) 
	PowerL - 0.0180822 (mW/mm)
	Wire width - 0.18 microns
	Wire spacing - 0.18 microns

  5% Overhead
	Repeater size - 99.7772 
	Repeater spacing - 0.643639 (mm) 
	Delay - 0.039838 (ns/mm) 
	PowerD - 0.000283616 (nJ/mm) 
	PowerL - 0.00783216 (mW/mm)
	Wire width - 0.18 microns
	Wire spacing - 0.18 microns

  10% Overhead
	Repeater size - 79.7772 
	Repeater spacing - 0.643639 (mm) 
	Delay - 0.0416891 (ns/mm) 
	PowerD - 0.000262606 (nJ/mm) 
	PowerL - 0.00626223 (mW/mm)
	Wire width - 0.18 microns
	Wire spacing - 0.18 microns

  20% Overhead
	Repeater size - 71.7772 
	Repeater spacing - 0.843639 (mm) 
	Delay - 0.0455505 (ns/mm) 
	PowerD - 0.000241581 (nJ/mm) 
	PowerL - 0.00429855 (mW/mm)
	Wire width - 0.18 microns
	Wire spacing - 0.18 microns

  30% Overhead
	Repeater size - 61.7772 
	Repeater spacing - 0.943639 (mm) 
	Delay - 0.0493282 (ns/mm) 
	PowerD - 0.000229625 (nJ/mm) 
	PowerL - 0.00330761 (mW/mm)
	Wire width - 0.18 microns
	Wire spacing - 0.18 microns

  Low-swing wire (1 mm) - Note: Unlike repeated wires, 
	delay and power values of low-swing wires do not
	have a linear relationship with length. 
	delay - 0.440251 (ns) 
	powerD - 3.99344e-05 (nJ) 
	PowerL - 4.02212e-06 (mW)
	Wire width - 3.6e-07 microns
	Wire spacing - 3.6e-07 microns


********************************************************

>>>>>>>>>>>>>>>>> SRAM CELL VDD = 0.3 V

********* VOLTAGE-SCALED SRAM CELL PARAMETERS **********
	R_nch_on  =      2511.62 ohm-um   (nominal 737.809 ohm-um)
	R_pch_on  =      6053.01 ohm-um   (nominal 1778.12 ohm-um)
	Vdd  =          0.3 V   (nominal 1 V)
	I_on_n	  =  0.000180362 A/um   (nominal 0.0020466 A/um)
	I_off_n	  =  3.91259e-08 A/um   (nominal 4.39e-07 A/um)
********************************************************

******************** CACHE DATA ************************

---------- CACTI version 6.5, Uniform Cache Access SRAM Model ----------

Cache Parameters:
    Total cache size (bytes): 16777216
    Number of banks: 2
    Associativity: 8
    Block size (bytes): 128
    Read/write Ports: 1
    Read ports: 0
    Write ports: 0
    Technology size (nm): 45

    Access time (ns): 2.39233
    Cycle time (ns):  1.28215
    Total dynamic read energy per access (nJ): 0.291532
    Total leakage power of a bank (mW): 564.733
    Cache height x width (mm): 11.429 x 5.03897

    Best Ndwl : 8
    Best Ndbl : 32
    Best Nspd : 0.5
    Best Ndcm : 8
    Best Ndsam L1 : 8
    Best Ndsam L2 : 1

    Best Ntwl : 2
    Best Ntbl : 1
    Best Ntspd : 8
    Best Ntcm : 4
    Best Ntsam L1 : 2
    Best Ntsam L2 : 1
    Data array, H-tree wire type: Delay optimized global wires
    Tag array, wire type: Low swing wires

Time Components:

  Data side (with Output driver) (ns): 2.28311
	H-tree input delay (ns): 0.469027
	Decoder + wordline delay (ns): 0.276912
	Bitline delay (ns): 0.722505
	Sense Amplifier delay (ns): 0.00335856
	H-tree output delay (ns): 0.737134

  Tag side (with Output driver) (ns): 1.0398
	H-tree input delay (ns): 0.0120644
	Decoder + wordline delay (ns): 0.396755
	Bitline delay (ns): 0.527907
	Sense Amplifier delay (ns): 0.00335856
	Comparator delay (ns): 0.0449693
	H-tree output delay (ns): 0.087649


Power Components:

  Data array: Total dynamic read energy/access  (nJ): 0.222321
	Total leakage read/write power of a bank (mW): 415.488
	Total energy in H-tree (that includes both address and data transfer) (nJ): 0.199581
	Output Htree Energy (nJ): 0.0990215
	Decoder (nJ): 0.000525591
	Wordline (nJ): 0.0001738
	Bitline mux & associated drivers (nJ): 0.000370369
	Sense amp mux & associated drivers (nJ): 0
	Bitlines (nJ): 0.0114838
	Sense amplifier energy (nJ): 0.000479302
	Sub-array output driver (nJ): 0.00496736

  Tag array:  Total dynamic read energy/access (nJ): 0.0692116
	Total leakage read/write power of a bank (mW): 149.245
	Total energy in H-tree (that includes both address and data transfer) (nJ): 0.00293507
	Output Htree Energy (nJ): 0
	Decoder (nJ): 0.00089521
	Wordline (nJ): 0.000418574
	Bitline mux & associated drivers (nJ): 0.000530093
	Sense amp mux & associated drivers (nJ): 0.00030364
	Bitlines (nJ): 0.0571638
	Sense amplifier energy (nJ): 0.000718953
	Sub-array output driver (nJ): 0.00231465


Area Components:

  Data array: Area (mm2): 48.8622
	Height (mm): 11.429
	Width (mm): 4.2753
	Area efficiency (Memory cell area/Total area) - 81.211 %
		MAT Height (mm): 0.70702
		MAT Length (mm): 0.503632
		Subarray Height (mm): 0.336384
		Subarray Length (mm): 0.2412

  Tag array: Area (mm2): 1.06207
	Height (mm): 1.39074
	Width (mm): 0.763671
	Area efficiency (Memory cell area/Total area) - 87.568 %
		MAT Height (mm): 0.695372
		MAT Length (mm): 0.747471
		Subarray Height (mm): 0.672768
		Subarray Length (mm): 0.3618

Wire Properties:

  Delay Optimal
	Repeater size - 158.777 
	Repeater spacing - 0.443639 (mm) 
	Delay - 0.037959 (ns/mm) 
	PowerD - 0.000405587 (nJ/mm) 
	PowerL - 0.0180822 (mW/mm)
	Wire width - 0.18 microns
	Wire spacing - 0.18 microns

  5% Overhead
	Repeater size - 99.7772 
	Repeater spacing - 0.643639 (mm) 
	Delay - 0.039838 (ns/mm) 
	PowerD - 0.000283616 (nJ/mm) 
	PowerL - 0.00783216 (mW/mm)
	Wire width - 0.18 microns
	Wire spacing - 0.18 microns

  10% Overhead
	Repeater size - 79.7772 
	Repeater spacing - 0.643639 (mm) 
	Delay - 0.0416891 (ns/mm) 
	PowerD - 0.000262606 (nJ/mm) 
	PowerL - 0.00626223 (mW/mm)
	Wire width - 0.18 microns
	Wire spacing - 0.18 microns

  20% Overhead
	Repeater size - 71.7772 
	Repeater spacing - 0.843639 (mm) 
	Delay - 0.0455505 (ns/mm) 
	PowerD - 0.000241581 (nJ/mm) 
	PowerL - 0.00429855 (mW/mm)
	Wire width - 0.18 microns
	Wire spacing - 0.18 microns

  30% Overhead
	Repeater size - 61.7772 
	Repeater spacing - 0.943639 (mm) 
	Delay - 0.0493282 (ns/mm) 
	PowerD - 0.000229625 (nJ/mm) 
	PowerL - 0.00330761 (mW/mm)
	Wire width - 0.18 microns
	Wire spacing - 0.18 microns

  Low-swing wire (1 mm) - Note: Unlike repeated wires, 
	delay and power values of low-swing wires do not
	have a linear relationship with length. 
	delay - 0.440251 (ns) 
	powerD - 3.99344e-05 (nJ) 
	PowerL - 4.02212e-06 (mW)
	Wire width - 3.6e-07 microns
	Wire spacing - 3.6e-07 microns


********************************************************
