****************** INPUT ARGUMENTS ***************
Cache size                    : 2097152
Block size                    : 64
Associativity                 : 8
Read only ports               : 0
Write only ports              : 0
Read write ports              : 1
Single ended read ports       : 0
Cache banks (UCA)             : 2
Technology                    : 0.045
Temperature                   : 330
Tag size                      : 19
cache type                    : Cache
Model as memory               : 0
Access mode                   : 0
Data array cell type          : 0
Data array peripheral type    : 0
Tag array cell type           : 0
Tag array peripheral type     : 0
Design objective (UCA wt)     : 0 0 0 0 100
Design objective (UCA dev)    : 60 100000 100000 100000 1000000
Design objective (NUCA wt)    : 100 100 0 0 100
Design objective (NUCA dev)   : 10 10000 10000 10000 10000
Cache model                   : 0
Nuca bank                     : 0
Wire inside mat               : 2
Wire outside mat              : 2
Interconnect projection       : 1
Wire signalling               : 0
Cores                         : 1
Print level                   : 1
ECC overhead                  : 0
Page size                     : 8192
Burst length                  : 8
Internal prefetch width       : 8
Force cache config            : 0
**************************************************

**************** TECHNOLOGY PARAMETERS *****************
ram_wl_stitching_overhead_ =       0.3375 um
min_w_nmos_                =       0.0675 um
max_w_nmos_                =          4.5 um
unit_len_wire_del          =  5.10603e-17 s/um^2
FO4                        =  9.06329e-12 s
kinv                       =  1.68043e-12 s
vpp                        =            0 V
w_sense_en                 =        0.225 um
w_sense_n                  =      0.16875 um
w_sense_p                  =       0.3375 um
w_iso                      =       0.5625 um
w_poly_contact             =        0.045 um
spacing_poly_to_poly       =       0.0675 um
spacing_poly_to_contact    =        0.045 um

w_comp_inv_p1              =       0.5625 um
w_comp_inv_p2              =        1.125 um
w_comp_inv_p3              =         2.25 um
w_comp_inv_n1              =       0.3375 um
w_comp_inv_n2              =        0.675 um
w_comp_inv_n3              =         1.35 um
w_eval_inv_p               =          4.5 um
w_eval_inv_n               =         2.25 um
w_comp_n                   =       0.5625 um
w_comp_p                   =       1.6875 um

dram_cell_I_on             =            0 A/um
dram_cell_Vdd              =            0 V
dram_cell_I_off_worst_case_len_temp =            0 A/um
dram_cell_C                =            0 F
gm_sense_amp_latch         =     0.001408 F/s

w_nmos_b_mux               =        0.405 um
w_nmos_sa_mux              =        0.405 um
w_pmos_bl_precharge        =      0.97605 um
w_pmos_bl_eq               =     0.162675 um
MIN_GAP_BET_P_AND_N_DIFFS  =        0.225 um
HPOWERRAIL                 =         0.09 um
cell_h_def                 =         2.25 um

SRAM cell transistor: 
  C_g_ideal =     6.78e-16 F/um
  C_fringe  =        5e-17 F/um
  C_overlap =    1.356e-16 F/um
  C_junc    =        1e-15 F/um^2
  l_phy     =        0.018 um
  l_elec    =      0.01345 um
  R_nch_on  =      737.809 ohm-um   (nominal 737.809 ohm-um)
  R_pch_on  =      1778.12 ohm-um   (nominal 1778.12 ohm-um)
  Vdd  =            1 V   (nominal 1 V)
  Vth       =      0.18035 V
  Vdsat       =       0.0938 V
  I_on_n	  =    0.0020466 A/um   (nominal 0.0020466 A/um)
  I_on_p	  =            0 A/um   (nominal 0 A/um)
  I_off_n	  =     4.39e-07 A/um   (nominal 4.39e-07 A/um)
  I_off_p	  =     4.39e-07 A/um   (nominal 4.39e-07 A/um)
  C_ox      =            0 F/um^2
  t_ox      =      0.00065 um
  n_to_p_eff_curr_drv_ratio = 2.41

DRAM access transistor: 
  C_g_ideal =  1.49158e-95 F/um
  C_fringe  = 6.91638e-310 F/um
  C_overlap =  2.98316e-96 F/um
  C_junc    =  1.49158e-95 F/um^2
  l_phy     =            0 um
  l_elec    = 3.24044e-317 um
  R_nch_on  =            0 ohm-um   (nominal 0 ohm-um)
  R_pch_on  =            0 ohm-um   (nominal 0 ohm-um)
  Vdd  =            0 V   (nominal 0 V)
  Vth       =            0 V
  Vdsat       =       0.0938 V
  I_on_n	  = 6.91638e-310 A/um   (nominal 6.91638e-310 A/um)
  I_on_p	  =            0 A/um   (nominal 0 A/um)
  I_off_n	  =            0 A/um   (nominal 0 A/um)
  I_off_p	  =            0 A/um   (nominal 0 A/um)
  C_ox      =            0 F/um^2
  t_ox      =            0 um
  n_to_p_eff_curr_drv_ratio = 0

DRAM wordline transistor: 
  C_g_ideal =  1.49158e-95 F/um
  C_fringe  = 6.91638e-310 F/um
  C_overlap =  2.98316e-96 F/um
  C_junc    =  1.49158e-95 F/um^2
  l_phy     =            0 um
  l_elec    = 3.24044e-317 um
  R_nch_on  = 6.91638e-310 ohm-um   (nominal 6.91638e-310 ohm-um)
  R_pch_on  = 6.91638e-310 ohm-um   (nominal 6.91638e-310 ohm-um)
  Vdd  =            0 V   (nominal 0 V)
  Vth       =            0 V
  Vdsat       =            0 V
  I_on_n	  = 6.91638e-310 A/um   (nominal 6.91638e-310 A/um)
  I_on_p	  =            0 A/um   (nominal 0 A/um)
  I_off_n	  = 6.91638e-310 A/um   (nominal 6.91638e-310 A/um)
  I_off_p	  = 6.91638e-310 A/um   (nominal 6.91638e-310 A/um)
  C_ox      =            0 F/um^2
  t_ox      =            0 um
  n_to_p_eff_curr_drv_ratio = 2.51973e-322

peripheral global transistor: 
  C_g_ideal =     6.78e-16 F/um
  C_fringe  =        5e-17 F/um
  C_overlap =    1.356e-16 F/um
  C_junc    =        1e-15 F/um^2
  l_phy     =        0.018 um
  l_elec    =      0.01345 um
  R_nch_on  =      737.809 ohm-um   (nominal 737.809 ohm-um)
  R_pch_on  =      1778.12 ohm-um   (nominal 1778.12 ohm-um)
  Vdd  =            1 V   (nominal 1 V)
  Vth       =      0.18035 V
  Vdsat       =       0.0938 V
  I_on_n	  =    0.0020466 A/um   (nominal 0.0020466 A/um)
  I_on_p	  =            0 A/um   (nominal 0 A/um)
  I_off_n	  =     4.39e-07 A/um   (nominal 4.39e-07 A/um)
  I_off_p	  =            0 A/um   (nominal 0 A/um)
  C_ox      =     3.77e-14 F/um^2
  t_ox      =      0.00065 um
  n_to_p_eff_curr_drv_ratio = 2.41

wire local
  pitch    =       0.1125 um
  R_per_um =      4.20238 ohm/um
  C_per_um =  2.58017e-16 F/um

wire inside mat
  pitch    =         0.36 um
  R_per_um =      0.36296 ohm/um
  C_per_um =  2.81355e-16 F/um

wire outside mat
  pitch    =         0.36 um
  R_per_um =      0.36296 ohm/um
  C_per_um =  2.81355e-16 F/um

SRAM
  b_w         =         0.45 um
  b_h         =        0.657 um
  cell_a_w    =      0.05895 um
  cell_pmos_w =      0.05535 um
  cell_nmos_w =       0.0936 um
  Vbitpre     =            1 V

DRAM
  b_w         =         -nan um
  b_h         =         -nan um
  cell_a_w    =            0 um
  cell_pmos_w =            0 um
  cell_nmos_w =            0 um
  Vbitpre     =            0 V
********************************************************

>>>>>>>>>>>>>>>>> SRAM CELL VDD = 1 V

********* VOLTAGE-SCALED SRAM CELL PARAMETERS **********
	R_nch_on  =      737.809 ohm-um   (nominal 737.809 ohm-um)
	R_pch_on  =      1778.12 ohm-um   (nominal 1778.12 ohm-um)
	Vdd  =            1 V   (nominal 1 V)
	I_on_n	  =    0.0020466 A/um   (nominal 0.0020466 A/um)
	I_off_n	  =     4.39e-07 A/um   (nominal 4.39e-07 A/um)
********************************************************

******************** CACHE DATA ************************

---------- CACTI version 6.5, Uniform Cache Access SRAM Model ----------

Cache Parameters:
    Total cache size (bytes): 2097152
    Number of banks: 2
    Associativity: 8
    Block size (bytes): 64
    Read/write Ports: 1
    Read ports: 0
    Write ports: 0
    Technology size (nm): 45

    Access time (ns): 1.17858
    Cycle time (ns):  1.26946
    Total dynamic read energy per access (nJ): 0.164585
    Total leakage power of a bank (mW): 838.781
    Cache height x width (mm): 3.12076 x 2.81346

    Best Ndwl : 2
    Best Ndbl : 16
    Best Nspd : 0.5
    Best Ndcm : 8
    Best Ndsam L1 : 8
    Best Ndsam L2 : 1

    Best Ntwl : 2
    Best Ntbl : 1
    Best Ntspd : 8
    Best Ntcm : 4
    Best Ntsam L1 : 2
    Best Ntsam L2 : 1
    Data array, H-tree wire type: Delay optimized global wires
    Tag array, wire type: Low swing wires

Time Components:

  Data side (with Output driver) (ns): 1.17858
	H-tree input delay (ns): 0.16868
	Decoder + wordline delay (ns): 0.376791
	Bitline delay (ns): 0.262911
	Sense Amplifier delay (ns): 0.00335856
	H-tree output delay (ns): 0.329117

  Tag side (with Output driver) (ns): 0.529097
	H-tree input delay (ns): 0.00321422
	Decoder + wordline delay (ns): 0.268029
	Bitline delay (ns): 0.18114
	Sense Amplifier delay (ns): 0.00335856
	Comparator delay (ns): 0.04206
	H-tree output delay (ns): 0.0701407


Power Components:

  Data array: Total dynamic read energy/access  (nJ): 0.145727
	Total leakage read/write power of a bank (mW): 807.3
	Total energy in H-tree (that includes both address and data transfer) (nJ): 0.0890484
	Output Htree Energy (nJ): 0.044387
	Decoder (nJ): 0.000308543
	Wordline (nJ): 0.00107238
	Bitline mux & associated drivers (nJ): 0.00069983
	Sense amp mux & associated drivers (nJ): 0
	Bitlines (nJ): 0.0387169
	Sense amplifier energy (nJ): 0.000958603
	Sub-array output driver (nJ): 0.00560761

  Tag array:  Total dynamic read energy/access (nJ): 0.0188582
	Total leakage read/write power of a bank (mW): 31.4812
	Total energy in H-tree (that includes both address and data transfer) (nJ): 0.000707493
	Output Htree Energy (nJ): 0
	Decoder (nJ): 0.000290185
	Wordline (nJ): 0.000359766
	Bitline mux & associated drivers (nJ): 0.000447728
	Sense amp mux & associated drivers (nJ): 0.00025874
	Bitlines (nJ): 0.0121596
	Sense amplifier energy (nJ): 0.000599127
	Sub-array output driver (nJ): 0.00069198


Area Components:

  Data array: Area (mm2): 6.78496
	Height (mm): 3.12076
	Width (mm): 2.17414
	Area efficiency (Memory cell area/Total area) - 73.1055 %
		MAT Height (mm): 0.381455
		MAT Length (mm): 0.986269
		Subarray Height (mm): 0.168192
		Subarray Length (mm): 0.4824

  Tag array: Area (mm2): 0.236884
	Height (mm): 0.370524
	Width (mm): 0.639321
	Area efficiency (Memory cell area/Total area) - 81.7942 %
		MAT Height (mm): 0.185262
		MAT Length (mm): 0.625281
		Subarray Height (mm): 0.168192
		Subarray Length (mm): 0.3015

Wire Properties:

  Delay Optimal
	Repeater size - 158.777 
	Repeater spacing - 0.443639 (mm) 
	Delay - 0.037959 (ns/mm) 
	PowerD - 0.000405587 (nJ/mm) 
	PowerL - 0.0180822 (mW/mm)
	Wire width - 0.18 microns
	Wire spacing - 0.18 microns

  5% Overhead
	Repeater size - 99.7772 
	Repeater spacing - 0.643639 (mm) 
	Delay - 0.039838 (ns/mm) 
	PowerD - 0.000283616 (nJ/mm) 
	PowerL - 0.00783216 (mW/mm)
	Wire width - 0.18 microns
	Wire spacing - 0.18 microns

  10% Overhead
	Repeater size - 79.7772 
	Repeater spacing - 0.643639 (mm) 
	Delay - 0.0416891 (ns/mm) 
	PowerD - 0.000262606 (nJ/mm) 
	PowerL - 0.00626223 (mW/mm)
	Wire width - 0.18 microns
	Wire spacing - 0.18 microns

  20% Overhead
	Repeater size - 71.7772 
	Repeater spacing - 0.843639 (mm) 
	Delay - 0.0455505 (ns/mm) 
	PowerD - 0.000241581 (nJ/mm) 
	PowerL - 0.00429855 (mW/mm)
	Wire width - 0.18 microns
	Wire spacing - 0.18 microns

  30% Overhead
	Repeater size - 61.7772 
	Repeater spacing - 0.943639 (mm) 
	Delay - 0.0493282 (ns/mm) 
	PowerD - 0.000229625 (nJ/mm) 
	PowerL - 0.00330761 (mW/mm)
	Wire width - 0.18 microns
	Wire spacing - 0.18 microns

  Low-swing wire (1 mm) - Note: Unlike repeated wires, 
	delay and power values of low-swing wires do not
	have a linear relationship with length. 
	delay - 0.440251 (ns) 
	powerD - 3.99344e-05 (nJ) 
	PowerL - 4.02212e-06 (mW)
	Wire width - 3.6e-07 microns
	Wire spacing - 3.6e-07 microns


********************************************************

>>>>>>>>>>>>>>>>> SRAM CELL VDD = 0.95 V

********* VOLTAGE-SCALED SRAM CELL PARAMETERS **********
	R_nch_on  =      753.051 ohm-um   (nominal 737.809 ohm-um)
	R_pch_on  =      1814.85 ohm-um   (nominal 1778.12 ohm-um)
	Vdd  =         0.95 V   (nominal 1 V)
	I_on_n	  =   0.00190492 A/um   (nominal 0.0020466 A/um)
	I_off_n	  =  3.69372e-07 A/um   (nominal 4.39e-07 A/um)
********************************************************

******************** CACHE DATA ************************

---------- CACTI version 6.5, Uniform Cache Access SRAM Model ----------

Cache Parameters:
    Total cache size (bytes): 2097152
    Number of banks: 2
    Associativity: 8
    Block size (bytes): 64
    Read/write Ports: 1
    Read ports: 0
    Write ports: 0
    Technology size (nm): 45

    Access time (ns): 1.17967
    Cycle time (ns):  1.27055
    Total dynamic read energy per access (nJ): 0.162558
    Total leakage power of a bank (mW): 685.143
    Cache height x width (mm): 3.12076 x 2.81346

    Best Ndwl : 2
    Best Ndbl : 16
    Best Nspd : 0.5
    Best Ndcm : 8
    Best Ndsam L1 : 8
    Best Ndsam L2 : 1

    Best Ntwl : 2
    Best Ntbl : 1
    Best Ntspd : 8
    Best Ntcm : 4
    Best Ntsam L1 : 2
    Best Ntsam L2 : 1
    Data array, H-tree wire type: Delay optimized global wires
    Tag array, wire type: Low swing wires

Time Components:

  Data side (with Output driver) (ns): 1.17967
	H-tree input delay (ns): 0.16868
	Decoder + wordline delay (ns): 0.376791
	Bitline delay (ns): 0.263999
	Sense Amplifier delay (ns): 0.00335856
	H-tree output delay (ns): 0.329117

  Tag side (with Output driver) (ns): 0.529097
	H-tree input delay (ns): 0.00321422
	Decoder + wordline delay (ns): 0.268029
	Bitline delay (ns): 0.18114
	Sense Amplifier delay (ns): 0.00335856
	Comparator delay (ns): 0.04206
	H-tree output delay (ns): 0.0701407


Power Components:

  Data array: Total dynamic read energy/access  (nJ): 0.143699
	Total leakage read/write power of a bank (mW): 653.661
	Total energy in H-tree (that includes both address and data transfer) (nJ): 0.0890484
	Output Htree Energy (nJ): 0.044387
	Decoder (nJ): 0.000308543
	Wordline (nJ): 0.000980637
	Bitline mux & associated drivers (nJ): 0.00069983
	Sense amp mux & associated drivers (nJ): 0
	Bitlines (nJ): 0.036781
	Sense amplifier energy (nJ): 0.000958603
	Sub-array output driver (nJ): 0.00560761

  Tag array:  Total dynamic read energy/access (nJ): 0.0188582
	Total leakage read/write power of a bank (mW): 31.4812
	Total energy in H-tree (that includes both address and data transfer) (nJ): 0.000707493
	Output Htree Energy (nJ): 0
	Decoder (nJ): 0.000290185
	Wordline (nJ): 0.000359766
	Bitline mux & associated drivers (nJ): 0.000447728
	Sense amp mux & associated drivers (nJ): 0.00025874
	Bitlines (nJ): 0.0121596
	Sense amplifier energy (nJ): 0.000599127
	Sub-array output driver (nJ): 0.00069198


Area Components:

  Data array: Area (mm2): 6.78496
	Height (mm): 3.12076
	Width (mm): 2.17414
	Area efficiency (Memory cell area/Total area) - 73.1055 %
		MAT Height (mm): 0.381455
		MAT Length (mm): 0.986269
		Subarray Height (mm): 0.168192
		Subarray Length (mm): 0.4824

  Tag array: Area (mm2): 0.236884
	Height (mm): 0.370524
	Width (mm): 0.639321
	Area efficiency (Memory cell area/Total area) - 81.7942 %
		MAT Height (mm): 0.185262
		MAT Length (mm): 0.625281
		Subarray Height (mm): 0.168192
		Subarray Length (mm): 0.3015

Wire Properties:

  Delay Optimal
	Repeater size - 158.777 
	Repeater spacing - 0.443639 (mm) 
	Delay - 0.037959 (ns/mm) 
	PowerD - 0.000405587 (nJ/mm) 
	PowerL - 0.0180822 (mW/mm)
	Wire width - 0.18 microns
	Wire spacing - 0.18 microns

  5% Overhead
	Repeater size - 99.7772 
	Repeater spacing - 0.643639 (mm) 
	Delay - 0.039838 (ns/mm) 
	PowerD - 0.000283616 (nJ/mm) 
	PowerL - 0.00783216 (mW/mm)
	Wire width - 0.18 microns
	Wire spacing - 0.18 microns

  10% Overhead
	Repeater size - 79.7772 
	Repeater spacing - 0.643639 (mm) 
	Delay - 0.0416891 (ns/mm) 
	PowerD - 0.000262606 (nJ/mm) 
	PowerL - 0.00626223 (mW/mm)
	Wire width - 0.18 microns
	Wire spacing - 0.18 microns

  20% Overhead
	Repeater size - 71.7772 
	Repeater spacing - 0.843639 (mm) 
	Delay - 0.0455505 (ns/mm) 
	PowerD - 0.000241581 (nJ/mm) 
	PowerL - 0.00429855 (mW/mm)
	Wire width - 0.18 microns
	Wire spacing - 0.18 microns

  30% Overhead
	Repeater size - 61.7772 
	Repeater spacing - 0.943639 (mm) 
	Delay - 0.0493282 (ns/mm) 
	PowerD - 0.000229625 (nJ/mm) 
	PowerL - 0.00330761 (mW/mm)
	Wire width - 0.18 microns
	Wire spacing - 0.18 microns

  Low-swing wire (1 mm) - Note: Unlike repeated wires, 
	delay and power values of low-swing wires do not
	have a linear relationship with length. 
	delay - 0.440251 (ns) 
	powerD - 3.99344e-05 (nJ) 
	PowerL - 4.02212e-06 (mW)
	Wire width - 3.6e-07 microns
	Wire spacing - 3.6e-07 microns


********************************************************

>>>>>>>>>>>>>>>>> SRAM CELL VDD = 0.9 V

********* VOLTAGE-SCALED SRAM CELL PARAMETERS **********
	R_nch_on  =      769.955 ohm-um   (nominal 737.809 ohm-um)
	R_pch_on  =      1855.59 ohm-um   (nominal 1778.12 ohm-um)
	Vdd  =          0.9 V   (nominal 1 V)
	I_on_n	  =   0.00176504 A/um   (nominal 0.0020466 A/um)
	I_off_n	  =  3.10788e-07 A/um   (nominal 4.39e-07 A/um)
********************************************************

******************** CACHE DATA ************************

---------- CACTI version 6.5, Uniform Cache Access SRAM Model ----------

Cache Parameters:
    Total cache size (bytes): 2097152
    Number of banks: 2
    Associativity: 8
    Block size (bytes): 64
    Read/write Ports: 1
    Read ports: 0
    Write ports: 0
    Technology size (nm): 45

    Access time (ns): 1.18079
    Cycle time (ns):  1.27167
    Total dynamic read energy per access (nJ): 0.160535
    Total leakage power of a bank (mW): 560.98
    Cache height x width (mm): 3.12076 x 2.81346

    Best Ndwl : 2
    Best Ndbl : 16
    Best Nspd : 0.5
    Best Ndcm : 8
    Best Ndsam L1 : 8
    Best Ndsam L2 : 1

    Best Ntwl : 2
    Best Ntbl : 1
    Best Ntspd : 8
    Best Ntcm : 4
    Best Ntsam L1 : 2
    Best Ntsam L2 : 1
    Data array, H-tree wire type: Delay optimized global wires
    Tag array, wire type: Low swing wires

Time Components:

  Data side (with Output driver) (ns): 1.18079
	H-tree input delay (ns): 0.16868
	Decoder + wordline delay (ns): 0.376791
	Bitline delay (ns): 0.265127
	Sense Amplifier delay (ns): 0.00335856
	H-tree output delay (ns): 0.329117

  Tag side (with Output driver) (ns): 0.529097
	H-tree input delay (ns): 0.00321422
	Decoder + wordline delay (ns): 0.268029
	Bitline delay (ns): 0.18114
	Sense Amplifier delay (ns): 0.00335856
	Comparator delay (ns): 0.04206
	H-tree output delay (ns): 0.0701407


Power Components:

  Data array: Total dynamic read energy/access  (nJ): 0.141676
	Total leakage read/write power of a bank (mW): 529.499
	Total energy in H-tree (that includes both address and data transfer) (nJ): 0.0890484
	Output Htree Energy (nJ): 0.044387
	Decoder (nJ): 0.000308543
	Wordline (nJ): 0.000893602
	Bitline mux & associated drivers (nJ): 0.00069983
	Sense amp mux & associated drivers (nJ): 0
	Bitlines (nJ): 0.0348452
	Sense amplifier energy (nJ): 0.000958603
	Sub-array output driver (nJ): 0.00560761

  Tag array:  Total dynamic read energy/access (nJ): 0.0188582
	Total leakage read/write power of a bank (mW): 31.4812
	Total energy in H-tree (that includes both address and data transfer) (nJ): 0.000707493
	Output Htree Energy (nJ): 0
	Decoder (nJ): 0.000290185
	Wordline (nJ): 0.000359766
	Bitline mux & associated drivers (nJ): 0.000447728
	Sense amp mux & associated drivers (nJ): 0.00025874
	Bitlines (nJ): 0.0121596
	Sense amplifier energy (nJ): 0.000599127
	Sub-array output driver (nJ): 0.00069198


Area Components:

  Data array: Area (mm2): 6.78496
	Height (mm): 3.12076
	Width (mm): 2.17414
	Area efficiency (Memory cell area/Total area) - 73.1055 %
		MAT Height (mm): 0.381455
		MAT Length (mm): 0.986269
		Subarray Height (mm): 0.168192
		Subarray Length (mm): 0.4824

  Tag array: Area (mm2): 0.236884
	Height (mm): 0.370524
	Width (mm): 0.639321
	Area efficiency (Memory cell area/Total area) - 81.7942 %
		MAT Height (mm): 0.185262
		MAT Length (mm): 0.625281
		Subarray Height (mm): 0.168192
		Subarray Length (mm): 0.3015

Wire Properties:

  Delay Optimal
	Repeater size - 158.777 
	Repeater spacing - 0.443639 (mm) 
	Delay - 0.037959 (ns/mm) 
	PowerD - 0.000405587 (nJ/mm) 
	PowerL - 0.0180822 (mW/mm)
	Wire width - 0.18 microns
	Wire spacing - 0.18 microns

  5% Overhead
	Repeater size - 99.7772 
	Repeater spacing - 0.643639 (mm) 
	Delay - 0.039838 (ns/mm) 
	PowerD - 0.000283616 (nJ/mm) 
	PowerL - 0.00783216 (mW/mm)
	Wire width - 0.18 microns
	Wire spacing - 0.18 microns

  10% Overhead
	Repeater size - 79.7772 
	Repeater spacing - 0.643639 (mm) 
	Delay - 0.0416891 (ns/mm) 
	PowerD - 0.000262606 (nJ/mm) 
	PowerL - 0.00626223 (mW/mm)
	Wire width - 0.18 microns
	Wire spacing - 0.18 microns

  20% Overhead
	Repeater size - 71.7772 
	Repeater spacing - 0.843639 (mm) 
	Delay - 0.0455505 (ns/mm) 
	PowerD - 0.000241581 (nJ/mm) 
	PowerL - 0.00429855 (mW/mm)
	Wire width - 0.18 microns
	Wire spacing - 0.18 microns

  30% Overhead
	Repeater size - 61.7772 
	Repeater spacing - 0.943639 (mm) 
	Delay - 0.0493282 (ns/mm) 
	PowerD - 0.000229625 (nJ/mm) 
	PowerL - 0.00330761 (mW/mm)
	Wire width - 0.18 microns
	Wire spacing - 0.18 microns

  Low-swing wire (1 mm) - Note: Unlike repeated wires, 
	delay and power values of low-swing wires do not
	have a linear relationship with length. 
	delay - 0.440251 (ns) 
	powerD - 3.99344e-05 (nJ) 
	PowerL - 4.02212e-06 (mW)
	Wire width - 3.6e-07 microns
	Wire spacing - 3.6e-07 microns


********************************************************

>>>>>>>>>>>>>>>>> SRAM CELL VDD = 0.85 V

********* VOLTAGE-SCALED SRAM CELL PARAMETERS **********
	R_nch_on  =      789.184 ohm-um   (nominal 737.809 ohm-um)
	R_pch_on  =      1901.93 ohm-um   (nominal 1778.12 ohm-um)
	Vdd  =         0.85 V   (nominal 1 V)
	I_on_n	  =   0.00162636 A/um   (nominal 0.0020466 A/um)
	I_off_n	  =  2.61496e-07 A/um   (nominal 4.39e-07 A/um)
********************************************************

******************** CACHE DATA ************************

---------- CACTI version 6.5, Uniform Cache Access SRAM Model ----------

Cache Parameters:
    Total cache size (bytes): 2097152
    Number of banks: 2
    Associativity: 8
    Block size (bytes): 64
    Read/write Ports: 1
    Read ports: 0
    Write ports: 0
    Technology size (nm): 45

    Access time (ns): 1.18202
    Cycle time (ns):  1.2729
    Total dynamic read energy per access (nJ): 0.158516
    Total leakage power of a bank (mW): 460.808
    Cache height x width (mm): 3.12076 x 2.81346

    Best Ndwl : 2
    Best Ndbl : 16
    Best Nspd : 0.5
    Best Ndcm : 8
    Best Ndsam L1 : 8
    Best Ndsam L2 : 1

    Best Ntwl : 2
    Best Ntbl : 1
    Best Ntspd : 8
    Best Ntcm : 4
    Best Ntsam L1 : 2
    Best Ntsam L2 : 1
    Data array, H-tree wire type: Delay optimized global wires
    Tag array, wire type: Low swing wires

Time Components:

  Data side (with Output driver) (ns): 1.18202
	H-tree input delay (ns): 0.16868
	Decoder + wordline delay (ns): 0.376791
	Bitline delay (ns): 0.266349
	Sense Amplifier delay (ns): 0.00335856
	H-tree output delay (ns): 0.329117

  Tag side (with Output driver) (ns): 0.529097
	H-tree input delay (ns): 0.00321422
	Decoder + wordline delay (ns): 0.268029
	Bitline delay (ns): 0.18114
	Sense Amplifier delay (ns): 0.00335856
	Comparator delay (ns): 0.04206
	H-tree output delay (ns): 0.0701407


Power Components:

  Data array: Total dynamic read energy/access  (nJ): 0.139658
	Total leakage read/write power of a bank (mW): 429.327
	Total energy in H-tree (that includes both address and data transfer) (nJ): 0.0890484
	Output Htree Energy (nJ): 0.044387
	Decoder (nJ): 0.000308543
	Wordline (nJ): 0.000811272
	Bitline mux & associated drivers (nJ): 0.00069983
	Sense amp mux & associated drivers (nJ): 0
	Bitlines (nJ): 0.0329094
	Sense amplifier energy (nJ): 0.000958603
	Sub-array output driver (nJ): 0.00560761

  Tag array:  Total dynamic read energy/access (nJ): 0.0188582
	Total leakage read/write power of a bank (mW): 31.4812
	Total energy in H-tree (that includes both address and data transfer) (nJ): 0.000707493
	Output Htree Energy (nJ): 0
	Decoder (nJ): 0.000290185
	Wordline (nJ): 0.000359766
	Bitline mux & associated drivers (nJ): 0.000447728
	Sense amp mux & associated drivers (nJ): 0.00025874
	Bitlines (nJ): 0.0121596
	Sense amplifier energy (nJ): 0.000599127
	Sub-array output driver (nJ): 0.00069198


Area Components:

  Data array: Area (mm2): 6.78496
	Height (mm): 3.12076
	Width (mm): 2.17414
	Area efficiency (Memory cell area/Total area) - 73.1055 %
		MAT Height (mm): 0.381455
		MAT Length (mm): 0.986269
		Subarray Height (mm): 0.168192
		Subarray Length (mm): 0.4824

  Tag array: Area (mm2): 0.236884
	Height (mm): 0.370524
	Width (mm): 0.639321
	Area efficiency (Memory cell area/Total area) - 81.7942 %
		MAT Height (mm): 0.185262
		MAT Length (mm): 0.625281
		Subarray Height (mm): 0.168192
		Subarray Length (mm): 0.3015

Wire Properties:

  Delay Optimal
	Repeater size - 158.777 
	Repeater spacing - 0.443639 (mm) 
	Delay - 0.037959 (ns/mm) 
	PowerD - 0.000405587 (nJ/mm) 
	PowerL - 0.0180822 (mW/mm)
	Wire width - 0.18 microns
	Wire spacing - 0.18 microns

  5% Overhead
	Repeater size - 99.7772 
	Repeater spacing - 0.643639 (mm) 
	Delay - 0.039838 (ns/mm) 
	PowerD - 0.000283616 (nJ/mm) 
	PowerL - 0.00783216 (mW/mm)
	Wire width - 0.18 microns
	Wire spacing - 0.18 microns

  10% Overhead
	Repeater size - 79.7772 
	Repeater spacing - 0.643639 (mm) 
	Delay - 0.0416891 (ns/mm) 
	PowerD - 0.000262606 (nJ/mm) 
	PowerL - 0.00626223 (mW/mm)
	Wire width - 0.18 microns
	Wire spacing - 0.18 microns

  20% Overhead
	Repeater size - 71.7772 
	Repeater spacing - 0.843639 (mm) 
	Delay - 0.0455505 (ns/mm) 
	PowerD - 0.000241581 (nJ/mm) 
	PowerL - 0.00429855 (mW/mm)
	Wire width - 0.18 microns
	Wire spacing - 0.18 microns

  30% Overhead
	Repeater size - 61.7772 
	Repeater spacing - 0.943639 (mm) 
	Delay - 0.0493282 (ns/mm) 
	PowerD - 0.000229625 (nJ/mm) 
	PowerL - 0.00330761 (mW/mm)
	Wire width - 0.18 microns
	Wire spacing - 0.18 microns

  Low-swing wire (1 mm) - Note: Unlike repeated wires, 
	delay and power values of low-swing wires do not
	have a linear relationship with length. 
	delay - 0.440251 (ns) 
	powerD - 3.99344e-05 (nJ) 
	PowerL - 4.02212e-06 (mW)
	Wire width - 3.6e-07 microns
	Wire spacing - 3.6e-07 microns


********************************************************

>>>>>>>>>>>>>>>>> SRAM CELL VDD = 0.8 V

********* VOLTAGE-SCALED SRAM CELL PARAMETERS **********
	R_nch_on  =      811.342 ohm-um   (nominal 737.809 ohm-um)
	R_pch_on  =      1955.34 ohm-um   (nominal 1778.12 ohm-um)
	Vdd  =          0.8 V   (nominal 1 V)
	I_on_n	  =   0.00148889 A/um   (nominal 0.0020466 A/um)
	I_off_n	  =  2.20021e-07 A/um   (nominal 4.39e-07 A/um)
********************************************************

******************** CACHE DATA ************************

---------- CACTI version 6.5, Uniform Cache Access SRAM Model ----------

Cache Parameters:
    Total cache size (bytes): 2097152
    Number of banks: 2
    Associativity: 8
    Block size (bytes): 64
    Read/write Ports: 1
    Read ports: 0
    Write ports: 0
    Technology size (nm): 45

    Access time (ns): 1.18336
    Cycle time (ns):  1.27424
    Total dynamic read energy per access (nJ): 0.156503
    Total leakage power of a bank (mW): 380.141
    Cache height x width (mm): 3.12076 x 2.81346

    Best Ndwl : 2
    Best Ndbl : 16
    Best Nspd : 0.5
    Best Ndcm : 8
    Best Ndsam L1 : 8
    Best Ndsam L2 : 1

    Best Ntwl : 2
    Best Ntbl : 1
    Best Ntspd : 8
    Best Ntcm : 4
    Best Ntsam L1 : 2
    Best Ntsam L2 : 1
    Data array, H-tree wire type: Delay optimized global wires
    Tag array, wire type: Low swing wires

Time Components:

  Data side (with Output driver) (ns): 1.18336
	H-tree input delay (ns): 0.16868
	Decoder + wordline delay (ns): 0.376791
	Bitline delay (ns): 0.267689
	Sense Amplifier delay (ns): 0.00335856
	H-tree output delay (ns): 0.329117

  Tag side (with Output driver) (ns): 0.529097
	H-tree input delay (ns): 0.00321422
	Decoder + wordline delay (ns): 0.268029
	Bitline delay (ns): 0.18114
	Sense Amplifier delay (ns): 0.00335856
	Comparator delay (ns): 0.04206
	H-tree output delay (ns): 0.0701407


Power Components:

  Data array: Total dynamic read energy/access  (nJ): 0.137645
	Total leakage read/write power of a bank (mW): 348.66
	Total energy in H-tree (that includes both address and data transfer) (nJ): 0.0890484
	Output Htree Energy (nJ): 0.044387
	Decoder (nJ): 0.000308543
	Wordline (nJ): 0.000733646
	Bitline mux & associated drivers (nJ): 0.00069983
	Sense amp mux & associated drivers (nJ): 0
	Bitlines (nJ): 0.0309735
	Sense amplifier energy (nJ): 0.000958603
	Sub-array output driver (nJ): 0.00560761

  Tag array:  Total dynamic read energy/access (nJ): 0.0188582
	Total leakage read/write power of a bank (mW): 31.4812
	Total energy in H-tree (that includes both address and data transfer) (nJ): 0.000707493
	Output Htree Energy (nJ): 0
	Decoder (nJ): 0.000290185
	Wordline (nJ): 0.000359766
	Bitline mux & associated drivers (nJ): 0.000447728
	Sense amp mux & associated drivers (nJ): 0.00025874
	Bitlines (nJ): 0.0121596
	Sense amplifier energy (nJ): 0.000599127
	Sub-array output driver (nJ): 0.00069198


Area Components:

  Data array: Area (mm2): 6.78496
	Height (mm): 3.12076
	Width (mm): 2.17414
	Area efficiency (Memory cell area/Total area) - 73.1055 %
		MAT Height (mm): 0.381455
		MAT Length (mm): 0.986269
		Subarray Height (mm): 0.168192
		Subarray Length (mm): 0.4824

  Tag array: Area (mm2): 0.236884
	Height (mm): 0.370524
	Width (mm): 0.639321
	Area efficiency (Memory cell area/Total area) - 81.7942 %
		MAT Height (mm): 0.185262
		MAT Length (mm): 0.625281
		Subarray Height (mm): 0.168192
		Subarray Length (mm): 0.3015

Wire Properties:

  Delay Optimal
	Repeater size - 158.777 
	Repeater spacing - 0.443639 (mm) 
	Delay - 0.037959 (ns/mm) 
	PowerD - 0.000405587 (nJ/mm) 
	PowerL - 0.0180822 (mW/mm)
	Wire width - 0.18 microns
	Wire spacing - 0.18 microns

  5% Overhead
	Repeater size - 99.7772 
	Repeater spacing - 0.643639 (mm) 
	Delay - 0.039838 (ns/mm) 
	PowerD - 0.000283616 (nJ/mm) 
	PowerL - 0.00783216 (mW/mm)
	Wire width - 0.18 microns
	Wire spacing - 0.18 microns

  10% Overhead
	Repeater size - 79.7772 
	Repeater spacing - 0.643639 (mm) 
	Delay - 0.0416891 (ns/mm) 
	PowerD - 0.000262606 (nJ/mm) 
	PowerL - 0.00626223 (mW/mm)
	Wire width - 0.18 microns
	Wire spacing - 0.18 microns

  20% Overhead
	Repeater size - 71.7772 
	Repeater spacing - 0.843639 (mm) 
	Delay - 0.0455505 (ns/mm) 
	PowerD - 0.000241581 (nJ/mm) 
	PowerL - 0.00429855 (mW/mm)
	Wire width - 0.18 microns
	Wire spacing - 0.18 microns

  30% Overhead
	Repeater size - 61.7772 
	Repeater spacing - 0.943639 (mm) 
	Delay - 0.0493282 (ns/mm) 
	PowerD - 0.000229625 (nJ/mm) 
	PowerL - 0.00330761 (mW/mm)
	Wire width - 0.18 microns
	Wire spacing - 0.18 microns

  Low-swing wire (1 mm) - Note: Unlike repeated wires, 
	delay and power values of low-swing wires do not
	have a linear relationship with length. 
	delay - 0.440251 (ns) 
	powerD - 3.99344e-05 (nJ) 
	PowerL - 4.02212e-06 (mW)
	Wire width - 3.6e-07 microns
	Wire spacing - 3.6e-07 microns


********************************************************

>>>>>>>>>>>>>>>>> SRAM CELL VDD = 0.75 V

********* VOLTAGE-SCALED SRAM CELL PARAMETERS **********
	R_nch_on  =      837.263 ohm-um   (nominal 737.809 ohm-um)
	R_pch_on  =       2017.8 ohm-um   (nominal 1778.12 ohm-um)
	Vdd  =         0.75 V   (nominal 1 V)
	I_on_n	  =   0.00135262 A/um   (nominal 0.0020466 A/um)
	I_off_n	  =  1.85125e-07 A/um   (nominal 4.39e-07 A/um)
********************************************************

******************** CACHE DATA ************************

---------- CACTI version 6.5, Uniform Cache Access SRAM Model ----------

Cache Parameters:
    Total cache size (bytes): 2097152
    Number of banks: 2
    Associativity: 8
    Block size (bytes): 64
    Read/write Ports: 1
    Read ports: 0
    Write ports: 0
    Technology size (nm): 45

    Access time (ns): 1.18485
    Cycle time (ns):  1.27573
    Total dynamic read energy per access (nJ): 0.154494
    Total leakage power of a bank (mW): 315.311
    Cache height x width (mm): 3.12076 x 2.81346

    Best Ndwl : 2
    Best Ndbl : 16
    Best Nspd : 0.5
    Best Ndcm : 8
    Best Ndsam L1 : 8
    Best Ndsam L2 : 1

    Best Ntwl : 2
    Best Ntbl : 1
    Best Ntspd : 8
    Best Ntcm : 4
    Best Ntsam L1 : 2
    Best Ntsam L2 : 1
    Data array, H-tree wire type: Delay optimized global wires
    Tag array, wire type: Low swing wires

Time Components:

  Data side (with Output driver) (ns): 1.18485
	H-tree input delay (ns): 0.16868
	Decoder + wordline delay (ns): 0.376791
	Bitline delay (ns): 0.269179
	Sense Amplifier delay (ns): 0.00335856
	H-tree output delay (ns): 0.329117

  Tag side (with Output driver) (ns): 0.529097
	H-tree input delay (ns): 0.00321422
	Decoder + wordline delay (ns): 0.268029
	Bitline delay (ns): 0.18114
	Sense Amplifier delay (ns): 0.00335856
	Comparator delay (ns): 0.04206
	H-tree output delay (ns): 0.0701407


Power Components:

  Data array: Total dynamic read energy/access  (nJ): 0.135636
	Total leakage read/write power of a bank (mW): 283.83
	Total energy in H-tree (that includes both address and data transfer) (nJ): 0.0890484
	Output Htree Energy (nJ): 0.044387
	Decoder (nJ): 0.000308543
	Wordline (nJ): 0.000660725
	Bitline mux & associated drivers (nJ): 0.00069983
	Sense amp mux & associated drivers (nJ): 0
	Bitlines (nJ): 0.0290377
	Sense amplifier energy (nJ): 0.000958603
	Sub-array output driver (nJ): 0.00560761

  Tag array:  Total dynamic read energy/access (nJ): 0.0188582
	Total leakage read/write power of a bank (mW): 31.4812
	Total energy in H-tree (that includes both address and data transfer) (nJ): 0.000707493
	Output Htree Energy (nJ): 0
	Decoder (nJ): 0.000290185
	Wordline (nJ): 0.000359766
	Bitline mux & associated drivers (nJ): 0.000447728
	Sense amp mux & associated drivers (nJ): 0.00025874
	Bitlines (nJ): 0.0121596
	Sense amplifier energy (nJ): 0.000599127
	Sub-array output driver (nJ): 0.00069198


Area Components:

  Data array: Area (mm2): 6.78496
	Height (mm): 3.12076
	Width (mm): 2.17414
	Area efficiency (Memory cell area/Total area) - 73.1055 %
		MAT Height (mm): 0.381455
		MAT Length (mm): 0.986269
		Subarray Height (mm): 0.168192
		Subarray Length (mm): 0.4824

  Tag array: Area (mm2): 0.236884
	Height (mm): 0.370524
	Width (mm): 0.639321
	Area efficiency (Memory cell area/Total area) - 81.7942 %
		MAT Height (mm): 0.185262
		MAT Length (mm): 0.625281
		Subarray Height (mm): 0.168192
		Subarray Length (mm): 0.3015

Wire Properties:

  Delay Optimal
	Repeater size - 158.777 
	Repeater spacing - 0.443639 (mm) 
	Delay - 0.037959 (ns/mm) 
	PowerD - 0.000405587 (nJ/mm) 
	PowerL - 0.0180822 (mW/mm)
	Wire width - 0.18 microns
	Wire spacing - 0.18 microns

  5% Overhead
	Repeater size - 99.7772 
	Repeater spacing - 0.643639 (mm) 
	Delay - 0.039838 (ns/mm) 
	PowerD - 0.000283616 (nJ/mm) 
	PowerL - 0.00783216 (mW/mm)
	Wire width - 0.18 microns
	Wire spacing - 0.18 microns

  10% Overhead
	Repeater size - 79.7772 
	Repeater spacing - 0.643639 (mm) 
	Delay - 0.0416891 (ns/mm) 
	PowerD - 0.000262606 (nJ/mm) 
	PowerL - 0.00626223 (mW/mm)
	Wire width - 0.18 microns
	Wire spacing - 0.18 microns

  20% Overhead
	Repeater size - 71.7772 
	Repeater spacing - 0.843639 (mm) 
	Delay - 0.0455505 (ns/mm) 
	PowerD - 0.000241581 (nJ/mm) 
	PowerL - 0.00429855 (mW/mm)
	Wire width - 0.18 microns
	Wire spacing - 0.18 microns

  30% Overhead
	Repeater size - 61.7772 
	Repeater spacing - 0.943639 (mm) 
	Delay - 0.0493282 (ns/mm) 
	PowerD - 0.000229625 (nJ/mm) 
	PowerL - 0.00330761 (mW/mm)
	Wire width - 0.18 microns
	Wire spacing - 0.18 microns

  Low-swing wire (1 mm) - Note: Unlike repeated wires, 
	delay and power values of low-swing wires do not
	have a linear relationship with length. 
	delay - 0.440251 (ns) 
	powerD - 3.99344e-05 (nJ) 
	PowerL - 4.02212e-06 (mW)
	Wire width - 3.6e-07 microns
	Wire spacing - 3.6e-07 microns


********************************************************

>>>>>>>>>>>>>>>>> SRAM CELL VDD = 0.7 V

********* VOLTAGE-SCALED SRAM CELL PARAMETERS **********
	R_nch_on  =      868.132 ohm-um   (nominal 737.809 ohm-um)
	R_pch_on  =       2092.2 ohm-um   (nominal 1778.12 ohm-um)
	Vdd  =          0.7 V   (nominal 1 V)
	I_on_n	  =   0.00121756 A/um   (nominal 0.0020466 A/um)
	I_off_n	  =  1.55763e-07 A/um   (nominal 4.39e-07 A/um)
********************************************************

******************** CACHE DATA ************************

---------- CACTI version 6.5, Uniform Cache Access SRAM Model ----------

Cache Parameters:
    Total cache size (bytes): 2097152
    Number of banks: 2
    Associativity: 8
    Block size (bytes): 64
    Read/write Ports: 1
    Read ports: 0
    Write ports: 0
    Technology size (nm): 45

    Access time (ns): 1.18653
    Cycle time (ns):  1.27741
    Total dynamic read energy per access (nJ): 0.15249
    Total leakage power of a bank (mW): 263.324
    Cache height x width (mm): 3.12076 x 2.81346

    Best Ndwl : 2
    Best Ndbl : 16
    Best Nspd : 0.5
    Best Ndcm : 8
    Best Ndsam L1 : 8
    Best Ndsam L2 : 1

    Best Ntwl : 2
    Best Ntbl : 1
    Best Ntspd : 8
    Best Ntcm : 4
    Best Ntsam L1 : 2
    Best Ntsam L2 : 1
    Data array, H-tree wire type: Delay optimized global wires
    Tag array, wire type: Low swing wires

Time Components:

  Data side (with Output driver) (ns): 1.18653
	H-tree input delay (ns): 0.16868
	Decoder + wordline delay (ns): 0.376791
	Bitline delay (ns): 0.270866
	Sense Amplifier delay (ns): 0.00335856
	H-tree output delay (ns): 0.329117

  Tag side (with Output driver) (ns): 0.529097
	H-tree input delay (ns): 0.00321422
	Decoder + wordline delay (ns): 0.268029
	Bitline delay (ns): 0.18114
	Sense Amplifier delay (ns): 0.00335856
	Comparator delay (ns): 0.04206
	H-tree output delay (ns): 0.0701407


Power Components:

  Data array: Total dynamic read energy/access  (nJ): 0.133632
	Total leakage read/write power of a bank (mW): 231.843
	Total energy in H-tree (that includes both address and data transfer) (nJ): 0.0890484
	Output Htree Energy (nJ): 0.044387
	Decoder (nJ): 0.000308543
	Wordline (nJ): 0.000592508
	Bitline mux & associated drivers (nJ): 0.00069983
	Sense amp mux & associated drivers (nJ): 0
	Bitlines (nJ): 0.0271018
	Sense amplifier energy (nJ): 0.000958603
	Sub-array output driver (nJ): 0.00560761

  Tag array:  Total dynamic read energy/access (nJ): 0.0188582
	Total leakage read/write power of a bank (mW): 31.4812
	Total energy in H-tree (that includes both address and data transfer) (nJ): 0.000707493
	Output Htree Energy (nJ): 0
	Decoder (nJ): 0.000290185
	Wordline (nJ): 0.000359766
	Bitline mux & associated drivers (nJ): 0.000447728
	Sense amp mux & associated drivers (nJ): 0.00025874
	Bitlines (nJ): 0.0121596
	Sense amplifier energy (nJ): 0.000599127
	Sub-array output driver (nJ): 0.00069198


Area Components:

  Data array: Area (mm2): 6.78496
	Height (mm): 3.12076
	Width (mm): 2.17414
	Area efficiency (Memory cell area/Total area) - 73.1055 %
		MAT Height (mm): 0.381455
		MAT Length (mm): 0.986269
		Subarray Height (mm): 0.168192
		Subarray Length (mm): 0.4824

  Tag array: Area (mm2): 0.236884
	Height (mm): 0.370524
	Width (mm): 0.639321
	Area efficiency (Memory cell area/Total area) - 81.7942 %
		MAT Height (mm): 0.185262
		MAT Length (mm): 0.625281
		Subarray Height (mm): 0.168192
		Subarray Length (mm): 0.3015

Wire Properties:

  Delay Optimal
	Repeater size - 158.777 
	Repeater spacing - 0.443639 (mm) 
	Delay - 0.037959 (ns/mm) 
	PowerD - 0.000405587 (nJ/mm) 
	PowerL - 0.0180822 (mW/mm)
	Wire width - 0.18 microns
	Wire spacing - 0.18 microns

  5% Overhead
	Repeater size - 99.7772 
	Repeater spacing - 0.643639 (mm) 
	Delay - 0.039838 (ns/mm) 
	PowerD - 0.000283616 (nJ/mm) 
	PowerL - 0.00783216 (mW/mm)
	Wire width - 0.18 microns
	Wire spacing - 0.18 microns

  10% Overhead
	Repeater size - 79.7772 
	Repeater spacing - 0.643639 (mm) 
	Delay - 0.0416891 (ns/mm) 
	PowerD - 0.000262606 (nJ/mm) 
	PowerL - 0.00626223 (mW/mm)
	Wire width - 0.18 microns
	Wire spacing - 0.18 microns

  20% Overhead
	Repeater size - 71.7772 
	Repeater spacing - 0.843639 (mm) 
	Delay - 0.0455505 (ns/mm) 
	PowerD - 0.000241581 (nJ/mm) 
	PowerL - 0.00429855 (mW/mm)
	Wire width - 0.18 microns
	Wire spacing - 0.18 microns

  30% Overhead
	Repeater size - 61.7772 
	Repeater spacing - 0.943639 (mm) 
	Delay - 0.0493282 (ns/mm) 
	PowerD - 0.000229625 (nJ/mm) 
	PowerL - 0.00330761 (mW/mm)
	Wire width - 0.18 microns
	Wire spacing - 0.18 microns

  Low-swing wire (1 mm) - Note: Unlike repeated wires, 
	delay and power values of low-swing wires do not
	have a linear relationship with length. 
	delay - 0.440251 (ns) 
	powerD - 3.99344e-05 (nJ) 
	PowerL - 4.02212e-06 (mW)
	Wire width - 3.6e-07 microns
	Wire spacing - 3.6e-07 microns


********************************************************

>>>>>>>>>>>>>>>>> SRAM CELL VDD = 0.65 V

********* VOLTAGE-SCALED SRAM CELL PARAMETERS **********
	R_nch_on  =      905.698 ohm-um   (nominal 737.809 ohm-um)
	R_pch_on  =      2182.73 ohm-um   (nominal 1778.12 ohm-um)
	Vdd  =         0.65 V   (nominal 1 V)
	I_on_n	  =    0.0010837 A/um   (nominal 0.0020466 A/um)
	I_off_n	  =  1.31058e-07 A/um   (nominal 4.39e-07 A/um)
********************************************************

******************** CACHE DATA ************************

---------- CACTI version 6.5, Uniform Cache Access SRAM Model ----------

Cache Parameters:
    Total cache size (bytes): 2097152
    Number of banks: 2
    Associativity: 8
    Block size (bytes): 64
    Read/write Ports: 1
    Read ports: 0
    Write ports: 0
    Technology size (nm): 45

    Access time (ns): 1.18849
    Cycle time (ns):  1.27937
    Total dynamic read energy per access (nJ): 0.150491
    Total leakage power of a bank (mW): 221.736
    Cache height x width (mm): 3.12076 x 2.81346

    Best Ndwl : 2
    Best Ndbl : 16
    Best Nspd : 0.5
    Best Ndcm : 8
    Best Ndsam L1 : 8
    Best Ndsam L2 : 1

    Best Ntwl : 2
    Best Ntbl : 1
    Best Ntspd : 8
    Best Ntcm : 4
    Best Ntsam L1 : 2
    Best Ntsam L2 : 1
    Data array, H-tree wire type: Delay optimized global wires
    Tag array, wire type: Low swing wires

Time Components:

  Data side (with Output driver) (ns): 1.18849
	H-tree input delay (ns): 0.16868
	Decoder + wordline delay (ns): 0.376791
	Bitline delay (ns): 0.272819
	Sense Amplifier delay (ns): 0.00335856
	H-tree output delay (ns): 0.329117

  Tag side (with Output driver) (ns): 0.529097
	H-tree input delay (ns): 0.00321422
	Decoder + wordline delay (ns): 0.268029
	Bitline delay (ns): 0.18114
	Sense Amplifier delay (ns): 0.00335856
	Comparator delay (ns): 0.04206
	H-tree output delay (ns): 0.0701407


Power Components:

  Data array: Total dynamic read energy/access  (nJ): 0.131633
	Total leakage read/write power of a bank (mW): 190.255
	Total energy in H-tree (that includes both address and data transfer) (nJ): 0.0890484
	Output Htree Energy (nJ): 0.044387
	Decoder (nJ): 0.000308543
	Wordline (nJ): 0.000528996
	Bitline mux & associated drivers (nJ): 0.00069983
	Sense amp mux & associated drivers (nJ): 0
	Bitlines (nJ): 0.025166
	Sense amplifier energy (nJ): 0.000958603
	Sub-array output driver (nJ): 0.00560761

  Tag array:  Total dynamic read energy/access (nJ): 0.0188582
	Total leakage read/write power of a bank (mW): 31.4812
	Total energy in H-tree (that includes both address and data transfer) (nJ): 0.000707493
	Output Htree Energy (nJ): 0
	Decoder (nJ): 0.000290185
	Wordline (nJ): 0.000359766
	Bitline mux & associated drivers (nJ): 0.000447728
	Sense amp mux & associated drivers (nJ): 0.00025874
	Bitlines (nJ): 0.0121596
	Sense amplifier energy (nJ): 0.000599127
	Sub-array output driver (nJ): 0.00069198


Area Components:

  Data array: Area (mm2): 6.78496
	Height (mm): 3.12076
	Width (mm): 2.17414
	Area efficiency (Memory cell area/Total area) - 73.1055 %
		MAT Height (mm): 0.381455
		MAT Length (mm): 0.986269
		Subarray Height (mm): 0.168192
		Subarray Length (mm): 0.4824

  Tag array: Area (mm2): 0.236884
	Height (mm): 0.370524
	Width (mm): 0.639321
	Area efficiency (Memory cell area/Total area) - 81.7942 %
		MAT Height (mm): 0.185262
		MAT Length (mm): 0.625281
		Subarray Height (mm): 0.168192
		Subarray Length (mm): 0.3015

Wire Properties:

  Delay Optimal
	Repeater size - 158.777 
	Repeater spacing - 0.443639 (mm) 
	Delay - 0.037959 (ns/mm) 
	PowerD - 0.000405587 (nJ/mm) 
	PowerL - 0.0180822 (mW/mm)
	Wire width - 0.18 microns
	Wire spacing - 0.18 microns

  5% Overhead
	Repeater size - 99.7772 
	Repeater spacing - 0.643639 (mm) 
	Delay - 0.039838 (ns/mm) 
	PowerD - 0.000283616 (nJ/mm) 
	PowerL - 0.00783216 (mW/mm)
	Wire width - 0.18 microns
	Wire spacing - 0.18 microns

  10% Overhead
	Repeater size - 79.7772 
	Repeater spacing - 0.643639 (mm) 
	Delay - 0.0416891 (ns/mm) 
	PowerD - 0.000262606 (nJ/mm) 
	PowerL - 0.00626223 (mW/mm)
	Wire width - 0.18 microns
	Wire spacing - 0.18 microns

  20% Overhead
	Repeater size - 71.7772 
	Repeater spacing - 0.843639 (mm) 
	Delay - 0.0455505 (ns/mm) 
	PowerD - 0.000241581 (nJ/mm) 
	PowerL - 0.00429855 (mW/mm)
	Wire width - 0.18 microns
	Wire spacing - 0.18 microns

  30% Overhead
	Repeater size - 61.7772 
	Repeater spacing - 0.943639 (mm) 
	Delay - 0.0493282 (ns/mm) 
	PowerD - 0.000229625 (nJ/mm) 
	PowerL - 0.00330761 (mW/mm)
	Wire width - 0.18 microns
	Wire spacing - 0.18 microns

  Low-swing wire (1 mm) - Note: Unlike repeated wires, 
	delay and power values of low-swing wires do not
	have a linear relationship with length. 
	delay - 0.440251 (ns) 
	powerD - 3.99344e-05 (nJ) 
	PowerL - 4.02212e-06 (mW)
	Wire width - 3.6e-07 microns
	Wire spacing - 3.6e-07 microns


********************************************************

>>>>>>>>>>>>>>>>> SRAM CELL VDD = 0.6 V

********* VOLTAGE-SCALED SRAM CELL PARAMETERS **********
	R_nch_on  =      952.644 ohm-um   (nominal 737.809 ohm-um)
	R_pch_on  =      2295.87 ohm-um   (nominal 1778.12 ohm-um)
	Vdd  =          0.6 V   (nominal 1 V)
	I_on_n	  =  0.000951037 A/um   (nominal 0.0020466 A/um)
	I_off_n	  =  1.10272e-07 A/um   (nominal 4.39e-07 A/um)
********************************************************

******************** CACHE DATA ************************

---------- CACTI version 6.5, Uniform Cache Access SRAM Model ----------

Cache Parameters:
    Total cache size (bytes): 2097152
    Number of banks: 2
    Associativity: 8
    Block size (bytes): 64
    Read/write Ports: 1
    Read ports: 0
    Write ports: 0
    Technology size (nm): 45

    Access time (ns): 1.19081
    Cycle time (ns):  1.28169
    Total dynamic read energy per access (nJ): 0.148496
    Total leakage power of a bank (mW): 188.557
    Cache height x width (mm): 3.12076 x 2.81346

    Best Ndwl : 2
    Best Ndbl : 16
    Best Nspd : 0.5
    Best Ndcm : 8
    Best Ndsam L1 : 8
    Best Ndsam L2 : 1

    Best Ntwl : 2
    Best Ntbl : 1
    Best Ntspd : 8
    Best Ntcm : 4
    Best Ntsam L1 : 2
    Best Ntsam L2 : 1
    Data array, H-tree wire type: Delay optimized global wires
    Tag array, wire type: Low swing wires

Time Components:

  Data side (with Output driver) (ns): 1.19081
	H-tree input delay (ns): 0.16868
	Decoder + wordline delay (ns): 0.376791
	Bitline delay (ns): 0.275139
	Sense Amplifier delay (ns): 0.00335856
	H-tree output delay (ns): 0.329117

  Tag side (with Output driver) (ns): 0.529097
	H-tree input delay (ns): 0.00321422
	Decoder + wordline delay (ns): 0.268029
	Bitline delay (ns): 0.18114
	Sense Amplifier delay (ns): 0.00335856
	Comparator delay (ns): 0.04206
	H-tree output delay (ns): 0.0701407


Power Components:

  Data array: Total dynamic read energy/access  (nJ): 0.129638
	Total leakage read/write power of a bank (mW): 157.076
	Total energy in H-tree (that includes both address and data transfer) (nJ): 0.0890484
	Output Htree Energy (nJ): 0.044387
	Decoder (nJ): 0.000308543
	Wordline (nJ): 0.000470189
	Bitline mux & associated drivers (nJ): 0.00069983
	Sense amp mux & associated drivers (nJ): 0
	Bitlines (nJ): 0.0232301
	Sense amplifier energy (nJ): 0.000958603
	Sub-array output driver (nJ): 0.00560761

  Tag array:  Total dynamic read energy/access (nJ): 0.0188582
	Total leakage read/write power of a bank (mW): 31.4812
	Total energy in H-tree (that includes both address and data transfer) (nJ): 0.000707493
	Output Htree Energy (nJ): 0
	Decoder (nJ): 0.000290185
	Wordline (nJ): 0.000359766
	Bitline mux & associated drivers (nJ): 0.000447728
	Sense amp mux & associated drivers (nJ): 0.00025874
	Bitlines (nJ): 0.0121596
	Sense amplifier energy (nJ): 0.000599127
	Sub-array output driver (nJ): 0.00069198


Area Components:

  Data array: Area (mm2): 6.78496
	Height (mm): 3.12076
	Width (mm): 2.17414
	Area efficiency (Memory cell area/Total area) - 73.1055 %
		MAT Height (mm): 0.381455
		MAT Length (mm): 0.986269
		Subarray Height (mm): 0.168192
		Subarray Length (mm): 0.4824

  Tag array: Area (mm2): 0.236884
	Height (mm): 0.370524
	Width (mm): 0.639321
	Area efficiency (Memory cell area/Total area) - 81.7942 %
		MAT Height (mm): 0.185262
		MAT Length (mm): 0.625281
		Subarray Height (mm): 0.168192
		Subarray Length (mm): 0.3015

Wire Properties:

  Delay Optimal
	Repeater size - 158.777 
	Repeater spacing - 0.443639 (mm) 
	Delay - 0.037959 (ns/mm) 
	PowerD - 0.000405587 (nJ/mm) 
	PowerL - 0.0180822 (mW/mm)
	Wire width - 0.18 microns
	Wire spacing - 0.18 microns

  5% Overhead
	Repeater size - 99.7772 
	Repeater spacing - 0.643639 (mm) 
	Delay - 0.039838 (ns/mm) 
	PowerD - 0.000283616 (nJ/mm) 
	PowerL - 0.00783216 (mW/mm)
	Wire width - 0.18 microns
	Wire spacing - 0.18 microns

  10% Overhead
	Repeater size - 79.7772 
	Repeater spacing - 0.643639 (mm) 
	Delay - 0.0416891 (ns/mm) 
	PowerD - 0.000262606 (nJ/mm) 
	PowerL - 0.00626223 (mW/mm)
	Wire width - 0.18 microns
	Wire spacing - 0.18 microns

  20% Overhead
	Repeater size - 71.7772 
	Repeater spacing - 0.843639 (mm) 
	Delay - 0.0455505 (ns/mm) 
	PowerD - 0.000241581 (nJ/mm) 
	PowerL - 0.00429855 (mW/mm)
	Wire width - 0.18 microns
	Wire spacing - 0.18 microns

  30% Overhead
	Repeater size - 61.7772 
	Repeater spacing - 0.943639 (mm) 
	Delay - 0.0493282 (ns/mm) 
	PowerD - 0.000229625 (nJ/mm) 
	PowerL - 0.00330761 (mW/mm)
	Wire width - 0.18 microns
	Wire spacing - 0.18 microns

  Low-swing wire (1 mm) - Note: Unlike repeated wires, 
	delay and power values of low-swing wires do not
	have a linear relationship with length. 
	delay - 0.440251 (ns) 
	powerD - 3.99344e-05 (nJ) 
	PowerL - 4.02212e-06 (mW)
	Wire width - 3.6e-07 microns
	Wire spacing - 3.6e-07 microns


********************************************************

>>>>>>>>>>>>>>>>> SRAM CELL VDD = 0.55 V

********* VOLTAGE-SCALED SRAM CELL PARAMETERS **********
	R_nch_on  =      1013.32 ohm-um   (nominal 737.809 ohm-um)
	R_pch_on  =       2442.1 ohm-um   (nominal 1778.12 ohm-um)
	Vdd  =         0.55 V   (nominal 1 V)
	I_on_n	  =  0.000819582 A/um   (nominal 0.0020466 A/um)
	I_off_n	  =  9.27822e-08 A/um   (nominal 4.39e-07 A/um)
********************************************************

******************** CACHE DATA ************************

---------- CACTI version 6.5, Uniform Cache Access SRAM Model ----------

Cache Parameters:
    Total cache size (bytes): 2097152
    Number of banks: 2
    Associativity: 8
    Block size (bytes): 64
    Read/write Ports: 1
    Read ports: 0
    Write ports: 0
    Technology size (nm): 45

    Access time (ns): 1.19397
    Cycle time (ns):  1.28485
    Total dynamic read energy per access (nJ): 0.146506
    Total leakage power of a bank (mW): 162.165
    Cache height x width (mm): 3.12076 x 2.81346

    Best Ndwl : 2
    Best Ndbl : 16
    Best Nspd : 0.5
    Best Ndcm : 8
    Best Ndsam L1 : 8
    Best Ndsam L2 : 1

    Best Ntwl : 2
    Best Ntbl : 1
    Best Ntspd : 8
    Best Ntcm : 4
    Best Ntsam L1 : 2
    Best Ntsam L2 : 1
    Data array, H-tree wire type: Delay optimized global wires
    Tag array, wire type: Low swing wires

Time Components:

  Data side (with Output driver) (ns): 1.19397
	H-tree input delay (ns): 0.16868
	Decoder + wordline delay (ns): 0.376791
	Bitline delay (ns): 0.278301
	Sense Amplifier delay (ns): 0.00335856
	H-tree output delay (ns): 0.329117

  Tag side (with Output driver) (ns): 0.529097
	H-tree input delay (ns): 0.00321422
	Decoder + wordline delay (ns): 0.268029
	Bitline delay (ns): 0.18114
	Sense Amplifier delay (ns): 0.00335856
	Comparator delay (ns): 0.04206
	H-tree output delay (ns): 0.0701407


Power Components:

  Data array: Total dynamic read energy/access  (nJ): 0.127648
	Total leakage read/write power of a bank (mW): 130.684
	Total energy in H-tree (that includes both address and data transfer) (nJ): 0.0890484
	Output Htree Energy (nJ): 0.044387
	Decoder (nJ): 0.000308543
	Wordline (nJ): 0.000416086
	Bitline mux & associated drivers (nJ): 0.00069983
	Sense amp mux & associated drivers (nJ): 0
	Bitlines (nJ): 0.0212943
	Sense amplifier energy (nJ): 0.000958603
	Sub-array output driver (nJ): 0.00560761

  Tag array:  Total dynamic read energy/access (nJ): 0.0188582
	Total leakage read/write power of a bank (mW): 31.4812
	Total energy in H-tree (that includes both address and data transfer) (nJ): 0.000707493
	Output Htree Energy (nJ): 0
	Decoder (nJ): 0.000290185
	Wordline (nJ): 0.000359766
	Bitline mux & associated drivers (nJ): 0.000447728
	Sense amp mux & associated drivers (nJ): 0.00025874
	Bitlines (nJ): 0.0121596
	Sense amplifier energy (nJ): 0.000599127
	Sub-array output driver (nJ): 0.00069198


Area Components:

  Data array: Area (mm2): 6.78496
	Height (mm): 3.12076
	Width (mm): 2.17414
	Area efficiency (Memory cell area/Total area) - 73.1055 %
		MAT Height (mm): 0.381455
		MAT Length (mm): 0.986269
		Subarray Height (mm): 0.168192
		Subarray Length (mm): 0.4824

  Tag array: Area (mm2): 0.236884
	Height (mm): 0.370524
	Width (mm): 0.639321
	Area efficiency (Memory cell area/Total area) - 81.7942 %
		MAT Height (mm): 0.185262
		MAT Length (mm): 0.625281
		Subarray Height (mm): 0.168192
		Subarray Length (mm): 0.3015

Wire Properties:

  Delay Optimal
	Repeater size - 158.777 
	Repeater spacing - 0.443639 (mm) 
	Delay - 0.037959 (ns/mm) 
	PowerD - 0.000405587 (nJ/mm) 
	PowerL - 0.0180822 (mW/mm)
	Wire width - 0.18 microns
	Wire spacing - 0.18 microns

  5% Overhead
	Repeater size - 99.7772 
	Repeater spacing - 0.643639 (mm) 
	Delay - 0.039838 (ns/mm) 
	PowerD - 0.000283616 (nJ/mm) 
	PowerL - 0.00783216 (mW/mm)
	Wire width - 0.18 microns
	Wire spacing - 0.18 microns

  10% Overhead
	Repeater size - 79.7772 
	Repeater spacing - 0.643639 (mm) 
	Delay - 0.0416891 (ns/mm) 
	PowerD - 0.000262606 (nJ/mm) 
	PowerL - 0.00626223 (mW/mm)
	Wire width - 0.18 microns
	Wire spacing - 0.18 microns

  20% Overhead
	Repeater size - 71.7772 
	Repeater spacing - 0.843639 (mm) 
	Delay - 0.0455505 (ns/mm) 
	PowerD - 0.000241581 (nJ/mm) 
	PowerL - 0.00429855 (mW/mm)
	Wire width - 0.18 microns
	Wire spacing - 0.18 microns

  30% Overhead
	Repeater size - 61.7772 
	Repeater spacing - 0.943639 (mm) 
	Delay - 0.0493282 (ns/mm) 
	PowerD - 0.000229625 (nJ/mm) 
	PowerL - 0.00330761 (mW/mm)
	Wire width - 0.18 microns
	Wire spacing - 0.18 microns

  Low-swing wire (1 mm) - Note: Unlike repeated wires, 
	delay and power values of low-swing wires do not
	have a linear relationship with length. 
	delay - 0.440251 (ns) 
	powerD - 3.99344e-05 (nJ) 
	PowerL - 4.02212e-06 (mW)
	Wire width - 3.6e-07 microns
	Wire spacing - 3.6e-07 microns


********************************************************

>>>>>>>>>>>>>>>>> SRAM CELL VDD = 0.5 V

********* VOLTAGE-SCALED SRAM CELL PARAMETERS **********
	R_nch_on  =      1095.26 ohm-um   (nominal 737.809 ohm-um)
	R_pch_on  =      2639.59 ohm-um   (nominal 1778.12 ohm-um)
	Vdd  =          0.5 V   (nominal 1 V)
	I_on_n	  =  0.000689331 A/um   (nominal 0.0020466 A/um)
	I_off_n	  =  7.80665e-08 A/um   (nominal 4.39e-07 A/um)
********************************************************

******************** CACHE DATA ************************

---------- CACTI version 6.5, Uniform Cache Access SRAM Model ----------

Cache Parameters:
    Total cache size (bytes): 2097152
    Number of banks: 2
    Associativity: 8
    Block size (bytes): 64
    Read/write Ports: 1
    Read ports: 0
    Write ports: 0
    Technology size (nm): 45

    Access time (ns): 1.19905
    Cycle time (ns):  1.28993
    Total dynamic read energy per access (nJ): 0.144521
    Total leakage power of a bank (mW): 141.243
    Cache height x width (mm): 3.12076 x 2.81346

    Best Ndwl : 2
    Best Ndbl : 16
    Best Nspd : 0.5
    Best Ndcm : 8
    Best Ndsam L1 : 8
    Best Ndsam L2 : 1

    Best Ntwl : 2
    Best Ntbl : 1
    Best Ntspd : 8
    Best Ntcm : 4
    Best Ntsam L1 : 2
    Best Ntsam L2 : 1
    Data array, H-tree wire type: Delay optimized global wires
    Tag array, wire type: Low swing wires

Time Components:

  Data side (with Output driver) (ns): 1.19905
	H-tree input delay (ns): 0.16868
	Decoder + wordline delay (ns): 0.376791
	Bitline delay (ns): 0.283381
	Sense Amplifier delay (ns): 0.00335856
	H-tree output delay (ns): 0.329117

  Tag side (with Output driver) (ns): 0.529097
	H-tree input delay (ns): 0.00321422
	Decoder + wordline delay (ns): 0.268029
	Bitline delay (ns): 0.18114
	Sense Amplifier delay (ns): 0.00335856
	Comparator delay (ns): 0.04206
	H-tree output delay (ns): 0.0701407


Power Components:

  Data array: Total dynamic read energy/access  (nJ): 0.125663
	Total leakage read/write power of a bank (mW): 109.762
	Total energy in H-tree (that includes both address and data transfer) (nJ): 0.0890484
	Output Htree Energy (nJ): 0.044387
	Decoder (nJ): 0.000308543
	Wordline (nJ): 0.000366688
	Bitline mux & associated drivers (nJ): 0.00069983
	Sense amp mux & associated drivers (nJ): 0
	Bitlines (nJ): 0.0193584
	Sense amplifier energy (nJ): 0.000958603
	Sub-array output driver (nJ): 0.00560761

  Tag array:  Total dynamic read energy/access (nJ): 0.0188582
	Total leakage read/write power of a bank (mW): 31.4812
	Total energy in H-tree (that includes both address and data transfer) (nJ): 0.000707493
	Output Htree Energy (nJ): 0
	Decoder (nJ): 0.000290185
	Wordline (nJ): 0.000359766
	Bitline mux & associated drivers (nJ): 0.000447728
	Sense amp mux & associated drivers (nJ): 0.00025874
	Bitlines (nJ): 0.0121596
	Sense amplifier energy (nJ): 0.000599127
	Sub-array output driver (nJ): 0.00069198


Area Components:

  Data array: Area (mm2): 6.78496
	Height (mm): 3.12076
	Width (mm): 2.17414
	Area efficiency (Memory cell area/Total area) - 73.1055 %
		MAT Height (mm): 0.381455
		MAT Length (mm): 0.986269
		Subarray Height (mm): 0.168192
		Subarray Length (mm): 0.4824

  Tag array: Area (mm2): 0.236884
	Height (mm): 0.370524
	Width (mm): 0.639321
	Area efficiency (Memory cell area/Total area) - 81.7942 %
		MAT Height (mm): 0.185262
		MAT Length (mm): 0.625281
		Subarray Height (mm): 0.168192
		Subarray Length (mm): 0.3015

Wire Properties:

  Delay Optimal
	Repeater size - 158.777 
	Repeater spacing - 0.443639 (mm) 
	Delay - 0.037959 (ns/mm) 
	PowerD - 0.000405587 (nJ/mm) 
	PowerL - 0.0180822 (mW/mm)
	Wire width - 0.18 microns
	Wire spacing - 0.18 microns

  5% Overhead
	Repeater size - 99.7772 
	Repeater spacing - 0.643639 (mm) 
	Delay - 0.039838 (ns/mm) 
	PowerD - 0.000283616 (nJ/mm) 
	PowerL - 0.00783216 (mW/mm)
	Wire width - 0.18 microns
	Wire spacing - 0.18 microns

  10% Overhead
	Repeater size - 79.7772 
	Repeater spacing - 0.643639 (mm) 
	Delay - 0.0416891 (ns/mm) 
	PowerD - 0.000262606 (nJ/mm) 
	PowerL - 0.00626223 (mW/mm)
	Wire width - 0.18 microns
	Wire spacing - 0.18 microns

  20% Overhead
	Repeater size - 71.7772 
	Repeater spacing - 0.843639 (mm) 
	Delay - 0.0455505 (ns/mm) 
	PowerD - 0.000241581 (nJ/mm) 
	PowerL - 0.00429855 (mW/mm)
	Wire width - 0.18 microns
	Wire spacing - 0.18 microns

  30% Overhead
	Repeater size - 61.7772 
	Repeater spacing - 0.943639 (mm) 
	Delay - 0.0493282 (ns/mm) 
	PowerD - 0.000229625 (nJ/mm) 
	PowerL - 0.00330761 (mW/mm)
	Wire width - 0.18 microns
	Wire spacing - 0.18 microns

  Low-swing wire (1 mm) - Note: Unlike repeated wires, 
	delay and power values of low-swing wires do not
	have a linear relationship with length. 
	delay - 0.440251 (ns) 
	powerD - 3.99344e-05 (nJ) 
	PowerL - 4.02212e-06 (mW)
	Wire width - 3.6e-07 microns
	Wire spacing - 3.6e-07 microns


********************************************************

>>>>>>>>>>>>>>>>> SRAM CELL VDD = 0.45 V

********* VOLTAGE-SCALED SRAM CELL PARAMETERS **********
	R_nch_on  =      1212.78 ohm-um   (nominal 737.809 ohm-um)
	R_pch_on  =       2922.8 ohm-um   (nominal 1778.12 ohm-um)
	Vdd  =         0.45 V   (nominal 1 V)
	I_on_n	  =  0.000560284 A/um   (nominal 0.0020466 A/um)
	I_off_n	  =  6.56847e-08 A/um   (nominal 4.39e-07 A/um)
********************************************************

******************** CACHE DATA ************************

---------- CACTI version 6.5, Uniform Cache Access SRAM Model ----------

Cache Parameters:
    Total cache size (bytes): 2097152
    Number of banks: 2
    Associativity: 8
    Block size (bytes): 64
    Read/write Ports: 1
    Read ports: 0
    Write ports: 0
    Technology size (nm): 45

    Access time (ns): 1.2077
    Cycle time (ns):  1.29858
    Total dynamic read energy per access (nJ): 0.14254
    Total leakage power of a bank (mW): 124.718
    Cache height x width (mm): 3.12076 x 2.81346

    Best Ndwl : 2
    Best Ndbl : 16
    Best Nspd : 0.5
    Best Ndcm : 8
    Best Ndsam L1 : 8
    Best Ndsam L2 : 1

    Best Ntwl : 2
    Best Ntbl : 1
    Best Ntspd : 8
    Best Ntcm : 4
    Best Ntsam L1 : 2
    Best Ntsam L2 : 1
    Data array, H-tree wire type: Delay optimized global wires
    Tag array, wire type: Low swing wires

Time Components:

  Data side (with Output driver) (ns): 1.2077
	H-tree input delay (ns): 0.16868
	Decoder + wordline delay (ns): 0.376791
	Bitline delay (ns): 0.292037
	Sense Amplifier delay (ns): 0.00335856
	H-tree output delay (ns): 0.329117

  Tag side (with Output driver) (ns): 0.529097
	H-tree input delay (ns): 0.00321422
	Decoder + wordline delay (ns): 0.268029
	Bitline delay (ns): 0.18114
	Sense Amplifier delay (ns): 0.00335856
	Comparator delay (ns): 0.04206
	H-tree output delay (ns): 0.0701407


Power Components:

  Data array: Total dynamic read energy/access  (nJ): 0.123682
	Total leakage read/write power of a bank (mW): 93.2371
	Total energy in H-tree (that includes both address and data transfer) (nJ): 0.0890484
	Output Htree Energy (nJ): 0.044387
	Decoder (nJ): 0.000308543
	Wordline (nJ): 0.000321995
	Bitline mux & associated drivers (nJ): 0.00069983
	Sense amp mux & associated drivers (nJ): 0
	Bitlines (nJ): 0.0174226
	Sense amplifier energy (nJ): 0.000958603
	Sub-array output driver (nJ): 0.00560761

  Tag array:  Total dynamic read energy/access (nJ): 0.0188582
	Total leakage read/write power of a bank (mW): 31.4812
	Total energy in H-tree (that includes both address and data transfer) (nJ): 0.000707493
	Output Htree Energy (nJ): 0
	Decoder (nJ): 0.000290185
	Wordline (nJ): 0.000359766
	Bitline mux & associated drivers (nJ): 0.000447728
	Sense amp mux & associated drivers (nJ): 0.00025874
	Bitlines (nJ): 0.0121596
	Sense amplifier energy (nJ): 0.000599127
	Sub-array output driver (nJ): 0.00069198


Area Components:

  Data array: Area (mm2): 6.78496
	Height (mm): 3.12076
	Width (mm): 2.17414
	Area efficiency (Memory cell area/Total area) - 73.1055 %
		MAT Height (mm): 0.381455
		MAT Length (mm): 0.986269
		Subarray Height (mm): 0.168192
		Subarray Length (mm): 0.4824

  Tag array: Area (mm2): 0.236884
	Height (mm): 0.370524
	Width (mm): 0.639321
	Area efficiency (Memory cell area/Total area) - 81.7942 %
		MAT Height (mm): 0.185262
		MAT Length (mm): 0.625281
		Subarray Height (mm): 0.168192
		Subarray Length (mm): 0.3015

Wire Properties:

  Delay Optimal
	Repeater size - 158.777 
	Repeater spacing - 0.443639 (mm) 
	Delay - 0.037959 (ns/mm) 
	PowerD - 0.000405587 (nJ/mm) 
	PowerL - 0.0180822 (mW/mm)
	Wire width - 0.18 microns
	Wire spacing - 0.18 microns

  5% Overhead
	Repeater size - 99.7772 
	Repeater spacing - 0.643639 (mm) 
	Delay - 0.039838 (ns/mm) 
	PowerD - 0.000283616 (nJ/mm) 
	PowerL - 0.00783216 (mW/mm)
	Wire width - 0.18 microns
	Wire spacing - 0.18 microns

  10% Overhead
	Repeater size - 79.7772 
	Repeater spacing - 0.643639 (mm) 
	Delay - 0.0416891 (ns/mm) 
	PowerD - 0.000262606 (nJ/mm) 
	PowerL - 0.00626223 (mW/mm)
	Wire width - 0.18 microns
	Wire spacing - 0.18 microns

  20% Overhead
	Repeater size - 71.7772 
	Repeater spacing - 0.843639 (mm) 
	Delay - 0.0455505 (ns/mm) 
	PowerD - 0.000241581 (nJ/mm) 
	PowerL - 0.00429855 (mW/mm)
	Wire width - 0.18 microns
	Wire spacing - 0.18 microns

  30% Overhead
	Repeater size - 61.7772 
	Repeater spacing - 0.943639 (mm) 
	Delay - 0.0493282 (ns/mm) 
	PowerD - 0.000229625 (nJ/mm) 
	PowerL - 0.00330761 (mW/mm)
	Wire width - 0.18 microns
	Wire spacing - 0.18 microns

  Low-swing wire (1 mm) - Note: Unlike repeated wires, 
	delay and power values of low-swing wires do not
	have a linear relationship with length. 
	delay - 0.440251 (ns) 
	powerD - 3.99344e-05 (nJ) 
	PowerL - 4.02212e-06 (mW)
	Wire width - 3.6e-07 microns
	Wire spacing - 3.6e-07 microns


********************************************************

>>>>>>>>>>>>>>>>> SRAM CELL VDD = 0.4 V

********* VOLTAGE-SCALED SRAM CELL PARAMETERS **********
	R_nch_on  =      1396.73 ohm-um   (nominal 737.809 ohm-um)
	R_pch_on  =      3366.11 ohm-um   (nominal 1778.12 ohm-um)
	Vdd  =          0.4 V   (nominal 1 V)
	I_on_n	  =  0.000432439 A/um   (nominal 0.0020466 A/um)
	I_off_n	  =  5.52668e-08 A/um   (nominal 4.39e-07 A/um)
********************************************************

******************** CACHE DATA ************************

---------- CACTI version 6.5, Uniform Cache Access SRAM Model ----------

Cache Parameters:
    Total cache size (bytes): 2097152
    Number of banks: 2
    Associativity: 8
    Block size (bytes): 64
    Read/write Ports: 1
    Read ports: 0
    Write ports: 0
    Technology size (nm): 45

    Access time (ns): 1.22375
    Cycle time (ns):  1.31463
    Total dynamic read energy per access (nJ): 0.140565
    Total leakage power of a bank (mW): 111.723
    Cache height x width (mm): 3.12076 x 2.81346

    Best Ndwl : 2
    Best Ndbl : 16
    Best Nspd : 0.5
    Best Ndcm : 8
    Best Ndsam L1 : 8
    Best Ndsam L2 : 1

    Best Ntwl : 2
    Best Ntbl : 1
    Best Ntspd : 8
    Best Ntcm : 4
    Best Ntsam L1 : 2
    Best Ntsam L2 : 1
    Data array, H-tree wire type: Delay optimized global wires
    Tag array, wire type: Low swing wires

Time Components:

  Data side (with Output driver) (ns): 1.22375
	H-tree input delay (ns): 0.16868
	Decoder + wordline delay (ns): 0.376791
	Bitline delay (ns): 0.30808
	Sense Amplifier delay (ns): 0.00335856
	H-tree output delay (ns): 0.329117

  Tag side (with Output driver) (ns): 0.529097
	H-tree input delay (ns): 0.00321422
	Decoder + wordline delay (ns): 0.268029
	Bitline delay (ns): 0.18114
	Sense Amplifier delay (ns): 0.00335856
	Comparator delay (ns): 0.04206
	H-tree output delay (ns): 0.0701407


Power Components:

  Data array: Total dynamic read energy/access  (nJ): 0.121706
	Total leakage read/write power of a bank (mW): 80.2419
	Total energy in H-tree (that includes both address and data transfer) (nJ): 0.0890484
	Output Htree Energy (nJ): 0.044387
	Decoder (nJ): 0.000308543
	Wordline (nJ): 0.000282006
	Bitline mux & associated drivers (nJ): 0.00069983
	Sense amp mux & associated drivers (nJ): 0
	Bitlines (nJ): 0.0154868
	Sense amplifier energy (nJ): 0.000958603
	Sub-array output driver (nJ): 0.00560761

  Tag array:  Total dynamic read energy/access (nJ): 0.0188582
	Total leakage read/write power of a bank (mW): 31.4812
	Total energy in H-tree (that includes both address and data transfer) (nJ): 0.000707493
	Output Htree Energy (nJ): 0
	Decoder (nJ): 0.000290185
	Wordline (nJ): 0.000359766
	Bitline mux & associated drivers (nJ): 0.000447728
	Sense amp mux & associated drivers (nJ): 0.00025874
	Bitlines (nJ): 0.0121596
	Sense amplifier energy (nJ): 0.000599127
	Sub-array output driver (nJ): 0.00069198


Area Components:

  Data array: Area (mm2): 6.78496
	Height (mm): 3.12076
	Width (mm): 2.17414
	Area efficiency (Memory cell area/Total area) - 73.1055 %
		MAT Height (mm): 0.381455
		MAT Length (mm): 0.986269
		Subarray Height (mm): 0.168192
		Subarray Length (mm): 0.4824

  Tag array: Area (mm2): 0.236884
	Height (mm): 0.370524
	Width (mm): 0.639321
	Area efficiency (Memory cell area/Total area) - 81.7942 %
		MAT Height (mm): 0.185262
		MAT Length (mm): 0.625281
		Subarray Height (mm): 0.168192
		Subarray Length (mm): 0.3015

Wire Properties:

  Delay Optimal
	Repeater size - 158.777 
	Repeater spacing - 0.443639 (mm) 
	Delay - 0.037959 (ns/mm) 
	PowerD - 0.000405587 (nJ/mm) 
	PowerL - 0.0180822 (mW/mm)
	Wire width - 0.18 microns
	Wire spacing - 0.18 microns

  5% Overhead
	Repeater size - 99.7772 
	Repeater spacing - 0.643639 (mm) 
	Delay - 0.039838 (ns/mm) 
	PowerD - 0.000283616 (nJ/mm) 
	PowerL - 0.00783216 (mW/mm)
	Wire width - 0.18 microns
	Wire spacing - 0.18 microns

  10% Overhead
	Repeater size - 79.7772 
	Repeater spacing - 0.643639 (mm) 
	Delay - 0.0416891 (ns/mm) 
	PowerD - 0.000262606 (nJ/mm) 
	PowerL - 0.00626223 (mW/mm)
	Wire width - 0.18 microns
	Wire spacing - 0.18 microns

  20% Overhead
	Repeater size - 71.7772 
	Repeater spacing - 0.843639 (mm) 
	Delay - 0.0455505 (ns/mm) 
	PowerD - 0.000241581 (nJ/mm) 
	PowerL - 0.00429855 (mW/mm)
	Wire width - 0.18 microns
	Wire spacing - 0.18 microns

  30% Overhead
	Repeater size - 61.7772 
	Repeater spacing - 0.943639 (mm) 
	Delay - 0.0493282 (ns/mm) 
	PowerD - 0.000229625 (nJ/mm) 
	PowerL - 0.00330761 (mW/mm)
	Wire width - 0.18 microns
	Wire spacing - 0.18 microns

  Low-swing wire (1 mm) - Note: Unlike repeated wires, 
	delay and power values of low-swing wires do not
	have a linear relationship with length. 
	delay - 0.440251 (ns) 
	powerD - 3.99344e-05 (nJ) 
	PowerL - 4.02212e-06 (mW)
	Wire width - 3.6e-07 microns
	Wire spacing - 3.6e-07 microns


********************************************************

>>>>>>>>>>>>>>>>> SRAM CELL VDD = 0.35 V

********* VOLTAGE-SCALED SRAM CELL PARAMETERS **********
	R_nch_on  =      1728.26 ohm-um   (nominal 737.809 ohm-um)
	R_pch_on  =      4165.11 ohm-um   (nominal 1778.12 ohm-um)
	Vdd  =         0.35 V   (nominal 1 V)
	I_on_n	  =  0.000305799 A/um   (nominal 0.0020466 A/um)
	I_off_n	  =  4.65012e-08 A/um   (nominal 4.39e-07 A/um)
********************************************************

******************** CACHE DATA ************************

---------- CACTI version 6.5, Uniform Cache Access SRAM Model ----------

Cache Parameters:
    Total cache size (bytes): 2097152
    Number of banks: 2
    Associativity: 8
    Block size (bytes): 64
    Read/write Ports: 1
    Read ports: 0
    Write ports: 0
    Technology size (nm): 45

    Access time (ns): 1.25777
    Cycle time (ns):  1.34865
    Total dynamic read energy per access (nJ): 0.138593
    Total leakage power of a bank (mW): 101.553
    Cache height x width (mm): 3.12076 x 2.81346

    Best Ndwl : 2
    Best Ndbl : 16
    Best Nspd : 0.5
    Best Ndcm : 8
    Best Ndsam L1 : 8
    Best Ndsam L2 : 1

    Best Ntwl : 2
    Best Ntbl : 1
    Best Ntspd : 8
    Best Ntcm : 4
    Best Ntsam L1 : 2
    Best Ntsam L2 : 1
    Data array, H-tree wire type: Delay optimized global wires
    Tag array, wire type: Low swing wires

Time Components:

  Data side (with Output driver) (ns): 1.25777
	H-tree input delay (ns): 0.16868
	Decoder + wordline delay (ns): 0.376791
	Bitline delay (ns): 0.342103
	Sense Amplifier delay (ns): 0.00335856
	H-tree output delay (ns): 0.329117

  Tag side (with Output driver) (ns): 0.529097
	H-tree input delay (ns): 0.00321422
	Decoder + wordline delay (ns): 0.268029
	Bitline delay (ns): 0.18114
	Sense Amplifier delay (ns): 0.00335856
	Comparator delay (ns): 0.04206
	H-tree output delay (ns): 0.0701407


Power Components:

  Data array: Total dynamic read energy/access  (nJ): 0.119735
	Total leakage read/write power of a bank (mW): 70.0722
	Total energy in H-tree (that includes both address and data transfer) (nJ): 0.0890484
	Output Htree Energy (nJ): 0.044387
	Decoder (nJ): 0.000308543
	Wordline (nJ): 0.000246721
	Bitline mux & associated drivers (nJ): 0.00069983
	Sense amp mux & associated drivers (nJ): 0
	Bitlines (nJ): 0.0135509
	Sense amplifier energy (nJ): 0.000958603
	Sub-array output driver (nJ): 0.00560761

  Tag array:  Total dynamic read energy/access (nJ): 0.0188582
	Total leakage read/write power of a bank (mW): 31.4812
	Total energy in H-tree (that includes both address and data transfer) (nJ): 0.000707493
	Output Htree Energy (nJ): 0
	Decoder (nJ): 0.000290185
	Wordline (nJ): 0.000359766
	Bitline mux & associated drivers (nJ): 0.000447728
	Sense amp mux & associated drivers (nJ): 0.00025874
	Bitlines (nJ): 0.0121596
	Sense amplifier energy (nJ): 0.000599127
	Sub-array output driver (nJ): 0.00069198


Area Components:

  Data array: Area (mm2): 6.78496
	Height (mm): 3.12076
	Width (mm): 2.17414
	Area efficiency (Memory cell area/Total area) - 73.1055 %
		MAT Height (mm): 0.381455
		MAT Length (mm): 0.986269
		Subarray Height (mm): 0.168192
		Subarray Length (mm): 0.4824

  Tag array: Area (mm2): 0.236884
	Height (mm): 0.370524
	Width (mm): 0.639321
	Area efficiency (Memory cell area/Total area) - 81.7942 %
		MAT Height (mm): 0.185262
		MAT Length (mm): 0.625281
		Subarray Height (mm): 0.168192
		Subarray Length (mm): 0.3015

Wire Properties:

  Delay Optimal
	Repeater size - 158.777 
	Repeater spacing - 0.443639 (mm) 
	Delay - 0.037959 (ns/mm) 
	PowerD - 0.000405587 (nJ/mm) 
	PowerL - 0.0180822 (mW/mm)
	Wire width - 0.18 microns
	Wire spacing - 0.18 microns

  5% Overhead
	Repeater size - 99.7772 
	Repeater spacing - 0.643639 (mm) 
	Delay - 0.039838 (ns/mm) 
	PowerD - 0.000283616 (nJ/mm) 
	PowerL - 0.00783216 (mW/mm)
	Wire width - 0.18 microns
	Wire spacing - 0.18 microns

  10% Overhead
	Repeater size - 79.7772 
	Repeater spacing - 0.643639 (mm) 
	Delay - 0.0416891 (ns/mm) 
	PowerD - 0.000262606 (nJ/mm) 
	PowerL - 0.00626223 (mW/mm)
	Wire width - 0.18 microns
	Wire spacing - 0.18 microns

  20% Overhead
	Repeater size - 71.7772 
	Repeater spacing - 0.843639 (mm) 
	Delay - 0.0455505 (ns/mm) 
	PowerD - 0.000241581 (nJ/mm) 
	PowerL - 0.00429855 (mW/mm)
	Wire width - 0.18 microns
	Wire spacing - 0.18 microns

  30% Overhead
	Repeater size - 61.7772 
	Repeater spacing - 0.943639 (mm) 
	Delay - 0.0493282 (ns/mm) 
	PowerD - 0.000229625 (nJ/mm) 
	PowerL - 0.00330761 (mW/mm)
	Wire width - 0.18 microns
	Wire spacing - 0.18 microns

  Low-swing wire (1 mm) - Note: Unlike repeated wires, 
	delay and power values of low-swing wires do not
	have a linear relationship with length. 
	delay - 0.440251 (ns) 
	powerD - 3.99344e-05 (nJ) 
	PowerL - 4.02212e-06 (mW)
	Wire width - 3.6e-07 microns
	Wire spacing - 3.6e-07 microns


********************************************************

>>>>>>>>>>>>>>>>> SRAM CELL VDD = 0.3 V

********* VOLTAGE-SCALED SRAM CELL PARAMETERS **********
	R_nch_on  =      2511.62 ohm-um   (nominal 737.809 ohm-um)
	R_pch_on  =      6053.01 ohm-um   (nominal 1778.12 ohm-um)
	Vdd  =          0.3 V   (nominal 1 V)
	I_on_n	  =  0.000180362 A/um   (nominal 0.0020466 A/um)
	I_off_n	  =  3.91259e-08 A/um   (nominal 4.39e-07 A/um)
********************************************************

******************** CACHE DATA ************************

---------- CACTI version 6.5, Uniform Cache Access SRAM Model ----------

Cache Parameters:
    Total cache size (bytes): 2097152
    Number of banks: 2
    Associativity: 8
    Block size (bytes): 64
    Read/write Ports: 1
    Read ports: 0
    Write ports: 0
    Technology size (nm): 45

    Access time (ns): 1.35125
    Cycle time (ns):  1.44212
    Total dynamic read energy per access (nJ): 0.136627
    Total leakage power of a bank (mW): 93.6397
    Cache height x width (mm): 3.12076 x 2.81346

    Best Ndwl : 2
    Best Ndbl : 16
    Best Nspd : 0.5
    Best Ndcm : 8
    Best Ndsam L1 : 8
    Best Ndsam L2 : 1

    Best Ntwl : 2
    Best Ntbl : 1
    Best Ntspd : 8
    Best Ntcm : 4
    Best Ntsam L1 : 2
    Best Ntsam L2 : 1
    Data array, H-tree wire type: Delay optimized global wires
    Tag array, wire type: Low swing wires

Time Components:

  Data side (with Output driver) (ns): 1.35125
	H-tree input delay (ns): 0.16868
	Decoder + wordline delay (ns): 0.376791
	Bitline delay (ns): 0.435578
	Sense Amplifier delay (ns): 0.00335856
	H-tree output delay (ns): 0.329117

  Tag side (with Output driver) (ns): 0.529097
	H-tree input delay (ns): 0.00321422
	Decoder + wordline delay (ns): 0.268029
	Bitline delay (ns): 0.18114
	Sense Amplifier delay (ns): 0.00335856
	Comparator delay (ns): 0.04206
	H-tree output delay (ns): 0.0701407


Power Components:

  Data array: Total dynamic read energy/access  (nJ): 0.117769
	Total leakage read/write power of a bank (mW): 62.1586
	Total energy in H-tree (that includes both address and data transfer) (nJ): 0.0890484
	Output Htree Energy (nJ): 0.044387
	Decoder (nJ): 0.000308543
	Wordline (nJ): 0.000216141
	Bitline mux & associated drivers (nJ): 0.00069983
	Sense amp mux & associated drivers (nJ): 0
	Bitlines (nJ): 0.0116151
	Sense amplifier energy (nJ): 0.000958603
	Sub-array output driver (nJ): 0.00560761

  Tag array:  Total dynamic read energy/access (nJ): 0.0188582
	Total leakage read/write power of a bank (mW): 31.4812
	Total energy in H-tree (that includes both address and data transfer) (nJ): 0.000707493
	Output Htree Energy (nJ): 0
	Decoder (nJ): 0.000290185
	Wordline (nJ): 0.000359766
	Bitline mux & associated drivers (nJ): 0.000447728
	Sense amp mux & associated drivers (nJ): 0.00025874
	Bitlines (nJ): 0.0121596
	Sense amplifier energy (nJ): 0.000599127
	Sub-array output driver (nJ): 0.00069198


Area Components:

  Data array: Area (mm2): 6.78496
	Height (mm): 3.12076
	Width (mm): 2.17414
	Area efficiency (Memory cell area/Total area) - 73.1055 %
		MAT Height (mm): 0.381455
		MAT Length (mm): 0.986269
		Subarray Height (mm): 0.168192
		Subarray Length (mm): 0.4824

  Tag array: Area (mm2): 0.236884
	Height (mm): 0.370524
	Width (mm): 0.639321
	Area efficiency (Memory cell area/Total area) - 81.7942 %
		MAT Height (mm): 0.185262
		MAT Length (mm): 0.625281
		Subarray Height (mm): 0.168192
		Subarray Length (mm): 0.3015

Wire Properties:

  Delay Optimal
	Repeater size - 158.777 
	Repeater spacing - 0.443639 (mm) 
	Delay - 0.037959 (ns/mm) 
	PowerD - 0.000405587 (nJ/mm) 
	PowerL - 0.0180822 (mW/mm)
	Wire width - 0.18 microns
	Wire spacing - 0.18 microns

  5% Overhead
	Repeater size - 99.7772 
	Repeater spacing - 0.643639 (mm) 
	Delay - 0.039838 (ns/mm) 
	PowerD - 0.000283616 (nJ/mm) 
	PowerL - 0.00783216 (mW/mm)
	Wire width - 0.18 microns
	Wire spacing - 0.18 microns

  10% Overhead
	Repeater size - 79.7772 
	Repeater spacing - 0.643639 (mm) 
	Delay - 0.0416891 (ns/mm) 
	PowerD - 0.000262606 (nJ/mm) 
	PowerL - 0.00626223 (mW/mm)
	Wire width - 0.18 microns
	Wire spacing - 0.18 microns

  20% Overhead
	Repeater size - 71.7772 
	Repeater spacing - 0.843639 (mm) 
	Delay - 0.0455505 (ns/mm) 
	PowerD - 0.000241581 (nJ/mm) 
	PowerL - 0.00429855 (mW/mm)
	Wire width - 0.18 microns
	Wire spacing - 0.18 microns

  30% Overhead
	Repeater size - 61.7772 
	Repeater spacing - 0.943639 (mm) 
	Delay - 0.0493282 (ns/mm) 
	PowerD - 0.000229625 (nJ/mm) 
	PowerL - 0.00330761 (mW/mm)
	Wire width - 0.18 microns
	Wire spacing - 0.18 microns

  Low-swing wire (1 mm) - Note: Unlike repeated wires, 
	delay and power values of low-swing wires do not
	have a linear relationship with length. 
	delay - 0.440251 (ns) 
	powerD - 3.99344e-05 (nJ) 
	PowerL - 4.02212e-06 (mW)
	Wire width - 3.6e-07 microns
	Wire spacing - 3.6e-07 microns


********************************************************

>>>>>>>>>>>>>>>>> SRAM CELL VDD = 0.25 V

********* VOLTAGE-SCALED SRAM CELL PARAMETERS **********
	R_nch_on  =       6725.7 ohm-um   (nominal 737.809 ohm-um)
	R_pch_on  =      16208.9 ohm-um   (nominal 1778.12 ohm-um)
	Vdd  =         0.25 V   (nominal 1 V)
	I_on_n	  =  5.61279e-05 A/um   (nominal 0.0020466 A/um)
	I_off_n	  =  3.29204e-08 A/um   (nominal 4.39e-07 A/um)
********************************************************

******************** CACHE DATA ************************

---------- CACTI version 6.5, Uniform Cache Access SRAM Model ----------

Cache Parameters:
    Total cache size (bytes): 2097152
    Number of banks: 2
    Associativity: 8
    Block size (bytes): 64
    Read/write Ports: 1
    Read ports: 0
    Write ports: 0
    Technology size (nm): 45

    Access time (ns): 1.92154
    Cycle time (ns):  2.01242
    Total dynamic read energy per access (nJ): 0.134665
    Total leakage power of a bank (mW): 87.5224
    Cache height x width (mm): 3.12076 x 2.81346

    Best Ndwl : 2
    Best Ndbl : 16
    Best Nspd : 0.5
    Best Ndcm : 8
    Best Ndsam L1 : 8
    Best Ndsam L2 : 1

    Best Ntwl : 2
    Best Ntbl : 1
    Best Ntspd : 8
    Best Ntcm : 4
    Best Ntsam L1 : 2
    Best Ntsam L2 : 1
    Data array, H-tree wire type: Delay optimized global wires
    Tag array, wire type: Low swing wires

Time Components:

  Data side (with Output driver) (ns): 1.92154
	H-tree input delay (ns): 0.16868
	Decoder + wordline delay (ns): 0.376791
	Bitline delay (ns): 1.00587
	Sense Amplifier delay (ns): 0.00335856
	H-tree output delay (ns): 0.329117

  Tag side (with Output driver) (ns): 0.529097
	H-tree input delay (ns): 0.00321422
	Decoder + wordline delay (ns): 0.268029
	Bitline delay (ns): 0.18114
	Sense Amplifier delay (ns): 0.00335856
	Comparator delay (ns): 0.04206
	H-tree output delay (ns): 0.0701407


Power Components:

  Data array: Total dynamic read energy/access  (nJ): 0.115807
	Total leakage read/write power of a bank (mW): 56.0412
	Total energy in H-tree (that includes both address and data transfer) (nJ): 0.0890484
	Output Htree Energy (nJ): 0.044387
	Decoder (nJ): 0.000308543
	Wordline (nJ): 0.000190266
	Bitline mux & associated drivers (nJ): 0.00069983
	Sense amp mux & associated drivers (nJ): 0
	Bitlines (nJ): 0.00967922
	Sense amplifier energy (nJ): 0.000958603
	Sub-array output driver (nJ): 0.00560761

  Tag array:  Total dynamic read energy/access (nJ): 0.0188582
	Total leakage read/write power of a bank (mW): 31.4812
	Total energy in H-tree (that includes both address and data transfer) (nJ): 0.000707493
	Output Htree Energy (nJ): 0
	Decoder (nJ): 0.000290185
	Wordline (nJ): 0.000359766
	Bitline mux & associated drivers (nJ): 0.000447728
	Sense amp mux & associated drivers (nJ): 0.00025874
	Bitlines (nJ): 0.0121596
	Sense amplifier energy (nJ): 0.000599127
	Sub-array output driver (nJ): 0.00069198


Area Components:

  Data array: Area (mm2): 6.78496
	Height (mm): 3.12076
	Width (mm): 2.17414
	Area efficiency (Memory cell area/Total area) - 73.1055 %
		MAT Height (mm): 0.381455
		MAT Length (mm): 0.986269
		Subarray Height (mm): 0.168192
		Subarray Length (mm): 0.4824

  Tag array: Area (mm2): 0.236884
	Height (mm): 0.370524
	Width (mm): 0.639321
	Area efficiency (Memory cell area/Total area) - 81.7942 %
		MAT Height (mm): 0.185262
		MAT Length (mm): 0.625281
		Subarray Height (mm): 0.168192
		Subarray Length (mm): 0.3015

Wire Properties:

  Delay Optimal
	Repeater size - 158.777 
	Repeater spacing - 0.443639 (mm) 
	Delay - 0.037959 (ns/mm) 
	PowerD - 0.000405587 (nJ/mm) 
	PowerL - 0.0180822 (mW/mm)
	Wire width - 0.18 microns
	Wire spacing - 0.18 microns

  5% Overhead
	Repeater size - 99.7772 
	Repeater spacing - 0.643639 (mm) 
	Delay - 0.039838 (ns/mm) 
	PowerD - 0.000283616 (nJ/mm) 
	PowerL - 0.00783216 (mW/mm)
	Wire width - 0.18 microns
	Wire spacing - 0.18 microns

  10% Overhead
	Repeater size - 79.7772 
	Repeater spacing - 0.643639 (mm) 
	Delay - 0.0416891 (ns/mm) 
	PowerD - 0.000262606 (nJ/mm) 
	PowerL - 0.00626223 (mW/mm)
	Wire width - 0.18 microns
	Wire spacing - 0.18 microns

  20% Overhead
	Repeater size - 71.7772 
	Repeater spacing - 0.843639 (mm) 
	Delay - 0.0455505 (ns/mm) 
	PowerD - 0.000241581 (nJ/mm) 
	PowerL - 0.00429855 (mW/mm)
	Wire width - 0.18 microns
	Wire spacing - 0.18 microns

  30% Overhead
	Repeater size - 61.7772 
	Repeater spacing - 0.943639 (mm) 
	Delay - 0.0493282 (ns/mm) 
	PowerD - 0.000229625 (nJ/mm) 
	PowerL - 0.00330761 (mW/mm)
	Wire width - 0.18 microns
	Wire spacing - 0.18 microns

  Low-swing wire (1 mm) - Note: Unlike repeated wires, 
	delay and power values of low-swing wires do not
	have a linear relationship with length. 
	delay - 0.440251 (ns) 
	powerD - 3.99344e-05 (nJ) 
	PowerL - 4.02212e-06 (mW)
	Wire width - 3.6e-07 microns
	Wire spacing - 3.6e-07 microns


********************************************************
